SF:/workspaces/code-guardian/crates/cli/src/advanced_handlers.rs
FN:280,_RNCNCNCNCNvNtCsgJXiKT19grP_17code_guardian_cli17advanced_handlers18handle_distributed0000Bb_
FN:279,_RNCNCNCNvNtCsgJXiKT19grP_17code_guardian_cli17advanced_handlers18handle_distributed000B9_
FN:278,_RNCNCNvNtCsgJXiKT19grP_17code_guardian_cli17advanced_handlers18handle_distributed00B7_
FN:199,_RNCNvNtCsgJXiKT19grP_17code_guardian_cli17advanced_handlers18handle_distributed0B5_
FN:166,_RNCNvNtCsgJXiKT19grP_17code_guardian_cli17advanced_handlers18handle_incremental0B5_
FN:167,_RNCNvNtCsgJXiKT19grP_17code_guardian_cli17advanced_handlers18handle_incrementals_0B5_
FN:199,_RNvNtCsgJXiKT19grP_17code_guardian_cli17advanced_handlers18handle_distributed
FN:100,_RNvNtCsgJXiKT19grP_17code_guardian_cli17advanced_handlers18handle_incremental
FN:7,_RNvNtCsgJXiKT19grP_17code_guardian_cli17advanced_handlers23handle_custom_detectors
FN:280,_RNCNCNCNCNvNtCsbqVo1DIGE6C_17code_guardian_cli17advanced_handlers18handle_distributed0000Csfep3jFmpOzf_23advanced_handlers_tests
FN:279,_RNCNCNCNvNtCsbqVo1DIGE6C_17code_guardian_cli17advanced_handlers18handle_distributed000Csfep3jFmpOzf_23advanced_handlers_tests
FN:278,_RNCNCNvNtCsbqVo1DIGE6C_17code_guardian_cli17advanced_handlers18handle_distributed00Csfep3jFmpOzf_23advanced_handlers_tests
FN:199,_RNCNvNtCsbqVo1DIGE6C_17code_guardian_cli17advanced_handlers18handle_distributed0Csfep3jFmpOzf_23advanced_handlers_tests
FN:280,_RNCNCNCNCNvNtCsbqVo1DIGE6C_17code_guardian_cli17advanced_handlers18handle_distributed0000Bb_
FN:279,_RNCNCNCNvNtCsbqVo1DIGE6C_17code_guardian_cli17advanced_handlers18handle_distributed000B9_
FN:278,_RNCNCNvNtCsbqVo1DIGE6C_17code_guardian_cli17advanced_handlers18handle_distributed00B7_
FN:199,_RNCNvNtCsbqVo1DIGE6C_17code_guardian_cli17advanced_handlers18handle_distributed0B5_
FN:199,_RNvNtCsbqVo1DIGE6C_17code_guardian_cli17advanced_handlers18handle_distributed
FN:100,_RNvNtCsbqVo1DIGE6C_17code_guardian_cli17advanced_handlers18handle_incremental
FN:7,_RNvNtCsbqVo1DIGE6C_17code_guardian_cli17advanced_handlers23handle_custom_detectors
FN:166,_RNCNvNtCsbqVo1DIGE6C_17code_guardian_cli17advanced_handlers18handle_incremental0B5_
FN:167,_RNCNvNtCsbqVo1DIGE6C_17code_guardian_cli17advanced_handlers18handle_incrementals_0B5_
FN:280,_RNCNCNCNCNvNtCsb8rEs8gTL6L_17code_guardian_cli17advanced_handlers18handle_distributed0000Bb_
FN:279,_RNCNCNCNvNtCsb8rEs8gTL6L_17code_guardian_cli17advanced_handlers18handle_distributed000B9_
FN:278,_RNCNCNvNtCsb8rEs8gTL6L_17code_guardian_cli17advanced_handlers18handle_distributed00B7_
FN:199,_RNCNvNtCsb8rEs8gTL6L_17code_guardian_cli17advanced_handlers18handle_distributed0B5_
FN:166,_RNCNvNtCsb8rEs8gTL6L_17code_guardian_cli17advanced_handlers18handle_incremental0B5_
FN:167,_RNCNvNtCsb8rEs8gTL6L_17code_guardian_cli17advanced_handlers18handle_incrementals_0B5_
FN:199,_RNvNtCsb8rEs8gTL6L_17code_guardian_cli17advanced_handlers18handle_distributed
FN:100,_RNvNtCsb8rEs8gTL6L_17code_guardian_cli17advanced_handlers18handle_incremental
FN:7,_RNvNtCsb8rEs8gTL6L_17code_guardian_cli17advanced_handlers23handle_custom_detectors
FN:280,_RNCNCNCNCNvNtCs69D8HmKEvzb_17code_guardian_cli17advanced_handlers18handle_distributed0000Bb_
FN:279,_RNCNCNCNvNtCs69D8HmKEvzb_17code_guardian_cli17advanced_handlers18handle_distributed000B9_
FN:278,_RNCNCNvNtCs69D8HmKEvzb_17code_guardian_cli17advanced_handlers18handle_distributed00B7_
FN:199,_RNCNvNtCs69D8HmKEvzb_17code_guardian_cli17advanced_handlers18handle_distributed0B5_
FN:166,_RNCNvNtCs69D8HmKEvzb_17code_guardian_cli17advanced_handlers18handle_incremental0B5_
FN:167,_RNCNvNtCs69D8HmKEvzb_17code_guardian_cli17advanced_handlers18handle_incrementals_0B5_
FN:199,_RNvNtCs69D8HmKEvzb_17code_guardian_cli17advanced_handlers18handle_distributed
FN:100,_RNvNtCs69D8HmKEvzb_17code_guardian_cli17advanced_handlers18handle_incremental
FN:7,_RNvNtCs69D8HmKEvzb_17code_guardian_cli17advanced_handlers23handle_custom_detectors
FNDA:2,_RNCNCNCNCNvNtCsgJXiKT19grP_17code_guardian_cli17advanced_handlers18handle_distributed0000Bb_
FNDA:2,_RNCNCNCNvNtCsgJXiKT19grP_17code_guardian_cli17advanced_handlers18handle_distributed000B9_
FNDA:2,_RNCNCNvNtCsgJXiKT19grP_17code_guardian_cli17advanced_handlers18handle_distributed00B7_
FNDA:2,_RNCNvNtCsgJXiKT19grP_17code_guardian_cli17advanced_handlers18handle_distributed0B5_
FNDA:0,_RNCNvNtCsgJXiKT19grP_17code_guardian_cli17advanced_handlers18handle_incremental0B5_
FNDA:0,_RNCNvNtCsgJXiKT19grP_17code_guardian_cli17advanced_handlers18handle_incrementals_0B5_
FNDA:2,_RNvNtCsgJXiKT19grP_17code_guardian_cli17advanced_handlers18handle_distributed
FNDA:2,_RNvNtCsgJXiKT19grP_17code_guardian_cli17advanced_handlers18handle_incremental
FNDA:5,_RNvNtCsgJXiKT19grP_17code_guardian_cli17advanced_handlers23handle_custom_detectors
FNDA:4,_RNCNCNCNCNvNtCsbqVo1DIGE6C_17code_guardian_cli17advanced_handlers18handle_distributed0000Csfep3jFmpOzf_23advanced_handlers_tests
FNDA:4,_RNCNCNCNvNtCsbqVo1DIGE6C_17code_guardian_cli17advanced_handlers18handle_distributed000Csfep3jFmpOzf_23advanced_handlers_tests
FNDA:4,_RNCNCNvNtCsbqVo1DIGE6C_17code_guardian_cli17advanced_handlers18handle_distributed00Csfep3jFmpOzf_23advanced_handlers_tests
FNDA:6,_RNCNvNtCsbqVo1DIGE6C_17code_guardian_cli17advanced_handlers18handle_distributed0Csfep3jFmpOzf_23advanced_handlers_tests
FNDA:0,_RNCNCNCNCNvNtCsbqVo1DIGE6C_17code_guardian_cli17advanced_handlers18handle_distributed0000Bb_
FNDA:0,_RNCNCNCNvNtCsbqVo1DIGE6C_17code_guardian_cli17advanced_handlers18handle_distributed000B9_
FNDA:0,_RNCNCNvNtCsbqVo1DIGE6C_17code_guardian_cli17advanced_handlers18handle_distributed00B7_
FNDA:0,_RNCNvNtCsbqVo1DIGE6C_17code_guardian_cli17advanced_handlers18handle_distributed0B5_
FNDA:6,_RNvNtCsbqVo1DIGE6C_17code_guardian_cli17advanced_handlers18handle_distributed
FNDA:6,_RNvNtCsbqVo1DIGE6C_17code_guardian_cli17advanced_handlers18handle_incremental
FNDA:5,_RNvNtCsbqVo1DIGE6C_17code_guardian_cli17advanced_handlers23handle_custom_detectors
FNDA:0,_RNCNvNtCsbqVo1DIGE6C_17code_guardian_cli17advanced_handlers18handle_incremental0B5_
FNDA:0,_RNCNvNtCsbqVo1DIGE6C_17code_guardian_cli17advanced_handlers18handle_incrementals_0B5_
FNDA:0,_RNCNCNCNCNvNtCsb8rEs8gTL6L_17code_guardian_cli17advanced_handlers18handle_distributed0000Bb_
FNDA:0,_RNCNCNCNvNtCsb8rEs8gTL6L_17code_guardian_cli17advanced_handlers18handle_distributed000B9_
FNDA:0,_RNCNCNvNtCsb8rEs8gTL6L_17code_guardian_cli17advanced_handlers18handle_distributed00B7_
FNDA:0,_RNCNvNtCsb8rEs8gTL6L_17code_guardian_cli17advanced_handlers18handle_distributed0B5_
FNDA:0,_RNCNvNtCsb8rEs8gTL6L_17code_guardian_cli17advanced_handlers18handle_incremental0B5_
FNDA:0,_RNCNvNtCsb8rEs8gTL6L_17code_guardian_cli17advanced_handlers18handle_incrementals_0B5_
FNDA:0,_RNvNtCsb8rEs8gTL6L_17code_guardian_cli17advanced_handlers18handle_distributed
FNDA:0,_RNvNtCsb8rEs8gTL6L_17code_guardian_cli17advanced_handlers18handle_incremental
FNDA:0,_RNvNtCsb8rEs8gTL6L_17code_guardian_cli17advanced_handlers23handle_custom_detectors
FNDA:0,_RNCNCNCNCNvNtCs69D8HmKEvzb_17code_guardian_cli17advanced_handlers18handle_distributed0000Bb_
FNDA:0,_RNCNCNCNvNtCs69D8HmKEvzb_17code_guardian_cli17advanced_handlers18handle_distributed000B9_
FNDA:0,_RNCNCNvNtCs69D8HmKEvzb_17code_guardian_cli17advanced_handlers18handle_distributed00B7_
FNDA:0,_RNCNvNtCs69D8HmKEvzb_17code_guardian_cli17advanced_handlers18handle_distributed0B5_
FNDA:0,_RNCNvNtCs69D8HmKEvzb_17code_guardian_cli17advanced_handlers18handle_incremental0B5_
FNDA:0,_RNCNvNtCs69D8HmKEvzb_17code_guardian_cli17advanced_handlers18handle_incrementals_0B5_
FNDA:0,_RNvNtCs69D8HmKEvzb_17code_guardian_cli17advanced_handlers18handle_distributed
FNDA:0,_RNvNtCs69D8HmKEvzb_17code_guardian_cli17advanced_handlers18handle_incremental
FNDA:0,_RNvNtCs69D8HmKEvzb_17code_guardian_cli17advanced_handlers23handle_custom_detectors
FNF:9
FNH:7
DA:7,10
DA:8,10
DA:10,1
DA:11,1
DA:13,1
DA:14,1
DA:15,1
DA:16,0
DA:18,0
DA:19,0
DA:20,0
DA:21,0
DA:22,0
DA:23,0
DA:24,0
DA:25,0
DA:26,0
DA:27,0
DA:31,4
DA:32,4
DA:33,4
DA:34,4
DA:35,4
DA:36,4
DA:37,4
DA:41,2
DA:42,2
DA:43,2
DA:45,1
DA:46,1
DA:47,1
DA:48,1
DA:49,1
DA:52,4
DA:53,3
DA:54,3
DA:56,3
DA:57,3
DA:59,0
DA:66,3
DA:67,3
DA:69,3
DA:70,3
DA:72,1
DA:73,1
DA:75,1
DA:77,1
DA:78,4
DA:79,3
DA:80,3
DA:81,0
DA:82,0
DA:83,0
DA:84,0
DA:85,0
DA:86,3
DA:89,1
DA:90,1
DA:91,1
DA:92,0
DA:93,0
DA:97,6
DA:98,10
DA:100,8
DA:101,8
DA:103,8
DA:105,3
DA:106,3
DA:107,3
DA:108,3
DA:109,0
DA:112,0
DA:113,0
DA:114,0
DA:115,0
DA:116,0
DA:120,0
DA:121,0
DA:122,0
DA:124,0
DA:125,0
DA:127,0
DA:128,0
DA:129,0
DA:130,0
DA:131,0
DA:132,0
DA:133,0
DA:134,0
DA:138,3
DA:139,0
DA:140,0
DA:141,0
DA:142,3
DA:143,3
DA:144,3
DA:148,2
DA:149,2
DA:150,2
DA:151,0
DA:153,0
DA:154,0
DA:156,0
DA:157,0
DA:158,0
DA:160,0
DA:161,0
DA:162,0
DA:164,0
DA:165,0
DA:166,0
DA:167,0
DA:169,0
DA:170,0
DA:171,0
DA:180,0
DA:181,0
DA:182,0
DA:184,0
DA:185,0
DA:186,0
DA:187,0
DA:188,0
DA:189,0
DA:190,0
DA:191,0
DA:192,0
DA:196,3
DA:197,8
DA:199,8
DA:200,8
DA:201,4
DA:202,4
DA:203,4
DA:207,4
DA:209,9
DA:210,9
DA:211,9
DA:212,9
DA:213,9
DA:214,9
DA:215,9
DA:216,9
DA:217,9
DA:218,9
DA:219,9
DA:220,9
DA:221,9
DA:222,9
DA:223,9
DA:224,9
DA:225,9
DA:227,4
DA:228,4
DA:229,4
DA:230,4
DA:231,4
DA:232,4
DA:235,4
DA:236,4
DA:237,4
DA:243,4
DA:244,4
DA:245,4
DA:247,4
DA:248,4
DA:250,4
DA:253,6
DA:254,6
DA:255,6
DA:256,6
DA:257,6
DA:258,6
DA:259,6
DA:260,6
DA:261,6
DA:262,6
DA:263,6
DA:266,4
DA:267,4
DA:268,4
DA:270,4
DA:271,4
DA:272,4
DA:276,4
DA:277,4
DA:278,6
DA:279,6
DA:280,6
DA:281,2
DA:283,4
DA:285,6
DA:286,6
DA:287,4
DA:289,4
DA:290,4
DA:292,4
DA:294,4
DA:295,4
DA:296,4
DA:297,4
DA:298,4
DA:301,4
DA:302,2
DA:303,2
DA:304,2
DA:305,2
DA:306,2
DA:307,2
DA:308,2
DA:309,2
DA:310,2
DA:311,2
DA:313,2
DA:314,0
DA:315,2
DA:316,2
DA:320,8
DA:321,8
BRF:0
BRH:0
LF:225
LH:148
end_of_record
SF:/workspaces/code-guardian/crates/cli/src/benchmark.rs
FN:62,_RNCNvNtCsgJXiKT19grP_17code_guardian_cli9benchmark13run_benchmark0B5_
FN:9,_RNvNtCsgJXiKT19grP_17code_guardian_cli9benchmark13run_benchmark
FN:124,_RNvNtCsgJXiKT19grP_17code_guardian_cli9benchmark22quick_performance_test
FN:62,_RNCNvNtCsbqVo1DIGE6C_17code_guardian_cli9benchmark13run_benchmark0B5_
FN:9,_RNvNtCsbqVo1DIGE6C_17code_guardian_cli9benchmark13run_benchmark
FN:124,_RNvNtCsbqVo1DIGE6C_17code_guardian_cli9benchmark22quick_performance_test
FN:62,_RNCNvNtCsb8rEs8gTL6L_17code_guardian_cli9benchmark13run_benchmark0B5_
FN:9,_RNvNtCsb8rEs8gTL6L_17code_guardian_cli9benchmark13run_benchmark
FN:124,_RNvNtCsb8rEs8gTL6L_17code_guardian_cli9benchmark22quick_performance_test
FN:62,_RNCNvNtCs69D8HmKEvzb_17code_guardian_cli9benchmark13run_benchmark0B5_
FN:9,_RNvNtCs69D8HmKEvzb_17code_guardian_cli9benchmark13run_benchmark
FN:124,_RNvNtCs69D8HmKEvzb_17code_guardian_cli9benchmark22quick_performance_test
FNDA:0,_RNCNvNtCsgJXiKT19grP_17code_guardian_cli9benchmark13run_benchmark0B5_
FNDA:0,_RNvNtCsgJXiKT19grP_17code_guardian_cli9benchmark13run_benchmark
FNDA:1,_RNvNtCsgJXiKT19grP_17code_guardian_cli9benchmark22quick_performance_test
FNDA:0,_RNCNvNtCsbqVo1DIGE6C_17code_guardian_cli9benchmark13run_benchmark0B5_
FNDA:1,_RNvNtCsbqVo1DIGE6C_17code_guardian_cli9benchmark13run_benchmark
FNDA:0,_RNvNtCsbqVo1DIGE6C_17code_guardian_cli9benchmark22quick_performance_test
FNDA:0,_RNCNvNtCsb8rEs8gTL6L_17code_guardian_cli9benchmark13run_benchmark0B5_
FNDA:0,_RNvNtCsb8rEs8gTL6L_17code_guardian_cli9benchmark13run_benchmark
FNDA:0,_RNvNtCsb8rEs8gTL6L_17code_guardian_cli9benchmark22quick_performance_test
FNDA:0,_RNCNvNtCs69D8HmKEvzb_17code_guardian_cli9benchmark13run_benchmark0B5_
FNDA:0,_RNvNtCs69D8HmKEvzb_17code_guardian_cli9benchmark13run_benchmark
FNDA:0,_RNvNtCs69D8HmKEvzb_17code_guardian_cli9benchmark22quick_performance_test
FNF:3
FNH:2
DA:9,1
DA:10,1
DA:11,1
DA:13,1
DA:14,1
DA:17,1
DA:18,1
DA:19,1
DA:20,1
DA:21,1
DA:22,1
DA:23,1
DA:24,1
DA:27,1
DA:28,1
DA:29,1
DA:30,1
DA:31,1
DA:32,1
DA:33,1
DA:34,1
DA:37,1
DA:38,1
DA:39,1
DA:40,1
DA:41,1
DA:42,1
DA:43,1
DA:44,1
DA:45,1
DA:46,1
DA:49,1
DA:50,1
DA:53,1
DA:54,1
DA:55,1
DA:58,1
DA:59,1
DA:60,1
DA:61,1
DA:62,1
DA:63,0
DA:64,0
DA:65,1
DA:66,0
DA:67,0
DA:68,0
DA:69,0
DA:70,0
DA:73,0
DA:74,0
DA:77,0
DA:80,0
DA:81,0
DA:83,0
DA:84,0
DA:85,0
DA:86,0
DA:87,0
DA:88,0
DA:89,0
DA:90,0
DA:92,0
DA:93,0
DA:94,0
DA:95,0
DA:96,0
DA:97,0
DA:99,0
DA:100,0
DA:101,0
DA:102,0
DA:103,0
DA:104,0
DA:106,0
DA:107,0
DA:108,0
DA:109,0
DA:110,0
DA:111,0
DA:112,0
DA:113,0
DA:114,0
DA:115,0
DA:117,0
DA:118,0
DA:120,0
DA:121,1
DA:124,1
DA:125,1
DA:126,1
DA:128,1
DA:129,1
DA:130,1
DA:131,1
DA:133,1
DA:134,1
DA:135,1
DA:136,1
DA:137,1
DA:138,1
DA:139,1
DA:140,1
DA:142,1
DA:143,1
DA:144,1
DA:147,1
DA:148,0
DA:149,0
DA:150,0
DA:151,1
DA:153,1
DA:154,1
BRF:0
BRH:0
LF:115
LH:65
end_of_record
SF:/workspaces/code-guardian/crates/cli/src/command_handlers.rs
FN:64,_RNvNtCsgJXiKT19grP_17code_guardian_cli16command_handlers10handle_git
FN:15,_RNvNtCsgJXiKT19grP_17code_guardian_cli16command_handlers14handle_history
FN:48,_RNvNtCsgJXiKT19grP_17code_guardian_cli16command_handlers16handle_benchmark
FN:40,_RNvNtCsgJXiKT19grP_17code_guardian_cli16command_handlers17handle_completion
FN:49,_RNCNvNtCsgJXiKT19grP_17code_guardian_cli16command_handlers16handle_benchmark0B5_
FN:49,_RNCNvNtCsbqVo1DIGE6C_17code_guardian_cli16command_handlers16handle_benchmark0B5_
FN:64,_RNvNtCsbqVo1DIGE6C_17code_guardian_cli16command_handlers10handle_git
FN:15,_RNvNtCsbqVo1DIGE6C_17code_guardian_cli16command_handlers14handle_history
FN:48,_RNvNtCsbqVo1DIGE6C_17code_guardian_cli16command_handlers16handle_benchmark
FN:40,_RNvNtCsbqVo1DIGE6C_17code_guardian_cli16command_handlers17handle_completion
FN:49,_RNCNvNtCsb8rEs8gTL6L_17code_guardian_cli16command_handlers16handle_benchmark0B5_
FN:64,_RNvNtCsb8rEs8gTL6L_17code_guardian_cli16command_handlers10handle_git
FN:15,_RNvNtCsb8rEs8gTL6L_17code_guardian_cli16command_handlers14handle_history
FN:48,_RNvNtCsb8rEs8gTL6L_17code_guardian_cli16command_handlers16handle_benchmark
FN:40,_RNvNtCsb8rEs8gTL6L_17code_guardian_cli16command_handlers17handle_completion
FN:49,_RNCNvNtCs69D8HmKEvzb_17code_guardian_cli16command_handlers16handle_benchmark0B5_
FN:64,_RNvNtCs69D8HmKEvzb_17code_guardian_cli16command_handlers10handle_git
FN:15,_RNvNtCs69D8HmKEvzb_17code_guardian_cli16command_handlers14handle_history
FN:48,_RNvNtCs69D8HmKEvzb_17code_guardian_cli16command_handlers16handle_benchmark
FN:40,_RNvNtCs69D8HmKEvzb_17code_guardian_cli16command_handlers17handle_completion
FNDA:0,_RNvNtCsgJXiKT19grP_17code_guardian_cli16command_handlers10handle_git
FNDA:1,_RNvNtCsgJXiKT19grP_17code_guardian_cli16command_handlers14handle_history
FNDA:1,_RNvNtCsgJXiKT19grP_17code_guardian_cli16command_handlers16handle_benchmark
FNDA:1,_RNvNtCsgJXiKT19grP_17code_guardian_cli16command_handlers17handle_completion
FNDA:0,_RNCNvNtCsgJXiKT19grP_17code_guardian_cli16command_handlers16handle_benchmark0B5_
FNDA:0,_RNCNvNtCsbqVo1DIGE6C_17code_guardian_cli16command_handlers16handle_benchmark0B5_
FNDA:0,_RNvNtCsbqVo1DIGE6C_17code_guardian_cli16command_handlers10handle_git
FNDA:1,_RNvNtCsbqVo1DIGE6C_17code_guardian_cli16command_handlers14handle_history
FNDA:1,_RNvNtCsbqVo1DIGE6C_17code_guardian_cli16command_handlers16handle_benchmark
FNDA:0,_RNvNtCsbqVo1DIGE6C_17code_guardian_cli16command_handlers17handle_completion
FNDA:0,_RNCNvNtCsb8rEs8gTL6L_17code_guardian_cli16command_handlers16handle_benchmark0B5_
FNDA:0,_RNvNtCsb8rEs8gTL6L_17code_guardian_cli16command_handlers10handle_git
FNDA:0,_RNvNtCsb8rEs8gTL6L_17code_guardian_cli16command_handlers14handle_history
FNDA:0,_RNvNtCsb8rEs8gTL6L_17code_guardian_cli16command_handlers16handle_benchmark
FNDA:0,_RNvNtCsb8rEs8gTL6L_17code_guardian_cli16command_handlers17handle_completion
FNDA:0,_RNCNvNtCs69D8HmKEvzb_17code_guardian_cli16command_handlers16handle_benchmark0B5_
FNDA:0,_RNvNtCs69D8HmKEvzb_17code_guardian_cli16command_handlers10handle_git
FNDA:0,_RNvNtCs69D8HmKEvzb_17code_guardian_cli16command_handlers14handle_history
FNDA:0,_RNvNtCs69D8HmKEvzb_17code_guardian_cli16command_handlers16handle_benchmark
FNDA:0,_RNvNtCs69D8HmKEvzb_17code_guardian_cli16command_handlers17handle_completion
FNF:5
FNH:3
DA:15,2
DA:16,2
DA:17,2
DA:18,1
DA:20,1
DA:21,0
DA:22,0
DA:23,1
DA:25,1
DA:26,2
DA:27,1
DA:28,1
DA:29,1
DA:30,1
DA:31,1
DA:32,1
DA:33,1
DA:34,1
DA:35,1
DA:36,1
DA:37,2
DA:40,1
DA:41,1
DA:42,1
DA:43,1
DA:44,1
DA:45,1
DA:48,2
DA:49,2
DA:51,2
DA:52,1
DA:54,1
DA:56,2
DA:64,0
DA:65,0
DA:66,0
DA:67,0
DA:69,0
DA:70,0
DA:71,0
DA:72,0
DA:74,0
DA:75,0
DA:77,0
DA:78,0
DA:79,0
DA:81,0
DA:82,0
DA:84,0
DA:85,0
DA:86,0
DA:87,0
DA:89,0
DA:90,0
DA:91,0
DA:93,0
DA:94,0
DA:96,0
DA:97,0
DA:98,0
DA:99,0
DA:101,0
DA:102,0
DA:104,0
DA:105,0
DA:106,0
DA:107,0
DA:108,0
DA:109,0
DA:110,0
DA:112,0
DA:115,0
BRF:0
BRH:0
LF:73
LH:30
end_of_record
SF:/workspaces/code-guardian/crates/cli/src/comparison_handlers.rs
FN:25,_RNvNtCsgJXiKT19grP_17code_guardian_cli19comparison_handlers13compare_scans
FN:9,_RNvNtCsgJXiKT19grP_17code_guardian_cli19comparison_handlers14handle_compare
FN:31,_RNCNvNtCsgJXiKT19grP_17code_guardian_cli19comparison_handlers13compare_scans0B5_
FN:36,_RNCNvNtCsgJXiKT19grP_17code_guardian_cli19comparison_handlers13compare_scanss_0B5_
FN:25,_RNvNtCsbqVo1DIGE6C_17code_guardian_cli19comparison_handlers13compare_scans
FN:9,_RNvNtCsbqVo1DIGE6C_17code_guardian_cli19comparison_handlers14handle_compare
FN:31,_RNCNvNtCsbqVo1DIGE6C_17code_guardian_cli19comparison_handlers13compare_scans0B5_
FN:36,_RNCNvNtCsbqVo1DIGE6C_17code_guardian_cli19comparison_handlers13compare_scanss_0B5_
FN:31,_RNCNvNtCsb8rEs8gTL6L_17code_guardian_cli19comparison_handlers13compare_scans0B5_
FN:36,_RNCNvNtCsb8rEs8gTL6L_17code_guardian_cli19comparison_handlers13compare_scanss_0B5_
FN:25,_RNvNtCsb8rEs8gTL6L_17code_guardian_cli19comparison_handlers13compare_scans
FN:9,_RNvNtCsb8rEs8gTL6L_17code_guardian_cli19comparison_handlers14handle_compare
FN:31,_RNCNvNtCs69D8HmKEvzb_17code_guardian_cli19comparison_handlers13compare_scans0B5_
FN:36,_RNCNvNtCs69D8HmKEvzb_17code_guardian_cli19comparison_handlers13compare_scanss_0B5_
FN:25,_RNvNtCs69D8HmKEvzb_17code_guardian_cli19comparison_handlers13compare_scans
FN:9,_RNvNtCs69D8HmKEvzb_17code_guardian_cli19comparison_handlers14handle_compare
FNDA:2,_RNvNtCsgJXiKT19grP_17code_guardian_cli19comparison_handlers13compare_scans
FNDA:2,_RNvNtCsgJXiKT19grP_17code_guardian_cli19comparison_handlers14handle_compare
FNDA:2,_RNCNvNtCsgJXiKT19grP_17code_guardian_cli19comparison_handlers13compare_scans0B5_
FNDA:4,_RNCNvNtCsgJXiKT19grP_17code_guardian_cli19comparison_handlers13compare_scanss_0B5_
FNDA:0,_RNvNtCsbqVo1DIGE6C_17code_guardian_cli19comparison_handlers13compare_scans
FNDA:0,_RNvNtCsbqVo1DIGE6C_17code_guardian_cli19comparison_handlers14handle_compare
FNDA:0,_RNCNvNtCsbqVo1DIGE6C_17code_guardian_cli19comparison_handlers13compare_scans0B5_
FNDA:0,_RNCNvNtCsbqVo1DIGE6C_17code_guardian_cli19comparison_handlers13compare_scanss_0B5_
FNDA:0,_RNCNvNtCsb8rEs8gTL6L_17code_guardian_cli19comparison_handlers13compare_scans0B5_
FNDA:0,_RNCNvNtCsb8rEs8gTL6L_17code_guardian_cli19comparison_handlers13compare_scanss_0B5_
FNDA:0,_RNvNtCsb8rEs8gTL6L_17code_guardian_cli19comparison_handlers13compare_scans
FNDA:0,_RNvNtCsb8rEs8gTL6L_17code_guardian_cli19comparison_handlers14handle_compare
FNDA:0,_RNCNvNtCs69D8HmKEvzb_17code_guardian_cli19comparison_handlers13compare_scans0B5_
FNDA:0,_RNCNvNtCs69D8HmKEvzb_17code_guardian_cli19comparison_handlers13compare_scanss_0B5_
FNDA:0,_RNvNtCs69D8HmKEvzb_17code_guardian_cli19comparison_handlers13compare_scans
FNDA:0,_RNvNtCs69D8HmKEvzb_17code_guardian_cli19comparison_handlers14handle_compare
FNF:4
FNH:4
DA:9,2
DA:10,2
DA:11,2
DA:12,2
DA:13,2
DA:14,2
DA:15,2
DA:16,2
DA:17,2
DA:18,2
DA:19,2
DA:20,0
DA:22,2
DA:23,2
DA:25,2
DA:28,2
DA:29,2
DA:30,2
DA:31,2
DA:32,2
DA:33,2
DA:34,2
DA:35,2
DA:36,4
DA:37,2
DA:38,2
DA:39,2
BRF:0
BRH:0
LF:29
LH:28
end_of_record
SF:/workspaces/code-guardian/crates/cli/src/git_integration.rs
FN:54,_RNCNvMNtCsgJXiKT19grP_17code_guardian_cli15git_integrationNtB4_14GitIntegration11is_git_repo0B6_
FN:24,_RNCNvMNtCsgJXiKT19grP_17code_guardian_cli15git_integrationNtB4_14GitIntegration16get_staged_files0B6_
FN:26,_RNCNvMNtCsgJXiKT19grP_17code_guardian_cli15git_integrationNtB4_14GitIntegration16get_staged_filess0_0B6_
FN:25,_RNCNvMNtCsgJXiKT19grP_17code_guardian_cli15git_integrationNtB4_14GitIntegration16get_staged_filess_0B6_
FN:182,_RNCNvNtCsgJXiKT19grP_17code_guardian_cli15git_integration14parse_git_diff0B5_
FN:60,_RNvMNtCsgJXiKT19grP_17code_guardian_cli15git_integrationNtB2_14GitIntegration16get_staged_lines
FN:159,_RNvNtCsgJXiKT19grP_17code_guardian_cli15git_integration14parse_git_diff
FN:49,_RNvMNtCsgJXiKT19grP_17code_guardian_cli15git_integrationNtB2_14GitIntegration11is_git_repo
FN:33,_RNvMNtCsgJXiKT19grP_17code_guardian_cli15git_integrationNtB2_14GitIntegration13get_repo_root
FN:10,_RNvMNtCsgJXiKT19grP_17code_guardian_cli15git_integrationNtB2_14GitIntegration16get_staged_files
FN:76,_RNvMNtCsgJXiKT19grP_17code_guardian_cli15git_integrationNtB2_14GitIntegration23install_pre_commit_hook
FN:117,_RNvMNtCsgJXiKT19grP_17code_guardian_cli15git_integrationNtB2_14GitIntegration25uninstall_pre_commit_hook
FN:54,_RNCNvMNtCsbqVo1DIGE6C_17code_guardian_cli15git_integrationNtB4_14GitIntegration11is_git_repo0B6_
FN:24,_RNCNvMNtCsbqVo1DIGE6C_17code_guardian_cli15git_integrationNtB4_14GitIntegration16get_staged_files0B6_
FN:26,_RNCNvMNtCsbqVo1DIGE6C_17code_guardian_cli15git_integrationNtB4_14GitIntegration16get_staged_filess0_0B6_
FN:25,_RNCNvMNtCsbqVo1DIGE6C_17code_guardian_cli15git_integrationNtB4_14GitIntegration16get_staged_filess_0B6_
FN:182,_RNCNvNtCsbqVo1DIGE6C_17code_guardian_cli15git_integration14parse_git_diff0B5_
FN:49,_RNvMNtCsbqVo1DIGE6C_17code_guardian_cli15git_integrationNtB2_14GitIntegration11is_git_repo
FN:33,_RNvMNtCsbqVo1DIGE6C_17code_guardian_cli15git_integrationNtB2_14GitIntegration13get_repo_root
FN:10,_RNvMNtCsbqVo1DIGE6C_17code_guardian_cli15git_integrationNtB2_14GitIntegration16get_staged_files
FN:60,_RNvMNtCsbqVo1DIGE6C_17code_guardian_cli15git_integrationNtB2_14GitIntegration16get_staged_lines
FN:76,_RNvMNtCsbqVo1DIGE6C_17code_guardian_cli15git_integrationNtB2_14GitIntegration23install_pre_commit_hook
FN:117,_RNvMNtCsbqVo1DIGE6C_17code_guardian_cli15git_integrationNtB2_14GitIntegration25uninstall_pre_commit_hook
FN:159,_RNvNtCsbqVo1DIGE6C_17code_guardian_cli15git_integration14parse_git_diff
FN:24,_RNCNvMNtCsb8rEs8gTL6L_17code_guardian_cli15git_integrationNtB4_14GitIntegration16get_staged_files0B6_
FN:26,_RNCNvMNtCsb8rEs8gTL6L_17code_guardian_cli15git_integrationNtB4_14GitIntegration16get_staged_filess0_0B6_
FN:25,_RNCNvMNtCsb8rEs8gTL6L_17code_guardian_cli15git_integrationNtB4_14GitIntegration16get_staged_filess_0B6_
FN:182,_RNCNvNtCsb8rEs8gTL6L_17code_guardian_cli15git_integration14parse_git_diff0B5_
FN:33,_RNvMNtCsb8rEs8gTL6L_17code_guardian_cli15git_integrationNtB2_14GitIntegration13get_repo_root
FN:10,_RNvMNtCsb8rEs8gTL6L_17code_guardian_cli15git_integrationNtB2_14GitIntegration16get_staged_files
FN:60,_RNvMNtCsb8rEs8gTL6L_17code_guardian_cli15git_integrationNtB2_14GitIntegration16get_staged_lines
FN:76,_RNvMNtCsb8rEs8gTL6L_17code_guardian_cli15git_integrationNtB2_14GitIntegration23install_pre_commit_hook
FN:117,_RNvMNtCsb8rEs8gTL6L_17code_guardian_cli15git_integrationNtB2_14GitIntegration25uninstall_pre_commit_hook
FN:159,_RNvNtCsb8rEs8gTL6L_17code_guardian_cli15git_integration14parse_git_diff
FN:49,_RNvMNtCsb8rEs8gTL6L_17code_guardian_cli15git_integrationNtB2_14GitIntegration11is_git_repo
FN:258,_RNvNtNtCsb8rEs8gTL6L_17code_guardian_cli15git_integration5testss_15test_line_range
FN:252,_RNvNtNtCsb8rEs8gTL6L_17code_guardian_cli15git_integration5testss_16test_is_git_repo
FN:233,_RNvNtNtCsb8rEs8gTL6L_17code_guardian_cli15git_integration5testss_26test_git_integration_basic
FN:54,_RNCNvMNtCsb8rEs8gTL6L_17code_guardian_cli15git_integrationNtB4_14GitIntegration11is_git_repo0B6_
FN:49,_RNvMNtCs69D8HmKEvzb_17code_guardian_cli15git_integrationNtB2_14GitIntegration11is_git_repo
FN:24,_RNCNvMNtCs69D8HmKEvzb_17code_guardian_cli15git_integrationNtB4_14GitIntegration16get_staged_files0B6_
FN:26,_RNCNvMNtCs69D8HmKEvzb_17code_guardian_cli15git_integrationNtB4_14GitIntegration16get_staged_filess0_0B6_
FN:25,_RNCNvMNtCs69D8HmKEvzb_17code_guardian_cli15git_integrationNtB4_14GitIntegration16get_staged_filess_0B6_
FN:182,_RNCNvNtCs69D8HmKEvzb_17code_guardian_cli15git_integration14parse_git_diff0B5_
FN:33,_RNvMNtCs69D8HmKEvzb_17code_guardian_cli15git_integrationNtB2_14GitIntegration13get_repo_root
FN:10,_RNvMNtCs69D8HmKEvzb_17code_guardian_cli15git_integrationNtB2_14GitIntegration16get_staged_files
FN:60,_RNvMNtCs69D8HmKEvzb_17code_guardian_cli15git_integrationNtB2_14GitIntegration16get_staged_lines
FN:76,_RNvMNtCs69D8HmKEvzb_17code_guardian_cli15git_integrationNtB2_14GitIntegration23install_pre_commit_hook
FN:117,_RNvMNtCs69D8HmKEvzb_17code_guardian_cli15git_integrationNtB2_14GitIntegration25uninstall_pre_commit_hook
FN:159,_RNvNtCs69D8HmKEvzb_17code_guardian_cli15git_integration14parse_git_diff
FN:258,_RNvNtNtCs69D8HmKEvzb_17code_guardian_cli15git_integration5testss_15test_line_range
FN:252,_RNvNtNtCs69D8HmKEvzb_17code_guardian_cli15git_integration5testss_16test_is_git_repo
FN:233,_RNvNtNtCs69D8HmKEvzb_17code_guardian_cli15git_integration5testss_26test_git_integration_basic
FN:54,_RNCNvMNtCs69D8HmKEvzb_17code_guardian_cli15git_integrationNtB4_14GitIntegration11is_git_repo0B6_
FNDA:0,_RNCNvMNtCsgJXiKT19grP_17code_guardian_cli15git_integrationNtB4_14GitIntegration11is_git_repo0B6_
FNDA:0,_RNCNvMNtCsgJXiKT19grP_17code_guardian_cli15git_integrationNtB4_14GitIntegration16get_staged_files0B6_
FNDA:0,_RNCNvMNtCsgJXiKT19grP_17code_guardian_cli15git_integrationNtB4_14GitIntegration16get_staged_filess0_0B6_
FNDA:0,_RNCNvMNtCsgJXiKT19grP_17code_guardian_cli15git_integrationNtB4_14GitIntegration16get_staged_filess_0B6_
FNDA:0,_RNCNvNtCsgJXiKT19grP_17code_guardian_cli15git_integration14parse_git_diff0B5_
FNDA:0,_RNvMNtCsgJXiKT19grP_17code_guardian_cli15git_integrationNtB2_14GitIntegration16get_staged_lines
FNDA:0,_RNvNtCsgJXiKT19grP_17code_guardian_cli15git_integration14parse_git_diff
FNDA:0,_RNvMNtCsgJXiKT19grP_17code_guardian_cli15git_integrationNtB2_14GitIntegration11is_git_repo
FNDA:0,_RNvMNtCsgJXiKT19grP_17code_guardian_cli15git_integrationNtB2_14GitIntegration13get_repo_root
FNDA:0,_RNvMNtCsgJXiKT19grP_17code_guardian_cli15git_integrationNtB2_14GitIntegration16get_staged_files
FNDA:0,_RNvMNtCsgJXiKT19grP_17code_guardian_cli15git_integrationNtB2_14GitIntegration23install_pre_commit_hook
FNDA:0,_RNvMNtCsgJXiKT19grP_17code_guardian_cli15git_integrationNtB2_14GitIntegration25uninstall_pre_commit_hook
FNDA:6,_RNCNvMNtCsbqVo1DIGE6C_17code_guardian_cli15git_integrationNtB4_14GitIntegration11is_git_repo0B6_
FNDA:0,_RNCNvMNtCsbqVo1DIGE6C_17code_guardian_cli15git_integrationNtB4_14GitIntegration16get_staged_files0B6_
FNDA:0,_RNCNvMNtCsbqVo1DIGE6C_17code_guardian_cli15git_integrationNtB4_14GitIntegration16get_staged_filess0_0B6_
FNDA:0,_RNCNvMNtCsbqVo1DIGE6C_17code_guardian_cli15git_integrationNtB4_14GitIntegration16get_staged_filess_0B6_
FNDA:0,_RNCNvNtCsbqVo1DIGE6C_17code_guardian_cli15git_integration14parse_git_diff0B5_
FNDA:7,_RNvMNtCsbqVo1DIGE6C_17code_guardian_cli15git_integrationNtB2_14GitIntegration11is_git_repo
FNDA:5,_RNvMNtCsbqVo1DIGE6C_17code_guardian_cli15git_integrationNtB2_14GitIntegration13get_repo_root
FNDA:5,_RNvMNtCsbqVo1DIGE6C_17code_guardian_cli15git_integrationNtB2_14GitIntegration16get_staged_files
FNDA:4,_RNvMNtCsbqVo1DIGE6C_17code_guardian_cli15git_integrationNtB2_14GitIntegration16get_staged_lines
FNDA:3,_RNvMNtCsbqVo1DIGE6C_17code_guardian_cli15git_integrationNtB2_14GitIntegration23install_pre_commit_hook
FNDA:3,_RNvMNtCsbqVo1DIGE6C_17code_guardian_cli15git_integrationNtB2_14GitIntegration25uninstall_pre_commit_hook
FNDA:1,_RNvNtCsbqVo1DIGE6C_17code_guardian_cli15git_integration14parse_git_diff
FNDA:0,_RNCNvMNtCsb8rEs8gTL6L_17code_guardian_cli15git_integrationNtB4_14GitIntegration16get_staged_files0B6_
FNDA:0,_RNCNvMNtCsb8rEs8gTL6L_17code_guardian_cli15git_integrationNtB4_14GitIntegration16get_staged_filess0_0B6_
FNDA:0,_RNCNvMNtCsb8rEs8gTL6L_17code_guardian_cli15git_integrationNtB4_14GitIntegration16get_staged_filess_0B6_
FNDA:0,_RNCNvNtCsb8rEs8gTL6L_17code_guardian_cli15git_integration14parse_git_diff0B5_
FNDA:0,_RNvMNtCsb8rEs8gTL6L_17code_guardian_cli15git_integrationNtB2_14GitIntegration13get_repo_root
FNDA:0,_RNvMNtCsb8rEs8gTL6L_17code_guardian_cli15git_integrationNtB2_14GitIntegration16get_staged_files
FNDA:0,_RNvMNtCsb8rEs8gTL6L_17code_guardian_cli15git_integrationNtB2_14GitIntegration16get_staged_lines
FNDA:0,_RNvMNtCsb8rEs8gTL6L_17code_guardian_cli15git_integrationNtB2_14GitIntegration23install_pre_commit_hook
FNDA:0,_RNvMNtCsb8rEs8gTL6L_17code_guardian_cli15git_integrationNtB2_14GitIntegration25uninstall_pre_commit_hook
FNDA:0,_RNvNtCsb8rEs8gTL6L_17code_guardian_cli15git_integration14parse_git_diff
FNDA:1,_RNvMNtCsb8rEs8gTL6L_17code_guardian_cli15git_integrationNtB2_14GitIntegration11is_git_repo
FNDA:1,_RNvNtNtCsb8rEs8gTL6L_17code_guardian_cli15git_integration5testss_15test_line_range
FNDA:1,_RNvNtNtCsb8rEs8gTL6L_17code_guardian_cli15git_integration5testss_16test_is_git_repo
FNDA:1,_RNvNtNtCsb8rEs8gTL6L_17code_guardian_cli15git_integration5testss_26test_git_integration_basic
FNDA:1,_RNCNvMNtCsb8rEs8gTL6L_17code_guardian_cli15git_integrationNtB4_14GitIntegration11is_git_repo0B6_
FNDA:1,_RNvMNtCs69D8HmKEvzb_17code_guardian_cli15git_integrationNtB2_14GitIntegration11is_git_repo
FNDA:0,_RNCNvMNtCs69D8HmKEvzb_17code_guardian_cli15git_integrationNtB4_14GitIntegration16get_staged_files0B6_
FNDA:0,_RNCNvMNtCs69D8HmKEvzb_17code_guardian_cli15git_integrationNtB4_14GitIntegration16get_staged_filess0_0B6_
FNDA:0,_RNCNvMNtCs69D8HmKEvzb_17code_guardian_cli15git_integrationNtB4_14GitIntegration16get_staged_filess_0B6_
FNDA:0,_RNCNvNtCs69D8HmKEvzb_17code_guardian_cli15git_integration14parse_git_diff0B5_
FNDA:0,_RNvMNtCs69D8HmKEvzb_17code_guardian_cli15git_integrationNtB2_14GitIntegration13get_repo_root
FNDA:0,_RNvMNtCs69D8HmKEvzb_17code_guardian_cli15git_integrationNtB2_14GitIntegration16get_staged_files
FNDA:0,_RNvMNtCs69D8HmKEvzb_17code_guardian_cli15git_integrationNtB2_14GitIntegration16get_staged_lines
FNDA:0,_RNvMNtCs69D8HmKEvzb_17code_guardian_cli15git_integrationNtB2_14GitIntegration23install_pre_commit_hook
FNDA:0,_RNvMNtCs69D8HmKEvzb_17code_guardian_cli15git_integrationNtB2_14GitIntegration25uninstall_pre_commit_hook
FNDA:0,_RNvNtCs69D8HmKEvzb_17code_guardian_cli15git_integration14parse_git_diff
FNDA:1,_RNvNtNtCs69D8HmKEvzb_17code_guardian_cli15git_integration5testss_15test_line_range
FNDA:1,_RNvNtNtCs69D8HmKEvzb_17code_guardian_cli15git_integration5testss_16test_is_git_repo
FNDA:1,_RNvNtNtCs69D8HmKEvzb_17code_guardian_cli15git_integration5testss_26test_git_integration_basic
FNDA:1,_RNCNvMNtCs69D8HmKEvzb_17code_guardian_cli15git_integrationNtB4_14GitIntegration11is_git_repo0B6_
FNF:15
FNH:11
DA:10,5
DA:11,5
DA:12,5
DA:13,5
DA:14,5
DA:16,4
DA:17,2
DA:18,2
DA:19,2
DA:21,2
DA:22,2
DA:23,2
DA:24,2
DA:25,2
DA:26,2
DA:27,2
DA:29,2
DA:30,5
DA:33,5
DA:34,5
DA:35,5
DA:36,5
DA:37,5
DA:39,4
DA:40,2
DA:41,2
DA:43,2
DA:44,2
DA:45,2
DA:46,5
DA:49,9
DA:50,9
DA:51,9
DA:52,9
DA:53,9
DA:54,9
DA:55,9
DA:56,9
DA:60,4
DA:61,4
DA:62,4
DA:63,4
DA:64,4
DA:66,4
DA:67,3
DA:68,3
DA:69,1
DA:71,1
DA:72,1
DA:73,4
DA:76,3
DA:77,3
DA:78,3
DA:81,3
DA:84,3
DA:85,3
DA:86,3
DA:87,3
DA:88,3
DA:89,3
DA:90,3
DA:91,3
DA:92,3
DA:93,3
DA:94,3
DA:95,3
DA:96,3
DA:97,3
DA:99,3
DA:105,3
DA:106,2
DA:107,2
DA:110,2
DA:111,2
DA:113,2
DA:114,3
DA:117,3
DA:118,3
DA:120,3
DA:122,2
DA:123,2
DA:124,2
DA:125,2
DA:126,0
DA:127,0
DA:128,0
DA:129,0
DA:130,0
DA:131,0
DA:132,1
DA:133,1
DA:134,1
DA:136,3
DA:137,3
DA:159,1
DA:160,1
DA:161,1
DA:162,1
DA:163,1
DA:165,1
DA:166,0
DA:168,0
DA:169,0
DA:170,0
DA:171,0
DA:172,0
DA:173,0
DA:174,0
DA:175,0
DA:177,0
DA:178,0
DA:179,0
DA:180,0
DA:182,0
DA:183,0
DA:184,0
DA:186,0
DA:187,0
DA:188,0
DA:189,0
DA:191,0
DA:192,0
DA:193,0
DA:194,0
DA:195,0
DA:196,0
DA:199,0
DA:200,0
DA:201,0
DA:202,0
DA:204,0
DA:205,0
DA:206,0
DA:207,0
DA:208,0
DA:209,0
DA:210,0
DA:211,0
DA:212,0
DA:216,1
DA:217,0
DA:218,0
DA:219,0
DA:220,0
DA:221,0
DA:222,1
DA:224,1
DA:225,1
DA:233,2
DA:235,2
DA:236,2
DA:237,2
DA:240,2
DA:241,2
DA:242,2
DA:243,2
DA:244,2
DA:245,2
DA:247,2
DA:248,2
DA:249,2
DA:252,2
DA:253,2
DA:254,2
DA:255,2
DA:258,2
DA:259,2
DA:260,2
DA:261,2
DA:262,2
BRF:0
BRH:0
LF:175
LH:121
end_of_record
SF:/workspaces/code-guardian/crates/cli/src/main.rs
FN:27,_RNvCsgJXiKT19grP_17code_guardian_cli4main
FN:27,_RNCNvCsgJXiKT19grP_17code_guardian_cli4main0B3_
FN:27,_RNCNvCs69D8HmKEvzb_17code_guardian_cli4main0B3_
FN:27,_RNvCs69D8HmKEvzb_17code_guardian_cli4main
FNDA:31,_RNvCsgJXiKT19grP_17code_guardian_cli4main
FNDA:31,_RNCNvCsgJXiKT19grP_17code_guardian_cli4main0B3_
FNDA:0,_RNCNvCs69D8HmKEvzb_17code_guardian_cli4main0B3_
FNDA:0,_RNvCs69D8HmKEvzb_17code_guardian_cli4main
FNF:2
FNH:2
DA:27,31
DA:29,31
DA:30,31
DA:31,31
DA:33,31
DA:35,31
DA:36,31
DA:37,31
DA:38,31
DA:39,31
DA:40,31
DA:41,31
DA:42,31
DA:43,31
DA:44,31
DA:45,31
DA:46,31
DA:47,31
DA:48,31
DA:49,31
DA:50,31
DA:51,31
DA:52,31
DA:53,31
DA:54,10
DA:55,10
DA:56,10
DA:57,10
DA:58,10
DA:59,10
DA:60,10
DA:61,10
DA:62,10
DA:63,10
DA:64,10
DA:65,10
DA:66,10
DA:67,10
DA:68,10
DA:69,10
DA:70,31
DA:71,31
DA:72,31
DA:73,31
DA:74,31
DA:75,31
DA:76,31
DA:77,31
DA:78,31
DA:79,31
DA:80,31
DA:81,31
DA:82,31
DA:83,31
DA:84,31
DA:85,31
DA:86,31
DA:87,31
DA:88,31
DA:89,31
DA:90,31
DA:91,31
DA:92,31
DA:93,31
DA:94,31
DA:95,31
DA:96,31
DA:97,31
DA:98,31
DA:99,31
DA:100,31
DA:101,31
DA:102,31
DA:103,31
DA:104,31
DA:105,31
DA:106,31
DA:107,31
DA:108,31
DA:109,31
DA:110,31
DA:111,31
DA:112,31
DA:113,31
DA:114,31
DA:115,31
DA:116,31
DA:117,31
DA:118,31
DA:119,31
DA:120,31
DA:121,31
DA:122,31
DA:123,31
DA:124,31
DA:125,31
DA:126,31
DA:127,31
BRF:0
BRH:0
LF:180
LH:145
end_of_record
SF:/workspaces/code-guardian/crates/cli/src/production_handlers.rs
FN:284,_RNCNCNvNtCsgJXiKT19grP_17code_guardian_cli19production_handlers16handle_lang_scan00B7_
FN:212,_RNCNvNtCsgJXiKT19grP_17code_guardian_cli19production_handlers14handle_ci_gate0B5_
FN:281,_RNCNvNtCsgJXiKT19grP_17code_guardian_cli19production_handlers16handle_lang_scan0B5_
FN:140,_RNCNvNtCsgJXiKT19grP_17code_guardian_cli19production_handlers17handle_pre_commit0B5_
FN:172,_RNCNvNtCsgJXiKT19grP_17code_guardian_cli19production_handlers17handle_pre_commits0_0B5_
FN:161,_RNCNvNtCsgJXiKT19grP_17code_guardian_cli19production_handlers17handle_pre_commits_0B5_
FN:326,_RNCNvNtCsgJXiKT19grP_17code_guardian_cli19production_handlers18filter_by_severity0B5_
FN:309,_RNvNtCsgJXiKT19grP_17code_guardian_cli19production_handlers12handle_watch
FN:182,_RNvNtCsgJXiKT19grP_17code_guardian_cli19production_handlers14handle_ci_gate
FN:254,_RNvNtCsgJXiKT19grP_17code_guardian_cli19production_handlers16handle_lang_scan
FN:357,_RNvNtCsgJXiKT19grP_17code_guardian_cli19production_handlers16is_high_severity
FN:333,_RNvNtCsgJXiKT19grP_17code_guardian_cli19production_handlers17count_by_severity
FN:91,_RNvNtCsgJXiKT19grP_17code_guardian_cli19production_handlers17handle_pre_commit
FN:323,_RNvNtCsgJXiKT19grP_17code_guardian_cli19production_handlers18filter_by_severity
FN:387,_RNvNtCsgJXiKT19grP_17code_guardian_cli19production_handlers20generate_json_output
FN:353,_RNvNtCsgJXiKT19grP_17code_guardian_cli19production_handlers20is_critical_severity
FN:399,_RNvNtCsgJXiKT19grP_17code_guardian_cli19production_handlers23generate_summary_output
FN:12,_RNvNtCsgJXiKT19grP_17code_guardian_cli19production_handlers23handle_production_check
FN:342,_RNvNtCsgJXiKT19grP_17code_guardian_cli19production_handlers24get_severity_for_pattern
FN:361,_RNvNtCsgJXiKT19grP_17code_guardian_cli19production_handlers27map_languages_to_extensions
FN:417,_RNvNtCsgJXiKT19grP_17code_guardian_cli19production_handlers31generate_production_text_output
FN:284,_RNCNCNvNtCsbqVo1DIGE6C_17code_guardian_cli19production_handlers16handle_lang_scan00B7_
FN:212,_RNCNvNtCsbqVo1DIGE6C_17code_guardian_cli19production_handlers14handle_ci_gate0B5_
FN:281,_RNCNvNtCsbqVo1DIGE6C_17code_guardian_cli19production_handlers16handle_lang_scan0B5_
FN:140,_RNCNvNtCsbqVo1DIGE6C_17code_guardian_cli19production_handlers17handle_pre_commit0B5_
FN:172,_RNCNvNtCsbqVo1DIGE6C_17code_guardian_cli19production_handlers17handle_pre_commits0_0B5_
FN:161,_RNCNvNtCsbqVo1DIGE6C_17code_guardian_cli19production_handlers17handle_pre_commits_0B5_
FN:326,_RNCNvNtCsbqVo1DIGE6C_17code_guardian_cli19production_handlers18filter_by_severity0B5_
FN:309,_RNvNtCsbqVo1DIGE6C_17code_guardian_cli19production_handlers12handle_watch
FN:182,_RNvNtCsbqVo1DIGE6C_17code_guardian_cli19production_handlers14handle_ci_gate
FN:254,_RNvNtCsbqVo1DIGE6C_17code_guardian_cli19production_handlers16handle_lang_scan
FN:357,_RNvNtCsbqVo1DIGE6C_17code_guardian_cli19production_handlers16is_high_severity
FN:333,_RNvNtCsbqVo1DIGE6C_17code_guardian_cli19production_handlers17count_by_severity
FN:91,_RNvNtCsbqVo1DIGE6C_17code_guardian_cli19production_handlers17handle_pre_commit
FN:323,_RNvNtCsbqVo1DIGE6C_17code_guardian_cli19production_handlers18filter_by_severity
FN:387,_RNvNtCsbqVo1DIGE6C_17code_guardian_cli19production_handlers20generate_json_output
FN:353,_RNvNtCsbqVo1DIGE6C_17code_guardian_cli19production_handlers20is_critical_severity
FN:399,_RNvNtCsbqVo1DIGE6C_17code_guardian_cli19production_handlers23generate_summary_output
FN:12,_RNvNtCsbqVo1DIGE6C_17code_guardian_cli19production_handlers23handle_production_check
FN:342,_RNvNtCsbqVo1DIGE6C_17code_guardian_cli19production_handlers24get_severity_for_pattern
FN:361,_RNvNtCsbqVo1DIGE6C_17code_guardian_cli19production_handlers27map_languages_to_extensions
FN:417,_RNvNtCsbqVo1DIGE6C_17code_guardian_cli19production_handlers31generate_production_text_output
FN:284,_RNCNCNvNtCsb8rEs8gTL6L_17code_guardian_cli19production_handlers16handle_lang_scan00B7_
FN:212,_RNCNvNtCsb8rEs8gTL6L_17code_guardian_cli19production_handlers14handle_ci_gate0B5_
FN:281,_RNCNvNtCsb8rEs8gTL6L_17code_guardian_cli19production_handlers16handle_lang_scan0B5_
FN:140,_RNCNvNtCsb8rEs8gTL6L_17code_guardian_cli19production_handlers17handle_pre_commit0B5_
FN:172,_RNCNvNtCsb8rEs8gTL6L_17code_guardian_cli19production_handlers17handle_pre_commits0_0B5_
FN:161,_RNCNvNtCsb8rEs8gTL6L_17code_guardian_cli19production_handlers17handle_pre_commits_0B5_
FN:326,_RNCNvNtCsb8rEs8gTL6L_17code_guardian_cli19production_handlers18filter_by_severity0B5_
FN:309,_RNvNtCsb8rEs8gTL6L_17code_guardian_cli19production_handlers12handle_watch
FN:182,_RNvNtCsb8rEs8gTL6L_17code_guardian_cli19production_handlers14handle_ci_gate
FN:254,_RNvNtCsb8rEs8gTL6L_17code_guardian_cli19production_handlers16handle_lang_scan
FN:91,_RNvNtCsb8rEs8gTL6L_17code_guardian_cli19production_handlers17handle_pre_commit
FN:323,_RNvNtCsb8rEs8gTL6L_17code_guardian_cli19production_handlers18filter_by_severity
FN:387,_RNvNtCsb8rEs8gTL6L_17code_guardian_cli19production_handlers20generate_json_output
FN:399,_RNvNtCsb8rEs8gTL6L_17code_guardian_cli19production_handlers23generate_summary_output
FN:12,_RNvNtCsb8rEs8gTL6L_17code_guardian_cli19production_handlers23handle_production_check
FN:417,_RNvNtCsb8rEs8gTL6L_17code_guardian_cli19production_handlers31generate_production_text_output
FN:581,_RNvNtNtCsb8rEs8gTL6L_17code_guardian_cli19production_handlers5testss_21test_is_high_severity
FN:573,_RNvNtNtCsb8rEs8gTL6L_17code_guardian_cli19production_handlers5testss_25test_is_critical_severity
FN:591,_RNvNtNtCsb8rEs8gTL6L_17code_guardian_cli19production_handlers5testss_28test_count_by_severity_empty
FN:564,_RNvNtNtCsb8rEs8gTL6L_17code_guardian_cli19production_handlers5testss_29test_get_severity_for_pattern
FN:552,_RNvNtNtCsb8rEs8gTL6L_17code_guardian_cli19production_handlers5testss_32test_map_languages_to_extensions
FN:598,_RNvNtNtCsb8rEs8gTL6L_17code_guardian_cli19production_handlers5testss_35test_language_mapping_comprehensive
FN:357,_RNvNtCsb8rEs8gTL6L_17code_guardian_cli19production_handlers16is_high_severity
FN:333,_RNvNtCsb8rEs8gTL6L_17code_guardian_cli19production_handlers17count_by_severity
FN:353,_RNvNtCsb8rEs8gTL6L_17code_guardian_cli19production_handlers20is_critical_severity
FN:342,_RNvNtCsb8rEs8gTL6L_17code_guardian_cli19production_handlers24get_severity_for_pattern
FN:361,_RNvNtCsb8rEs8gTL6L_17code_guardian_cli19production_handlers27map_languages_to_extensions
FN:581,_RNvNtNtCs69D8HmKEvzb_17code_guardian_cli19production_handlers5testss_21test_is_high_severity
FN:573,_RNvNtNtCs69D8HmKEvzb_17code_guardian_cli19production_handlers5testss_25test_is_critical_severity
FN:591,_RNvNtNtCs69D8HmKEvzb_17code_guardian_cli19production_handlers5testss_28test_count_by_severity_empty
FN:564,_RNvNtNtCs69D8HmKEvzb_17code_guardian_cli19production_handlers5testss_29test_get_severity_for_pattern
FN:552,_RNvNtNtCs69D8HmKEvzb_17code_guardian_cli19production_handlers5testss_32test_map_languages_to_extensions
FN:598,_RNvNtNtCs69D8HmKEvzb_17code_guardian_cli19production_handlers5testss_35test_language_mapping_comprehensive
FN:357,_RNvNtCs69D8HmKEvzb_17code_guardian_cli19production_handlers16is_high_severity
FN:333,_RNvNtCs69D8HmKEvzb_17code_guardian_cli19production_handlers17count_by_severity
FN:353,_RNvNtCs69D8HmKEvzb_17code_guardian_cli19production_handlers20is_critical_severity
FN:342,_RNvNtCs69D8HmKEvzb_17code_guardian_cli19production_handlers24get_severity_for_pattern
FN:361,_RNvNtCs69D8HmKEvzb_17code_guardian_cli19production_handlers27map_languages_to_extensions
FN:284,_RNCNCNvNtCs69D8HmKEvzb_17code_guardian_cli19production_handlers16handle_lang_scan00B7_
FN:212,_RNCNvNtCs69D8HmKEvzb_17code_guardian_cli19production_handlers14handle_ci_gate0B5_
FN:281,_RNCNvNtCs69D8HmKEvzb_17code_guardian_cli19production_handlers16handle_lang_scan0B5_
FN:140,_RNCNvNtCs69D8HmKEvzb_17code_guardian_cli19production_handlers17handle_pre_commit0B5_
FN:172,_RNCNvNtCs69D8HmKEvzb_17code_guardian_cli19production_handlers17handle_pre_commits0_0B5_
FN:161,_RNCNvNtCs69D8HmKEvzb_17code_guardian_cli19production_handlers17handle_pre_commits_0B5_
FN:326,_RNCNvNtCs69D8HmKEvzb_17code_guardian_cli19production_handlers18filter_by_severity0B5_
FN:309,_RNvNtCs69D8HmKEvzb_17code_guardian_cli19production_handlers12handle_watch
FN:182,_RNvNtCs69D8HmKEvzb_17code_guardian_cli19production_handlers14handle_ci_gate
FN:254,_RNvNtCs69D8HmKEvzb_17code_guardian_cli19production_handlers16handle_lang_scan
FN:91,_RNvNtCs69D8HmKEvzb_17code_guardian_cli19production_handlers17handle_pre_commit
FN:323,_RNvNtCs69D8HmKEvzb_17code_guardian_cli19production_handlers18filter_by_severity
FN:387,_RNvNtCs69D8HmKEvzb_17code_guardian_cli19production_handlers20generate_json_output
FN:399,_RNvNtCs69D8HmKEvzb_17code_guardian_cli19production_handlers23generate_summary_output
FN:12,_RNvNtCs69D8HmKEvzb_17code_guardian_cli19production_handlers23handle_production_check
FN:417,_RNvNtCs69D8HmKEvzb_17code_guardian_cli19production_handlers31generate_production_text_output
FNDA:0,_RNCNCNvNtCsgJXiKT19grP_17code_guardian_cli19production_handlers16handle_lang_scan00B7_
FNDA:0,_RNCNvNtCsgJXiKT19grP_17code_guardian_cli19production_handlers14handle_ci_gate0B5_
FNDA:0,_RNCNvNtCsgJXiKT19grP_17code_guardian_cli19production_handlers16handle_lang_scan0B5_
FNDA:0,_RNCNvNtCsgJXiKT19grP_17code_guardian_cli19production_handlers17handle_pre_commit0B5_
FNDA:0,_RNCNvNtCsgJXiKT19grP_17code_guardian_cli19production_handlers17handle_pre_commits0_0B5_
FNDA:0,_RNCNvNtCsgJXiKT19grP_17code_guardian_cli19production_handlers17handle_pre_commits_0B5_
FNDA:0,_RNCNvNtCsgJXiKT19grP_17code_guardian_cli19production_handlers18filter_by_severity0B5_
FNDA:0,_RNvNtCsgJXiKT19grP_17code_guardian_cli19production_handlers12handle_watch
FNDA:0,_RNvNtCsgJXiKT19grP_17code_guardian_cli19production_handlers14handle_ci_gate
FNDA:0,_RNvNtCsgJXiKT19grP_17code_guardian_cli19production_handlers16handle_lang_scan
FNDA:0,_RNvNtCsgJXiKT19grP_17code_guardian_cli19production_handlers16is_high_severity
FNDA:0,_RNvNtCsgJXiKT19grP_17code_guardian_cli19production_handlers17count_by_severity
FNDA:0,_RNvNtCsgJXiKT19grP_17code_guardian_cli19production_handlers17handle_pre_commit
FNDA:0,_RNvNtCsgJXiKT19grP_17code_guardian_cli19production_handlers18filter_by_severity
FNDA:0,_RNvNtCsgJXiKT19grP_17code_guardian_cli19production_handlers20generate_json_output
FNDA:0,_RNvNtCsgJXiKT19grP_17code_guardian_cli19production_handlers20is_critical_severity
FNDA:0,_RNvNtCsgJXiKT19grP_17code_guardian_cli19production_handlers23generate_summary_output
FNDA:0,_RNvNtCsgJXiKT19grP_17code_guardian_cli19production_handlers23handle_production_check
FNDA:0,_RNvNtCsgJXiKT19grP_17code_guardian_cli19production_handlers24get_severity_for_pattern
FNDA:0,_RNvNtCsgJXiKT19grP_17code_guardian_cli19production_handlers27map_languages_to_extensions
FNDA:0,_RNvNtCsgJXiKT19grP_17code_guardian_cli19production_handlers31generate_production_text_output
FNDA:0,_RNCNCNvNtCsbqVo1DIGE6C_17code_guardian_cli19production_handlers16handle_lang_scan00B7_
FNDA:0,_RNCNvNtCsbqVo1DIGE6C_17code_guardian_cli19production_handlers14handle_ci_gate0B5_
FNDA:0,_RNCNvNtCsbqVo1DIGE6C_17code_guardian_cli19production_handlers16handle_lang_scan0B5_
FNDA:0,_RNCNvNtCsbqVo1DIGE6C_17code_guardian_cli19production_handlers17handle_pre_commit0B5_
FNDA:0,_RNCNvNtCsbqVo1DIGE6C_17code_guardian_cli19production_handlers17handle_pre_commits0_0B5_
FNDA:0,_RNCNvNtCsbqVo1DIGE6C_17code_guardian_cli19production_handlers17handle_pre_commits_0B5_
FNDA:0,_RNCNvNtCsbqVo1DIGE6C_17code_guardian_cli19production_handlers18filter_by_severity0B5_
FNDA:2,_RNvNtCsbqVo1DIGE6C_17code_guardian_cli19production_handlers12handle_watch
FNDA:3,_RNvNtCsbqVo1DIGE6C_17code_guardian_cli19production_handlers14handle_ci_gate
FNDA:3,_RNvNtCsbqVo1DIGE6C_17code_guardian_cli19production_handlers16handle_lang_scan
FNDA:0,_RNvNtCsbqVo1DIGE6C_17code_guardian_cli19production_handlers16is_high_severity
FNDA:16,_RNvNtCsbqVo1DIGE6C_17code_guardian_cli19production_handlers17count_by_severity
FNDA:3,_RNvNtCsbqVo1DIGE6C_17code_guardian_cli19production_handlers17handle_pre_commit
FNDA:1,_RNvNtCsbqVo1DIGE6C_17code_guardian_cli19production_handlers18filter_by_severity
FNDA:7,_RNvNtCsbqVo1DIGE6C_17code_guardian_cli19production_handlers20generate_json_output
FNDA:0,_RNvNtCsbqVo1DIGE6C_17code_guardian_cli19production_handlers20is_critical_severity
FNDA:2,_RNvNtCsbqVo1DIGE6C_17code_guardian_cli19production_handlers23generate_summary_output
FNDA:7,_RNvNtCsbqVo1DIGE6C_17code_guardian_cli19production_handlers23handle_production_check
FNDA:0,_RNvNtCsbqVo1DIGE6C_17code_guardian_cli19production_handlers24get_severity_for_pattern
FNDA:3,_RNvNtCsbqVo1DIGE6C_17code_guardian_cli19production_handlers27map_languages_to_extensions
FNDA:1,_RNvNtCsbqVo1DIGE6C_17code_guardian_cli19production_handlers31generate_production_text_output
FNDA:0,_RNCNCNvNtCsb8rEs8gTL6L_17code_guardian_cli19production_handlers16handle_lang_scan00B7_
FNDA:0,_RNCNvNtCsb8rEs8gTL6L_17code_guardian_cli19production_handlers14handle_ci_gate0B5_
FNDA:0,_RNCNvNtCsb8rEs8gTL6L_17code_guardian_cli19production_handlers16handle_lang_scan0B5_
FNDA:0,_RNCNvNtCsb8rEs8gTL6L_17code_guardian_cli19production_handlers17handle_pre_commit0B5_
FNDA:0,_RNCNvNtCsb8rEs8gTL6L_17code_guardian_cli19production_handlers17handle_pre_commits0_0B5_
FNDA:0,_RNCNvNtCsb8rEs8gTL6L_17code_guardian_cli19production_handlers17handle_pre_commits_0B5_
FNDA:0,_RNCNvNtCsb8rEs8gTL6L_17code_guardian_cli19production_handlers18filter_by_severity0B5_
FNDA:0,_RNvNtCsb8rEs8gTL6L_17code_guardian_cli19production_handlers12handle_watch
FNDA:0,_RNvNtCsb8rEs8gTL6L_17code_guardian_cli19production_handlers14handle_ci_gate
FNDA:0,_RNvNtCsb8rEs8gTL6L_17code_guardian_cli19production_handlers16handle_lang_scan
FNDA:0,_RNvNtCsb8rEs8gTL6L_17code_guardian_cli19production_handlers17handle_pre_commit
FNDA:0,_RNvNtCsb8rEs8gTL6L_17code_guardian_cli19production_handlers18filter_by_severity
FNDA:0,_RNvNtCsb8rEs8gTL6L_17code_guardian_cli19production_handlers20generate_json_output
FNDA:0,_RNvNtCsb8rEs8gTL6L_17code_guardian_cli19production_handlers23generate_summary_output
FNDA:0,_RNvNtCsb8rEs8gTL6L_17code_guardian_cli19production_handlers23handle_production_check
FNDA:0,_RNvNtCsb8rEs8gTL6L_17code_guardian_cli19production_handlers31generate_production_text_output
FNDA:1,_RNvNtNtCsb8rEs8gTL6L_17code_guardian_cli19production_handlers5testss_21test_is_high_severity
FNDA:1,_RNvNtNtCsb8rEs8gTL6L_17code_guardian_cli19production_handlers5testss_25test_is_critical_severity
FNDA:1,_RNvNtNtCsb8rEs8gTL6L_17code_guardian_cli19production_handlers5testss_28test_count_by_severity_empty
FNDA:1,_RNvNtNtCsb8rEs8gTL6L_17code_guardian_cli19production_handlers5testss_29test_get_severity_for_pattern
FNDA:1,_RNvNtNtCsb8rEs8gTL6L_17code_guardian_cli19production_handlers5testss_32test_map_languages_to_extensions
FNDA:1,_RNvNtNtCsb8rEs8gTL6L_17code_guardian_cli19production_handlers5testss_35test_language_mapping_comprehensive
FNDA:6,_RNvNtCsb8rEs8gTL6L_17code_guardian_cli19production_handlers16is_high_severity
FNDA:1,_RNvNtCsb8rEs8gTL6L_17code_guardian_cli19production_handlers17count_by_severity
FNDA:4,_RNvNtCsb8rEs8gTL6L_17code_guardian_cli19production_handlers20is_critical_severity
FNDA:5,_RNvNtCsb8rEs8gTL6L_17code_guardian_cli19production_handlers24get_severity_for_pattern
FNDA:6,_RNvNtCsb8rEs8gTL6L_17code_guardian_cli19production_handlers27map_languages_to_extensions
FNDA:1,_RNvNtNtCs69D8HmKEvzb_17code_guardian_cli19production_handlers5testss_21test_is_high_severity
FNDA:1,_RNvNtNtCs69D8HmKEvzb_17code_guardian_cli19production_handlers5testss_25test_is_critical_severity
FNDA:1,_RNvNtNtCs69D8HmKEvzb_17code_guardian_cli19production_handlers5testss_28test_count_by_severity_empty
FNDA:1,_RNvNtNtCs69D8HmKEvzb_17code_guardian_cli19production_handlers5testss_29test_get_severity_for_pattern
FNDA:1,_RNvNtNtCs69D8HmKEvzb_17code_guardian_cli19production_handlers5testss_32test_map_languages_to_extensions
FNDA:1,_RNvNtNtCs69D8HmKEvzb_17code_guardian_cli19production_handlers5testss_35test_language_mapping_comprehensive
FNDA:6,_RNvNtCs69D8HmKEvzb_17code_guardian_cli19production_handlers16is_high_severity
FNDA:1,_RNvNtCs69D8HmKEvzb_17code_guardian_cli19production_handlers17count_by_severity
FNDA:4,_RNvNtCs69D8HmKEvzb_17code_guardian_cli19production_handlers20is_critical_severity
FNDA:5,_RNvNtCs69D8HmKEvzb_17code_guardian_cli19production_handlers24get_severity_for_pattern
FNDA:6,_RNvNtCs69D8HmKEvzb_17code_guardian_cli19production_handlers27map_languages_to_extensions
FNDA:0,_RNCNCNvNtCs69D8HmKEvzb_17code_guardian_cli19production_handlers16handle_lang_scan00B7_
FNDA:0,_RNCNvNtCs69D8HmKEvzb_17code_guardian_cli19production_handlers14handle_ci_gate0B5_
FNDA:0,_RNCNvNtCs69D8HmKEvzb_17code_guardian_cli19production_handlers16handle_lang_scan0B5_
FNDA:0,_RNCNvNtCs69D8HmKEvzb_17code_guardian_cli19production_handlers17handle_pre_commit0B5_
FNDA:0,_RNCNvNtCs69D8HmKEvzb_17code_guardian_cli19production_handlers17handle_pre_commits0_0B5_
FNDA:0,_RNCNvNtCs69D8HmKEvzb_17code_guardian_cli19production_handlers17handle_pre_commits_0B5_
FNDA:0,_RNCNvNtCs69D8HmKEvzb_17code_guardian_cli19production_handlers18filter_by_severity0B5_
FNDA:0,_RNvNtCs69D8HmKEvzb_17code_guardian_cli19production_handlers12handle_watch
FNDA:0,_RNvNtCs69D8HmKEvzb_17code_guardian_cli19production_handlers14handle_ci_gate
FNDA:0,_RNvNtCs69D8HmKEvzb_17code_guardian_cli19production_handlers16handle_lang_scan
FNDA:0,_RNvNtCs69D8HmKEvzb_17code_guardian_cli19production_handlers17handle_pre_commit
FNDA:0,_RNvNtCs69D8HmKEvzb_17code_guardian_cli19production_handlers18filter_by_severity
FNDA:0,_RNvNtCs69D8HmKEvzb_17code_guardian_cli19production_handlers20generate_json_output
FNDA:0,_RNvNtCs69D8HmKEvzb_17code_guardian_cli19production_handlers23generate_summary_output
FNDA:0,_RNvNtCs69D8HmKEvzb_17code_guardian_cli19production_handlers23handle_production_check
FNDA:0,_RNvNtCs69D8HmKEvzb_17code_guardian_cli19production_handlers31generate_production_text_output
FNF:27
FNH:20
DA:12,7
DA:13,7
DA:14,7
DA:15,7
DA:16,7
DA:17,7
DA:18,7
DA:19,7
DA:20,7
DA:21,7
DA:22,7
DA:24,7
DA:27,7
DA:28,7
DA:31,7
DA:34,7
DA:35,6
DA:37,1
DA:41,7
DA:44,7
DA:45,7
DA:46,2
DA:47,1
DA:51,7
DA:52,1
DA:53,1
DA:54,6
DA:55,6
DA:56,6
DA:59,7
DA:60,7
DA:62,7
DA:63,0
DA:64,0
DA:67,0
DA:68,7
DA:70,7
DA:71,0
DA:72,0
DA:75,0
DA:76,7
DA:78,7
DA:79,0
DA:80,0
DA:81,0
DA:82,0
DA:83,7
DA:84,7
DA:85,7
DA:87,7
DA:88,7
DA:91,3
DA:92,3
DA:94,3
DA:96,1
DA:97,1
DA:98,1
DA:99,1
DA:102,2
DA:105,3
DA:107,3
DA:109,0
DA:110,0
DA:111,0
DA:114,0
DA:115,0
DA:117,0
DA:118,0
DA:119,0
DA:120,0
DA:122,0
DA:123,0
DA:124,0
DA:125,0
DA:126,0
DA:127,0
DA:130,0
DA:131,0
DA:132,0
DA:135,0
DA:136,0
DA:138,0
DA:139,0
DA:140,0
DA:141,0
DA:142,0
DA:143,0
DA:144,0
DA:146,0
DA:149,3
DA:152,3
DA:153,3
DA:154,3
DA:156,3
DA:157,0
DA:158,0
DA:161,0
DA:162,0
DA:163,0
DA:164,0
DA:165,3
DA:167,3
DA:168,0
DA:169,0
DA:172,0
DA:173,0
DA:174,0
DA:175,3
DA:177,3
DA:178,3
DA:179,3
DA:182,3
DA:183,3
DA:184,3
DA:185,3
DA:186,3
DA:187,3
DA:188,3
DA:189,3
DA:191,3
DA:192,3
DA:193,3
DA:195,3
DA:196,3
DA:197,3
DA:200,3
DA:201,3
DA:202,3
DA:203,3
DA:204,3
DA:205,3
DA:207,3
DA:208,3
DA:209,3
DA:211,3
DA:212,0
DA:213,0
DA:214,0
DA:215,0
DA:216,0
DA:217,0
DA:218,3
DA:221,3
DA:223,3
DA:224,1
DA:225,1
DA:226,2
DA:229,3
DA:230,3
DA:231,3
DA:233,3
DA:234,0
DA:235,0
DA:238,0
DA:239,3
DA:241,3
DA:242,0
DA:243,0
DA:246,0
DA:247,3
DA:249,3
DA:250,3
DA:251,3
DA:254,3
DA:255,3
DA:256,3
DA:257,3
DA:258,3
DA:259,3
DA:260,3
DA:261,3
DA:262,3
DA:264,3
DA:266,3
DA:267,3
DA:269,3
DA:270,1
DA:272,2
DA:275,3
DA:276,3
DA:279,3
DA:280,3
DA:281,3
DA:282,0
DA:283,0
DA:284,0
DA:285,0
DA:286,3
DA:288,3
DA:290,3
DA:291,3
DA:292,2
DA:293,2
DA:295,1
DA:296,1
DA:297,1
DA:298,1
DA:299,0
DA:300,0
DA:301,0
DA:302,0
DA:305,3
DA:306,3
DA:309,2
DA:310,2
DA:311,2
DA:312,2
DA:313,2
DA:314,2
DA:315,2
DA:316,2
DA:317,2
DA:318,2
DA:319,2
DA:323,1
DA:324,1
DA:325,1
DA:326,1
DA:327,0
DA:328,0
DA:329,0
DA:330,1
DA:331,1
DA:333,18
DA:334,18
DA:335,18
DA:336,0
DA:337,0
DA:338,0
DA:339,18
DA:340,18
DA:342,10
DA:343,10
DA:344,10
DA:345,8
DA:346,6
DA:347,4
DA:348,4
DA:350,10
DA:351,10
DA:353,8
DA:354,8
DA:355,8
DA:357,12
DA:358,12
DA:359,12
DA:361,15
DA:362,15
DA:363,35
DA:364,20
DA:365,20
DA:366,15
DA:367,13
DA:368,8
DA:369,2
DA:370,0
DA:371,0
DA:372,0
DA:373,0
DA:374,0
DA:375,0
DA:376,0
DA:377,0
DA:378,0
DA:379,0
DA:380,0
DA:381,0
DA:384,15
DA:385,15
DA:387,7
DA:388,7
DA:389,7
DA:390,7
DA:391,7
DA:392,7
DA:393,7
DA:394,7
DA:396,7
DA:397,7
DA:399,2
DA:400,2
DA:401,2
DA:402,2
DA:404,2
DA:405,0
DA:406,0
DA:407,0
DA:408,0
DA:409,0
DA:410,0
DA:412,0
DA:414,2
DA:415,2
DA:417,1
DA:418,1
DA:419,1
DA:420,1
DA:421,1
DA:423,1
DA:424,1
DA:425,1
DA:426,1
DA:429,1
DA:430,1
DA:431,1
DA:432,1
DA:434,1
DA:435,0
DA:436,0
DA:437,0
DA:438,0
DA:439,0
DA:440,0
DA:445,1
DA:446,0
DA:447,0
DA:448,0
DA:449,0
DA:450,0
DA:451,0
DA:452,0
DA:453,0
DA:454,0
DA:455,0
DA:456,0
DA:457,0
DA:458,0
DA:459,0
DA:460,0
DA:461,1
DA:463,1
DA:464,0
DA:465,0
DA:466,0
DA:467,0
DA:468,0
DA:469,0
DA:470,0
DA:471,0
DA:472,0
DA:473,0
DA:474,0
DA:475,0
DA:476,0
DA:477,0
DA:478,0
DA:479,1
DA:481,1
DA:482,0
DA:483,0
DA:484,0
DA:485,0
DA:486,0
DA:487,0
DA:488,0
DA:489,0
DA:490,0
DA:491,0
DA:492,0
DA:493,0
DA:494,0
DA:495,0
DA:496,0
DA:497,1
DA:499,1
DA:500,0
DA:501,0
DA:502,0
DA:503,0
DA:504,0
DA:505,0
DA:506,0
DA:507,0
DA:508,0
DA:509,0
DA:510,0
DA:511,0
DA:512,0
DA:513,0
DA:514,0
DA:515,0
DA:516,0
DA:517,0
DA:518,0
DA:519,0
DA:520,0
DA:521,0
DA:522,1
DA:525,1
DA:526,1
DA:527,1
DA:528,1
DA:529,1
DA:530,1
DA:531,1
DA:532,1
DA:533,1
DA:534,1
DA:535,1
DA:536,1
DA:537,1
DA:538,1
DA:539,1
DA:540,1
DA:541,1
DA:542,1
DA:544,1
DA:545,1
DA:552,2
DA:553,2
DA:554,2
DA:556,2
DA:557,2
DA:558,2
DA:559,2
DA:560,2
DA:561,2
DA:564,2
DA:565,2
DA:566,2
DA:567,2
DA:568,2
DA:569,2
DA:570,2
DA:573,2
DA:574,2
DA:575,2
DA:576,2
DA:577,2
DA:578,2
DA:581,2
DA:582,2
DA:583,2
DA:584,2
DA:585,2
DA:586,2
DA:587,2
DA:588,2
DA:591,2
DA:592,2
DA:593,2
DA:594,2
DA:595,2
DA:598,2
DA:599,2
DA:600,2
DA:601,2
DA:602,2
DA:603,2
DA:604,2
DA:607,12
DA:608,10
DA:609,10
DA:611,24
DA:612,14
DA:613,14
DA:614,0
DA:620,2
BRF:0
BRH:0
LF:464
LH:290
end_of_record
SF:/workspaces/code-guardian/crates/cli/src/report_handlers.rs
FN:24,_RNvNtCsgJXiKT19grP_17code_guardian_cli15report_handlers13get_formatter
FN:10,_RNvNtCsgJXiKT19grP_17code_guardian_cli15report_handlers13handle_report
FN:24,_RNvNtCsbqVo1DIGE6C_17code_guardian_cli15report_handlers13get_formatter
FN:10,_RNvNtCsbqVo1DIGE6C_17code_guardian_cli15report_handlers13handle_report
FN:24,_RNvNtCsb8rEs8gTL6L_17code_guardian_cli15report_handlers13get_formatter
FN:10,_RNvNtCsb8rEs8gTL6L_17code_guardian_cli15report_handlers13handle_report
FN:24,_RNvNtCs69D8HmKEvzb_17code_guardian_cli15report_handlers13get_formatter
FN:10,_RNvNtCs69D8HmKEvzb_17code_guardian_cli15report_handlers13handle_report
FNDA:9,_RNvNtCsgJXiKT19grP_17code_guardian_cli15report_handlers13get_formatter
FNDA:7,_RNvNtCsgJXiKT19grP_17code_guardian_cli15report_handlers13handle_report
FNDA:1,_RNvNtCsbqVo1DIGE6C_17code_guardian_cli15report_handlers13get_formatter
FNDA:1,_RNvNtCsbqVo1DIGE6C_17code_guardian_cli15report_handlers13handle_report
FNDA:0,_RNvNtCsb8rEs8gTL6L_17code_guardian_cli15report_handlers13get_formatter
FNDA:0,_RNvNtCsb8rEs8gTL6L_17code_guardian_cli15report_handlers13handle_report
FNDA:0,_RNvNtCs69D8HmKEvzb_17code_guardian_cli15report_handlers13get_formatter
FNDA:0,_RNvNtCs69D8HmKEvzb_17code_guardian_cli15report_handlers13handle_report
FNF:2
FNH:2
DA:10,8
DA:11,8
DA:12,7
DA:13,7
DA:14,7
DA:15,7
DA:16,6
DA:17,6
DA:18,6
DA:19,1
DA:21,7
DA:22,8
DA:24,10
DA:25,10
DA:26,10
DA:27,7
DA:28,4
DA:29,3
DA:30,2
DA:31,1
DA:33,10
BRF:0
BRH:0
LF:21
LH:21
end_of_record
SF:/workspaces/code-guardian/crates/cli/src/scan_handlers.rs
FN:32,_RNvNtCsgJXiKT19grP_17code_guardian_cli13scan_handlers11handle_scan
FN:143,_RNCNCNCNvNtCsgJXiKT19grP_17code_guardian_cli13scan_handlers11handle_scan0s_00B9_
FN:61,_RNCNCNvNtCsgJXiKT19grP_17code_guardian_cli13scan_handlers11handle_scan00B7_
FN:176,_RNCNCNvNtCsgJXiKT19grP_17code_guardian_cli13scan_handlers11handle_scan0s0_0B7_
FN:142,_RNCNCNvNtCsgJXiKT19grP_17code_guardian_cli13scan_handlers11handle_scan0s_0B7_
FN:32,_RNCNvNtCsgJXiKT19grP_17code_guardian_cli13scan_handlers11handle_scan0B5_
FN:143,_RNCNCNCNvNtCsbqVo1DIGE6C_17code_guardian_cli13scan_handlers11handle_scan0s_00B9_
FN:61,_RNCNCNvNtCsbqVo1DIGE6C_17code_guardian_cli13scan_handlers11handle_scan00B7_
FN:176,_RNCNCNvNtCsbqVo1DIGE6C_17code_guardian_cli13scan_handlers11handle_scan0s0_0B7_
FN:142,_RNCNCNvNtCsbqVo1DIGE6C_17code_guardian_cli13scan_handlers11handle_scan0s_0B7_
FN:32,_RNCNvNtCsbqVo1DIGE6C_17code_guardian_cli13scan_handlers11handle_scan0B5_
FN:32,_RNvNtCsbqVo1DIGE6C_17code_guardian_cli13scan_handlers11handle_scan
FN:143,_RNCNCNCNvNtCsb8rEs8gTL6L_17code_guardian_cli13scan_handlers11handle_scan0s_00B9_
FN:61,_RNCNCNvNtCsb8rEs8gTL6L_17code_guardian_cli13scan_handlers11handle_scan00B7_
FN:176,_RNCNCNvNtCsb8rEs8gTL6L_17code_guardian_cli13scan_handlers11handle_scan0s0_0B7_
FN:142,_RNCNCNvNtCsb8rEs8gTL6L_17code_guardian_cli13scan_handlers11handle_scan0s_0B7_
FN:32,_RNCNvNtCsb8rEs8gTL6L_17code_guardian_cli13scan_handlers11handle_scan0B5_
FN:32,_RNvNtCsb8rEs8gTL6L_17code_guardian_cli13scan_handlers11handle_scan
FN:143,_RNCNCNCNvNtCs69D8HmKEvzb_17code_guardian_cli13scan_handlers11handle_scan0s_00B9_
FN:61,_RNCNCNvNtCs69D8HmKEvzb_17code_guardian_cli13scan_handlers11handle_scan00B7_
FN:176,_RNCNCNvNtCs69D8HmKEvzb_17code_guardian_cli13scan_handlers11handle_scan0s0_0B7_
FN:142,_RNCNCNvNtCs69D8HmKEvzb_17code_guardian_cli13scan_handlers11handle_scan0s_0B7_
FN:32,_RNCNvNtCs69D8HmKEvzb_17code_guardian_cli13scan_handlers11handle_scan0B5_
FN:32,_RNvNtCs69D8HmKEvzb_17code_guardian_cli13scan_handlers11handle_scan
FN:143,_RNCNCNCNvNtCsbqVo1DIGE6C_17code_guardian_cli13scan_handlers11handle_scan0s_00Cs9djzN8x3YgW_26integration_workflow_tests
FN:61,_RNCNCNvNtCsbqVo1DIGE6C_17code_guardian_cli13scan_handlers11handle_scan00Cs9djzN8x3YgW_26integration_workflow_tests
FN:176,_RNCNCNvNtCsbqVo1DIGE6C_17code_guardian_cli13scan_handlers11handle_scan0s0_0Cs9djzN8x3YgW_26integration_workflow_tests
FN:142,_RNCNCNvNtCsbqVo1DIGE6C_17code_guardian_cli13scan_handlers11handle_scan0s_0Cs9djzN8x3YgW_26integration_workflow_tests
FN:32,_RNCNvNtCsbqVo1DIGE6C_17code_guardian_cli13scan_handlers11handle_scan0Cs9djzN8x3YgW_26integration_workflow_tests
FNDA:10,_RNvNtCsgJXiKT19grP_17code_guardian_cli13scan_handlers11handle_scan
FNDA:3,_RNCNCNCNvNtCsgJXiKT19grP_17code_guardian_cli13scan_handlers11handle_scan0s_00B9_
FNDA:0,_RNCNCNvNtCsgJXiKT19grP_17code_guardian_cli13scan_handlers11handle_scan00B7_
FNDA:0,_RNCNCNvNtCsgJXiKT19grP_17code_guardian_cli13scan_handlers11handle_scan0s0_0B7_
FNDA:3,_RNCNCNvNtCsgJXiKT19grP_17code_guardian_cli13scan_handlers11handle_scan0s_0B7_
FNDA:10,_RNCNvNtCsgJXiKT19grP_17code_guardian_cli13scan_handlers11handle_scan0B5_
FNDA:0,_RNCNCNCNvNtCsbqVo1DIGE6C_17code_guardian_cli13scan_handlers11handle_scan0s_00B9_
FNDA:0,_RNCNCNvNtCsbqVo1DIGE6C_17code_guardian_cli13scan_handlers11handle_scan00B7_
FNDA:0,_RNCNCNvNtCsbqVo1DIGE6C_17code_guardian_cli13scan_handlers11handle_scan0s0_0B7_
FNDA:0,_RNCNCNvNtCsbqVo1DIGE6C_17code_guardian_cli13scan_handlers11handle_scan0s_0B7_
FNDA:0,_RNCNvNtCsbqVo1DIGE6C_17code_guardian_cli13scan_handlers11handle_scan0B5_
FNDA:14,_RNvNtCsbqVo1DIGE6C_17code_guardian_cli13scan_handlers11handle_scan
FNDA:0,_RNCNCNCNvNtCsb8rEs8gTL6L_17code_guardian_cli13scan_handlers11handle_scan0s_00B9_
FNDA:0,_RNCNCNvNtCsb8rEs8gTL6L_17code_guardian_cli13scan_handlers11handle_scan00B7_
FNDA:0,_RNCNCNvNtCsb8rEs8gTL6L_17code_guardian_cli13scan_handlers11handle_scan0s0_0B7_
FNDA:0,_RNCNCNvNtCsb8rEs8gTL6L_17code_guardian_cli13scan_handlers11handle_scan0s_0B7_
FNDA:0,_RNCNvNtCsb8rEs8gTL6L_17code_guardian_cli13scan_handlers11handle_scan0B5_
FNDA:0,_RNvNtCsb8rEs8gTL6L_17code_guardian_cli13scan_handlers11handle_scan
FNDA:0,_RNCNCNCNvNtCs69D8HmKEvzb_17code_guardian_cli13scan_handlers11handle_scan0s_00B9_
FNDA:0,_RNCNCNvNtCs69D8HmKEvzb_17code_guardian_cli13scan_handlers11handle_scan00B7_
FNDA:0,_RNCNCNvNtCs69D8HmKEvzb_17code_guardian_cli13scan_handlers11handle_scan0s0_0B7_
FNDA:0,_RNCNCNvNtCs69D8HmKEvzb_17code_guardian_cli13scan_handlers11handle_scan0s_0B7_
FNDA:0,_RNCNvNtCs69D8HmKEvzb_17code_guardian_cli13scan_handlers11handle_scan0B5_
FNDA:0,_RNvNtCs69D8HmKEvzb_17code_guardian_cli13scan_handlers11handle_scan
FNDA:0,_RNCNCNCNvNtCsbqVo1DIGE6C_17code_guardian_cli13scan_handlers11handle_scan0s_00Cs9djzN8x3YgW_26integration_workflow_tests
FNDA:0,_RNCNCNvNtCsbqVo1DIGE6C_17code_guardian_cli13scan_handlers11handle_scan00Cs9djzN8x3YgW_26integration_workflow_tests
FNDA:2,_RNCNCNvNtCsbqVo1DIGE6C_17code_guardian_cli13scan_handlers11handle_scan0s0_0Cs9djzN8x3YgW_26integration_workflow_tests
FNDA:0,_RNCNCNvNtCsbqVo1DIGE6C_17code_guardian_cli13scan_handlers11handle_scan0s_0Cs9djzN8x3YgW_26integration_workflow_tests
FNDA:14,_RNCNvNtCsbqVo1DIGE6C_17code_guardian_cli13scan_handlers11handle_scan0Cs9djzN8x3YgW_26integration_workflow_tests
FNF:6
FNH:5
DA:32,24
DA:33,24
DA:34,2
DA:35,2
DA:36,2
DA:37,2
DA:38,22
DA:39,22
DA:40,0
DA:41,0
DA:42,0
DA:43,0
DA:44,22
DA:45,22
DA:47,21
DA:48,2
DA:49,19
DA:50,21
DA:51,2
DA:52,19
DA:53,21
DA:54,2
DA:55,19
DA:56,21
DA:57,5
DA:58,16
DA:59,21
DA:60,21
DA:61,21
DA:62,21
DA:65,21
DA:66,21
DA:67,1
DA:68,1
DA:69,20
DA:72,21
DA:75,21
DA:76,21
DA:77,1
DA:78,1
DA:79,1
DA:80,1
DA:81,1
DA:82,20
DA:84,21
DA:85,2
DA:86,2
DA:87,2
DA:89,19
DA:92,21
DA:94,4
DA:95,0
DA:96,4
DA:98,4
DA:99,4
DA:100,4
DA:103,4
DA:104,4
DA:105,4
DA:106,4
DA:107,4
DA:108,4
DA:109,4
DA:110,4
DA:112,4
DA:113,17
DA:115,1
DA:116,0
DA:117,1
DA:119,1
DA:122,5
DA:123,4
DA:124,4
DA:125,4
DA:126,4
DA:127,4
DA:128,4
DA:129,4
DA:130,4
DA:131,4
DA:132,4
DA:135,2
DA:136,2
DA:137,2
DA:140,1
DA:141,1
DA:142,3
DA:143,3
DA:144,3
DA:145,2
DA:147,1
DA:149,3
DA:150,3
DA:151,1
DA:153,1
DA:154,1
DA:157,1
DA:158,1
DA:159,1
DA:160,1
DA:161,1
DA:162,1
DA:163,1
DA:164,1
DA:166,1
DA:167,16
DA:169,2
DA:170,1
DA:171,1
DA:173,2
DA:174,2
DA:176,2
DA:177,2
DA:178,2
DA:179,2
DA:181,2
DA:182,14
DA:184,2
DA:185,0
DA:186,2
DA:188,2
DA:189,2
DA:190,2
DA:193,12
DA:194,1
DA:195,11
DA:197,12
DA:198,12
DA:199,12
DA:202,21
DA:203,2
DA:204,19
DA:205,21
DA:206,21
DA:207,21
DA:208,21
DA:209,21
DA:210,21
DA:211,21
DA:212,21
DA:213,21
DA:216,21
DA:217,2
DA:218,2
DA:219,2
DA:220,2
DA:221,2
DA:222,2
DA:224,2
DA:225,1
DA:226,1
DA:227,1
DA:228,1
DA:230,2
DA:231,2
DA:232,2
DA:233,2
DA:234,2
DA:235,2
DA:238,0
DA:239,2
DA:240,19
DA:242,21
DA:243,21
DA:244,21
DA:245,24
BRF:0
BRH:0
LF:172
LH:151
end_of_record
SF:/workspaces/code-guardian/crates/cli/src/stack_presets.rs
FN:7,_RNvNtCsgJXiKT19grP_17code_guardian_cli13stack_presets19handle_stack_preset
FN:7,_RNvNtCsbqVo1DIGE6C_17code_guardian_cli13stack_presets19handle_stack_preset
FN:7,_RNvNtCsb8rEs8gTL6L_17code_guardian_cli13stack_presets19handle_stack_preset
FN:7,_RNvNtCs69D8HmKEvzb_17code_guardian_cli13stack_presets19handle_stack_preset
FNDA:0,_RNvNtCsgJXiKT19grP_17code_guardian_cli13stack_presets19handle_stack_preset
FNDA:0,_RNvNtCsbqVo1DIGE6C_17code_guardian_cli13stack_presets19handle_stack_preset
FNDA:0,_RNvNtCsb8rEs8gTL6L_17code_guardian_cli13stack_presets19handle_stack_preset
FNDA:0,_RNvNtCs69D8HmKEvzb_17code_guardian_cli13stack_presets19handle_stack_preset
FNF:1
FNH:0
DA:7,0
DA:8,0
DA:9,0
DA:10,0
DA:11,0
DA:12,0
DA:13,0
DA:14,0
DA:15,0
DA:16,0
DA:18,0
DA:20,0
DA:21,0
DA:22,0
DA:23,0
DA:24,0
DA:25,0
DA:26,0
DA:27,0
DA:29,0
DA:31,0
DA:32,0
DA:33,0
DA:34,0
DA:35,0
DA:36,0
DA:37,0
DA:38,0
DA:40,0
DA:42,0
DA:43,0
DA:44,0
DA:45,0
DA:46,0
DA:47,0
DA:48,0
DA:50,0
DA:52,0
DA:53,0
DA:54,0
DA:55,0
DA:56,0
DA:57,0
DA:59,0
DA:62,0
BRF:0
BRH:0
LF:45
LH:0
end_of_record
SF:/workspaces/code-guardian/crates/cli/src/utils.rs
FN:6,_RNCNvNtCsgJXiKT19grP_17code_guardian_cli5utils11get_db_path0B5_
FN:5,_RNvNtCsgJXiKT19grP_17code_guardian_cli5utils11get_db_path
FN:10,_RNvNtCsgJXiKT19grP_17code_guardian_cli5utils26get_detectors_from_profile
FN:5,_RNvNtCsbqVo1DIGE6C_17code_guardian_cli5utils11get_db_path
FN:10,_RNvNtCsbqVo1DIGE6C_17code_guardian_cli5utils26get_detectors_from_profile
FN:6,_RNCNvNtCsbqVo1DIGE6C_17code_guardian_cli5utils11get_db_path0B5_
FN:5,_RNvNtCsb8rEs8gTL6L_17code_guardian_cli5utils11get_db_path
FN:10,_RNvNtCsb8rEs8gTL6L_17code_guardian_cli5utils26get_detectors_from_profile
FN:41,_RNvNtNtCsb8rEs8gTL6L_17code_guardian_cli5utils5testss_26test_get_db_path_with_none
FN:34,_RNvNtNtCsb8rEs8gTL6L_17code_guardian_cli5utils5testss_35test_get_db_path_with_provided_path
FN:90,_RNvNtNtCsb8rEs8gTL6L_17code_guardian_cli5utils5testss_36test_get_detectors_from_profile_rust
FN:47,_RNvNtNtCsb8rEs8gTL6L_17code_guardian_cli5utils5testss_37test_get_detectors_from_profile_basic
FN:99,_RNvNtNtCsb8rEs8gTL6L_17code_guardian_cli5utils5testss_39test_get_detectors_from_profile_unknown
FN:117,_RNvNtNtCsb8rEs8gTL6L_17code_guardian_cli5utils5testss_40test_all_profiles_return_valid_detectors
FN:72,_RNvNtNtCsb8rEs8gTL6L_17code_guardian_cli5utils5testss_40test_get_detectors_from_profile_security
FN:81,_RNvNtNtCsb8rEs8gTL6L_17code_guardian_cli5utils5testss_43test_get_detectors_from_profile_performance
FN:56,_RNvNtNtCsb8rEs8gTL6L_17code_guardian_cli5utils5testss_45test_get_detectors_from_profile_comprehensive
FN:6,_RNCNvNtCsb8rEs8gTL6L_17code_guardian_cli5utils11get_db_path0B5_
FN:41,_RNvNtNtCs69D8HmKEvzb_17code_guardian_cli5utils5testss_26test_get_db_path_with_none
FN:34,_RNvNtNtCs69D8HmKEvzb_17code_guardian_cli5utils5testss_35test_get_db_path_with_provided_path
FN:90,_RNvNtNtCs69D8HmKEvzb_17code_guardian_cli5utils5testss_36test_get_detectors_from_profile_rust
FN:47,_RNvNtNtCs69D8HmKEvzb_17code_guardian_cli5utils5testss_37test_get_detectors_from_profile_basic
FN:99,_RNvNtNtCs69D8HmKEvzb_17code_guardian_cli5utils5testss_39test_get_detectors_from_profile_unknown
FN:117,_RNvNtNtCs69D8HmKEvzb_17code_guardian_cli5utils5testss_40test_all_profiles_return_valid_detectors
FN:72,_RNvNtNtCs69D8HmKEvzb_17code_guardian_cli5utils5testss_40test_get_detectors_from_profile_security
FN:81,_RNvNtNtCs69D8HmKEvzb_17code_guardian_cli5utils5testss_43test_get_detectors_from_profile_performance
FN:56,_RNvNtNtCs69D8HmKEvzb_17code_guardian_cli5utils5testss_45test_get_detectors_from_profile_comprehensive
FN:6,_RNCNvNtCs69D8HmKEvzb_17code_guardian_cli5utils11get_db_path0B5_
FN:5,_RNvNtCs69D8HmKEvzb_17code_guardian_cli5utils11get_db_path
FN:10,_RNvNtCs69D8HmKEvzb_17code_guardian_cli5utils26get_detectors_from_profile
FNDA:0,_RNCNvNtCsgJXiKT19grP_17code_guardian_cli5utils11get_db_path0B5_
FNDA:9,_RNvNtCsgJXiKT19grP_17code_guardian_cli5utils11get_db_path
FNDA:10,_RNvNtCsgJXiKT19grP_17code_guardian_cli5utils26get_detectors_from_profile
FNDA:2,_RNvNtCsbqVo1DIGE6C_17code_guardian_cli5utils11get_db_path
FNDA:12,_RNvNtCsbqVo1DIGE6C_17code_guardian_cli5utils26get_detectors_from_profile
FNDA:0,_RNCNvNtCsbqVo1DIGE6C_17code_guardian_cli5utils11get_db_path0B5_
FNDA:2,_RNvNtCsb8rEs8gTL6L_17code_guardian_cli5utils11get_db_path
FNDA:13,_RNvNtCsb8rEs8gTL6L_17code_guardian_cli5utils26get_detectors_from_profile
FNDA:1,_RNvNtNtCsb8rEs8gTL6L_17code_guardian_cli5utils5testss_26test_get_db_path_with_none
FNDA:1,_RNvNtNtCsb8rEs8gTL6L_17code_guardian_cli5utils5testss_35test_get_db_path_with_provided_path
FNDA:1,_RNvNtNtCsb8rEs8gTL6L_17code_guardian_cli5utils5testss_36test_get_detectors_from_profile_rust
FNDA:1,_RNvNtNtCsb8rEs8gTL6L_17code_guardian_cli5utils5testss_37test_get_detectors_from_profile_basic
FNDA:1,_RNvNtNtCsb8rEs8gTL6L_17code_guardian_cli5utils5testss_39test_get_detectors_from_profile_unknown
FNDA:1,_RNvNtNtCsb8rEs8gTL6L_17code_guardian_cli5utils5testss_40test_all_profiles_return_valid_detectors
FNDA:1,_RNvNtNtCsb8rEs8gTL6L_17code_guardian_cli5utils5testss_40test_get_detectors_from_profile_security
FNDA:1,_RNvNtNtCsb8rEs8gTL6L_17code_guardian_cli5utils5testss_43test_get_detectors_from_profile_performance
FNDA:1,_RNvNtNtCsb8rEs8gTL6L_17code_guardian_cli5utils5testss_45test_get_detectors_from_profile_comprehensive
FNDA:1,_RNCNvNtCsb8rEs8gTL6L_17code_guardian_cli5utils11get_db_path0B5_
FNDA:1,_RNvNtNtCs69D8HmKEvzb_17code_guardian_cli5utils5testss_26test_get_db_path_with_none
FNDA:1,_RNvNtNtCs69D8HmKEvzb_17code_guardian_cli5utils5testss_35test_get_db_path_with_provided_path
FNDA:1,_RNvNtNtCs69D8HmKEvzb_17code_guardian_cli5utils5testss_36test_get_detectors_from_profile_rust
FNDA:1,_RNvNtNtCs69D8HmKEvzb_17code_guardian_cli5utils5testss_37test_get_detectors_from_profile_basic
FNDA:1,_RNvNtNtCs69D8HmKEvzb_17code_guardian_cli5utils5testss_39test_get_detectors_from_profile_unknown
FNDA:1,_RNvNtNtCs69D8HmKEvzb_17code_guardian_cli5utils5testss_40test_all_profiles_return_valid_detectors
FNDA:1,_RNvNtNtCs69D8HmKEvzb_17code_guardian_cli5utils5testss_40test_get_detectors_from_profile_security
FNDA:1,_RNvNtNtCs69D8HmKEvzb_17code_guardian_cli5utils5testss_43test_get_detectors_from_profile_performance
FNDA:1,_RNvNtNtCs69D8HmKEvzb_17code_guardian_cli5utils5testss_45test_get_detectors_from_profile_comprehensive
FNDA:1,_RNCNvNtCs69D8HmKEvzb_17code_guardian_cli5utils11get_db_path0B5_
FNDA:2,_RNvNtCs69D8HmKEvzb_17code_guardian_cli5utils11get_db_path
FNDA:13,_RNvNtCs69D8HmKEvzb_17code_guardian_cli5utils26get_detectors_from_profile
FNF:12
FNH:12
DA:5,15
DA:6,15
DA:7,15
DA:10,48
DA:11,48
DA:12,48
DA:13,23
DA:14,17
DA:15,12
DA:16,6
DA:17,2
DA:18,2
DA:19,2
DA:20,2
DA:22,2
DA:23,2
DA:26,48
DA:34,2
DA:35,2
DA:36,2
DA:37,2
DA:38,2
DA:41,2
DA:42,2
DA:43,2
DA:44,2
DA:47,2
DA:48,2
DA:49,2
DA:50,2
DA:51,0
DA:53,2
DA:56,2
DA:57,2
DA:58,2
DA:59,2
DA:60,0
DA:64,2
DA:65,2
DA:66,2
DA:67,0
DA:69,2
DA:72,2
DA:73,2
DA:74,2
DA:75,2
DA:76,0
DA:78,2
DA:81,2
DA:82,2
DA:83,2
DA:84,2
DA:85,0
DA:87,2
DA:90,2
DA:91,2
DA:92,2
DA:93,2
DA:94,0
DA:96,2
DA:99,2
DA:101,2
DA:102,2
DA:103,2
DA:104,0
DA:108,2
DA:109,2
DA:110,2
DA:111,2
DA:112,0
DA:114,2
DA:117,2
DA:118,2
DA:120,12
DA:121,10
DA:122,10
DA:123,10
DA:124,0
DA:128,2
BRF:0
BRH:0
LF:80
LH:71
end_of_record
SF:/workspaces/code-guardian/crates/core/src/cache.rs
FN:39,_RNCNvXININtCs2kADRy9cGvI_18code_guardian_core5caches_0ppEINtB7_13InMemoryCacheppEINtB7_5CacheppE3get0B9_
FN:26,_RNvMNtCs2kADRy9cGvI_18code_guardian_core5cacheINtB2_13InMemoryCacheppE3newB4_
FN:56,_RNvXININtCs2kADRy9cGvI_18code_guardian_core5caches0_0ppEINtB5_13InMemoryCacheppENtNtCs66KPHxksi63_4core7default7Default7defaultB7_
FN:38,_RNvXININtCs2kADRy9cGvI_18code_guardian_core5caches_0ppEINtB5_13InMemoryCacheppEINtB5_5CacheppE3getB7_
FN:42,_RNvXININtCs2kADRy9cGvI_18code_guardian_core5caches_0ppEINtB5_13InMemoryCacheppEINtB5_5CacheppE3setB7_
FN:46,_RNvXININtCs2kADRy9cGvI_18code_guardian_core5caches_0ppEINtB5_13InMemoryCacheppEINtB5_5CacheppE5clearB7_
FN:39,_RNCNvXs_NtCscyrExoi8aIO_18code_guardian_core5cacheINtB6_13InMemoryCacheNtNtCs8Ty2CzGA6U3_5alloc6string6StringB17_EINtB6_5CacheB17_B17_E3get0B8_
FN:39,_RNCNvXs_NtCscyrExoi8aIO_18code_guardian_core5cacheINtB6_13InMemoryCacheNtNtCs8Ty2CzGA6U3_5alloc6string6StringlEINtB6_5CacheB17_lE3get0B8_
FN:39,_RNCNvXs_NtCscyrExoi8aIO_18code_guardian_core5cacheINtB6_13InMemoryCachelINtNtCs8Ty2CzGA6U3_5alloc3vec3VecNtNtB1d_6string6StringEEINtB6_5CachelB18_E3get0B8_
FN:26,_RNvMNtCscyrExoi8aIO_18code_guardian_core5cacheINtB2_13InMemoryCacheNtNtCs8Ty2CzGA6U3_5alloc6string6StringB13_E3newB4_
FN:26,_RNvMNtCscyrExoi8aIO_18code_guardian_core5cacheINtB2_13InMemoryCacheNtNtCs8Ty2CzGA6U3_5alloc6string6StringlE3newB4_
FN:26,_RNvMNtCscyrExoi8aIO_18code_guardian_core5cacheINtB2_13InMemoryCachelINtNtCs8Ty2CzGA6U3_5alloc3vec3VecNtNtB19_6string6StringEE3newB4_
FN:56,_RNvXs0_NtCscyrExoi8aIO_18code_guardian_core5cacheINtB5_13InMemoryCacheNtNtCs8Ty2CzGA6U3_5alloc6string6StringlENtNtCs66KPHxksi63_4core7default7Default7defaultB7_
FN:38,_RNvXs_NtCscyrExoi8aIO_18code_guardian_core5cacheINtB4_13InMemoryCacheNtNtCs8Ty2CzGA6U3_5alloc6string6StringB15_EINtB4_5CacheB15_B15_E3getB6_
FN:42,_RNvXs_NtCscyrExoi8aIO_18code_guardian_core5cacheINtB4_13InMemoryCacheNtNtCs8Ty2CzGA6U3_5alloc6string6StringB15_EINtB4_5CacheB15_B15_E3setB6_
FN:46,_RNvXs_NtCscyrExoi8aIO_18code_guardian_core5cacheINtB4_13InMemoryCacheNtNtCs8Ty2CzGA6U3_5alloc6string6StringB15_EINtB4_5CacheB15_B15_E5clearB6_
FN:38,_RNvXs_NtCscyrExoi8aIO_18code_guardian_core5cacheINtB4_13InMemoryCacheNtNtCs8Ty2CzGA6U3_5alloc6string6StringlEINtB4_5CacheB15_lE3getB6_
FN:42,_RNvXs_NtCscyrExoi8aIO_18code_guardian_core5cacheINtB4_13InMemoryCacheNtNtCs8Ty2CzGA6U3_5alloc6string6StringlEINtB4_5CacheB15_lE3setB6_
FN:38,_RNvXs_NtCscyrExoi8aIO_18code_guardian_core5cacheINtB4_13InMemoryCachelINtNtCs8Ty2CzGA6U3_5alloc3vec3VecNtNtB1b_6string6StringEEINtB4_5CachelB16_E3getB6_
FN:42,_RNvXs_NtCscyrExoi8aIO_18code_guardian_core5cacheINtB4_13InMemoryCachelINtNtCs8Ty2CzGA6U3_5alloc3vec3VecNtNtB1b_6string6StringEEINtB4_5CachelB16_E3setB6_
FN:133,_RNCNvNtNtCscyrExoi8aIO_18code_guardian_core5cache5testss_28test_cache_concurrent_access0B7_
FN:87,_RNvNtNtCscyrExoi8aIO_18code_guardian_core5cache5testss_16test_cache_clear
FN:114,_RNvNtNtCscyrExoi8aIO_18code_guardian_core5cache5testss_18test_cache_default
FN:123,_RNvNtNtCscyrExoi8aIO_18code_guardian_core5cache5testss_28test_cache_concurrent_access
FN:103,_RNvNtNtCscyrExoi8aIO_18code_guardian_core5cache5testss_31test_cache_with_different_types
FN:66,_RNvNtNtCscyrExoi8aIO_18code_guardian_core5cache5testss_37test_in_memory_cache_basic_operations
FNDA:0,_RNCNvXININtCs2kADRy9cGvI_18code_guardian_core5caches_0ppEINtB7_13InMemoryCacheppEINtB7_5CacheppE3get0B9_
FNDA:0,_RNvMNtCs2kADRy9cGvI_18code_guardian_core5cacheINtB2_13InMemoryCacheppE3newB4_
FNDA:0,_RNvXININtCs2kADRy9cGvI_18code_guardian_core5caches0_0ppEINtB5_13InMemoryCacheppENtNtCs66KPHxksi63_4core7default7Default7defaultB7_
FNDA:0,_RNvXININtCs2kADRy9cGvI_18code_guardian_core5caches_0ppEINtB5_13InMemoryCacheppEINtB5_5CacheppE3getB7_
FNDA:0,_RNvXININtCs2kADRy9cGvI_18code_guardian_core5caches_0ppEINtB5_13InMemoryCacheppEINtB5_5CacheppE3setB7_
FNDA:0,_RNvXININtCs2kADRy9cGvI_18code_guardian_core5caches_0ppEINtB5_13InMemoryCacheppEINtB5_5CacheppE5clearB7_
FNDA:26,_RNCNvXs_NtCscyrExoi8aIO_18code_guardian_core5cacheINtB6_13InMemoryCacheNtNtCs8Ty2CzGA6U3_5alloc6string6StringB17_EINtB6_5CacheB17_B17_E3get0B8_
FNDA:1,_RNCNvXs_NtCscyrExoi8aIO_18code_guardian_core5cacheINtB6_13InMemoryCacheNtNtCs8Ty2CzGA6U3_5alloc6string6StringlEINtB6_5CacheB17_lE3get0B8_
FNDA:1,_RNCNvXs_NtCscyrExoi8aIO_18code_guardian_core5cacheINtB6_13InMemoryCachelINtNtCs8Ty2CzGA6U3_5alloc3vec3VecNtNtB1d_6string6StringEEINtB6_5CachelB18_E3get0B8_
FNDA:3,_RNvMNtCscyrExoi8aIO_18code_guardian_core5cacheINtB2_13InMemoryCacheNtNtCs8Ty2CzGA6U3_5alloc6string6StringB13_E3newB4_
FNDA:1,_RNvMNtCscyrExoi8aIO_18code_guardian_core5cacheINtB2_13InMemoryCacheNtNtCs8Ty2CzGA6U3_5alloc6string6StringlE3newB4_
FNDA:1,_RNvMNtCscyrExoi8aIO_18code_guardian_core5cacheINtB2_13InMemoryCachelINtNtCs8Ty2CzGA6U3_5alloc3vec3VecNtNtB19_6string6StringEE3newB4_
FNDA:1,_RNvXs0_NtCscyrExoi8aIO_18code_guardian_core5cacheINtB5_13InMemoryCacheNtNtCs8Ty2CzGA6U3_5alloc6string6StringlENtNtCs66KPHxksi63_4core7default7Default7defaultB7_
FNDA:29,_RNvXs_NtCscyrExoi8aIO_18code_guardian_core5cacheINtB4_13InMemoryCacheNtNtCs8Ty2CzGA6U3_5alloc6string6StringB15_EINtB4_5CacheB15_B15_E3getB6_
FNDA:15,_RNvXs_NtCscyrExoi8aIO_18code_guardian_core5cacheINtB4_13InMemoryCacheNtNtCs8Ty2CzGA6U3_5alloc6string6StringB15_EINtB4_5CacheB15_B15_E3setB6_
FNDA:1,_RNvXs_NtCscyrExoi8aIO_18code_guardian_core5cacheINtB4_13InMemoryCacheNtNtCs8Ty2CzGA6U3_5alloc6string6StringB15_EINtB4_5CacheB15_B15_E5clearB6_
FNDA:2,_RNvXs_NtCscyrExoi8aIO_18code_guardian_core5cacheINtB4_13InMemoryCacheNtNtCs8Ty2CzGA6U3_5alloc6string6StringlEINtB4_5CacheB15_lE3getB6_
FNDA:1,_RNvXs_NtCscyrExoi8aIO_18code_guardian_core5cacheINtB4_13InMemoryCacheNtNtCs8Ty2CzGA6U3_5alloc6string6StringlEINtB4_5CacheB15_lE3setB6_
FNDA:2,_RNvXs_NtCscyrExoi8aIO_18code_guardian_core5cacheINtB4_13InMemoryCachelINtNtCs8Ty2CzGA6U3_5alloc3vec3VecNtNtB1b_6string6StringEEINtB4_5CachelB16_E3getB6_
FNDA:1,_RNvXs_NtCscyrExoi8aIO_18code_guardian_core5cacheINtB4_13InMemoryCachelINtNtCs8Ty2CzGA6U3_5alloc3vec3VecNtNtB1b_6string6StringEEINtB4_5CachelB16_E3setB6_
FNDA:10,_RNCNvNtNtCscyrExoi8aIO_18code_guardian_core5cache5testss_28test_cache_concurrent_access0B7_
FNDA:1,_RNvNtNtCscyrExoi8aIO_18code_guardian_core5cache5testss_16test_cache_clear
FNDA:1,_RNvNtNtCscyrExoi8aIO_18code_guardian_core5cache5testss_18test_cache_default
FNDA:1,_RNvNtNtCscyrExoi8aIO_18code_guardian_core5cache5testss_28test_cache_concurrent_access
FNDA:1,_RNvNtNtCscyrExoi8aIO_18code_guardian_core5cache5testss_31test_cache_with_different_types
FNDA:1,_RNvNtNtCscyrExoi8aIO_18code_guardian_core5cache5testss_37test_in_memory_cache_basic_operations
FNF:12
FNH:12
DA:26,5
DA:27,5
DA:28,5
DA:29,5
DA:30,5
DA:38,33
DA:39,33
DA:40,33
DA:42,17
DA:43,17
DA:44,17
DA:46,1
DA:47,1
DA:48,1
DA:56,1
DA:57,1
DA:58,1
DA:66,1
DA:67,1
DA:70,1
DA:73,1
DA:74,1
DA:77,1
DA:78,1
DA:81,1
DA:82,1
DA:83,1
DA:84,1
DA:87,1
DA:88,1
DA:90,1
DA:91,1
DA:93,1
DA:94,1
DA:96,1
DA:98,1
DA:99,1
DA:100,1
DA:103,1
DA:104,1
DA:106,1
DA:107,1
DA:109,1
DA:110,1
DA:111,1
DA:114,1
DA:115,1
DA:116,1
DA:118,1
DA:119,1
DA:120,1
DA:123,1
DA:127,1
DA:128,1
DA:131,11
DA:132,10
DA:133,10
DA:134,10
DA:135,10
DA:136,10
DA:137,10
DA:138,10
DA:139,10
DA:140,10
DA:143,11
DA:144,10
DA:145,10
DA:148,11
DA:149,10
DA:150,10
DA:151,10
DA:153,1
BRF:0
BRH:0
LF:74
LH:74
end_of_record
SF:/workspaces/code-guardian/crates/core/src/config.rs
FN:29,_RINvNtCs2kADRy9cGvI_18code_guardian_core6config11load_configNtNtCsiKSG5X70Gj7_3std4path7PathBufECsgJXiKT19grP_17code_guardian_cli
FN:45,_RNCINvNtCs2kADRy9cGvI_18code_guardian_core6config11load_configNtNtCsiKSG5X70Gj7_3std4path7PathBufE0CsgJXiKT19grP_17code_guardian_cli
FN:16,_RNvXNtCs2kADRy9cGvI_18code_guardian_core6configNtB2_6ConfigNtNtCs66KPHxksi63_4core7default7Default7default
FN:29,_RINvNtCs2kADRy9cGvI_18code_guardian_core6config11load_configpEB4_
FN:45,_RNCINvNtCs2kADRy9cGvI_18code_guardian_core6config11load_configpE0B6_
FN:16,_RNvXNtCscyrExoi8aIO_18code_guardian_core6configNtB2_6ConfigNtNtCs66KPHxksi63_4core7default7Default7default
FN:75,_RNvNtNtCscyrExoi8aIO_18code_guardian_core6config5testss_19test_default_config
FN:112,_RNvNtNtCscyrExoi8aIO_18code_guardian_core6config5testss_21test_load_config_json
FN:87,_RNvNtNtCscyrExoi8aIO_18code_guardian_core6config5testss_21test_load_config_toml
FN:137,_RNvNtNtCscyrExoi8aIO_18code_guardian_core6config5testss_24test_load_config_no_file
[...]
FN:108,_RNvNtNtNtCs61Sk9WpjmEU_20code_guardian_output10formatters4html5testss_16test_html_escape
FN:89,_RNvNtNtNtCs61Sk9WpjmEU_20code_guardian_output10formatters4html5testss_17test_single_match
FN:79,_RNvNtNtNtCs61Sk9WpjmEU_20code_guardian_output10formatters4html5testss_18test_empty_matches
FN:123,_RNvNtNtNtCs61Sk9WpjmEU_20code_guardian_output10formatters4html5testss_21test_multiple_matches
FNDA:33060,_RNvNtNtCslriTvUV8Ri9_20code_guardian_output10formatters4html11html_escape
FNDA:21,_RNvXNtNtCslriTvUV8Ri9_20code_guardian_output10formatters4htmlNtB2_13HtmlFormatterNtB4_9Formatter6format
FNDA:1119,_RNCNvNtNtNtCs61Sk9WpjmEU_20code_guardian_output10formatters4html14proptest_tests9arb_match0B9_
FNDA:3378,_RNvNtNtCs61Sk9WpjmEU_20code_guardian_output10formatters4html11html_escape
FNDA:263,_RNvXNtNtCs61Sk9WpjmEU_20code_guardian_output10formatters4htmlNtB2_13HtmlFormatterNtB4_9Formatter6format
FNDA:1,_RNvNtNtNtCs61Sk9WpjmEU_20code_guardian_output10formatters4html14proptest_tests9arb_match
FNDA:1,_RNvNtNtNtCs61Sk9WpjmEU_20code_guardian_output10formatters4html5testss_16test_html_escape
FNDA:1,_RNvNtNtNtCs61Sk9WpjmEU_20code_guardian_output10formatters4html5testss_17test_single_match
FNDA:1,_RNvNtNtNtCs61Sk9WpjmEU_20code_guardian_output10formatters4html5testss_18test_empty_matches
FNDA:1,_RNvNtNtNtCs61Sk9WpjmEU_20code_guardian_output10formatters4html5testss_21test_multiple_matches
FNF:8
FNH:8
DA:9,284
DA:10,284
DA:38,284
DA:39,28
DA:40,28
DA:41,12402
DA:42,12146
DA:43,12146
DA:44,12146
DA:45,12146
DA:46,12146
DA:47,12146
DA:48,12146
DA:49,12146
DA:50,12146
DA:53,284
DA:54,284
DA:55,284
DA:56,284
DA:57,284
DA:58,284
DA:61,284
DA:62,284
DA:66,36438
DA:67,36438
DA:68,36438
DA:69,36438
DA:70,36438
DA:71,36438
DA:72,36438
DA:79,1
DA:80,1
DA:81,1
DA:82,1
DA:83,1
DA:84,1
DA:85,1
DA:86,1
DA:89,1
DA:90,1
DA:91,1
DA:92,1
DA:93,1
DA:94,1
DA:95,1
DA:96,1
DA:97,1
DA:98,1
DA:99,1
DA:100,1
DA:101,1
DA:102,1
DA:103,1
DA:104,1
DA:105,1
DA:108,1
DA:109,1
DA:110,1
DA:111,1
DA:112,1
DA:113,1
DA:114,1
DA:115,1
DA:116,1
DA:117,1
DA:118,1
DA:119,1
DA:120,1
DA:123,1
DA:124,1
DA:125,1
DA:126,1
DA:127,1
DA:128,1
DA:129,1
DA:130,1
DA:131,1
DA:132,1
DA:133,1
DA:134,1
DA:135,1
DA:136,1
DA:137,1
DA:138,1
DA:139,1
DA:141,1
DA:142,1
DA:143,1
DA:144,1
DA:145,1
DA:146,1
DA:154,1
DA:155,1
DA:156,1
DA:157,1
DA:158,1
DA:159,1
DA:160,1
DA:161,1
DA:162,1
DA:163,1119
DA:164,1119
DA:165,1119
DA:166,1119
DA:167,1119
DA:168,1119
DA:169,1
BRF:0
BRH:0
LF:107
LH:107
end_of_record
SF:/workspaces/code-guardian/crates/output/src/formatters/json.rs
FN:9,_RNvXNtNtCslriTvUV8Ri9_20code_guardian_output10formatters4jsonNtB2_13JsonFormatterNtB4_9Formatter6format
FN:10,_RNCNvXNtNtCslriTvUV8Ri9_20code_guardian_output10formatters4jsonNtB4_13JsonFormatterNtB6_9Formatter6format0B8_
FN:10,_RNCNvXNtNtCs61Sk9WpjmEU_20code_guardian_output10formatters4jsonNtB4_13JsonFormatterNtB6_9Formatter6format0B8_
FN:9,_RNvXNtNtCs61Sk9WpjmEU_20code_guardian_output10formatters4jsonNtB2_13JsonFormatterNtB4_9Formatter6format
FN:81,_RNvNtNtNtCs61Sk9WpjmEU_20code_guardian_output10formatters4json14proptest_tests9arb_match
FN:90,_RNCNvNtNtNtCs61Sk9WpjmEU_20code_guardian_output10formatters4json14proptest_tests9arb_match0B9_
FN:28,_RNvNtNtNtCs61Sk9WpjmEU_20code_guardian_output10formatters4json5testss_17test_single_match
FN:20,_RNvNtNtNtCs61Sk9WpjmEU_20code_guardian_output10formatters4json5testss_18test_empty_matches
FN:51,_RNvNtNtNtCs61Sk9WpjmEU_20code_guardian_output10formatters4json5testss_21test_multiple_matches
FNDA:24,_RNvXNtNtCslriTvUV8Ri9_20code_guardian_output10formatters4jsonNtB2_13JsonFormatterNtB4_9Formatter6format
FNDA:0,_RNCNvXNtNtCslriTvUV8Ri9_20code_guardian_output10formatters4jsonNtB4_13JsonFormatterNtB6_9Formatter6format0B8_
FNDA:0,_RNCNvXNtNtCs61Sk9WpjmEU_20code_guardian_output10formatters4jsonNtB4_13JsonFormatterNtB6_9Formatter6format0B8_
FNDA:262,_RNvXNtNtCs61Sk9WpjmEU_20code_guardian_output10formatters4jsonNtB2_13JsonFormatterNtB4_9Formatter6format
FNDA:1,_RNvNtNtNtCs61Sk9WpjmEU_20code_guardian_output10formatters4json14proptest_tests9arb_match
FNDA:1114,_RNCNvNtNtNtCs61Sk9WpjmEU_20code_guardian_output10formatters4json14proptest_tests9arb_match0B9_
FNDA:1,_RNvNtNtNtCs61Sk9WpjmEU_20code_guardian_output10formatters4json5testss_17test_single_match
FNDA:1,_RNvNtNtNtCs61Sk9WpjmEU_20code_guardian_output10formatters4json5testss_18test_empty_matches
FNDA:1,_RNvNtNtNtCs61Sk9WpjmEU_20code_guardian_output10formatters4json5testss_21test_multiple_matches
FNF:7
FNH:6
DA:9,286
DA:10,286
DA:11,286
DA:20,1
DA:21,1
DA:22,1
DA:23,1
DA:24,1
DA:25,1
DA:28,1
DA:29,1
DA:30,1
DA:31,1
DA:32,1
DA:33,1
DA:34,1
DA:35,1
DA:36,1
DA:37,1
DA:38,1
DA:39,1
DA:40,1
DA:41,1
DA:42,1
DA:43,1
DA:44,1
DA:45,1
DA:46,1
DA:47,1
DA:48,1
DA:51,1
DA:52,1
DA:53,1
DA:54,1
DA:55,1
DA:56,1
DA:57,1
DA:58,1
DA:59,1
DA:60,1
DA:61,1
DA:62,1
DA:63,1
DA:64,1
DA:65,1
DA:66,1
DA:67,1
DA:69,1
DA:71,1
DA:72,1
DA:73,1
DA:81,1
DA:82,1
DA:83,1
DA:84,1
DA:85,1
DA:86,1
DA:87,1
DA:88,1
DA:89,1
DA:90,1114
DA:91,1114
DA:92,1114
DA:93,1114
DA:94,1114
DA:95,1114
DA:96,1
BRF:0
BRH:0
LF:68
LH:67
end_of_record
SF:/workspaces/code-guardian/crates/output/src/formatters/markdown.rs
FN:33,_RNvNtNtCslriTvUV8Ri9_20code_guardian_output10formatters8markdown9escape_md
FN:9,_RNvXNtNtCslriTvUV8Ri9_20code_guardian_output10formatters8markdownNtB2_17MarkdownFormatterNtB4_9Formatter6format
FN:111,_RNvNtNtNtCs61Sk9WpjmEU_20code_guardian_output10formatters8markdown14proptest_tests9arb_match
FN:120,_RNCNvNtNtNtCs61Sk9WpjmEU_20code_guardian_output10formatters8markdown14proptest_tests9arb_match0B9_
FN:33,_RNvNtNtCs61Sk9WpjmEU_20code_guardian_output10formatters8markdown9escape_md
FN:9,_RNvXNtNtCs61Sk9WpjmEU_20code_guardian_output10formatters8markdownNtB2_17MarkdownFormatterNtB4_9Formatter6format
FN:65,_RNvNtNtNtCs61Sk9WpjmEU_20code_guardian_output10formatters8markdown5testss_17test_escape_pipes
FN:50,_RNvNtNtNtCs61Sk9WpjmEU_20code_guardian_output10formatters8markdown5testss_17test_single_match
FN:42,_RNvNtNtNtCs61Sk9WpjmEU_20code_guardian_output10formatters8markdown5testss_18test_empty_matches
FN:80,_RNvNtNtNtCs61Sk9WpjmEU_20code_guardian_output10formatters8markdown5testss_21test_multiple_matches
FNDA:33060,_RNvNtNtCslriTvUV8Ri9_20code_guardian_output10formatters8markdown9escape_md
FNDA:21,_RNvXNtNtCslriTvUV8Ri9_20code_guardian_output10formatters8markdownNtB2_17MarkdownFormatterNtB4_9Formatter6format
FNDA:1,_RNvNtNtNtCs61Sk9WpjmEU_20code_guardian_output10formatters8markdown14proptest_tests9arb_match
FNDA:1200,_RNCNvNtNtNtCs61Sk9WpjmEU_20code_guardian_output10formatters8markdown14proptest_tests9arb_match0B9_
FNDA:3618,_RNvNtNtCs61Sk9WpjmEU_20code_guardian_output10formatters8markdown9escape_md
FNDA:262,_RNvXNtNtCs61Sk9WpjmEU_20code_guardian_output10formatters8markdownNtB2_17MarkdownFormatterNtB4_9Formatter6format
FNDA:1,_RNvNtNtNtCs61Sk9WpjmEU_20code_guardian_output10formatters8markdown5testss_17test_escape_pipes
FNDA:1,_RNvNtNtNtCs61Sk9WpjmEU_20code_guardian_output10formatters8markdown5testss_17test_single_match
FNDA:1,_RNvNtNtNtCs61Sk9WpjmEU_20code_guardian_output10formatters8markdown5testss_18test_empty_matches
FNDA:1,_RNvNtNtNtCs61Sk9WpjmEU_20code_guardian_output10formatters8markdown5testss_21test_multiple_matches
FNF:8
FNH:8
DA:9,283
DA:10,283
DA:11,25
DA:12,258
DA:14,258
DA:15,258
DA:17,12484
DA:18,12226
DA:19,12226
DA:20,12226
DA:21,12226
DA:22,12226
DA:23,12226
DA:24,12226
DA:25,12226
DA:26,12226
DA:28,258
DA:29,283
DA:33,36678
DA:34,36678
DA:35,36678
DA:42,1
DA:43,1
DA:44,1
DA:45,1
DA:46,1
DA:47,1
DA:50,1
DA:51,1
DA:52,1
DA:53,1
DA:54,1
DA:55,1
DA:56,1
DA:57,1
DA:58,1
DA:59,1
DA:60,1
DA:61,1
DA:62,1
DA:65,1
DA:66,1
DA:67,1
DA:68,1
DA:69,1
DA:70,1
DA:71,1
DA:72,1
DA:73,1
DA:74,1
DA:75,1
DA:76,1
DA:77,1
DA:80,1
DA:81,1
DA:82,1
DA:83,1
DA:84,1
DA:85,1
DA:86,1
DA:87,1
DA:88,1
DA:89,1
DA:90,1
DA:91,1
DA:92,1
DA:93,1
DA:94,1
DA:95,1
DA:96,1
DA:98,1
DA:99,1
DA:100,1
DA:101,1
DA:102,1
DA:103,1
DA:111,1
DA:112,1
DA:113,1
DA:114,1
DA:115,1
DA:116,1
DA:117,1
DA:118,1
DA:119,1
DA:120,1200
DA:121,1200
DA:122,1200
DA:123,1200
DA:124,1200
DA:125,1200
DA:126,1
BRF:0
BRH:0
LF:92
LH:92
end_of_record
SF:/workspaces/code-guardian/crates/output/src/formatters/text.rs
FN:9,_RNvXNtNtCslriTvUV8Ri9_20code_guardian_output10formatters4textNtB2_13TextFormatterNtB4_9Formatter6format
FN:115,_RNCNvNtNtNtCs61Sk9WpjmEU_20code_guardian_output10formatters4text14proptest_tests9arb_match0B9_
FN:9,_RNvXNtNtCs61Sk9WpjmEU_20code_guardian_output10formatters4textNtB2_13TextFormatterNtB4_9Formatter6format
FN:38,_RNvNtNtNtCs61Sk9WpjmEU_20code_guardian_output10formatters4text5testss_17test_single_match
FN:30,_RNvNtNtNtCs61Sk9WpjmEU_20code_guardian_output10formatters4text5testss_18test_empty_matches
FN:77,_RNvNtNtNtCs61Sk9WpjmEU_20code_guardian_output10formatters4text5testss_21test_multiple_matches
FN:53,_RNvNtNtNtCs61Sk9WpjmEU_20code_guardian_output10formatters4text5testss_30test_multiple_matches_snapshot
FN:106,_RNvNtNtNtCs61Sk9WpjmEU_20code_guardian_output10formatters4text14proptest_tests9arb_match
FNDA:43,_RNvXNtNtCslriTvUV8Ri9_20code_guardian_output10formatters4textNtB2_13TextFormatterNtB4_9Formatter6format
FNDA:1135,_RNCNvNtNtNtCs61Sk9WpjmEU_20code_guardian_output10formatters4text14proptest_tests9arb_match0B9_
FNDA:262,_RNvXNtNtCs61Sk9WpjmEU_20code_guardian_output10formatters4textNtB2_13TextFormatterNtB4_9Formatter6format
FNDA:1,_RNvNtNtNtCs61Sk9WpjmEU_20code_guardian_output10formatters4text5testss_17test_single_match
FNDA:1,_RNvNtNtNtCs61Sk9WpjmEU_20code_guardian_output10formatters4text5testss_18test_empty_matches
FNDA:1,_RNvNtNtNtCs61Sk9WpjmEU_20code_guardian_output10formatters4text5testss_21test_multiple_matches
FNDA:1,_RNvNtNtNtCs61Sk9WpjmEU_20code_guardian_output10formatters4text5testss_30test_multiple_matches_snapshot
FNDA:1,_RNvNtNtNtCs61Sk9WpjmEU_20code_guardian_output10formatters4text14proptest_tests9arb_match
FNF:7
FNH:7
DA:9,305
DA:10,305
DA:11,30
DA:12,275
DA:14,275
DA:15,12565
DA:16,12290
DA:17,12290
DA:18,12290
DA:19,12290
DA:20,12290
DA:21,275
DA:22,305
DA:30,1
DA:31,1
DA:32,1
DA:33,1
DA:34,1
DA:35,1
DA:38,1
DA:39,1
DA:40,1
DA:41,1
DA:42,1
DA:43,1
DA:44,1
DA:45,1
DA:46,1
DA:47,1
DA:48,1
DA:49,1
DA:50,1
DA:53,1
DA:54,1
DA:55,1
DA:56,1
DA:57,1
DA:58,1
DA:59,1
DA:60,1
DA:61,1
DA:62,1
DA:63,1
DA:64,1
DA:65,1
DA:66,1
DA:67,1
DA:68,1
DA:69,1
DA:71,1
DA:72,1
DA:73,1
DA:74,1
DA:77,1
DA:78,1
DA:79,1
DA:80,1
DA:81,1
DA:82,1
DA:83,1
DA:84,1
DA:85,1
DA:86,1
DA:87,1
DA:88,1
DA:89,1
DA:90,1
DA:91,1
DA:92,1
DA:93,1
DA:95,1
DA:96,1
DA:97,1
DA:98,1
DA:106,1
DA:107,1
DA:108,1
DA:109,1
DA:110,1
DA:111,1
DA:112,1
DA:113,1
DA:114,1
DA:115,1135
DA:116,1135
DA:117,1135
DA:118,1135
DA:119,1135
DA:120,1135
DA:121,1
BRF:0
BRH:0
LF:90
LH:90
end_of_record
SF:/workspaces/code-guardian/crates/output/src/lib.rs
FN:10,_RNvNtCs61Sk9WpjmEU_20code_guardian_output5tests19create_test_matches
FN:30,_RNvNtCs61Sk9WpjmEU_20code_guardian_output5testss_31test_all_formatters_integration
FN:67,_RNvNtCs61Sk9WpjmEU_20code_guardian_output5testss_34test_formatters_with_empty_matches
FN:79,_RNvNtCs61Sk9WpjmEU_20code_guardian_output5testss_39test_formatters_with_special_characters
FNDA:1,_RNvNtCs61Sk9WpjmEU_20code_guardian_output5tests19create_test_matches
FNDA:1,_RNvNtCs61Sk9WpjmEU_20code_guardian_output5testss_31test_all_formatters_integration
FNDA:1,_RNvNtCs61Sk9WpjmEU_20code_guardian_output5testss_34test_formatters_with_empty_matches
FNDA:1,_RNvNtCs61Sk9WpjmEU_20code_guardian_output5testss_39test_formatters_with_special_characters
FNF:4
FNH:4
DA:10,1
DA:11,1
DA:12,1
DA:13,1
DA:14,1
DA:15,1
DA:16,1
DA:17,1
DA:18,1
DA:19,1
DA:20,1
DA:21,1
DA:22,1
DA:23,1
DA:24,1
DA:25,1
DA:27,1
DA:30,1
DA:31,1
DA:34,1
DA:35,1
DA:36,1
DA:37,1
DA:40,1
DA:41,1
DA:42,1
DA:43,1
DA:46,1
DA:47,1
DA:48,1
DA:49,1
DA:52,1
DA:53,1
DA:54,1
DA:55,1
DA:56,1
DA:59,1
DA:60,1
DA:61,1
DA:62,1
DA:63,1
DA:64,1
DA:67,1
DA:68,1
DA:71,1
DA:72,1
DA:73,1
DA:74,1
DA:75,1
DA:76,1
DA:79,1
DA:80,1
DA:81,1
DA:82,1
DA:83,1
DA:84,1
DA:85,1
DA:86,1
DA:89,1
DA:90,1
DA:92,1
DA:94,1
DA:96,1
DA:97,1
DA:98,1
BRF:0
BRH:0
LF:65
LH:65
end_of_record
SF:/workspaces/code-guardian/crates/storage/src/lib.rs
FN:48,_RINvMCsl0hHw25Zx3g_21code_guardian_storageNtB3_20SqliteScanRepository3newRNtNtCsiKSG5X70Gj7_3std4path7PathBufECsgJXiKT19grP_17code_guardian_cli
FN:41,_RNvMCsl0hHw25Zx3g_21code_guardian_storageNtB2_20SqliteScanRepository13new_in_memory
FN:55,_RNvMCsl0hHw25Zx3g_21code_guardian_storageNtB2_20SqliteScanRepository7init_db
FN:134,_RNvXs_Csl0hHw25Zx3g_21code_guardian_storageNtB4_20SqliteScanRepositoryNtB4_14ScanRepository11delete_scan
FN:115,_RNvXs_Csl0hHw25Zx3g_21code_guardian_storageNtB4_20SqliteScanRepositoryNtB4_14ScanRepository13get_all_scans
FN:79,_RNvXs_Csl0hHw25Zx3g_21code_guardian_storageNtB4_20SqliteScanRepositoryNtB4_14ScanRepository8get_scan
FN:62,_RNvXs_Csl0hHw25Zx3g_21code_guardian_storageNtB4_20SqliteScanRepositoryNtB4_14ScanRepository9save_scan
FN:48,_RINvMCsl0hHw25Zx3g_21code_guardian_storageNtB3_20SqliteScanRepository3newpEB3_
FN:119,_RNCNvXs_Csl0hHw25Zx3g_21code_guardian_storageNtB6_20SqliteScanRepositoryNtB6_14ScanRepository13get_all_scans0B6_
FN:84,_RNCNvXs_Csl0hHw25Zx3g_21code_guardian_storageNtB6_20SqliteScanRepositoryNtB6_14ScanRepository8get_scan0B6_
FN:97,_RNCNvXs_Csl0hHw25Zx3g_21code_guardian_storageNtB6_20SqliteScanRepositoryNtB6_14ScanRepository8get_scans_0B6_
FN:48,_RINvMCsl0hHw25Zx3g_21code_guardian_storageNtB3_20SqliteScanRepository3newRNtNtCsiKSG5X70Gj7_3std4path7PathBufECsbqVo1DIGE6C_17code_guardian_cli
FN:48,_RINvMCsl0hHw25Zx3g_21code_guardian_storageNtB3_20SqliteScanRepository3newRNtNtCsiKSG5X70Gj7_3std4path7PathBufECs3FCRTWxsZpL_3cli
FN:48,_RINvMCsO2HqpL7NDx_21code_guardian_storageNtB3_20SqliteScanRepository3newRNtNtCsiKSG5X70Gj7_3std4path7PathBufEB3_
FN:119,_RNCNvXs_CsO2HqpL7NDx_21code_guardian_storageNtB6_20SqliteScanRepositoryNtB6_14ScanRepository13get_all_scans0B6_
FN:84,_RNCNvXs_CsO2HqpL7NDx_21code_guardian_storageNtB6_20SqliteScanRepositoryNtB6_14ScanRepository8get_scan0B6_
FN:97,_RNCNvXs_CsO2HqpL7NDx_21code_guardian_storageNtB6_20SqliteScanRepositoryNtB6_14ScanRepository8get_scans_0B6_
FN:201,_RNvNtCsO2HqpL7NDx_21code_guardian_storage5testss_16test_delete_scan
FN:175,_RNvNtCsO2HqpL7NDx_21code_guardian_storage5testss_18test_get_all_scans
FN:221,_RNvNtCsO2HqpL7NDx_21code_guardian_storage5testss_20test_file_based_repo
FN:150,_RNvNtCsO2HqpL7NDx_21code_guardian_storage5testss_22test_save_and_get_scan
FN:257,_RNCNvNtCsO2HqpL7NDx_21code_guardian_storage14proptest_tests9arb_match0B5_
FN:41,_RNvMCsO2HqpL7NDx_21code_guardian_storageNtB2_20SqliteScanRepository13new_in_memory
FN:55,_RNvMCsO2HqpL7NDx_21code_guardian_storageNtB2_20SqliteScanRepository7init_db
FN:134,_RNvXs_CsO2HqpL7NDx_21code_guardian_storageNtB4_20SqliteScanRepositoryNtB4_14ScanRepository11delete_scan
FN:115,_RNvXs_CsO2HqpL7NDx_21code_guardian_storageNtB4_20SqliteScanRepositoryNtB4_14ScanRepository13get_all_scans
FN:79,_RNvXs_CsO2HqpL7NDx_21code_guardian_storageNtB4_20SqliteScanRepositoryNtB4_14ScanRepository8get_scan
FN:62,_RNvXs_CsO2HqpL7NDx_21code_guardian_storageNtB4_20SqliteScanRepositoryNtB4_14ScanRepository9save_scan
FN:248,_RNvNtCsO2HqpL7NDx_21code_guardian_storage14proptest_tests9arb_match
FNDA:18,_RINvMCsl0hHw25Zx3g_21code_guardian_storageNtB3_20SqliteScanRepository3newRNtNtCsiKSG5X70Gj7_3std4path7PathBufECsgJXiKT19grP_17code_guardian_cli
FNDA:0,_RNvMCsl0hHw25Zx3g_21code_guardian_storageNtB2_20SqliteScanRepository13new_in_memory
FNDA:40,_RNvMCsl0hHw25Zx3g_21code_guardian_storageNtB2_20SqliteScanRepository7init_db
FNDA:0,_RNvXs_Csl0hHw25Zx3g_21code_guardian_storageNtB4_20SqliteScanRepositoryNtB4_14ScanRepository11delete_scan
FNDA:4,_RNvXs_Csl0hHw25Zx3g_21code_guardian_storageNtB4_20SqliteScanRepositoryNtB4_14ScanRepository13get_all_scans
FNDA:14,_RNvXs_Csl0hHw25Zx3g_21code_guardian_storageNtB4_20SqliteScanRepositoryNtB4_14ScanRepository8get_scan
FNDA:29,_RNvXs_Csl0hHw25Zx3g_21code_guardian_storageNtB4_20SqliteScanRepositoryNtB4_14ScanRepository9save_scan
FNDA:0,_RINvMCsl0hHw25Zx3g_21code_guardian_storageNtB3_20SqliteScanRepository3newpEB3_
FNDA:4,_RNCNvXs_Csl0hHw25Zx3g_21code_guardian_storageNtB6_20SqliteScanRepositoryNtB6_14ScanRepository13get_all_scans0B6_
FNDA:13,_RNCNvXs_Csl0hHw25Zx3g_21code_guardian_storageNtB6_20SqliteScanRepositoryNtB6_14ScanRepository8get_scan0B6_
FNDA:18,_RNCNvXs_Csl0hHw25Zx3g_21code_guardian_storageNtB6_20SqliteScanRepositoryNtB6_14ScanRepository8get_scans_0B6_
FNDA:14,_RINvMCsl0hHw25Zx3g_21code_guardian_storageNtB3_20SqliteScanRepository3newRNtNtCsiKSG5X70Gj7_3std4path7PathBufECsbqVo1DIGE6C_17code_guardian_cli
FNDA:9,_RINvMCsl0hHw25Zx3g_21code_guardian_storageNtB3_20SqliteScanRepository3newRNtNtCsiKSG5X70Gj7_3std4path7PathBufECs3FCRTWxsZpL_3cli
FNDA:2,_RINvMCsO2HqpL7NDx_21code_guardian_storageNtB3_20SqliteScanRepository3newRNtNtCsiKSG5X70Gj7_3std4path7PathBufEB3_
FNDA:3,_RNCNvXs_CsO2HqpL7NDx_21code_guardian_storageNtB6_20SqliteScanRepositoryNtB6_14ScanRepository13get_all_scans0B6_
FNDA:257,_RNCNvXs_CsO2HqpL7NDx_21code_guardian_storageNtB6_20SqliteScanRepositoryNtB6_14ScanRepository8get_scan0B6_
FNDA:1218,_RNCNvXs_CsO2HqpL7NDx_21code_guardian_storageNtB6_20SqliteScanRepositoryNtB6_14ScanRepository8get_scans_0B6_
FNDA:1,_RNvNtCsO2HqpL7NDx_21code_guardian_storage5testss_16test_delete_scan
FNDA:1,_RNvNtCsO2HqpL7NDx_21code_guardian_storage5testss_18test_get_all_scans
FNDA:1,_RNvNtCsO2HqpL7NDx_21code_guardian_storage5testss_20test_file_based_repo
FNDA:1,_RNvNtCsO2HqpL7NDx_21code_guardian_storage5testss_22test_save_and_get_scan
FNDA:1217,_RNCNvNtCsO2HqpL7NDx_21code_guardian_storage14proptest_tests9arb_match0B5_
FNDA:259,_RNvMCsO2HqpL7NDx_21code_guardian_storageNtB2_20SqliteScanRepository13new_in_memory
FNDA:261,_RNvMCsO2HqpL7NDx_21code_guardian_storageNtB2_20SqliteScanRepository7init_db
FNDA:1,_RNvXs_CsO2HqpL7NDx_21code_guardian_storageNtB4_20SqliteScanRepositoryNtB4_14ScanRepository11delete_scan
FNDA:2,_RNvXs_CsO2HqpL7NDx_21code_guardian_storageNtB4_20SqliteScanRepositoryNtB4_14ScanRepository13get_all_scans
FNDA:258,_RNvXs_CsO2HqpL7NDx_21code_guardian_storageNtB4_20SqliteScanRepositoryNtB4_14ScanRepository8get_scan
FNDA:261,_RNvXs_CsO2HqpL7NDx_21code_guardian_storageNtB4_20SqliteScanRepositoryNtB4_14ScanRepository9save_scan
FNDA:1,_RNvNtCsO2HqpL7NDx_21code_guardian_storage14proptest_tests9arb_match
FNF:16
FNH:16
DA:41,259
DA:42,259
DA:43,259
DA:44,259
DA:45,259
DA:48,43
DA:49,43
DA:50,42
DA:51,42
DA:52,43
DA:55,301
DA:56,301
DA:57,301
DA:58,301
DA:62,290
DA:63,290
DA:64,290
DA:65,290
DA:66,290
DA:67,290
DA:68,290
DA:69,1644
DA:70,1354
DA:71,1354
DA:72,1354
DA:73,1354
DA:75,290
DA:76,290
DA:77,290
DA:79,272
DA:80,272
DA:81,272
DA:82,272
DA:83,272
DA:84,272
DA:86,270
DA:87,270
DA:88,270
DA:89,270
DA:91,270
DA:92,272
DA:93,272
DA:94,270
DA:95,270
DA:96,0
DA:97,1236
DA:99,1236
DA:100,1236
DA:101,1236
DA:102,1236
DA:103,1236
DA:105,1236
DA:106,1506
DA:107,1236
DA:109,270
DA:111,2
DA:113,272
DA:115,6
DA:116,6
DA:117,6
DA:118,6
DA:119,7
DA:121,7
DA:122,7
DA:123,7
DA:124,7
DA:126,7
DA:127,6
DA:128,13
DA:129,7
DA:131,6
DA:132,6
DA:134,1
DA:135,1
DA:136,1
DA:137,1
DA:138,1
DA:139,1
DA:140,1
DA:150,1
DA:151,1
DA:152,1
DA:153,1
DA:154,1
DA:155,1
DA:156,1
DA:157,1
DA:158,1
DA:159,1
DA:160,1
DA:161,1
DA:162,1
DA:163,1
DA:164,1
DA:165,1
DA:166,1
DA:167,1
DA:168,1
DA:169,1
DA:170,1
DA:171,1
DA:172,1
DA:175,1
DA:176,1
DA:177,1
DA:178,1
DA:179,1
DA:180,1
DA:181,1
DA:182,1
DA:183,1
DA:184,1
DA:185,1
DA:186,1
DA:187,1
DA:188,1
DA:189,1
DA:190,1
DA:191,1
DA:192,1
DA:193,1
DA:194,1
DA:196,1
DA:197,1
DA:198,1
DA:201,1
DA:202,1
DA:203,1
DA:204,1
DA:205,1
DA:206,1
DA:207,1
DA:208,1
DA:209,1
DA:210,1
DA:211,1
DA:212,1
DA:213,1
DA:214,1
DA:215,1
DA:216,1
DA:217,1
DA:218,1
DA:221,1
DA:222,1
DA:223,1
DA:224,1
DA:225,1
DA:226,1
DA:227,1
DA:228,1
DA:229,1
DA:230,1
DA:231,1
DA:232,1
DA:233,1
DA:235,1
DA:236,1
DA:237,1
DA:239,1
DA:248,1
DA:249,1
DA:250,1
DA:251,1
DA:252,1
DA:253,1
DA:254,1
DA:255,1
DA:256,1
DA:257,1217
DA:258,1217
DA:259,1217
DA:260,1217
DA:261,1217
DA:262,1217
DA:263,1
BRF:0
BRH:0
LF:181
LH:178
end_of_record