SF:/workspaces/code-guardian/crates/cli/src/advanced_handlers.rs
FN:280,_RNCNCNCNvNtCs9ytityy6hmW_17code_guardian_cli17advanced_handlers18handle_distributed000B9_
FN:279,_RNCNCNvNtCs9ytityy6hmW_17code_guardian_cli17advanced_handlers18handle_distributed00B7_
FN:278,_RNCNvNtCs9ytityy6hmW_17code_guardian_cli17advanced_handlers18handle_distributed0B5_
FN:166,_RNCNvNtCs9ytityy6hmW_17code_guardian_cli17advanced_handlers18handle_incremental0B5_
FN:167,_RNCNvNtCs9ytityy6hmW_17code_guardian_cli17advanced_handlers18handle_incrementals_0B5_
FN:199,_RNvNtCs9ytityy6hmW_17code_guardian_cli17advanced_handlers18handle_distributed
FN:100,_RNvNtCs9ytityy6hmW_17code_guardian_cli17advanced_handlers18handle_incremental
FN:7,_RNvNtCs9ytityy6hmW_17code_guardian_cli17advanced_handlers23handle_custom_detectors
FN:280,_RNCNCNCNvNtCskupeKpDJsml_17code_guardian_cli17advanced_handlers18handle_distributed000B9_
FN:279,_RNCNCNvNtCskupeKpDJsml_17code_guardian_cli17advanced_handlers18handle_distributed00B7_
FN:278,_RNCNvNtCskupeKpDJsml_17code_guardian_cli17advanced_handlers18handle_distributed0B5_
FN:166,_RNCNvNtCskupeKpDJsml_17code_guardian_cli17advanced_handlers18handle_incremental0B5_
FN:167,_RNCNvNtCskupeKpDJsml_17code_guardian_cli17advanced_handlers18handle_incrementals_0B5_
FN:199,_RNvNtCskupeKpDJsml_17code_guardian_cli17advanced_handlers18handle_distributed
FN:100,_RNvNtCskupeKpDJsml_17code_guardian_cli17advanced_handlers18handle_incremental
FN:7,_RNvNtCskupeKpDJsml_17code_guardian_cli17advanced_handlers23handle_custom_detectors
FNDA:2,_RNCNCNCNvNtCs9ytityy6hmW_17code_guardian_cli17advanced_handlers18handle_distributed000B9_
FNDA:2,_RNCNCNvNtCs9ytityy6hmW_17code_guardian_cli17advanced_handlers18handle_distributed00B7_
FNDA:2,_RNCNvNtCs9ytityy6hmW_17code_guardian_cli17advanced_handlers18handle_distributed0B5_
FNDA:0,_RNCNvNtCs9ytityy6hmW_17code_guardian_cli17advanced_handlers18handle_incremental0B5_
FNDA:0,_RNCNvNtCs9ytityy6hmW_17code_guardian_cli17advanced_handlers18handle_incrementals_0B5_
FNDA:2,_RNvNtCs9ytityy6hmW_17code_guardian_cli17advanced_handlers18handle_distributed
FNDA:2,_RNvNtCs9ytityy6hmW_17code_guardian_cli17advanced_handlers18handle_incremental
FNDA:5,_RNvNtCs9ytityy6hmW_17code_guardian_cli17advanced_handlers23handle_custom_detectors
FNDA:0,_RNCNCNCNvNtCskupeKpDJsml_17code_guardian_cli17advanced_handlers18handle_distributed000B9_
FNDA:0,_RNCNCNvNtCskupeKpDJsml_17code_guardian_cli17advanced_handlers18handle_distributed00B7_
FNDA:0,_RNCNvNtCskupeKpDJsml_17code_guardian_cli17advanced_handlers18handle_distributed0B5_
FNDA:0,_RNCNvNtCskupeKpDJsml_17code_guardian_cli17advanced_handlers18handle_incremental0B5_
FNDA:0,_RNCNvNtCskupeKpDJsml_17code_guardian_cli17advanced_handlers18handle_incrementals_0B5_
FNDA:0,_RNvNtCskupeKpDJsml_17code_guardian_cli17advanced_handlers18handle_distributed
FNDA:0,_RNvNtCskupeKpDJsml_17code_guardian_cli17advanced_handlers18handle_incremental
FNDA:0,_RNvNtCskupeKpDJsml_17code_guardian_cli17advanced_handlers23handle_custom_detectors
FNF:8
FNH:6
DA:7,5
DA:8,5
DA:10,0
DA:11,0
DA:13,0
DA:14,0
DA:15,0
DA:16,0
DA:18,0
DA:19,0
DA:20,0
DA:21,0
DA:22,0
DA:23,0
DA:24,0
DA:25,0
DA:26,0
DA:27,0
DA:31,3
DA:32,3
DA:33,3
DA:34,3
DA:35,3
DA:36,3
DA:37,3
DA:41,1
DA:42,1
DA:43,1
DA:45,1
DA:46,1
DA:47,1
DA:48,1
DA:49,1
DA:52,4
DA:53,3
DA:54,3
DA:56,3
DA:57,3
DA:59,0
DA:66,1
DA:67,1
DA:69,1
DA:70,1
DA:72,1
DA:73,1
DA:75,1
DA:77,1
DA:78,4
DA:79,3
DA:80,3
DA:81,0
DA:82,0
DA:83,0
DA:84,0
DA:85,0
DA:86,3
DA:89,1
DA:90,1
DA:91,1
DA:92,0
DA:93,0
DA:97,5
DA:98,5
DA:100,2
DA:101,2
DA:103,2
DA:105,1
DA:106,1
DA:107,1
DA:108,1
DA:109,0
DA:112,0
DA:113,0
DA:114,0
DA:115,0
DA:116,0
DA:120,0
DA:121,0
DA:122,0
DA:124,0
DA:125,0
DA:127,0
DA:128,0
DA:129,0
DA:130,0
DA:131,0
DA:132,0
DA:133,0
DA:134,0
DA:138,1
DA:139,0
DA:140,0
DA:141,0
DA:142,1
DA:143,1
DA:144,1
DA:148,0
DA:149,0
DA:150,0
DA:151,0
DA:153,0
DA:154,0
DA:156,0
DA:157,0
DA:158,0
DA:160,0
DA:161,0
DA:162,0
DA:164,0
DA:165,0
DA:166,0
DA:167,0
DA:169,0
DA:170,0
DA:171,0
DA:180,0
DA:181,0
DA:182,0
DA:184,0
DA:185,0
DA:186,0
DA:187,0
DA:188,0
DA:189,0
DA:190,0
DA:191,0
DA:192,0
DA:196,1
DA:197,2
DA:199,2
DA:200,2
DA:201,1
DA:202,1
DA:203,1
DA:207,1
DA:209,2
DA:210,2
DA:211,2
DA:212,2
DA:213,2
DA:214,2
DA:215,2
DA:216,2
DA:217,2
DA:218,2
DA:219,2
DA:220,2
DA:221,2
DA:222,2
DA:223,2
DA:224,2
DA:225,2
DA:227,1
DA:228,1
DA:229,1
DA:230,1
DA:231,1
DA:232,1
DA:235,1
DA:236,1
DA:237,1
DA:243,1
DA:244,1
DA:245,1
DA:247,1
DA:248,1
DA:250,1
DA:253,2
DA:254,2
DA:255,2
DA:256,2
DA:257,2
DA:258,2
DA:259,2
DA:260,2
DA:261,2
DA:262,2
DA:263,2
DA:266,1
DA:267,1
DA:268,1
DA:270,1
DA:271,1
DA:272,1
DA:276,1
DA:277,1
DA:278,2
DA:279,2
DA:280,2
DA:281,1
DA:283,1
DA:285,2
DA:286,2
DA:287,1
DA:289,1
DA:290,1
DA:292,1
DA:294,1
DA:295,1
DA:296,1
DA:297,1
DA:298,1
DA:301,1
DA:302,1
DA:303,1
DA:304,1
DA:305,1
DA:306,1
DA:307,1
DA:308,1
DA:309,1
DA:310,1
DA:311,1
DA:313,1
DA:314,0
DA:315,1
DA:316,0
DA:320,2
DA:321,2
BRF:0
BRH:0
LF:224
LH:143
end_of_record
SF:/workspaces/code-guardian/crates/cli/src/benchmark.rs
FN:9,_RNvNtCs9ytityy6hmW_17code_guardian_cli9benchmark13run_benchmark
FN:124,_RNvNtCs9ytityy6hmW_17code_guardian_cli9benchmark22quick_performance_test
FN:62,_RNCNvNtCs9ytityy6hmW_17code_guardian_cli9benchmark13run_benchmark0B5_
FN:62,_RNCNvNtCskupeKpDJsml_17code_guardian_cli9benchmark13run_benchmark0B5_
FN:9,_RNvNtCskupeKpDJsml_17code_guardian_cli9benchmark13run_benchmark
FN:124,_RNvNtCskupeKpDJsml_17code_guardian_cli9benchmark22quick_performance_test
FNDA:0,_RNvNtCs9ytityy6hmW_17code_guardian_cli9benchmark13run_benchmark
FNDA:1,_RNvNtCs9ytityy6hmW_17code_guardian_cli9benchmark22quick_performance_test
FNDA:0,_RNCNvNtCs9ytityy6hmW_17code_guardian_cli9benchmark13run_benchmark0B5_
FNDA:0,_RNCNvNtCskupeKpDJsml_17code_guardian_cli9benchmark13run_benchmark0B5_
FNDA:0,_RNvNtCskupeKpDJsml_17code_guardian_cli9benchmark13run_benchmark
FNDA:0,_RNvNtCskupeKpDJsml_17code_guardian_cli9benchmark22quick_performance_test
FNF:3
FNH:1
DA:9,0
DA:10,0
DA:11,0
DA:13,0
DA:14,0
DA:17,0
DA:18,0
DA:19,0
DA:20,0
DA:21,0
DA:22,0
DA:23,0
DA:24,0
DA:27,0
DA:28,0
DA:29,0
DA:30,0
DA:31,0
DA:32,0
DA:33,0
DA:34,0
DA:37,0
DA:38,0
DA:39,0
DA:40,0
DA:41,0
DA:42,0
DA:43,0
DA:44,0
DA:45,0
DA:46,0
DA:49,0
DA:50,0
DA:53,0
DA:54,0
DA:55,0
DA:58,0
DA:59,0
DA:60,0
DA:61,0
DA:62,0
DA:63,0
DA:64,0
DA:65,0
DA:66,0
DA:67,0
DA:68,0
DA:69,0
DA:70,0
DA:73,0
DA:74,0
DA:77,0
DA:80,0
DA:81,0
DA:83,0
DA:84,0
DA:85,0
DA:86,0
DA:87,0
DA:88,0
DA:89,0
DA:90,0
DA:92,0
DA:93,0
DA:94,0
DA:95,0
DA:96,0
DA:97,0
DA:99,0
DA:100,0
DA:101,0
DA:102,0
DA:103,0
DA:104,0
DA:106,0
DA:107,0
DA:108,0
DA:109,0
DA:110,0
DA:111,0
DA:112,0
DA:113,0
DA:114,0
DA:115,0
DA:117,0
DA:118,0
DA:120,0
DA:121,0
DA:124,1
DA:125,1
DA:126,1
DA:128,1
DA:129,1
DA:130,1
DA:131,1
DA:133,1
DA:134,1
DA:135,1
DA:136,1
DA:137,1
DA:138,1
DA:139,1
DA:140,1
DA:142,1
DA:143,1
DA:144,1
DA:147,1
DA:148,0
DA:149,0
DA:150,0
DA:151,1
DA:153,1
DA:154,1
BRF:0
BRH:0
LF:115
LH:22
end_of_record
SF:/workspaces/code-guardian/crates/cli/src/comparison_handlers.rs
FN:31,_RNCNvNtCs9ytityy6hmW_17code_guardian_cli19comparison_handlers13compare_scans0B5_
FN:36,_RNCNvNtCs9ytityy6hmW_17code_guardian_cli19comparison_handlers13compare_scanss_0B5_
FN:25,_RNvNtCs9ytityy6hmW_17code_guardian_cli19comparison_handlers13compare_scans
FN:9,_RNvNtCs9ytityy6hmW_17code_guardian_cli19comparison_handlers14handle_compare
FN:31,_RNCNvNtCskupeKpDJsml_17code_guardian_cli19comparison_handlers13compare_scans0B5_
FN:36,_RNCNvNtCskupeKpDJsml_17code_guardian_cli19comparison_handlers13compare_scanss_0B5_
FN:25,_RNvNtCskupeKpDJsml_17code_guardian_cli19comparison_handlers13compare_scans
FN:9,_RNvNtCskupeKpDJsml_17code_guardian_cli19comparison_handlers14handle_compare
FNDA:2,_RNCNvNtCs9ytityy6hmW_17code_guardian_cli19comparison_handlers13compare_scans0B5_
FNDA:4,_RNCNvNtCs9ytityy6hmW_17code_guardian_cli19comparison_handlers13compare_scanss_0B5_
FNDA:2,_RNvNtCs9ytityy6hmW_17code_guardian_cli19comparison_handlers13compare_scans
FNDA:2,_RNvNtCs9ytityy6hmW_17code_guardian_cli19comparison_handlers14handle_compare
FNDA:0,_RNCNvNtCskupeKpDJsml_17code_guardian_cli19comparison_handlers13compare_scans0B5_
FNDA:0,_RNCNvNtCskupeKpDJsml_17code_guardian_cli19comparison_handlers13compare_scanss_0B5_
FNDA:0,_RNvNtCskupeKpDJsml_17code_guardian_cli19comparison_handlers13compare_scans
FNDA:0,_RNvNtCskupeKpDJsml_17code_guardian_cli19comparison_handlers14handle_compare
FNF:4
FNH:4
DA:9,2
DA:10,2
DA:11,2
DA:12,2
DA:13,2
DA:14,2
DA:15,2
DA:16,2
DA:17,2
DA:18,2
DA:19,2
DA:20,0
DA:22,2
DA:23,2
DA:25,2
DA:28,2
DA:29,2
DA:30,2
DA:31,2
DA:32,2
DA:33,2
DA:34,2
DA:35,2
DA:36,4
DA:37,2
DA:38,2
DA:39,2
BRF:0
BRH:0
LF:29
LH:28
end_of_record
SF:/workspaces/code-guardian/crates/cli/src/main.rs
FN:441,_RNvCs9ytityy6hmW_17code_guardian_cli14handle_history
FN:470,_RNvCs9ytityy6hmW_17code_guardian_cli16handle_benchmark
FN:463,_RNvCs9ytityy6hmW_17code_guardian_cli17handle_completion
FN:352,_RNvCs9ytityy6hmW_17code_guardian_cli4main
FN:471,_RNCNvCs9ytityy6hmW_17code_guardian_cli16handle_benchmark0B3_
FN:499,_RNvNtCskupeKpDJsml_17code_guardian_cli5testss_20test_cli_description
FN:485,_RNvNtCskupeKpDJsml_17code_guardian_cli5testss_24test_cli_help_generation
FN:511,_RNvNtCskupeKpDJsml_17code_guardian_cli5testss_26test_stack_preset_variants
FN:471,_RNCNvCskupeKpDJsml_17code_guardian_cli16handle_benchmark0B3_
FN:441,_RNvCskupeKpDJsml_17code_guardian_cli14handle_history
FN:470,_RNvCskupeKpDJsml_17code_guardian_cli16handle_benchmark
FN:463,_RNvCskupeKpDJsml_17code_guardian_cli17handle_completion
FN:352,_RNvCskupeKpDJsml_17code_guardian_cli4main
FNDA:1,_RNvCs9ytityy6hmW_17code_guardian_cli14handle_history
FNDA:1,_RNvCs9ytityy6hmW_17code_guardian_cli16handle_benchmark
FNDA:1,_RNvCs9ytityy6hmW_17code_guardian_cli17handle_completion
FNDA:30,_RNvCs9ytityy6hmW_17code_guardian_cli4main
FNDA:0,_RNCNvCs9ytityy6hmW_17code_guardian_cli16handle_benchmark0B3_
FNDA:1,_RNvNtCskupeKpDJsml_17code_guardian_cli5testss_20test_cli_description
FNDA:1,_RNvNtCskupeKpDJsml_17code_guardian_cli5testss_24test_cli_help_generation
FNDA:1,_RNvNtCskupeKpDJsml_17code_guardian_cli5testss_26test_stack_preset_variants
FNDA:0,_RNCNvCskupeKpDJsml_17code_guardian_cli16handle_benchmark0B3_
FNDA:0,_RNvCskupeKpDJsml_17code_guardian_cli14handle_history
FNDA:0,_RNvCskupeKpDJsml_17code_guardian_cli16handle_benchmark
FNDA:0,_RNvCskupeKpDJsml_17code_guardian_cli17handle_completion
FNDA:0,_RNvCskupeKpDJsml_17code_guardian_cli4main
FNF:8
FNH:7
DA:352,30
DA:353,30
DA:355,30
DA:357,9
DA:358,9
DA:359,9
DA:360,9
DA:361,9
DA:362,9
DA:363,9
DA:364,9
DA:365,9
DA:366,9
DA:367,9
DA:368,9
DA:369,9
DA:370,9
DA:371,9
DA:373,9
DA:374,9
DA:375,9
DA:376,9
DA:377,9
DA:378,9
DA:379,9
DA:380,9
DA:381,9
DA:382,9
DA:383,9
DA:384,9
DA:385,9
DA:386,9
DA:387,9
DA:388,9
DA:389,9
DA:390,9
DA:392,1
DA:393,7
DA:395,2
DA:396,2
DA:397,2
DA:398,2
DA:399,2
DA:400,1
DA:401,1
DA:402,5
DA:403,2
DA:404,2
DA:406,0
DA:407,0
DA:408,0
DA:409,0
DA:410,0
DA:411,0
DA:412,0
DA:414,0
DA:415,0
DA:416,0
DA:417,0
DA:419,0
DA:420,0
DA:421,0
DA:422,0
DA:423,0
DA:424,0
DA:426,0
DA:427,0
DA:428,0
DA:429,0
DA:430,0
DA:431,0
DA:433,0
DA:434,0
DA:435,0
DA:436,0
DA:437,0
DA:439,30
DA:441,1
DA:442,1
DA:443,1
DA:444,1
DA:445,1
DA:446,0
DA:447,0
DA:448,1
DA:449,1
DA:450,2
DA:451,1
DA:452,1
DA:453,1
DA:454,1
DA:455,1
DA:456,1
DA:457,1
DA:458,1
DA:459,1
DA:460,1
DA:461,1
DA:463,1
DA:464,1
DA:465,1
DA:466,1
DA:467,1
DA:468,1
DA:470,1
DA:471,1
DA:473,1
DA:474,1
DA:476,0
DA:478,1
DA:485,1
DA:486,1
DA:487,1
DA:490,1
DA:491,1
DA:492,1
DA:493,1
DA:494,1
DA:495,1
DA:496,1
DA:499,1
DA:500,1
DA:501,1
DA:504,1
DA:505,1
DA:506,1
DA:508,1
DA:511,1
DA:513,1
DA:514,1
DA:515,1
DA:516,1
DA:517,1
DA:518,1
DA:519,1
DA:520,1
DA:521,1
DA:522,1
DA:523,1
DA:524,1
DA:525,1
DA:526,1
DA:527,1
DA:528,1
DA:529,1
DA:530,1
DA:531,1
DA:532,1
DA:535,1
DA:536,1
DA:537,0
DA:539,1
DA:540,1
DA:541,0
DA:543,1
DA:544,1
DA:545,0
DA:547,1
DA:548,1
DA:549,0
DA:551,1
DA:552,1
DA:553,0
DA:555,1
BRF:0
BRH:0
LF:165
LH:128
end_of_record
SF:/workspaces/code-guardian/crates/cli/src/production_handlers.rs
FN:270,_RNvNtCs9ytityy6hmW_17code_guardian_cli19production_handlers12handle_watch
FN:124,_RNvNtCs9ytityy6hmW_17code_guardian_cli19production_handlers14handle_ci_gate
FN:190,_RNvNtCs9ytityy6hmW_17code_guardian_cli19production_handlers16handle_lang_scan
FN:316,_RNvNtCs9ytityy6hmW_17code_guardian_cli19production_handlers16is_high_severity
FN:294,_RNvNtCs9ytityy6hmW_17code_guardian_cli19production_handlers17count_by_severity
FN:78,_RNvNtCs9ytityy6hmW_17code_guardian_cli19production_handlers17handle_pre_commit
FN:284,_RNvNtCs9ytityy6hmW_17code_guardian_cli19production_handlers18filter_by_severity
FN:242,_RNvNtCs9ytityy6hmW_17code_guardian_cli19production_handlers19handle_stack_preset
FN:346,_RNvNtCs9ytityy6hmW_17code_guardian_cli19production_handlers20generate_json_output
FN:312,_RNvNtCs9ytityy6hmW_17code_guardian_cli19production_handlers20is_critical_severity
FN:355,_RNvNtCs9ytityy6hmW_17code_guardian_cli19production_handlers23generate_summary_output
FN:11,_RNvNtCs9ytityy6hmW_17code_guardian_cli19production_handlers23handle_production_check
FN:303,_RNvNtCs9ytityy6hmW_17code_guardian_cli19production_handlers24get_severity_for_pattern
FN:320,_RNvNtCs9ytityy6hmW_17code_guardian_cli19production_handlers27map_languages_to_extensions
FN:373,_RNvNtCs9ytityy6hmW_17code_guardian_cli19production_handlers31generate_production_text_output
FN:215,_RNCNCNvNtCs9ytityy6hmW_17code_guardian_cli19production_handlers16handle_lang_scan00B7_
FN:154,_RNCNvNtCs9ytityy6hmW_17code_guardian_cli19production_handlers14handle_ci_gate0B5_
FN:214,_RNCNvNtCs9ytityy6hmW_17code_guardian_cli19production_handlers16handle_lang_scan0B5_
FN:106,_RNCNvNtCs9ytityy6hmW_17code_guardian_cli19production_handlers17handle_pre_commit0B5_
FN:114,_RNCNvNtCs9ytityy6hmW_17code_guardian_cli19production_handlers17handle_pre_commits_0B5_
FN:287,_RNCNvNtCs9ytityy6hmW_17code_guardian_cli19production_handlers18filter_by_severity0B5_
FN:215,_RNCNCNvNtCskupeKpDJsml_17code_guardian_cli19production_handlers16handle_lang_scan00B7_
FN:154,_RNCNvNtCskupeKpDJsml_17code_guardian_cli19production_handlers14handle_ci_gate0B5_
FN:214,_RNCNvNtCskupeKpDJsml_17code_guardian_cli19production_handlers16handle_lang_scan0B5_
FN:106,_RNCNvNtCskupeKpDJsml_17code_guardian_cli19production_handlers17handle_pre_commit0B5_
FN:114,_RNCNvNtCskupeKpDJsml_17code_guardian_cli19production_handlers17handle_pre_commits_0B5_
FN:287,_RNCNvNtCskupeKpDJsml_17code_guardian_cli19production_handlers18filter_by_severity0B5_
FN:270,_RNvNtCskupeKpDJsml_17code_guardian_cli19production_handlers12handle_watch
FN:124,_RNvNtCskupeKpDJsml_17code_guardian_cli19production_handlers14handle_ci_gate
FN:190,_RNvNtCskupeKpDJsml_17code_guardian_cli19production_handlers16handle_lang_scan
FN:78,_RNvNtCskupeKpDJsml_17code_guardian_cli19production_handlers17handle_pre_commit
FN:284,_RNvNtCskupeKpDJsml_17code_guardian_cli19production_handlers18filter_by_severity
FN:242,_RNvNtCskupeKpDJsml_17code_guardian_cli19production_handlers19handle_stack_preset
FN:346,_RNvNtCskupeKpDJsml_17code_guardian_cli19production_handlers20generate_json_output
FN:355,_RNvNtCskupeKpDJsml_17code_guardian_cli19production_handlers23generate_summary_output
FN:11,_RNvNtCskupeKpDJsml_17code_guardian_cli19production_handlers23handle_production_check
FN:373,_RNvNtCskupeKpDJsml_17code_guardian_cli19production_handlers31generate_production_text_output
FN:316,_RNvNtCskupeKpDJsml_17code_guardian_cli19production_handlers16is_high_severity
FN:294,_RNvNtCskupeKpDJsml_17code_guardian_cli19production_handlers17count_by_severity
FN:312,_RNvNtCskupeKpDJsml_17code_guardian_cli19production_handlers20is_critical_severity
FN:303,_RNvNtCskupeKpDJsml_17code_guardian_cli19production_handlers24get_severity_for_pattern
FN:320,_RNvNtCskupeKpDJsml_17code_guardian_cli19production_handlers27map_languages_to_extensions
FN:479,_RNvNtNtCskupeKpDJsml_17code_guardian_cli19production_handlers5testss_21test_is_high_severity
FN:471,_RNvNtNtCskupeKpDJsml_17code_guardian_cli19production_handlers5testss_25test_is_critical_severity
FN:489,_RNvNtNtCskupeKpDJsml_17code_guardian_cli19production_handlers5testss_28test_count_by_severity_empty
FN:462,_RNvNtNtCskupeKpDJsml_17code_guardian_cli19production_handlers5testss_29test_get_severity_for_pattern
FN:450,_RNvNtNtCskupeKpDJsml_17code_guardian_cli19production_handlers5testss_32test_map_languages_to_extensions
FN:496,_RNvNtNtCskupeKpDJsml_17code_guardian_cli19production_handlers5testss_35test_language_mapping_comprehensive
FNDA:0,_RNvNtCs9ytityy6hmW_17code_guardian_cli19production_handlers12handle_watch
FNDA:0,_RNvNtCs9ytityy6hmW_17code_guardian_cli19production_handlers14handle_ci_gate
FNDA:0,_RNvNtCs9ytityy6hmW_17code_guardian_cli19production_handlers16handle_lang_scan
FNDA:0,_RNvNtCs9ytityy6hmW_17code_guardian_cli19production_handlers16is_high_severity
FNDA:0,_RNvNtCs9ytityy6hmW_17code_guardian_cli19production_handlers17count_by_severity
FNDA:0,_RNvNtCs9ytityy6hmW_17code_guardian_cli19production_handlers17handle_pre_commit
FNDA:0,_RNvNtCs9ytityy6hmW_17code_guardian_cli19production_handlers18filter_by_severity
FNDA:0,_RNvNtCs9ytityy6hmW_17code_guardian_cli19production_handlers19handle_stack_preset
FNDA:0,_RNvNtCs9ytityy6hmW_17code_guardian_cli19production_handlers20generate_json_output
FNDA:0,_RNvNtCs9ytityy6hmW_17code_guardian_cli19production_handlers20is_critical_severity
FNDA:0,_RNvNtCs9ytityy6hmW_17code_guardian_cli19production_handlers23generate_summary_output
FNDA:0,_RNvNtCs9ytityy6hmW_17code_guardian_cli19production_handlers23handle_production_check
FNDA:0,_RNvNtCs9ytityy6hmW_17code_guardian_cli19production_handlers24get_severity_for_pattern
FNDA:0,_RNvNtCs9ytityy6hmW_17code_guardian_cli19production_handlers27map_languages_to_extensions
FNDA:0,_RNvNtCs9ytityy6hmW_17code_guardian_cli19production_handlers31generate_production_text_output
FNDA:0,_RNCNCNvNtCs9ytityy6hmW_17code_guardian_cli19production_handlers16handle_lang_scan00B7_
FNDA:0,_RNCNvNtCs9ytityy6hmW_17code_guardian_cli19production_handlers14handle_ci_gate0B5_
FNDA:0,_RNCNvNtCs9ytityy6hmW_17code_guardian_cli19production_handlers16handle_lang_scan0B5_
FNDA:0,_RNCNvNtCs9ytityy6hmW_17code_guardian_cli19production_handlers17handle_pre_commit0B5_
FNDA:0,_RNCNvNtCs9ytityy6hmW_17code_guardian_cli19production_handlers17handle_pre_commits_0B5_
FNDA:0,_RNCNvNtCs9ytityy6hmW_17code_guardian_cli19production_handlers18filter_by_severity0B5_
FNDA:0,_RNCNCNvNtCskupeKpDJsml_17code_guardian_cli19production_handlers16handle_lang_scan00B7_
FNDA:0,_RNCNvNtCskupeKpDJsml_17code_guardian_cli19production_handlers14handle_ci_gate0B5_
FNDA:0,_RNCNvNtCskupeKpDJsml_17code_guardian_cli19production_handlers16handle_lang_scan0B5_
FNDA:0,_RNCNvNtCskupeKpDJsml_17code_guardian_cli19production_handlers17handle_pre_commit0B5_
FNDA:0,_RNCNvNtCskupeKpDJsml_17code_guardian_cli19production_handlers17handle_pre_commits_0B5_
FNDA:0,_RNCNvNtCskupeKpDJsml_17code_guardian_cli19production_handlers18filter_by_severity0B5_
FNDA:0,_RNvNtCskupeKpDJsml_17code_guardian_cli19production_handlers12handle_watch
FNDA:0,_RNvNtCskupeKpDJsml_17code_guardian_cli19production_handlers14handle_ci_gate
FNDA:0,_RNvNtCskupeKpDJsml_17code_guardian_cli19production_handlers16handle_lang_scan
FNDA:0,_RNvNtCskupeKpDJsml_17code_guardian_cli19production_handlers17handle_pre_commit
FNDA:0,_RNvNtCskupeKpDJsml_17code_guardian_cli19production_handlers18filter_by_severity
FNDA:0,_RNvNtCskupeKpDJsml_17code_guardian_cli19production_handlers19handle_stack_preset
FNDA:0,_RNvNtCskupeKpDJsml_17code_guardian_cli19production_handlers20generate_json_output
FNDA:0,_RNvNtCskupeKpDJsml_17code_guardian_cli19production_handlers23generate_summary_output
FNDA:0,_RNvNtCskupeKpDJsml_17code_guardian_cli19production_handlers23handle_production_check
FNDA:0,_RNvNtCskupeKpDJsml_17code_guardian_cli19production_handlers31generate_production_text_output
FNDA:6,_RNvNtCskupeKpDJsml_17code_guardian_cli19production_handlers16is_high_severity
FNDA:1,_RNvNtCskupeKpDJsml_17code_guardian_cli19production_handlers17count_by_severity
FNDA:4,_RNvNtCskupeKpDJsml_17code_guardian_cli19production_handlers20is_critical_severity
FNDA:5,_RNvNtCskupeKpDJsml_17code_guardian_cli19production_handlers24get_severity_for_pattern
FNDA:6,_RNvNtCskupeKpDJsml_17code_guardian_cli19production_handlers27map_languages_to_extensions
FNDA:1,_RNvNtNtCskupeKpDJsml_17code_guardian_cli19production_handlers5testss_21test_is_high_severity
FNDA:1,_RNvNtNtCskupeKpDJsml_17code_guardian_cli19production_handlers5testss_25test_is_critical_severity
FNDA:1,_RNvNtNtCskupeKpDJsml_17code_guardian_cli19production_handlers5testss_28test_count_by_severity_empty
FNDA:1,_RNvNtNtCskupeKpDJsml_17code_guardian_cli19production_handlers5testss_29test_get_severity_for_pattern
FNDA:1,_RNvNtNtCskupeKpDJsml_17code_guardian_cli19production_handlers5testss_32test_map_languages_to_extensions
FNDA:1,_RNvNtNtCskupeKpDJsml_17code_guardian_cli19production_handlers5testss_35test_language_mapping_comprehensive
FNF:27
FNH:11
DA:11,0
DA:12,0
DA:13,0
DA:14,0
DA:15,0
DA:16,0
DA:17,0
DA:18,0
DA:19,0
DA:20,0
DA:23,0
DA:24,0
DA:27,0
DA:30,0
DA:31,0
DA:33,0
DA:37,0
DA:40,0
DA:41,0
DA:42,0
DA:43,0
DA:47,0
DA:48,0
DA:49,0
DA:50,0
DA:51,0
DA:52,0
DA:55,0
DA:56,0
DA:58,0
DA:59,0
DA:60,0
DA:61,0
DA:63,0
DA:64,0
DA:65,0
DA:66,0
DA:68,0
DA:69,0
DA:70,0
DA:71,0
DA:72,0
DA:74,0
DA:75,0
DA:78,0
DA:79,0
DA:81,0
DA:83,0
DA:84,0
DA:85,0
DA:86,0
DA:89,0
DA:92,0
DA:93,0
DA:95,0
DA:97,0
DA:100,0
DA:101,0
DA:102,0
DA:104,0
DA:105,0
DA:106,0
DA:107,0
DA:108,0
DA:109,0
DA:110,0
DA:112,0
DA:113,0
DA:114,0
DA:115,0
DA:116,0
DA:117,0
DA:119,0
DA:120,0
DA:121,0
DA:124,0
DA:125,0
DA:126,0
DA:127,0
DA:128,0
DA:129,0
DA:130,0
DA:131,0
DA:133,0
DA:134,0
DA:135,0
DA:137,0
DA:138,0
DA:139,0
DA:142,0
DA:143,0
DA:144,0
DA:145,0
DA:146,0
DA:147,0
DA:149,0
DA:150,0
DA:151,0
DA:153,0
DA:154,0
DA:155,0
DA:156,0
DA:157,0
DA:158,0
DA:159,0
DA:160,0
DA:163,0
DA:165,0
DA:166,0
DA:167,0
DA:168,0
DA:171,0
DA:172,0
DA:173,0
DA:175,0
DA:176,0
DA:177,0
DA:178,0
DA:180,0
DA:181,0
DA:182,0
DA:183,0
DA:185,0
DA:186,0
DA:187,0
DA:190,0
DA:191,0
DA:192,0
DA:193,0
DA:194,0
DA:195,0
DA:196,0
DA:197,0
DA:199,0
DA:200,0
DA:202,0
DA:203,0
DA:205,0
DA:208,0
DA:209,0
DA:212,0
DA:213,0
DA:214,0
DA:215,0
DA:216,0
DA:217,0
DA:218,0
DA:219,0
DA:221,0
DA:223,0
DA:224,0
DA:225,0
DA:226,0
DA:228,0
DA:229,0
DA:230,0
DA:231,0
DA:232,0
DA:233,0
DA:234,0
DA:235,0
DA:238,0
DA:239,0
DA:242,0
DA:245,0
DA:246,0
DA:247,0
DA:248,0
DA:250,0
DA:251,0
DA:252,0
DA:254,0
DA:255,0
DA:256,0
DA:258,0
DA:259,0
DA:260,0
DA:262,0
DA:263,0
DA:264,0
DA:267,0
DA:270,0
DA:271,0
DA:272,0
DA:273,0
DA:274,0
DA:275,0
DA:276,0
DA:277,0
DA:278,0
DA:279,0
DA:280,0
DA:284,0
DA:285,0
DA:286,0
DA:287,0
DA:288,0
DA:289,0
DA:290,0
DA:291,0
DA:292,0
DA:294,1
DA:295,1
DA:296,1
DA:297,0
DA:298,0
DA:299,0
DA:300,1
DA:301,1
DA:303,5
DA:304,5
DA:305,5
DA:306,4
DA:307,3
DA:308,2
DA:309,5
DA:310,5
DA:312,4
DA:313,4
DA:314,4
DA:316,6
DA:317,6
DA:318,6
DA:320,6
DA:321,6
DA:322,14
DA:323,8
DA:324,8
DA:325,6
DA:326,5
DA:327,3
DA:328,1
DA:329,0
DA:330,0
DA:331,0
DA:332,0
DA:333,0
DA:334,0
DA:335,0
DA:336,0
DA:337,0
DA:338,0
DA:339,0
DA:340,0
DA:343,6
DA:344,6
DA:346,0
DA:347,0
DA:348,0
DA:349,0
DA:350,0
DA:352,0
DA:353,0
DA:355,0
DA:356,0
DA:357,0
DA:358,0
DA:360,0
DA:361,0
DA:362,0
DA:363,0
DA:364,0
DA:365,0
DA:366,0
DA:368,0
DA:370,0
DA:371,0
DA:373,0
DA:374,0
DA:376,0
DA:379,0
DA:380,0
DA:381,0
DA:382,0
DA:384,0
DA:385,0
DA:386,0
DA:387,0
DA:388,0
DA:389,0
DA:390,0
DA:395,0
DA:396,0
DA:397,0
DA:398,0
DA:399,0
DA:400,0
DA:401,0
DA:402,0
DA:404,0
DA:405,0
DA:406,0
DA:407,0
DA:408,0
DA:409,0
DA:410,0
DA:411,0
DA:413,0
DA:414,0
DA:415,0
DA:416,0
DA:417,0
DA:418,0
DA:419,0
DA:420,0
DA:422,0
DA:423,0
DA:424,0
DA:425,0
DA:426,0
DA:427,0
DA:428,0
DA:429,0
DA:430,0
DA:431,0
DA:432,0
DA:435,0
DA:436,0
DA:437,0
DA:438,0
DA:439,0
DA:440,0
DA:442,0
DA:443,0
DA:450,1
DA:451,1
DA:452,1
DA:454,1
DA:455,1
DA:456,1
DA:457,1
DA:458,1
DA:459,1
DA:462,1
DA:463,1
DA:464,1
DA:465,1
DA:466,1
DA:467,1
DA:468,1
DA:471,1
DA:472,1
DA:473,1
DA:474,1
DA:475,1
DA:476,1
DA:479,1
DA:480,1
DA:481,1
DA:482,1
DA:483,1
DA:484,1
DA:485,1
DA:486,1
DA:489,1
DA:490,1
DA:491,1
DA:492,1
DA:493,1
DA:496,1
DA:497,1
DA:498,1
DA:499,1
DA:500,1
DA:501,1
DA:502,1
DA:505,6
DA:506,5
DA:507,5
DA:509,12
DA:510,7
DA:511,7
DA:512,0
DA:518,1
BRF:0
BRH:0
LF:379
LH:79
end_of_record
SF:/workspaces/code-guardian/crates/cli/src/report_handlers.rs
FN:24,_RNvNtCs9ytityy6hmW_17code_guardian_cli15report_handlers13get_formatter
FN:10,_RNvNtCs9ytityy6hmW_17code_guardian_cli15report_handlers13handle_report
FN:24,_RNvNtCskupeKpDJsml_17code_guardian_cli15report_handlers13get_formatter
FN:10,_RNvNtCskupeKpDJsml_17code_guardian_cli15report_handlers13handle_report
FNDA:9,_RNvNtCs9ytityy6hmW_17code_guardian_cli15report_handlers13get_formatter
FNDA:7,_RNvNtCs9ytityy6hmW_17code_guardian_cli15report_handlers13handle_report
FNDA:0,_RNvNtCskupeKpDJsml_17code_guardian_cli15report_handlers13get_formatter
FNDA:0,_RNvNtCskupeKpDJsml_17code_guardian_cli15report_handlers13handle_report
FNF:2
FNH:2
DA:10,7
DA:11,7
DA:12,6
DA:13,6
DA:14,6
DA:15,6
DA:16,5
DA:17,5
DA:18,5
DA:19,1
DA:21,6
DA:22,7
DA:24,9
DA:25,9
DA:26,9
DA:27,6
DA:28,4
DA:29,3
DA:30,2
DA:31,1
DA:33,9
BRF:0
BRH:0
LF:21
LH:21
end_of_record
SF:/workspaces/code-guardian/crates/cli/src/scan_handlers.rs
FN:143,_RNCNCNvNtCs9ytityy6hmW_17code_guardian_cli13scan_handlers11handle_scans_00B7_
FN:61,_RNCNvNtCs9ytityy6hmW_17code_guardian_cli13scan_handlers11handle_scan0B5_
FN:176,_RNCNvNtCs9ytityy6hmW_17code_guardian_cli13scan_handlers11handle_scans0_0B5_
FN:142,_RNCNvNtCs9ytityy6hmW_17code_guardian_cli13scan_handlers11handle_scans_0B5_
FN:32,_RNvNtCs9ytityy6hmW_17code_guardian_cli13scan_handlers11handle_scan
FN:143,_RNCNCNvNtCskupeKpDJsml_17code_guardian_cli13scan_handlers11handle_scans_00B7_
FN:61,_RNCNvNtCskupeKpDJsml_17code_guardian_cli13scan_handlers11handle_scan0B5_
FN:176,_RNCNvNtCskupeKpDJsml_17code_guardian_cli13scan_handlers11handle_scans0_0B5_
FN:142,_RNCNvNtCskupeKpDJsml_17code_guardian_cli13scan_handlers11handle_scans_0B5_
FN:32,_RNvNtCskupeKpDJsml_17code_guardian_cli13scan_handlers11handle_scan
FNDA:3,_RNCNCNvNtCs9ytityy6hmW_17code_guardian_cli13scan_handlers11handle_scans_00B7_
FNDA:0,_RNCNvNtCs9ytityy6hmW_17code_guardian_cli13scan_handlers11handle_scan0B5_
FNDA:0,_RNCNvNtCs9ytityy6hmW_17code_guardian_cli13scan_handlers11handle_scans0_0B5_
FNDA:3,_RNCNvNtCs9ytityy6hmW_17code_guardian_cli13scan_handlers11handle_scans_0B5_
FNDA:9,_RNvNtCs9ytityy6hmW_17code_guardian_cli13scan_handlers11handle_scan
FNDA:0,_RNCNCNvNtCskupeKpDJsml_17code_guardian_cli13scan_handlers11handle_scans_00B7_
FNDA:0,_RNCNvNtCskupeKpDJsml_17code_guardian_cli13scan_handlers11handle_scan0B5_
FNDA:0,_RNCNvNtCskupeKpDJsml_17code_guardian_cli13scan_handlers11handle_scans0_0B5_
FNDA:0,_RNCNvNtCskupeKpDJsml_17code_guardian_cli13scan_handlers11handle_scans_0B5_
FNDA:0,_RNvNtCskupeKpDJsml_17code_guardian_cli13scan_handlers11handle_scan
FNF:5
FNH:3
DA:32,9
DA:33,9
DA:34,1
DA:35,1
DA:36,1
DA:37,1
DA:38,8
DA:39,8
DA:40,0
DA:41,0
DA:42,0
DA:43,0
DA:44,8
DA:45,8
DA:47,8
DA:48,0
DA:49,8
DA:50,8
DA:51,0
DA:52,8
DA:53,8
DA:54,0
DA:55,8
DA:56,8
DA:57,0
DA:58,8
DA:59,8
DA:60,8
DA:61,8
DA:62,8
DA:65,8
DA:66,8
DA:67,1
DA:68,1
DA:69,7
DA:72,8
DA:75,8
DA:76,8
DA:77,1
DA:78,1
DA:79,1
DA:80,1
DA:81,1
DA:82,7
DA:84,8
DA:85,1
DA:86,1
DA:87,1
DA:89,7
DA:92,8
DA:94,1
DA:95,0
DA:96,1
DA:98,1
DA:99,1
DA:100,1
DA:103,0
DA:104,0
DA:105,0
DA:106,0
DA:107,0
DA:108,0
DA:109,0
DA:110,0
DA:112,0
DA:113,7
DA:115,1
DA:116,0
DA:117,1
DA:119,1
DA:122,5
DA:123,4
DA:124,4
DA:125,4
DA:126,4
DA:127,4
DA:128,4
DA:129,4
DA:130,4
DA:131,4
DA:132,4
DA:135,2
DA:136,2
DA:137,2
DA:140,1
DA:141,1
DA:142,3
DA:143,3
DA:144,3
DA:145,2
DA:147,1
DA:149,3
DA:150,3
DA:151,1
DA:153,1
DA:154,1
DA:157,1
DA:158,1
DA:159,1
DA:160,1
DA:161,1
DA:162,1
DA:163,1
DA:164,1
DA:166,1
DA:167,6
DA:169,0
DA:170,0
DA:171,0
DA:173,0
DA:174,0
DA:176,0
DA:177,0
DA:178,0
DA:179,0
DA:181,0
DA:182,6
DA:184,2
DA:185,0
DA:186,2
DA:188,2
DA:189,2
DA:190,2
DA:193,4
DA:194,1
DA:195,3
DA:197,4
DA:198,4
DA:199,4
DA:202,7
DA:203,1
DA:204,6
DA:205,7
DA:206,7
DA:207,7
DA:208,7
DA:209,7
DA:210,7
DA:211,7
DA:212,7
DA:213,7
DA:216,7
DA:217,1
DA:218,1
DA:219,1
DA:220,1
DA:221,1
DA:222,1
DA:224,1
DA:225,1
DA:226,1
DA:227,1
DA:228,1
DA:230,1
DA:231,1
DA:232,1
DA:233,1
DA:234,1
DA:235,1
DA:238,0
DA:239,1
DA:240,6
DA:242,7
DA:243,7
DA:244,7
DA:245,9
BRF:0
BRH:0
LF:171
LH:137
end_of_record
SF:/workspaces/code-guardian/crates/cli/src/utils.rs
FN:5,_RNvNtCs9ytityy6hmW_17code_guardian_cli5utils11get_db_path
FN:10,_RNvNtCs9ytityy6hmW_17code_guardian_cli5utils26get_detectors_from_profile
FN:6,_RNCNvNtCs9ytityy6hmW_17code_guardian_cli5utils11get_db_path0B5_
FN:6,_RNCNvNtCskupeKpDJsml_17code_guardian_cli5utils11get_db_path0B5_
FN:5,_RNvNtCskupeKpDJsml_17code_guardian_cli5utils11get_db_path
FN:10,_RNvNtCskupeKpDJsml_17code_guardian_cli5utils26get_detectors_from_profile
FNDA:9,_RNvNtCs9ytityy6hmW_17code_guardian_cli5utils11get_db_path
FNDA:9,_RNvNtCs9ytityy6hmW_17code_guardian_cli5utils26get_detectors_from_profile
FNDA:0,_RNCNvNtCs9ytityy6hmW_17code_guardian_cli5utils11get_db_path0B5_
FNDA:0,_RNCNvNtCskupeKpDJsml_17code_guardian_cli5utils11get_db_path0B5_
FNDA:0,_RNvNtCskupeKpDJsml_17code_guardian_cli5utils11get_db_path
FNDA:0,_RNvNtCskupeKpDJsml_17code_guardian_cli5utils26get_detectors_from_profile
FNF:3
FNH:2
DA:5,9
DA:6,9
DA:7,9
DA:10,9
DA:11,9
DA:12,9
DA:13,1
DA:14,0
DA:15,0
DA:16,0
DA:18,0
DA:19,0
DA:22,9
BRF:0
BRH:0
LF:14
LH:8
end_of_record
SF:/workspaces/code-guardian/crates/core/src/config.rs
FN:29,_RINvNtCs68w1SQ3ZN52_18code_guardian_core6config11load_configNtNtCscKkwsb9kWaL_3std4path7PathBufECs9ytityy6hmW_17code_guardian_cli
FN:45,_RNCINvNtCs68w1SQ3ZN52_18code_guardian_core6config11load_configNtNtCscKkwsb9kWaL_3std4path7PathBufE0Cs9ytityy6hmW_17code_guardian_cli
FN:16,_RNvXNtCs68w1SQ3ZN52_18code_guardian_core6configNtB2_6ConfigNtNtCs5GmCzIpY9Qj_4core7default7Default7default
FN:29,_RINvNtCs4YMcHG5g4LQ_18code_guardian_core6config11load_configRNtNtCscKkwsb9kWaL_3std4path7PathBufEB4_
FN:29,_RINvNtCs4YMcHG5g4LQ_18code_guardian_core6config11load_configReEB4_
FN:45,_RNCINvNtCs4YMcHG5g4LQ_18code_guardian_core6config11load_configRNtNtCscKkwsb9kWaL_3std4path7PathBufE0B6_
FN:45,_RNCINvNtCs4YMcHG5g4LQ_18code_guardian_core6config11load_configReE0B6_
FN:75,_RNvNtNtCs4YMcHG5g4LQ_18code_guardian_core6config5testss_19test_default_config
FN:112,_RNvNtNtCs4YMcHG5g4LQ_18code_guardian_core6config5testss_21test_load_config_json
FN:87,_RNvNtNtCs4YMcHG5g4LQ_18code_guardian_core6config5testss_21test_load_config_toml
FN:137,_RNvNtNtCs4YMcHG5g4LQ_18code_guardian_core6config5testss_24test_load_config_no_file
FN:150,_RNvNtNtCs4YMcHG5g4LQ_18code_guardian_core6config5testss_35test_load_config_unsupported_format
FN:16,_RNvXNtCs4YMcHG5g4LQ_18code_guardian_core6configNtB2_6ConfigNtNtCs5GmCzIpY9Qj_4core7default7Default7default
FNDA:8,_RINvNtCs68w1SQ3ZN52_18code_guardian_core6config11load_configNtNtCscKkwsb9kWaL_3std4path7PathBufECs9ytityy6hmW_17code_guardian_cli
FNDA:0,_RNCINvNtCs68w1SQ3ZN52_18code_guardian_core6config11load_configNtNtCscKkwsb9kWaL_3std4path7PathBufE0Cs9ytityy6hmW_17code_guardian_cli
FNDA:0,_RNvXNtCs68w1SQ3ZN52_18code_guardian_core6configNtB2_6ConfigNtNtCs5GmCzIpY9Qj_4core7default7Default7default
FNDA:3,_RINvNtCs4YMcHG5g4LQ_18code_guardian_core6config11load_configRNtNtCscKkwsb9kWaL_3std4path7PathBufEB4_
FNDA:1,_RINvNtCs4YMcHG5g4LQ_18code_guardian_core6config11load_configReEB4_
FNDA:3,_RNCINvNtCs4YMcHG5g4LQ_18code_guardian_core6config11load_configRNtNtCscKkwsb9kWaL_3std4path7PathBufE0B6_
FNDA:0,_RNCINvNtCs4YMcHG5g4LQ_18code_guardian_core6config11load_configReE0B6_
FNDA:1,_RNvNtNtCs4YMcHG5g4LQ_18code_guardian_core6config5testss_19test_default_config
FNDA:1,_RNvNtNtCs4YMcHG5g4LQ_18code_guardian_core6config5testss_21test_load_config_json
FNDA:1,_RNvNtNtCs4YMcHG5g4LQ_18code_guardian_core6config5testss_21test_load_config_toml
FNDA:1,_RNvNtNtCs4YMcHG5g4LQ_18code_guardian_core6config5testss_24test_load_config_no_file
FNDA:1,_RNvNtNtCs4YMcHG5g4LQ_18code_guardian_core6config5testss_35test_load_config_unsupported_format
FNDA:2,_RNvXNtCs4YMcHG5g4LQ_18code_guardian_core6configNtB2_6ConfigNtNtCs5GmCzIpY9Qj_4core7default7Default7default
FNF:8
FNH:8
DA:16,2
DA:17,2
DA:18,2
DA:19,2
DA:20,2
DA:21,2
DA:22,2
DA:23,2
DA:24,2
DA:25,2
DA:26,2
DA:29,12
DA:30,12
DA:33,12
DA:34,12
DA:35,12
DA:36,12
DA:37,12
DA:38,12
DA:39,12
DA:42,12
DA:43,3
DA:44,3
DA:45,3
DA:46,3
DA:47,3
DA:48,1
DA:49,1
DA:50,2
DA:51,1
DA:52,1
DA:54,1
DA:55,1
DA:56,1
DA:57,1
DA:60,0
DA:61,9
DA:63,11
DA:64,11
DA:65,11
DA:66,12
DA:75,1
DA:76,1
DA:77,1
DA:78,1
DA:79,1
DA:80,1
DA:81,1
DA:82,1
DA:83,1
DA:84,1
DA:87,1
DA:88,1
DA:89,1
DA:90,1
DA:91,1
DA:92,1
DA:93,1
DA:94,1
DA:95,1
DA:96,1
DA:97,1
DA:98,1
DA:99,1
DA:101,1
DA:102,1
DA:103,1
DA:104,1
DA:105,1
DA:106,1
DA:107,1
DA:108,1
DA:109,1
DA:112,1
DA:113,1
DA:114,1
DA:115,1
DA:116,1
DA:117,1
DA:118,1
DA:119,1
DA:120,1
DA:121,1
DA:122,1
DA:123,1
DA:124,1
DA:126,1
DA:127,1
DA:128,1
DA:129,1
DA:130,1
DA:131,1
DA:132,1
DA:133,1
DA:134,1
DA:137,1
DA:138,1
DA:139,1
DA:140,1
DA:141,1
DA:142,1
DA:143,1
DA:144,1
DA:145,1
DA:146,1
DA:147,1
DA:150,1
DA:151,1
DA:152,1
DA:153,1
DA:155,1
DA:156,1
DA:157,1
BRF:0
BRH:0
LF:114
LH:112
end_of_record
SF:/workspaces/code-guardian/crates/core/src/custom_detectors.rs
FN:183,_RINvMs2_NtCs68w1SQ3ZN52_18code_guardian_core16custom_detectorsNtB6_21CustomDetectorManager12save_to_fileRNtNtCscKkwsb9kWaL_3std4path7PathBufECs9ytityy6hmW_17code_guardian_cli
FN:155,_RINvMs2_NtCs68w1SQ3ZN52_18code_guardian_core16custom_detectorsNtB6_21CustomDetectorManager14load_from_fileRNtNtCscKkwsb9kWaL_3std4path7PathBufECs9ytityy6hmW_17code_guardian_cli
FN:187,_RNCINvMs2_NtCs68w1SQ3ZN52_18code_guardian_core16custom_detectorsNtB8_21CustomDetectorManager12save_to_fileRNtNtCscKkwsb9kWaL_3std4path7PathBufE0Cs9ytityy6hmW_17code_guardian_cli
FN:191,_RNCINvMs2_NtCs68w1SQ3ZN52_18code_guardian_core16custom_detectorsNtB8_21CustomDetectorManager12save_to_fileRNtNtCscKkwsb9kWaL_3std4path7PathBufEs_0Cs9ytityy6hmW_17code_guardian_cli
FN:160,_RNCINvMs2_NtCs68w1SQ3ZN52_18code_guardian_core16custom_detectorsNtB8_21CustomDetectorManager14load_from_fileRNtNtCscKkwsb9kWaL_3std4path7PathBufE0Cs9ytityy6hmW_17code_guardian_cli
FN:133,_RNCNvMs1_NtCs68w1SQ3ZN52_18code_guardian_core16custom_detectorsNtB7_14CustomDetector27extract_message_from_groups0B9_
FN:231,_RNCNvMs2_NtCs68w1SQ3ZN52_18code_guardian_core16custom_detectorsNtB7_21CustomDetectorManager13get_detectors0B9_
FN:232,_RNCNvMs2_NtCs68w1SQ3ZN52_18code_guardian_core16custom_detectorsNtB7_21CustomDetectorManager13get_detectorss_0B9_
FN:238,_RNCNvMs2_NtCs68w1SQ3ZN52_18code_guardian_core16custom_detectorsNtB7_21CustomDetectorManager14list_detectors0B9_
FN:76,_RNCNvMs_NtCs68w1SQ3ZN52_18code_guardian_core16custom_detectorsNtB6_14CustomDetector19should_process_file0B8_
FN:80,_RNCNvMs_NtCs68w1SQ3ZN52_18code_guardian_core16custom_detectorsNtB6_14CustomDetector19should_process_files_0B8_
FN:60,_RNCNvMs_NtCs68w1SQ3ZN52_18code_guardian_core16custom_detectorsNtB6_14CustomDetector3new0B8_
FN:122,_RNvMs1_NtCs68w1SQ3ZN52_18code_guardian_core16custom_detectorsNtB5_14CustomDetector27extract_message_from_groups
FN:209,_RNvMs2_NtCs68w1SQ3ZN52_18code_guardian_core16custom_detectorsNtB5_21CustomDetectorManager12add_detector
FN:228,_RNvMs2_NtCs68w1SQ3ZN52_18code_guardian_core16custom_detectorsNtB5_21CustomDetectorManager13get_detectors
FN:237,_RNvMs2_NtCs68w1SQ3ZN52_18code_guardian_core16custom_detectorsNtB5_21CustomDetectorManager14list_detectors
FN:262,_RNvMs2_NtCs68w1SQ3ZN52_18code_guardian_core16custom_detectorsNtB5_21CustomDetectorManager15create_examples
FN:218,_RNvMs2_NtCs68w1SQ3ZN52_18code_guardian_core16custom_detectorsNtB5_21CustomDetectorManager15remove_detector
FN:242,_RNvMs2_NtCs68w1SQ3ZN52_18code_guardian_core16custom_detectorsNtB5_21CustomDetectorManager20set_detector_enabled
FN:147,_RNvMs2_NtCs68w1SQ3ZN52_18code_guardian_core16custom_detectorsNtB5_21CustomDetectorManager3new
FN:71,_RNvMs_NtCs68w1SQ3ZN52_18code_guardian_core16custom_detectorsNtB4_14CustomDetector19should_process_file
FN:50,_RNvMs_NtCs68w1SQ3ZN52_18code_guardian_core16custom_detectorsNtB4_14CustomDetector3new
FN:66,_RNvMs_NtCs68w1SQ3ZN52_18code_guardian_core16custom_detectorsNtB4_14CustomDetector6config
FN:321,_RNvNtCs68w1SQ3ZN52_18code_guardian_core16custom_detectors16find_line_column
FN:43,_RNvXNtCs68w1SQ3ZN52_18code_guardian_core16custom_detectorsNtB2_14CustomDetectorNtNtCs5GmCzIpY9Qj_4core5clone5Clone5clone
FN:88,_RNvXs0_NtCs68w1SQ3ZN52_18code_guardian_core16custom_detectorsNtB5_14CustomDetectorNtB7_15PatternDetector6detect
FN:315,_RNvXs3_NtCs68w1SQ3ZN52_18code_guardian_core16custom_detectorsNtB5_21CustomDetectorManagerNtNtCs5GmCzIpY9Qj_4core7default7Default7default
FN:423,_RNvNtNtCs4YMcHG5g4LQ_18code_guardian_core16custom_detectors5testss_18test_complex_regex
FN:402,_RNvNtNtCs4YMcHG5g4LQ_18code_guardian_core16custom_detectors5testss_18test_empty_pattern
FN:588,_RNvNtNtCs4YMcHG5g4LQ_18code_guardian_core16custom_detectors5testss_18test_invalid_regex
FN:445,_RNvNtNtCs4YMcHG5g4LQ_18code_guardian_core16custom_detectors5testss_18test_large_content
FN:542,_RNvNtNtCs4YMcHG5g4LQ_18code_guardian_core16custom_detectors5testss_19test_capture_groups
FN:492,_RNvNtNtCs4YMcHG5g4LQ_18code_guardian_core16custom_detectors5testss_21test_case_insensitive
FN:390,_RNvNtNtCs4YMcHG5g4LQ_18code_guardian_core16custom_detectors5testss_21test_detector_manager
FN:566,_RNvNtNtCs4YMcHG5g4LQ_18code_guardian_core16custom_detectors5testss_22test_disabled_detector
FN:470,_RNvNtNtCs4YMcHG5g4LQ_18code_guardian_core16custom_detectors5testss_22test_multiline_pattern
FN:346,_RNvNtNtCs4YMcHG5g4LQ_18code_guardian_core16custom_detectors5testss_29test_custom_detector_creation
FN:366,_RNvNtNtCs4YMcHG5g4LQ_18code_guardian_core16custom_detectors5testss_29test_custom_detector_matching
FN:514,_RNvNtNtCs4YMcHG5g4LQ_18code_guardian_core16custom_detectors5testss_29test_file_extension_filtering
FN:183,_RINvMs2_NtCs4YMcHG5g4LQ_18code_guardian_core16custom_detectorsNtB6_21CustomDetectorManager12save_to_filepEB8_
FN:155,_RINvMs2_NtCs4YMcHG5g4LQ_18code_guardian_core16custom_detectorsNtB6_21CustomDetectorManager14load_from_filepEB8_
FN:187,_RNCINvMs2_NtCs4YMcHG5g4LQ_18code_guardian_core16custom_detectorsNtB8_21CustomDetectorManager12save_to_filepE0Ba_
FN:191,_RNCINvMs2_NtCs4YMcHG5g4LQ_18code_guardian_core16custom_detectorsNtB8_21CustomDetectorManager12save_to_filepEs_0Ba_
FN:160,_RNCINvMs2_NtCs4YMcHG5g4LQ_18code_guardian_core16custom_detectorsNtB8_21CustomDetectorManager14load_from_filepE0Ba_
FN:218,_RNvMs2_NtCs4YMcHG5g4LQ_18code_guardian_core16custom_detectorsNtB5_21CustomDetectorManager15remove_detector
FN:242,_RNvMs2_NtCs4YMcHG5g4LQ_18code_guardian_core16custom_detectorsNtB5_21CustomDetectorManager20set_detector_enabled
FN:315,_RNvXs3_NtCs4YMcHG5g4LQ_18code_guardian_core16custom_detectorsNtB5_21CustomDetectorManagerNtNtCs5GmCzIpY9Qj_4core7default7Default7default
FN:133,_RNCNvMs1_NtCs4YMcHG5g4LQ_18code_guardian_core16custom_detectorsNtB7_14CustomDetector27extract_message_from_groups0B9_
FN:231,_RNCNvMs2_NtCs4YMcHG5g4LQ_18code_guardian_core16custom_detectorsNtB7_21CustomDetectorManager13get_detectors0B9_
FN:232,_RNCNvMs2_NtCs4YMcHG5g4LQ_18code_guardian_core16custom_detectorsNtB7_21CustomDetectorManager13get_detectorss_0B9_
FN:238,_RNCNvMs2_NtCs4YMcHG5g4LQ_18code_guardian_core16custom_detectorsNtB7_21CustomDetectorManager14list_detectors0B9_
FN:76,_RNCNvMs_NtCs4YMcHG5g4LQ_18code_guardian_core16custom_detectorsNtB6_14CustomDetector19should_process_file0B8_
FN:80,_RNCNvMs_NtCs4YMcHG5g4LQ_18code_guardian_core16custom_detectorsNtB6_14CustomDetector19should_process_files_0B8_
FN:60,_RNCNvMs_NtCs4YMcHG5g4LQ_18code_guardian_core16custom_detectorsNtB6_14CustomDetector3new0B8_
FN:122,_RNvMs1_NtCs4YMcHG5g4LQ_18code_guardian_core16custom_detectorsNtB5_14CustomDetector27extract_message_from_groups
FN:209,_RNvMs2_NtCs4YMcHG5g4LQ_18code_guardian_core16custom_detectorsNtB5_21CustomDetectorManager12add_detector
FN:228,_RNvMs2_NtCs4YMcHG5g4LQ_18code_guardian_core16custom_detectorsNtB5_21CustomDetectorManager13get_detectors
FN:237,_RNvMs2_NtCs4YMcHG5g4LQ_18code_guardian_core16custom_detectorsNtB5_21CustomDetectorManager14list_detectors
FN:262,_RNvMs2_NtCs4YMcHG5g4LQ_18code_guardian_core16custom_detectorsNtB5_21CustomDetectorManager15create_examples
FN:147,_RNvMs2_NtCs4YMcHG5g4LQ_18code_guardian_core16custom_detectorsNtB5_21CustomDetectorManager3new
FN:71,_RNvMs_NtCs4YMcHG5g4LQ_18code_guardian_core16custom_detectorsNtB4_14CustomDetector19should_process_file
FN:50,_RNvMs_NtCs4YMcHG5g4LQ_18code_guardian_core16custom_detectorsNtB4_14CustomDetector3new
FN:66,_RNvMs_NtCs4YMcHG5g4LQ_18code_guardian_core16custom_detectorsNtB4_14CustomDetector6config
FN:321,_RNvNtCs4YMcHG5g4LQ_18code_guardian_core16custom_detectors16find_line_column
FN:43,_RNvXNtCs4YMcHG5g4LQ_18code_guardian_core16custom_detectorsNtB2_14CustomDetectorNtNtCs5GmCzIpY9Qj_4core5clone5Clone5clone
FN:88,_RNvXs0_NtCs4YMcHG5g4LQ_18code_guardian_core16custom_detectorsNtB5_14CustomDetectorNtB7_15PatternDetector6detect
FNDA:3,_RINvMs2_NtCs68w1SQ3ZN52_18code_guardian_core16custom_detectorsNtB6_21CustomDetectorManager12save_to_fileRNtNtCscKkwsb9kWaL_3std4path7PathBufECs9ytityy6hmW_17code_guardian_cli
FNDA:3,_RINvMs2_NtCs68w1SQ3ZN52_18code_guardian_core16custom_detectorsNtB6_21CustomDetectorManager14load_from_fileRNtNtCscKkwsb9kWaL_3std4path7PathBufECs9ytityy6hmW_17code_guardian_cli
FNDA:9,_RNCINvMs2_NtCs68w1SQ3ZN52_18code_guardian_core16custom_detectorsNtB8_21CustomDetectorManager12save_to_fileRNtNtCscKkwsb9kWaL_3std4path7PathBufE0Cs9ytityy6hmW_17code_guardian_cli
FNDA:3,_RNCINvMs2_NtCs68w1SQ3ZN52_18code_guardian_core16custom_detectorsNtB8_21CustomDetectorManager12save_to_fileRNtNtCscKkwsb9kWaL_3std4path7PathBufEs_0Cs9ytityy6hmW_17code_guardian_cli
FNDA:3,_RNCINvMs2_NtCs68w1SQ3ZN52_18code_guardian_core16custom_detectorsNtB8_21CustomDetectorManager14load_from_fileRNtNtCscKkwsb9kWaL_3std4path7PathBufE0Cs9ytityy6hmW_17code_guardian_cli
FNDA:0,_RNCNvMs1_NtCs68w1SQ3ZN52_18code_guardian_core16custom_detectorsNtB7_14CustomDetector27extract_message_from_groups0B9_
FNDA:4,_RNCNvMs2_NtCs68w1SQ3ZN52_18code_guardian_core16custom_detectorsNtB7_21CustomDetectorManager13get_detectors0B9_
FNDA:4,_RNCNvMs2_NtCs68w1SQ3ZN52_18code_guardian_core16custom_detectorsNtB7_21CustomDetectorManager13get_detectorss_0B9_
FNDA:3,_RNCNvMs2_NtCs68w1SQ3ZN52_18code_guardian_core16custom_detectorsNtB7_21CustomDetectorManager14list_detectors0B9_
FNDA:4,_RNCNvMs_NtCs68w1SQ3ZN52_18code_guardian_core16custom_detectorsNtB6_14CustomDetector19should_process_file0B8_
FNDA:6,_RNCNvMs_NtCs68w1SQ3ZN52_18code_guardian_core16custom_detectorsNtB6_14CustomDetector19should_process_files_0B8_
FNDA:0,_RNCNvMs_NtCs68w1SQ3ZN52_18code_guardian_core16custom_detectorsNtB6_14CustomDetector3new0B8_
FNDA:0,_RNvMs1_NtCs68w1SQ3ZN52_18code_guardian_core16custom_detectorsNtB5_14CustomDetector27extract_message_from_groups
FNDA:9,_RNvMs2_NtCs68w1SQ3ZN52_18code_guardian_core16custom_detectorsNtB5_21CustomDetectorManager12add_detector
FNDA:9,_RNvMs2_NtCs68w1SQ3ZN52_18code_guardian_core16custom_detectorsNtB5_21CustomDetectorManager13get_detectors
FNDA:1,_RNvMs2_NtCs68w1SQ3ZN52_18code_guardian_core16custom_detectorsNtB5_21CustomDetectorManager14list_detectors
FNDA:3,_RNvMs2_NtCs68w1SQ3ZN52_18code_guardian_core16custom_detectorsNtB5_21CustomDetectorManager15create_examples
FNDA:0,_RNvMs2_NtCs68w1SQ3ZN52_18code_guardian_core16custom_detectorsNtB5_21CustomDetectorManager15remove_detector
FNDA:0,_RNvMs2_NtCs68w1SQ3ZN52_18code_guardian_core16custom_detectorsNtB5_21CustomDetectorManager20set_detector_enabled
FNDA:13,_RNvMs2_NtCs68w1SQ3ZN52_18code_guardian_core16custom_detectorsNtB5_21CustomDetectorManager3new
FNDA:5,_RNvMs_NtCs68w1SQ3ZN52_18code_guardian_core16custom_detectorsNtB4_14CustomDetector19should_process_file
FNDA:20,_RNvMs_NtCs68w1SQ3ZN52_18code_guardian_core16custom_detectorsNtB4_14CustomDetector3new
FNDA:16,_RNvMs_NtCs68w1SQ3ZN52_18code_guardian_core16custom_detectorsNtB4_14CustomDetector6config
FNDA:0,_RNvNtCs68w1SQ3ZN52_18code_guardian_core16custom_detectors16find_line_column
FNDA:4,_RNvXNtCs68w1SQ3ZN52_18code_guardian_core16custom_detectorsNtB2_14CustomDetectorNtNtCs5GmCzIpY9Qj_4core5clone5Clone5clone
FNDA:5,_RNvXs0_NtCs68w1SQ3ZN52_18code_guardian_core16custom_detectorsNtB5_14CustomDetectorNtB7_15PatternDetector6detect
FNDA:0,_RNvXs3_NtCs68w1SQ3ZN52_18code_guardian_core16custom_detectorsNtB5_21CustomDetectorManagerNtNtCs5GmCzIpY9Qj_4core7default7Default7default
FNDA:1,_RNvNtNtCs4YMcHG5g4LQ_18code_guardian_core16custom_detectors5testss_18test_complex_regex
FNDA:1,_RNvNtNtCs4YMcHG5g4LQ_18code_guardian_core16custom_detectors5testss_18test_empty_pattern
FNDA:1,_RNvNtNtCs4YMcHG5g4LQ_18code_guardian_core16custom_detectors5testss_18test_invalid_regex
FNDA:1,_RNvNtNtCs4YMcHG5g4LQ_18code_guardian_core16custom_detectors5testss_18test_large_content
FNDA:1,_RNvNtNtCs4YMcHG5g4LQ_18code_guardian_core16custom_detectors5testss_19test_capture_groups
FNDA:1,_RNvNtNtCs4YMcHG5g4LQ_18code_guardian_core16custom_detectors5testss_21test_case_insensitive
FNDA:1,_RNvNtNtCs4YMcHG5g4LQ_18code_guardian_core16custom_detectors5testss_21test_detector_manager
FNDA:1,_RNvNtNtCs4YMcHG5g4LQ_18code_guardian_core16custom_detectors5testss_22test_disabled_detector
FNDA:1,_RNvNtNtCs4YMcHG5g4LQ_18code_guardian_core16custom_detectors5testss_22test_multiline_pattern
FNDA:1,_RNvNtNtCs4YMcHG5g4LQ_18code_guardian_core16custom_detectors5testss_29test_custom_detector_creation
FNDA:1,_RNvNtNtCs4YMcHG5g4LQ_18code_guardian_core16custom_detectors5testss_29test_custom_detector_matching
FNDA:1,_RNvNtNtCs4YMcHG5g4LQ_18code_guardian_core16custom_detectors5testss_29test_file_extension_filtering
FNDA:0,_RINvMs2_NtCs4YMcHG5g4LQ_18code_guardian_core16custom_detectorsNtB6_21CustomDetectorManager12save_to_filepEB8_
FNDA:0,_RINvMs2_NtCs4YMcHG5g4LQ_18code_guardian_core16custom_detectorsNtB6_21CustomDetectorManager14load_from_filepEB8_
FNDA:0,_RNCINvMs2_NtCs4YMcHG5g4LQ_18code_guardian_core16custom_detectorsNtB8_21CustomDetectorManager12save_to_filepE0Ba_
FNDA:0,_RNCINvMs2_NtCs4YMcHG5g4LQ_18code_guardian_core16custom_detectorsNtB8_21CustomDetectorManager12save_to_filepEs_0Ba_
FNDA:0,_RNCINvMs2_NtCs4YMcHG5g4LQ_18code_guardian_core16custom_detectorsNtB8_21CustomDetectorManager14load_from_filepE0Ba_
FNDA:0,_RNvMs2_NtCs4YMcHG5g4LQ_18code_guardian_core16custom_detectorsNtB5_21CustomDetectorManager15remove_detector
FNDA:0,_RNvMs2_NtCs4YMcHG5g4LQ_18code_guardian_core16custom_detectorsNtB5_21CustomDetectorManager20set_detector_enabled
FNDA:0,_RNvXs3_NtCs4YMcHG5g4LQ_18code_guardian_core16custom_detectorsNtB5_21CustomDetectorManagerNtNtCs5GmCzIpY9Qj_4core7default7Default7default
FNDA:0,_RNCNvMs1_NtCs4YMcHG5g4LQ_18code_guardian_core16custom_detectorsNtB7_14CustomDetector27extract_message_from_groups0B9_
FNDA:3,_RNCNvMs2_NtCs4YMcHG5g4LQ_18code_guardian_core16custom_detectorsNtB7_21CustomDetectorManager13get_detectors0B9_
FNDA:3,_RNCNvMs2_NtCs4YMcHG5g4LQ_18code_guardian_core16custom_detectorsNtB7_21CustomDetectorManager13get_detectorss_0B9_
FNDA:3,_RNCNvMs2_NtCs4YMcHG5g4LQ_18code_guardian_core16custom_detectorsNtB7_21CustomDetectorManager14list_detectors0B9_
FNDA:4,_RNCNvMs_NtCs4YMcHG5g4LQ_18code_guardian_core16custom_detectorsNtB6_14CustomDetector19should_process_file0B8_
FNDA:4,_RNCNvMs_NtCs4YMcHG5g4LQ_18code_guardian_core16custom_detectorsNtB6_14CustomDetector19should_process_files_0B8_
FNDA:1,_RNCNvMs_NtCs4YMcHG5g4LQ_18code_guardian_core16custom_detectorsNtB6_14CustomDetector3new0B8_
FNDA:1,_RNvMs1_NtCs4YMcHG5g4LQ_18code_guardian_core16custom_detectorsNtB5_14CustomDetector27extract_message_from_groups
FNDA:3,_RNvMs2_NtCs4YMcHG5g4LQ_18code_guardian_core16custom_detectorsNtB5_21CustomDetectorManager12add_detector
FNDA:1,_RNvMs2_NtCs4YMcHG5g4LQ_18code_guardian_core16custom_detectorsNtB5_21CustomDetectorManager13get_detectors
FNDA:2,_RNvMs2_NtCs4YMcHG5g4LQ_18code_guardian_core16custom_detectorsNtB5_21CustomDetectorManager14list_detectors
FNDA:1,_RNvMs2_NtCs4YMcHG5g4LQ_18code_guardian_core16custom_detectorsNtB5_21CustomDetectorManager15create_examples
FNDA:1,_RNvMs2_NtCs4YMcHG5g4LQ_18code_guardian_core16custom_detectorsNtB5_21CustomDetectorManager3new
FNDA:8,_RNvMs_NtCs4YMcHG5g4LQ_18code_guardian_core16custom_detectorsNtB4_14CustomDetector19should_process_file
FNDA:17,_RNvMs_NtCs4YMcHG5g4LQ_18code_guardian_core16custom_detectorsNtB4_14CustomDetector3new
FNDA:6,_RNvMs_NtCs4YMcHG5g4LQ_18code_guardian_core16custom_detectorsNtB4_14CustomDetector6config
FNDA:8,_RNvNtCs4YMcHG5g4LQ_18code_guardian_core16custom_detectors16find_line_column
FNDA:3,_RNvXNtCs4YMcHG5g4LQ_18code_guardian_core16custom_detectorsNtB2_14CustomDetectorNtNtCs5GmCzIpY9Qj_4core5clone5Clone5clone
FNDA:9,_RNvXs0_NtCs4YMcHG5g4LQ_18code_guardian_core16custom_detectorsNtB5_14CustomDetectorNtB7_15PatternDetector6detect
FNF:39
FNH:35
DA:43,7
DA:44,7
DA:45,7
DA:50,37
DA:51,37
DA:54,37
DA:55,37
DA:56,37
DA:58,37
DA:59,37
DA:60,37
DA:62,36
DA:63,37
DA:66,22
DA:67,22
DA:68,22
DA:71,13
DA:72,13
DA:73,5
DA:74,8
DA:76,8
DA:77,8
DA:78,8
DA:79,8
DA:80,10
DA:82,0
DA:84,13
DA:88,14
DA:89,14
DA:90,6
DA:91,8
DA:93,8
DA:95,8
DA:96,8
DA:98,8
DA:101,8
DA:102,1
DA:104,7
DA:107,8
DA:108,8
DA:109,8
DA:110,8
DA:111,8
DA:112,8
DA:113,8
DA:114,0
DA:117,8
DA:118,14
DA:122,1
DA:123,1
DA:125,3
DA:126,2
DA:127,2
DA:128,2
DA:131,1
DA:132,0
DA:133,0
DA:135,1
DA:137,1
DA:147,14
DA:148,14
DA:149,14
DA:150,14
DA:151,14
DA:152,14
DA:155,3
DA:156,3
DA:157,3
DA:159,3
DA:160,3
DA:161,3
DA:162,0
DA:163,0
DA:164,0
DA:167,10
DA:168,7
DA:169,7
DA:172,3
DA:173,3
DA:174,3
DA:175,3
DA:176,3
DA:179,3
DA:180,3
DA:183,3
DA:184,3
DA:185,3
DA:186,3
DA:187,9
DA:188,3
DA:190,3
DA:191,3
DA:192,3
DA:193,0
DA:194,0
DA:195,0
DA:198,3
DA:199,3
DA:200,3
DA:201,3
DA:202,3
DA:205,3
DA:206,3
DA:209,12
DA:210,12
DA:211,12
DA:212,12
DA:213,12
DA:214,12
DA:215,12
DA:218,0
DA:219,0
DA:220,0
DA:221,0
DA:223,0
DA:225,0
DA:228,10
DA:229,10
DA:230,10
DA:231,10
DA:232,10
DA:233,10
DA:234,10
DA:237,3
DA:238,6
DA:239,3
DA:242,0
DA:243,0
DA:246,0
DA:247,0
DA:248,0
DA:249,0
DA:250,0
DA:251,0
DA:252,0
DA:255,0
DA:257,0
DA:259,0
DA:262,4
DA:263,4
DA:264,4
DA:265,4
DA:266,4
DA:267,4
DA:268,4
DA:269,4
DA:270,4
DA:271,4
DA:272,4
DA:273,4
DA:274,4
DA:275,4
DA:276,4
DA:277,4
DA:278,4
DA:279,4
DA:280,4
DA:281,4
DA:282,4
DA:283,4
DA:284,4
DA:285,4
DA:286,4
DA:287,4
DA:288,4
DA:289,4
DA:290,4
DA:291,4
DA:292,4
DA:293,4
DA:294,4
DA:295,4
DA:296,4
DA:297,4
DA:298,4
DA:299,4
DA:300,4
DA:301,4
DA:302,4
DA:303,4
DA:306,16
DA:307,12
DA:310,4
DA:311,4
DA:315,0
DA:316,0
DA:317,0
DA:321,8
DA:322,8
DA:323,8
DA:325,100039
DA:326,100039
DA:327,8
DA:328,100031
DA:330,100031
DA:331,10001
DA:332,10001
DA:333,90030
DA:334,90030
DA:335,90030
DA:338,8
DA:339,8
DA:346,1
DA:347,1
DA:348,1
DA:349,1
DA:350,1
DA:351,1
DA:352,1
DA:353,1
DA:354,1
DA:355,1
DA:356,1
DA:357,1
DA:358,1
DA:359,1
DA:361,1
DA:362,1
DA:363,1
DA:366,1
DA:367,1
DA:368,1
DA:369,1
DA:370,1
DA:371,1
DA:372,1
DA:373,1
DA:374,1
DA:375,1
DA:376,1
DA:377,1
DA:378,1
DA:379,1
DA:381,1
DA:382,1
DA:383,1
DA:385,1
DA:386,1
DA:387,1
DA:390,1
DA:391,1
DA:392,1
DA:394,1
DA:395,1
DA:397,1
DA:398,1
DA:399,1
DA:402,1
DA:403,1
DA:404,1
DA:405,1
DA:406,1
DA:407,1
DA:408,1
DA:409,1
DA:410,1
DA:411,1
DA:412,1
DA:413,1
DA:414,1
DA:415,1
DA:417,1
DA:419,1
DA:420,1
DA:423,1
DA:424,1
DA:425,1
DA:426,1
DA:427,1
DA:428,1
DA:429,1
DA:430,1
DA:431,1
DA:432,1
DA:433,1
DA:434,1
DA:435,1
DA:436,1
DA:438,1
DA:439,1
DA:440,1
DA:441,1
DA:442,1
DA:445,1
DA:446,1
DA:447,1
DA:448,1
DA:449,1
DA:450,1
DA:451,1
DA:452,1
DA:453,1
DA:454,1
DA:455,1
DA:456,1
DA:457,1
DA:458,1
DA:460,1
DA:461,1
DA:462,1
DA:463,1
DA:464,1
DA:465,1
DA:466,1
DA:467,1
DA:470,1
DA:471,1
DA:472,1
DA:473,1
DA:474,1
DA:475,1
DA:476,1
DA:477,1
DA:478,1
DA:479,1
DA:480,1
DA:481,1
DA:482,1
DA:483,1
DA:485,1
DA:486,1
DA:487,1
DA:488,1
DA:489,1
DA:492,1
DA:493,1
DA:494,1
DA:495,1
DA:496,1
DA:497,1
DA:498,1
DA:499,1
DA:500,1
DA:501,1
DA:502,1
DA:503,1
DA:504,1
DA:505,1
DA:507,1
DA:508,1
DA:509,1
DA:510,1
DA:511,1
DA:514,1
DA:515,1
DA:516,1
DA:517,1
DA:518,1
DA:519,1
DA:520,1
DA:521,1
DA:522,1
DA:523,1
DA:524,1
DA:525,1
DA:526,1
DA:527,1
DA:529,1
DA:530,1
DA:533,1
DA:534,1
DA:537,1
DA:538,1
DA:539,1
DA:542,1
DA:543,1
DA:544,1
DA:545,1
DA:546,1
DA:547,1
DA:548,1
DA:549,1
DA:550,1
DA:551,1
DA:552,1
DA:553,1
DA:554,1
DA:555,1
DA:557,1
DA:558,1
DA:559,1
DA:560,1
DA:561,1
DA:562,1
DA:563,1
DA:566,1
DA:567,1
DA:568,1
DA:569,1
DA:570,1
DA:571,1
DA:572,1
DA:573,1
DA:574,1
DA:575,1
DA:576,1
DA:577,1
DA:578,1
DA:579,1
DA:581,1
DA:582,1
DA:583,1
DA:584,1
DA:585,1
DA:588,1
DA:589,1
DA:590,1
DA:591,1
DA:592,1
DA:593,1
DA:594,1
DA:595,1
DA:596,1
DA:597,1
DA:598,1
DA:599,1
DA:600,1
DA:601,1
DA:603,1
DA:604,1
DA:605,1
BRF:0
BRH:0
LF:431
LH:399
end_of_record
SF:/workspaces/code-guardian/crates/core/src/detector_factory.rs
FN:114,_RNvMNtCs68w1SQ3ZN52_18code_guardian_core16detector_factoryNtB2_15DetectorFactory15create_detector
FN:11,_RNvMNtCs68w1SQ3ZN52_18code_guardian_core16detector_factoryNtB2_15DetectorFactory16create_detectors
FN:27,_RNvMNtCs68w1SQ3ZN52_18code_guardian_core16detector_factoryNtB2_15DetectorFactory24create_default_detectors
FN:95,_RNvMNtCs68w1SQ3ZN52_18code_guardian_core16detector_factoryNtB2_15DetectorFactory25create_security_detectors
FN:105,_RNvMNtCs68w1SQ3ZN52_18code_guardian_core16detector_factoryNtB2_15DetectorFactory28create_performance_detectors
FN:32,_RNvMNtCs68w1SQ3ZN52_18code_guardian_core16detector_factoryNtB2_15DetectorFactory30create_comprehensive_detectors
FN:71,_RNvMNtCs68w1SQ3ZN52_18code_guardian_core16detector_factoryNtB2_15DetectorFactory33create_production_ready_detectors
FN:187,_RNvMs_NtCs68w1SQ3ZN52_18code_guardian_core16detector_factoryNtB4_15DetectorProfile13get_detectors
FN:114,_RNvMNtCs4YMcHG5g4LQ_18code_guardian_core16detector_factoryNtB2_15DetectorFactory15create_detector
FN:11,_RNvMNtCs4YMcHG5g4LQ_18code_guardian_core16detector_factoryNtB2_15DetectorFactory16create_detectors
FN:27,_RNvMNtCs4YMcHG5g4LQ_18code_guardian_core16detector_factoryNtB2_15DetectorFactory24create_default_detectors
FN:95,_RNvMNtCs4YMcHG5g4LQ_18code_guardian_core16detector_factoryNtB2_15DetectorFactory25create_security_detectors
FN:105,_RNvMNtCs4YMcHG5g4LQ_18code_guardian_core16detector_factoryNtB2_15DetectorFactory28create_performance_detectors
FN:32,_RNvMNtCs4YMcHG5g4LQ_18code_guardian_core16detector_factoryNtB2_15DetectorFactory30create_comprehensive_detectors
FN:71,_RNvMNtCs4YMcHG5g4LQ_18code_guardian_core16detector_factoryNtB2_15DetectorFactory33create_production_ready_detectors
FN:187,_RNvMs_NtCs4YMcHG5g4LQ_18code_guardian_core16detector_factoryNtB4_15DetectorProfile13get_detectors
FN:216,_RNvNtNtCs4YMcHG5g4LQ_18code_guardian_core16detector_factory5testss_22test_default_detectors
FN:234,_RNvNtNtCs4YMcHG5g4LQ_18code_guardian_core16detector_factory5testss_22test_detector_profiles
FN:228,_RNvNtNtCs4YMcHG5g4LQ_18code_guardian_core16detector_factory5testss_23test_security_detectors
FN:222,_RNvNtNtCs4YMcHG5g4LQ_18code_guardian_core16detector_factory5testss_28test_comprehensive_detectors
FN:293,_RNvNtNtCs4YMcHG5g4LQ_18code_guardian_core16detector_factory5testss_34test_custom_detector_invalid_regex
FN:242,_RNvNtNtCs4YMcHG5g4LQ_18code_guardian_core16detector_factory5testss_34test_factory_with_custom_detectors
FN:258,_RNvNtNtCs4YMcHG5g4LQ_18code_guardian_core16detector_factory5testss_37test_custom_detector_creation_success
FN:285,_RNvNtNtCs4YMcHG5g4LQ_18code_guardian_core16detector_factory5testss_39test_custom_detector_creation_no_config
FN:273,_RNvNtNtCs4YMcHG5g4LQ_18code_guardian_core16detector_factory5testss_45test_custom_detector_creation_missing_pattern
FNDA:0,_RNvMNtCs68w1SQ3ZN52_18code_guardian_core16detector_factoryNtB2_15DetectorFactory15create_detector
FNDA:0,_RNvMNtCs68w1SQ3ZN52_18code_guardian_core16detector_factoryNtB2_15DetectorFactory16create_detectors
FNDA:9,_RNvMNtCs68w1SQ3ZN52_18code_guardian_core16detector_factoryNtB2_15DetectorFactory24create_default_detectors
FNDA:0,_RNvMNtCs68w1SQ3ZN52_18code_guardian_core16detector_factoryNtB2_15DetectorFactory25create_security_detectors
FNDA:0,_RNvMNtCs68w1SQ3ZN52_18code_guardian_core16detector_factoryNtB2_15DetectorFactory28create_performance_detectors
FNDA:1,_RNvMNtCs68w1SQ3ZN52_18code_guardian_core16detector_factoryNtB2_15DetectorFactory30create_comprehensive_detectors
FNDA:0,_RNvMNtCs68w1SQ3ZN52_18code_guardian_core16detector_factoryNtB2_15DetectorFactory33create_production_ready_detectors
FNDA:10,_RNvMs_NtCs68w1SQ3ZN52_18code_guardian_core16detector_factoryNtB4_15DetectorProfile13get_detectors
FNDA:9,_RNvMNtCs4YMcHG5g4LQ_18code_guardian_core16detector_factoryNtB2_15DetectorFactory15create_detector
FNDA:2,_RNvMNtCs4YMcHG5g4LQ_18code_guardian_core16detector_factoryNtB2_15DetectorFactory16create_detectors
FNDA:2,_RNvMNtCs4YMcHG5g4LQ_18code_guardian_core16detector_factoryNtB2_15DetectorFactory24create_default_detectors
FNDA:1,_RNvMNtCs4YMcHG5g4LQ_18code_guardian_core16detector_factoryNtB2_15DetectorFactory25create_security_detectors
FNDA:0,_RNvMNtCs4YMcHG5g4LQ_18code_guardian_core16detector_factoryNtB2_15DetectorFactory28create_performance_detectors
FNDA:2,_RNvMNtCs4YMcHG5g4LQ_18code_guardian_core16detector_factoryNtB2_15DetectorFactory30create_comprehensive_detectors
FNDA:1,_RNvMNtCs4YMcHG5g4LQ_18code_guardian_core16detector_factoryNtB2_15DetectorFactory33create_production_ready_detectors
FNDA:2,_RNvMs_NtCs4YMcHG5g4LQ_18code_guardian_core16detector_factoryNtB4_15DetectorProfile13get_detectors
FNDA:1,_RNvNtNtCs4YMcHG5g4LQ_18code_guardian_core16detector_factory5testss_22test_default_detectors
FNDA:1,_RNvNtNtCs4YMcHG5g4LQ_18code_guardian_core16detector_factory5testss_22test_detector_profiles
FNDA:1,_RNvNtNtCs4YMcHG5g4LQ_18code_guardian_core16detector_factory5testss_23test_security_detectors
FNDA:1,_RNvNtNtCs4YMcHG5g4LQ_18code_guardian_core16detector_factory5testss_28test_comprehensive_detectors
FNDA:1,_RNvNtNtCs4YMcHG5g4LQ_18code_guardian_core16detector_factory5testss_34test_custom_detector_invalid_regex
FNDA:1,_RNvNtNtCs4YMcHG5g4LQ_18code_guardian_core16detector_factory5testss_34test_factory_with_custom_detectors
FNDA:1,_RNvNtNtCs4YMcHG5g4LQ_18code_guardian_core16detector_factory5testss_37test_custom_detector_creation_success
FNDA:1,_RNvNtNtCs4YMcHG5g4LQ_18code_guardian_core16detector_factory5testss_39test_custom_detector_creation_no_config
FNDA:1,_RNvNtNtCs4YMcHG5g4LQ_18code_guardian_core16detector_factory5testss_45test_custom_detector_creation_missing_pattern
FNF:17
FNH:16
DA:11,2
DA:12,2
DA:13,8
DA:14,6
DA:15,5
DA:16,0
DA:17,1
DA:18,1
DA:23,2
DA:24,2
DA:27,11
DA:28,11
DA:29,11
DA:32,3
DA:33,3
DA:35,3
DA:36,3
DA:37,3
DA:38,3
DA:39,3
DA:40,3
DA:41,3
DA:43,3
DA:44,3
DA:45,3
DA:46,3
DA:47,3
DA:49,3
DA:50,3
DA:52,3
DA:54,3
DA:55,3
DA:56,3
DA:57,3
DA:58,3
DA:60,3
DA:61,3
DA:62,3
DA:63,3
DA:64,3
DA:65,3
DA:66,3
DA:68,3
DA:71,1
DA:72,1
DA:74,1
DA:75,1
DA:76,1
DA:77,1
DA:78,1
DA:80,1
DA:81,1
DA:82,1
DA:83,1
DA:84,1
DA:85,1
DA:86,1
DA:88,1
DA:89,1
DA:90,1
DA:92,1
DA:95,1
DA:96,1
DA:97,1
DA:98,1
DA:99,1
DA:100,1
DA:102,1
DA:105,0
DA:106,0
DA:107,0
DA:108,0
DA:109,0
DA:111,0
DA:114,9
DA:115,9
DA:116,9
DA:117,9
DA:118,9
DA:119,2
DA:120,2
DA:121,0
DA:122,0
DA:123,0
DA:124,0
DA:125,0
DA:126,0
DA:127,0
DA:128,0
DA:129,0
DA:130,0
DA:131,0
DA:132,0
DA:133,0
DA:136,0
DA:137,0
DA:138,0
DA:139,0
DA:140,0
DA:143,0
DA:144,0
DA:145,0
DA:146,0
DA:147,0
DA:148,0
DA:149,0
DA:151,5
DA:152,5
DA:153,4
DA:154,3
DA:155,2
DA:157,1
DA:160,1
DA:164,9
DA:187,12
DA:188,12
DA:189,10
DA:190,2
DA:191,0
DA:192,0
DA:194,0
DA:196,0
DA:197,0
DA:198,0
DA:199,0
DA:200,0
DA:201,0
DA:202,0
DA:203,0
DA:204,0
DA:206,0
DA:208,12
DA:216,1
DA:217,1
DA:218,1
DA:219,1
DA:222,1
DA:223,1
DA:224,1
DA:225,1
DA:228,1
DA:229,1
DA:230,1
DA:231,1
DA:234,1
DA:235,1
DA:236,1
DA:238,1
DA:239,1
DA:242,1
DA:243,1
DA:244,1
DA:245,1
DA:246,1
DA:247,1
DA:248,1
DA:249,1
DA:251,1
DA:252,1
DA:254,1
DA:255,1
DA:258,1
DA:259,1
DA:260,1
DA:261,1
DA:262,1
DA:264,1
DA:265,1
DA:266,1
DA:268,1
DA:269,1
DA:270,1
DA:273,1
DA:274,1
DA:276,1
DA:277,1
DA:278,1
DA:280,1
DA:281,1
DA:282,1
DA:285,1
DA:286,1
DA:287,1
DA:288,1
DA:289,1
DA:290,1
DA:293,1
DA:294,1
DA:295,1
DA:296,1
DA:297,1
DA:298,1
DA:299,1
DA:300,1
DA:302,1
DA:304,1
DA:305,1
BRF:0
BRH:0
LF:197
LH:152
end_of_record
SF:/workspaces/code-guardian/crates/core/src/detectors.rs
FN:415,_RNvMsp_NtCs68w1SQ3ZN52_18code_guardian_core9detectorsNtB5_21CustomPatternDetector3new
FN:44,_RNvNtCs68w1SQ3ZN52_18code_guardian_core9detectors27detect_pattern_with_context
FN:74,_RNvXNtCs68w1SQ3ZN52_18code_guardian_core9detectorsNtB2_12TodoDetectorNtB4_15PatternDetector6detect
FN:92,_RNvXs0_NtCs68w1SQ3ZN52_18code_guardian_core9detectorsNtB5_12HackDetectorNtB7_15PatternDetector6detect
FN:101,_RNvXs1_NtCs68w1SQ3ZN52_18code_guardian_core9detectorsNtB5_11BugDetectorNtB7_15PatternDetector6detect
FN:110,_RNvXs2_NtCs68w1SQ3ZN52_18code_guardian_core9detectorsNtB5_11XxxDetectorNtB7_15PatternDetector6detect
FN:119,_RNvXs3_NtCs68w1SQ3ZN52_18code_guardian_core9detectorsNtB5_12NoteDetectorNtB7_15PatternDetector6detect
FN:128,_RNvXs4_NtCs68w1SQ3ZN52_18code_guardian_core9detectorsNtB5_15WarningDetectorNtB7_15PatternDetector6detect
FN:137,_RNvXs5_NtCs68w1SQ3ZN52_18code_guardian_core9detectorsNtB5_13PanicDetectorNtB7_15PatternDetector6detect
FN:152,_RNvXs6_NtCs68w1SQ3ZN52_18code_guardian_core9detectorsNtB5_14UnwrapDetectorNtB7_15PatternDetector6detect
FN:167,_RNvXs7_NtCs68w1SQ3ZN52_18code_guardian_core9detectorsNtB5_14ExpectDetectorNtB7_15PatternDetector6detect
FN:182,_RNvXs8_NtCs68w1SQ3ZN52_18code_guardian_core9detectorsNtB5_21UnimplementedDetectorNtB7_15PatternDetector6detect
FN:202,_RNvXs9_NtCs68w1SQ3ZN52_18code_guardian_core9detectorsNtB5_19UnreachableDetectorNtB7_15PatternDetector6detect
FN:83,_RNvXs_NtCs68w1SQ3ZN52_18code_guardian_core9detectorsNtB4_13FixmeDetectorNtB6_15PatternDetector6detect
FN:222,_RNvXsa_NtCs68w1SQ3ZN52_18code_guardian_core9detectorsNtB5_13CloneDetectorNtB7_15PatternDetector6detect
FN:237,_RNvXsb_NtCs68w1SQ3ZN52_18code_guardian_core9detectorsNtB5_16ToStringDetectorNtB7_15PatternDetector6detect
FN:257,_RNvXsc_NtCs68w1SQ3ZN52_18code_guardian_core9detectorsNtB5_14UnsafeDetectorNtB7_15PatternDetector6detect
FN:272,_RNvXsd_NtCs68w1SQ3ZN52_18code_guardian_core9detectorsNtB5_11DevDetectorNtB7_15PatternDetector6detect
FN:281,_RNvXse_NtCs68w1SQ3ZN52_18code_guardian_core9detectorsNtB5_13DebugDetectorNtB7_15PatternDetector6detect
FN:290,_RNvXsf_NtCs68w1SQ3ZN52_18code_guardian_core9detectorsNtB5_12TestDetectorNtB7_15PatternDetector6detect
FN:305,_RNvXsg_NtCs68w1SQ3ZN52_18code_guardian_core9detectorsNtB5_13PhaseDetectorNtB7_15PatternDetector6detect
FN:314,_RNvXsh_NtCs68w1SQ3ZN52_18code_guardian_core9detectorsNtB5_15StagingDetectorNtB7_15PatternDetector6detect
FN:323,_RNvXsi_NtCs68w1SQ3ZN52_18code_guardian_core9detectorsNtB5_18ConsoleLogDetectorNtB7_15PatternDetector6detect
FN:347,_RNvXsj_NtCs68w1SQ3ZN52_18code_guardian_core9detectorsNtB5_13PrintDetectorNtB7_15PatternDetector6detect
FN:356,_RNvXsk_NtCs68w1SQ3ZN52_18code_guardian_core9detectorsNtB5_13AlertDetectorNtB7_15PatternDetector6detect
FN:375,_RNvXsl_NtCs68w1SQ3ZN52_18code_guardian_core9detectorsNtB5_16DebuggerDetectorNtB7_15PatternDetector6detect
FN:384,_RNvXsm_NtCs68w1SQ3ZN52_18code_guardian_core9detectorsNtB5_17UnusedVarDetectorNtB7_15PatternDetector6detect
FN:393,_RNvXsn_NtCs68w1SQ3ZN52_18code_guardian_core9detectorsNtB5_16DeadCodeDetectorNtB7_15PatternDetector6detect
FN:402,_RNvXso_NtCs68w1SQ3ZN52_18code_guardian_core9detectorsNtB5_20ExperimentalDetectorNtB7_15PatternDetector6detect
FN:425,_RNvXsq_NtCs68w1SQ3ZN52_18code_guardian_core9detectorsNtB5_21CustomPatternDetectorNtB7_15PatternDetector6detect
FN:436,_RNvNtNtCs4YMcHG5g4LQ_18code_guardian_core9detectors5testss_18test_hack_detector
FN:526,_RNvNtNtCs4YMcHG5g4LQ_18code_guardian_core9detectors5testss_19test_phase_detector
FN:462,_RNvNtNtCs4YMcHG5g4LQ_18code_guardian_core9detectors5testss_20test_unwrap_detector
FN:516,_RNvNtNtCs4YMcHG5g4LQ_18code_guardian_core9detectors5testss_22test_debugger_detector
FN:555,_RNvNtNtCs4YMcHG5g4LQ_18code_guardian_core9detectors5testss_24test_unused_var_detector
FN:499,_RNvNtNtCs4YMcHG5g4LQ_18code_guardian_core9detectors5testss_25test_console_log_detector
FN:472,_RNvNtNtCs4YMcHG5g4LQ_18code_guardian_core9detectors5testss_26test_case_insensitive_todo
FN:566,_RNvNtNtCs4YMcHG5g4LQ_18code_guardian_core9detectors5testss_26test_experimental_detector
FN:481,_RNvNtNtCs4YMcHG5g4LQ_18code_guardian_core9detectors5testss_28test_custom_pattern_detector
FN:446,_RNvNtNtCs4YMcHG5g4LQ_18code_guardian_core9detectors5testss_29test_panic_detector_rust_only
FN:537,_RNvNtNtCs4YMcHG5g4LQ_18code_guardian_core9detectors5testss_34test_print_detector_multi_language
FN:576,_RNvNtNtCs4YMcHG5g4LQ_18code_guardian_core9detectors5testss_35test_test_detector_skips_test_files
FN:493,_RNvNtNtCs4YMcHG5g4LQ_18code_guardian_core9detectors5testss_42test_custom_pattern_detector_invalid_regex
FN:415,_RNvMsp_NtCs4YMcHG5g4LQ_18code_guardian_core9detectorsNtB5_21CustomPatternDetector3new
FN:44,_RNvNtCs4YMcHG5g4LQ_18code_guardian_core9detectors27detect_pattern_with_context
FN:74,_RNvXNtCs4YMcHG5g4LQ_18code_guardian_core9detectorsNtB2_12TodoDetectorNtB4_15PatternDetector6detect
FN:92,_RNvXs0_NtCs4YMcHG5g4LQ_18code_guardian_core9detectorsNtB5_12HackDetectorNtB7_15PatternDetector6detect
FN:101,_RNvXs1_NtCs4YMcHG5g4LQ_18code_guardian_core9detectorsNtB5_11BugDetectorNtB7_15PatternDetector6detect
FN:110,_RNvXs2_NtCs4YMcHG5g4LQ_18code_guardian_core9detectorsNtB5_11XxxDetectorNtB7_15PatternDetector6detect
FN:119,_RNvXs3_NtCs4YMcHG5g4LQ_18code_guardian_core9detectorsNtB5_12NoteDetectorNtB7_15PatternDetector6detect
FN:128,_RNvXs4_NtCs4YMcHG5g4LQ_18code_guardian_core9detectorsNtB5_15WarningDetectorNtB7_15PatternDetector6detect
FN:137,_RNvXs5_NtCs4YMcHG5g4LQ_18code_guardian_core9detectorsNtB5_13PanicDetectorNtB7_15PatternDetector6detect
FN:152,_RNvXs6_NtCs4YMcHG5g4LQ_18code_guardian_core9detectorsNtB5_14UnwrapDetectorNtB7_15PatternDetector6detect
FN:167,_RNvXs7_NtCs4YMcHG5g4LQ_18code_guardian_core9detectorsNtB5_14ExpectDetectorNtB7_15PatternDetector6detect
FN:182,_RNvXs8_NtCs4YMcHG5g4LQ_18code_guardian_core9detectorsNtB5_21UnimplementedDetectorNtB7_15PatternDetector6detect
FN:202,_RNvXs9_NtCs4YMcHG5g4LQ_18code_guardian_core9detectorsNtB5_19UnreachableDetectorNtB7_15PatternDetector6detect
FN:83,_RNvXs_NtCs4YMcHG5g4LQ_18code_guardian_core9detectorsNtB4_13FixmeDetectorNtB6_15PatternDetector6detect
FN:222,_RNvXsa_NtCs4YMcHG5g4LQ_18code_guardian_core9detectorsNtB5_13CloneDetectorNtB7_15PatternDetector6detect
FN:237,_RNvXsb_NtCs4YMcHG5g4LQ_18code_guardian_core9detectorsNtB5_16ToStringDetectorNtB7_15PatternDetector6detect
FN:257,_RNvXsc_NtCs4YMcHG5g4LQ_18code_guardian_core9detectorsNtB5_14UnsafeDetectorNtB7_15PatternDetector6detect
FN:272,_RNvXsd_NtCs4YMcHG5g4LQ_18code_guardian_core9detectorsNtB5_11DevDetectorNtB7_15PatternDetector6detect
FN:281,_RNvXse_NtCs4YMcHG5g4LQ_18code_guardian_core9detectorsNtB5_13DebugDetectorNtB7_15PatternDetector6detect
FN:290,_RNvXsf_NtCs4YMcHG5g4LQ_18code_guardian_core9detectorsNtB5_12TestDetectorNtB7_15PatternDetector6detect
FN:305,_RNvXsg_NtCs4YMcHG5g4LQ_18code_guardian_core9detectorsNtB5_13PhaseDetectorNtB7_15PatternDetector6detect
FN:314,_RNvXsh_NtCs4YMcHG5g4LQ_18code_guardian_core9detectorsNtB5_15StagingDetectorNtB7_15PatternDetector6detect
FN:323,_RNvXsi_NtCs4YMcHG5g4LQ_18code_guardian_core9detectorsNtB5_18ConsoleLogDetectorNtB7_15PatternDetector6detect
FN:347,_RNvXsj_NtCs4YMcHG5g4LQ_18code_guardian_core9detectorsNtB5_13PrintDetectorNtB7_15PatternDetector6detect
FN:356,_RNvXsk_NtCs4YMcHG5g4LQ_18code_guardian_core9detectorsNtB5_13AlertDetectorNtB7_15PatternDetector6detect
FN:375,_RNvXsl_NtCs4YMcHG5g4LQ_18code_guardian_core9detectorsNtB5_16DebuggerDetectorNtB7_15PatternDetector6detect
FN:384,_RNvXsm_NtCs4YMcHG5g4LQ_18code_guardian_core9detectorsNtB5_17UnusedVarDetectorNtB7_15PatternDetector6detect
FN:393,_RNvXsn_NtCs4YMcHG5g4LQ_18code_guardian_core9detectorsNtB5_16DeadCodeDetectorNtB7_15PatternDetector6detect
FN:402,_RNvXso_NtCs4YMcHG5g4LQ_18code_guardian_core9detectorsNtB5_20ExperimentalDetectorNtB7_15PatternDetector6detect
FN:425,_RNvXsq_NtCs4YMcHG5g4LQ_18code_guardian_core9detectorsNtB5_21CustomPatternDetectorNtB7_15PatternDetector6detect
FN:522,_RNCNvNtNtCs4YMcHG5g4LQ_18code_guardian_core9detectors5testss_22test_debugger_detector0B7_
FN:562,_RNCNvNtNtCs4YMcHG5g4LQ_18code_guardian_core9detectors5testss_24test_unused_var_detector0B7_
FN:572,_RNCNvNtNtCs4YMcHG5g4LQ_18code_guardian_core9detectors5testss_26test_experimental_detector0B7_
FN:548,_RNCNvNtNtCs4YMcHG5g4LQ_18code_guardian_core9detectors5testss_34test_print_detector_multi_language0B7_
FN:549,_RNCNvNtNtCs4YMcHG5g4LQ_18code_guardian_core9detectors5testss_34test_print_detector_multi_languages0_0B7_
FN:550,_RNCNvNtNtCs4YMcHG5g4LQ_18code_guardian_core9detectors5testss_34test_print_detector_multi_languages1_0B7_
FN:551,_RNCNvNtNtCs4YMcHG5g4LQ_18code_guardian_core9detectors5testss_34test_print_detector_multi_languages2_0B7_
FN:545,_RNCNvNtNtCs4YMcHG5g4LQ_18code_guardian_core9detectors5testss_34test_print_detector_multi_languages_0B7_
FNDA:0,_RNvMsp_NtCs68w1SQ3ZN52_18code_guardian_core9detectorsNtB5_21CustomPatternDetector3new
FNDA:42,_RNvNtCs68w1SQ3ZN52_18code_guardian_core9detectors27detect_pattern_with_context
FNDA:10,_RNvXNtCs68w1SQ3ZN52_18code_guardian_core9detectorsNtB2_12TodoDetectorNtB4_15PatternDetector6detect
FNDA:1,_RNvXs0_NtCs68w1SQ3ZN52_18code_guardian_core9detectorsNtB5_12HackDetectorNtB7_15PatternDetector6detect
FNDA:1,_RNvXs1_NtCs68w1SQ3ZN52_18code_guardian_core9detectorsNtB5_11BugDetectorNtB7_15PatternDetector6detect
FNDA:1,_RNvXs2_NtCs68w1SQ3ZN52_18code_guardian_core9detectorsNtB5_11XxxDetectorNtB7_15PatternDetector6detect
FNDA:1,_RNvXs3_NtCs68w1SQ3ZN52_18code_guardian_core9detectorsNtB5_12NoteDetectorNtB7_15PatternDetector6detect
FNDA:1,_RNvXs4_NtCs68w1SQ3ZN52_18code_guardian_core9detectorsNtB5_15WarningDetectorNtB7_15PatternDetector6detect
FNDA:1,_RNvXs5_NtCs68w1SQ3ZN52_18code_guardian_core9detectorsNtB5_13PanicDetectorNtB7_15PatternDetector6detect
FNDA:1,_RNvXs6_NtCs68w1SQ3ZN52_18code_guardian_core9detectorsNtB5_14UnwrapDetectorNtB7_15PatternDetector6detect
FNDA:1,_RNvXs7_NtCs68w1SQ3ZN52_18code_guardian_core9detectorsNtB5_14ExpectDetectorNtB7_15PatternDetector6detect
FNDA:1,_RNvXs8_NtCs68w1SQ3ZN52_18code_guardian_core9detectorsNtB5_21UnimplementedDetectorNtB7_15PatternDetector6detect
FNDA:1,_RNvXs9_NtCs68w1SQ3ZN52_18code_guardian_core9detectorsNtB5_19UnreachableDetectorNtB7_15PatternDetector6detect
FNDA:10,_RNvXs_NtCs68w1SQ3ZN52_18code_guardian_core9detectorsNtB4_13FixmeDetectorNtB6_15PatternDetector6detect
FNDA:1,_RNvXsa_NtCs68w1SQ3ZN52_18code_guardian_core9detectorsNtB5_13CloneDetectorNtB7_15PatternDetector6detect
FNDA:1,_RNvXsb_NtCs68w1SQ3ZN52_18code_guardian_core9detectorsNtB5_16ToStringDetectorNtB7_15PatternDetector6detect
FNDA:1,_RNvXsc_NtCs68w1SQ3ZN52_18code_guardian_core9detectorsNtB5_14UnsafeDetectorNtB7_15PatternDetector6detect
FNDA:1,_RNvXsd_NtCs68w1SQ3ZN52_18code_guardian_core9detectorsNtB5_11DevDetectorNtB7_15PatternDetector6detect
FNDA:1,_RNvXse_NtCs68w1SQ3ZN52_18code_guardian_core9detectorsNtB5_13DebugDetectorNtB7_15PatternDetector6detect
FNDA:1,_RNvXsf_NtCs68w1SQ3ZN52_18code_guardian_core9detectorsNtB5_12TestDetectorNtB7_15PatternDetector6detect
FNDA:1,_RNvXsg_NtCs68w1SQ3ZN52_18code_guardian_core9detectorsNtB5_13PhaseDetectorNtB7_15PatternDetector6detect
FNDA:1,_RNvXsh_NtCs68w1SQ3ZN52_18code_guardian_core9detectorsNtB5_15StagingDetectorNtB7_15PatternDetector6detect
FNDA:1,_RNvXsi_NtCs68w1SQ3ZN52_18code_guardian_core9detectorsNtB5_18ConsoleLogDetectorNtB7_15PatternDetector6detect
FNDA:1,_RNvXsj_NtCs68w1SQ3ZN52_18code_guardian_core9detectorsNtB5_13PrintDetectorNtB7_15PatternDetector6detect
FNDA:1,_RNvXsk_NtCs68w1SQ3ZN52_18code_guardian_core9detectorsNtB5_13AlertDetectorNtB7_15PatternDetector6detect
FNDA:1,_RNvXsl_NtCs68w1SQ3ZN52_18code_guardian_core9detectorsNtB5_16DebuggerDetectorNtB7_15PatternDetector6detect
FNDA:1,_RNvXsm_NtCs68w1SQ3ZN52_18code_guardian_core9detectorsNtB5_17UnusedVarDetectorNtB7_15PatternDetector6detect
FNDA:1,_RNvXsn_NtCs68w1SQ3ZN52_18code_guardian_core9detectorsNtB5_16DeadCodeDetectorNtB7_15PatternDetector6detect
FNDA:1,_RNvXso_NtCs68w1SQ3ZN52_18code_guardian_core9detectorsNtB5_20ExperimentalDetectorNtB7_15PatternDetector6detect
FNDA:0,_RNvXsq_NtCs68w1SQ3ZN52_18code_guardian_core9detectorsNtB5_21CustomPatternDetectorNtB7_15PatternDetector6detect
FNDA:1,_RNvNtNtCs4YMcHG5g4LQ_18code_guardian_core9detectors5testss_18test_hack_detector
FNDA:1,_RNvNtNtCs4YMcHG5g4LQ_18code_guardian_core9detectors5testss_19test_phase_detector
FNDA:1,_RNvNtNtCs4YMcHG5g4LQ_18code_guardian_core9detectors5testss_20test_unwrap_detector
FNDA:1,_RNvNtNtCs4YMcHG5g4LQ_18code_guardian_core9detectors5testss_22test_debugger_detector
FNDA:1,_RNvNtNtCs4YMcHG5g4LQ_18code_guardian_core9detectors5testss_24test_unused_var_detector
FNDA:1,_RNvNtNtCs4YMcHG5g4LQ_18code_guardian_core9detectors5testss_25test_console_log_detector
FNDA:1,_RNvNtNtCs4YMcHG5g4LQ_18code_guardian_core9detectors5testss_26test_case_insensitive_todo
FNDA:1,_RNvNtNtCs4YMcHG5g4LQ_18code_guardian_core9detectors5testss_26test_experimental_detector
FNDA:1,_RNvNtNtCs4YMcHG5g4LQ_18code_guardian_core9detectors5testss_28test_custom_pattern_detector
FNDA:1,_RNvNtNtCs4YMcHG5g4LQ_18code_guardian_core9detectors5testss_29test_panic_detector_rust_only
FNDA:1,_RNvNtNtCs4YMcHG5g4LQ_18code_guardian_core9detectors5testss_34test_print_detector_multi_language
FNDA:1,_RNvNtNtCs4YMcHG5g4LQ_18code_guardian_core9detectors5testss_35test_test_detector_skips_test_files
FNDA:1,_RNvNtNtCs4YMcHG5g4LQ_18code_guardian_core9detectors5testss_42test_custom_pattern_detector_invalid_regex
FNDA:5,_RNvMsp_NtCs4YMcHG5g4LQ_18code_guardian_core9detectorsNtB5_21CustomPatternDetector3new
FNDA:69,_RNvNtCs4YMcHG5g4LQ_18code_guardian_core9detectors27detect_pattern_with_context
FNDA:8,_RNvXNtCs4YMcHG5g4LQ_18code_guardian_core9detectorsNtB2_12TodoDetectorNtB4_15PatternDetector6detect
FNDA:1,_RNvXs0_NtCs4YMcHG5g4LQ_18code_guardian_core9detectorsNtB5_12HackDetectorNtB7_15PatternDetector6detect
FNDA:0,_RNvXs1_NtCs4YMcHG5g4LQ_18code_guardian_core9detectorsNtB5_11BugDetectorNtB7_15PatternDetector6detect
FNDA:0,_RNvXs2_NtCs4YMcHG5g4LQ_18code_guardian_core9detectorsNtB5_11XxxDetectorNtB7_15PatternDetector6detect
FNDA:0,_RNvXs3_NtCs4YMcHG5g4LQ_18code_guardian_core9detectorsNtB5_12NoteDetectorNtB7_15PatternDetector6detect
FNDA:0,_RNvXs4_NtCs4YMcHG5g4LQ_18code_guardian_core9detectorsNtB5_15WarningDetectorNtB7_15PatternDetector6detect
FNDA:6,_RNvXs5_NtCs4YMcHG5g4LQ_18code_guardian_core9detectorsNtB5_13PanicDetectorNtB7_15PatternDetector6detect
FNDA:5,_RNvXs6_NtCs4YMcHG5g4LQ_18code_guardian_core9detectorsNtB5_14UnwrapDetectorNtB7_15PatternDetector6detect
FNDA:0,_RNvXs7_NtCs4YMcHG5g4LQ_18code_guardian_core9detectorsNtB5_14ExpectDetectorNtB7_15PatternDetector6detect
FNDA:0,_RNvXs8_NtCs4YMcHG5g4LQ_18code_guardian_core9detectorsNtB5_21UnimplementedDetectorNtB7_15PatternDetector6detect
FNDA:0,_RNvXs9_NtCs4YMcHG5g4LQ_18code_guardian_core9detectorsNtB5_19UnreachableDetectorNtB7_15PatternDetector6detect
FNDA:3,_RNvXs_NtCs4YMcHG5g4LQ_18code_guardian_core9detectorsNtB4_13FixmeDetectorNtB6_15PatternDetector6detect
FNDA:0,_RNvXsa_NtCs4YMcHG5g4LQ_18code_guardian_core9detectorsNtB5_13CloneDetectorNtB7_15PatternDetector6detect
FNDA:0,_RNvXsb_NtCs4YMcHG5g4LQ_18code_guardian_core9detectorsNtB5_16ToStringDetectorNtB7_15PatternDetector6detect
FNDA:4,_RNvXsc_NtCs4YMcHG5g4LQ_18code_guardian_core9detectorsNtB5_14UnsafeDetectorNtB7_15PatternDetector6detect
FNDA:4,_RNvXsd_NtCs4YMcHG5g4LQ_18code_guardian_core9detectorsNtB5_11DevDetectorNtB7_15PatternDetector6detect
FNDA:4,_RNvXse_NtCs4YMcHG5g4LQ_18code_guardian_core9detectorsNtB5_13DebugDetectorNtB7_15PatternDetector6detect
FNDA:6,_RNvXsf_NtCs4YMcHG5g4LQ_18code_guardian_core9detectorsNtB5_12TestDetectorNtB7_15PatternDetector6detect
FNDA:5,_RNvXsg_NtCs4YMcHG5g4LQ_18code_guardian_core9detectorsNtB5_13PhaseDetectorNtB7_15PatternDetector6detect
FNDA:4,_RNvXsh_NtCs4YMcHG5g4LQ_18code_guardian_core9detectorsNtB5_15StagingDetectorNtB7_15PatternDetector6detect
FNDA:6,_RNvXsi_NtCs4YMcHG5g4LQ_18code_guardian_core9detectorsNtB5_18ConsoleLogDetectorNtB7_15PatternDetector6detect
FNDA:5,_RNvXsj_NtCs4YMcHG5g4LQ_18code_guardian_core9detectorsNtB5_13PrintDetectorNtB7_15PatternDetector6detect
FNDA:4,_RNvXsk_NtCs4YMcHG5g4LQ_18code_guardian_core9detectorsNtB5_13AlertDetectorNtB7_15PatternDetector6detect
FNDA:5,_RNvXsl_NtCs4YMcHG5g4LQ_18code_guardian_core9detectorsNtB5_16DebuggerDetectorNtB7_15PatternDetector6detect
FNDA:5,_RNvXsm_NtCs4YMcHG5g4LQ_18code_guardian_core9detectorsNtB5_17UnusedVarDetectorNtB7_15PatternDetector6detect
FNDA:4,_RNvXsn_NtCs4YMcHG5g4LQ_18code_guardian_core9detectorsNtB5_16DeadCodeDetectorNtB7_15PatternDetector6detect
FNDA:5,_RNvXso_NtCs4YMcHG5g4LQ_18code_guardian_core9detectorsNtB5_20ExperimentalDetectorNtB7_15PatternDetector6detect
FNDA:1,_RNvXsq_NtCs4YMcHG5g4LQ_18code_guardian_core9detectorsNtB5_21CustomPatternDetectorNtB7_15PatternDetector6detect
FNDA:2,_RNCNvNtNtCs4YMcHG5g4LQ_18code_guardian_core9detectors5testss_22test_debugger_detector0B7_
FNDA:2,_RNCNvNtNtCs4YMcHG5g4LQ_18code_guardian_core9detectors5testss_24test_unused_var_detector0B7_
FNDA:3,_RNCNvNtNtCs4YMcHG5g4LQ_18code_guardian_core9detectors5testss_26test_experimental_detector0B7_
FNDA:4,_RNCNvNtNtCs4YMcHG5g4LQ_18code_guardian_core9detectors5testss_34test_print_detector_multi_language0B7_
FNDA:1,_RNCNvNtNtCs4YMcHG5g4LQ_18code_guardian_core9detectors5testss_34test_print_detector_multi_languages0_0B7_
FNDA:2,_RNCNvNtNtCs4YMcHG5g4LQ_18code_guardian_core9detectors5testss_34test_print_detector_multi_languages1_0B7_
FNDA:4,_RNCNvNtNtCs4YMcHG5g4LQ_18code_guardian_core9detectors5testss_34test_print_detector_multi_languages2_0B7_
FNDA:4,_RNCNvNtNtCs4YMcHG5g4LQ_18code_guardian_core9detectors5testss_34test_print_detector_multi_languages_0B7_
FNF:51
FNH:51
DA:44,111
DA:45,111
DA:46,111
DA:47,111
DA:48,111
DA:49,111
DA:50,111
DA:51,382
DA:52,382
DA:53,58
DA:54,58
DA:55,58
DA:56,58
DA:57,58
DA:58,58
DA:59,58
DA:60,58
DA:61,58
DA:62,58
DA:63,58
DA:64,58
DA:65,58
DA:67,111
DA:68,111
DA:74,18
DA:75,18
DA:76,18
DA:83,13
DA:84,13
DA:85,13
DA:92,2
DA:93,2
DA:94,2
DA:101,1
DA:102,1
DA:103,1
DA:110,1
DA:111,1
DA:112,1
DA:119,1
DA:120,1
DA:121,1
DA:128,1
DA:129,1
DA:130,1
DA:137,7
DA:139,7
DA:140,7
DA:141,3
DA:142,4
DA:143,0
DA:144,4
DA:145,7
DA:152,6
DA:154,6
DA:155,6
DA:156,3
DA:157,3
DA:158,0
DA:159,3
DA:160,6
DA:167,1
DA:169,1
DA:170,1
DA:171,1
DA:172,0
DA:173,0
DA:174,0
DA:175,1
DA:182,1
DA:184,1
DA:185,1
DA:186,1
DA:187,1
DA:188,1
DA:189,1
DA:190,1
DA:192,0
DA:193,0
DA:194,0
DA:195,1
DA:202,1
DA:204,1
DA:205,1
DA:206,1
DA:207,1
DA:208,1
DA:209,1
DA:210,1
DA:212,0
DA:213,0
DA:214,0
DA:215,1
DA:222,1
DA:224,1
DA:225,1
DA:226,1
DA:227,0
DA:228,0
DA:229,0
DA:230,1
DA:237,1
DA:239,1
DA:240,1
DA:241,1
DA:242,1
DA:243,1
DA:244,1
DA:245,1
DA:247,0
DA:248,0
DA:249,0
DA:250,1
DA:257,5
DA:259,5
DA:260,5
DA:261,2
DA:262,3
DA:263,0
DA:264,3
DA:265,5
DA:272,5
DA:273,5
DA:274,5
DA:281,5
DA:282,5
DA:283,5
DA:290,7
DA:292,7
DA:293,7
DA:294,2
DA:295,5
DA:296,0
DA:297,5
DA:298,7
DA:305,6
DA:306,6
DA:307,6
DA:314,5
DA:315,5
DA:316,5
DA:323,7
DA:325,7
DA:326,7
DA:327,3
DA:328,7
DA:329,7
DA:331,3
DA:332,3
DA:333,3
DA:334,3
DA:335,3
DA:337,4
DA:338,0
DA:339,4
DA:340,7
DA:347,6
DA:348,6
DA:349,6
DA:356,5
DA:358,5
DA:359,5
DA:360,2
DA:361,5
DA:362,5
DA:364,2
DA:365,3
DA:366,0
DA:367,3
DA:368,5
DA:375,6
DA:376,6
DA:377,6
DA:384,6
DA:385,6
DA:386,6
DA:393,5
DA:394,5
DA:395,5
DA:402,6
DA:403,6
DA:404,6
DA:415,5
DA:416,5
DA:417,3
DA:418,3
DA:419,3
DA:420,3
DA:421,5
DA:425,1
DA:426,1
DA:427,1
DA:436,1
DA:437,1
DA:438,1
DA:439,1
DA:440,1
DA:441,1
DA:442,1
DA:443,1
DA:446,1
DA:447,1
DA:448,1
DA:449,1
DA:451,1
DA:452,1
DA:454,1
DA:455,1
DA:457,1
DA:458,1
DA:459,1
DA:462,1
DA:463,1
DA:464,1
DA:465,1
DA:466,1
DA:467,1
DA:468,1
DA:469,1
DA:472,1
DA:473,1
DA:474,1
DA:475,1
DA:476,1
DA:477,1
DA:478,1
DA:481,1
DA:482,1
DA:483,1
DA:484,1
DA:485,1
DA:486,1
DA:487,1
DA:488,1
DA:489,1
DA:490,1
DA:493,1
DA:494,1
DA:495,1
DA:496,1
DA:499,1
DA:500,1
DA:501,1
DA:502,1
DA:504,1
DA:505,1
DA:507,1
DA:508,1
DA:510,1
DA:511,1
DA:512,1
[...]
FNDA:1,_RNvNtNtNtCseYVf7z9aw1X_20code_guardian_output10formatters3csv5testss_17test_single_match
FNDA:1,_RNvNtNtNtCseYVf7z9aw1X_20code_guardian_output10formatters3csv5testss_18test_empty_matches
FNDA:1,_RNvNtNtNtCseYVf7z9aw1X_20code_guardian_output10formatters3csv5testss_21test_multiple_matches
FNDA:1087,_RNCNvNtNtNtCseYVf7z9aw1X_20code_guardian_output10formatters3csv14proptest_tests9arb_match0B9_
FNDA:260,_RNvXNtNtCseYVf7z9aw1X_20code_guardian_output10formatters3csvNtB2_12CsvFormatterNtB4_9Formatter6format
FNF:7
FNH:7
DA:9,261
DA:10,261
DA:11,261
DA:12,261
DA:14,1353
DA:15,1092
DA:16,1092
DA:17,1092
DA:18,1092
DA:19,1092
DA:20,1092
DA:21,1092
DA:22,1092
DA:23,1092
DA:25,261
DA:26,261
DA:27,261
DA:35,1
DA:36,1
DA:37,1
DA:38,1
DA:39,1
DA:40,1
DA:41,1
DA:42,1
DA:45,1
DA:46,1
DA:47,1
DA:48,1
DA:49,1
DA:50,1
DA:51,1
DA:52,1
DA:53,1
DA:54,1
DA:55,1
DA:56,1
DA:57,1
DA:58,1
DA:61,1
DA:62,1
DA:63,1
DA:64,1
DA:65,1
DA:66,1
DA:67,1
DA:68,1
DA:69,1
DA:70,1
DA:71,1
DA:72,1
DA:73,1
DA:74,1
DA:75,1
DA:76,1
DA:77,1
DA:79,1
DA:80,1
DA:81,1
DA:82,1
DA:83,1
DA:84,1
DA:87,1
DA:88,1
DA:89,1
DA:90,1
DA:91,1
DA:92,1
DA:93,1
DA:94,1
DA:95,1
DA:96,1
DA:97,1
DA:98,1
DA:99,1
DA:100,1
DA:108,1
DA:109,1
DA:110,1
DA:111,1
DA:112,1
DA:113,1
DA:114,1
DA:115,1
DA:116,1
DA:117,1087
DA:118,1087
DA:119,1087
DA:120,1087
DA:121,1087
DA:122,1087
DA:123,1
BRF:0
BRH:0
LF:92
LH:92
end_of_record
SF:/workspaces/code-guardian/crates/output/src/formatters/html.rs
FN:66,_RNvNtNtCseiS13ar1BM0_20code_guardian_output10formatters4html11html_escape
FN:9,_RNvXNtNtCseiS13ar1BM0_20code_guardian_output10formatters4htmlNtB2_13HtmlFormatterNtB4_9Formatter6format
FN:163,_RNCNvNtNtNtCseYVf7z9aw1X_20code_guardian_output10formatters4html14proptest_tests9arb_match0B9_
FN:66,_RNvNtNtCseYVf7z9aw1X_20code_guardian_output10formatters4html11html_escape
FN:9,_RNvXNtNtCseYVf7z9aw1X_20code_guardian_output10formatters4htmlNtB2_13HtmlFormatterNtB4_9Formatter6format
FN:154,_RNvNtNtNtCseYVf7z9aw1X_20code_guardian_output10formatters4html14proptest_tests9arb_match
FN:108,_RNvNtNtNtCseYVf7z9aw1X_20code_guardian_output10formatters4html5testss_16test_html_escape
FN:89,_RNvNtNtNtCseYVf7z9aw1X_20code_guardian_output10formatters4html5testss_17test_single_match
FN:79,_RNvNtNtNtCseYVf7z9aw1X_20code_guardian_output10formatters4html5testss_18test_empty_matches
FN:123,_RNvNtNtNtCseYVf7z9aw1X_20code_guardian_output10formatters4html5testss_21test_multiple_matches
FNDA:3,_RNvNtNtCseiS13ar1BM0_20code_guardian_output10formatters4html11html_escape
FNDA:1,_RNvXNtNtCseiS13ar1BM0_20code_guardian_output10formatters4htmlNtB2_13HtmlFormatterNtB4_9Formatter6format
FNDA:1179,_RNCNvNtNtNtCseYVf7z9aw1X_20code_guardian_output10formatters4html14proptest_tests9arb_match0B9_
FNDA:3549,_RNvNtNtCseYVf7z9aw1X_20code_guardian_output10formatters4html11html_escape
FNDA:260,_RNvXNtNtCseYVf7z9aw1X_20code_guardian_output10formatters4htmlNtB2_13HtmlFormatterNtB4_9Formatter6format
FNDA:1,_RNvNtNtNtCseYVf7z9aw1X_20code_guardian_output10formatters4html14proptest_tests9arb_match
FNDA:1,_RNvNtNtNtCseYVf7z9aw1X_20code_guardian_output10formatters4html5testss_16test_html_escape
FNDA:1,_RNvNtNtNtCseYVf7z9aw1X_20code_guardian_output10formatters4html5testss_17test_single_match
FNDA:1,_RNvNtNtNtCseYVf7z9aw1X_20code_guardian_output10formatters4html5testss_18test_empty_matches
FNDA:1,_RNvNtNtNtCseYVf7z9aw1X_20code_guardian_output10formatters4html5testss_21test_multiple_matches
FNF:8
FNH:8
DA:9,261
DA:10,261
DA:38,261
DA:39,29
DA:40,29
DA:41,1416
DA:42,1184
DA:43,1184
DA:44,1184
DA:45,1184
DA:46,1184
DA:47,1184
DA:48,1184
DA:49,1184
DA:50,1184
DA:53,261
DA:54,261
DA:55,261
DA:56,261
DA:57,261
DA:58,261
DA:61,261
DA:62,261
DA:66,3552
DA:67,3552
DA:68,3552
DA:69,3552
DA:70,3552
DA:71,3552
DA:72,3552
DA:79,1
DA:80,1
DA:81,1
DA:82,1
DA:83,1
DA:84,1
DA:85,1
DA:86,1
DA:89,1
DA:90,1
DA:91,1
DA:92,1
DA:93,1
DA:94,1
DA:95,1
DA:96,1
DA:97,1
DA:98,1
DA:99,1
DA:100,1
DA:101,1
DA:102,1
DA:103,1
DA:104,1
DA:105,1
DA:108,1
DA:109,1
DA:110,1
DA:111,1
DA:112,1
DA:113,1
DA:114,1
DA:115,1
DA:116,1
DA:117,1
DA:118,1
DA:119,1
DA:120,1
DA:123,1
DA:124,1
DA:125,1
DA:126,1
DA:127,1
DA:128,1
DA:129,1
DA:130,1
DA:131,1
DA:132,1
DA:133,1
DA:134,1
DA:135,1
DA:136,1
DA:137,1
DA:138,1
DA:139,1
DA:141,1
DA:142,1
DA:143,1
DA:144,1
DA:145,1
DA:146,1
DA:154,1
DA:155,1
DA:156,1
DA:157,1
DA:158,1
DA:159,1
DA:160,1
DA:161,1
DA:162,1
DA:163,1179
DA:164,1179
DA:165,1179
DA:166,1179
DA:167,1179
DA:168,1179
DA:169,1
BRF:0
BRH:0
LF:107
LH:107
end_of_record
SF:/workspaces/code-guardian/crates/output/src/formatters/json.rs
FN:9,_RNvXNtNtCseiS13ar1BM0_20code_guardian_output10formatters4jsonNtB2_13JsonFormatterNtB4_9Formatter6format
FN:10,_RNCNvXNtNtCseiS13ar1BM0_20code_guardian_output10formatters4jsonNtB4_13JsonFormatterNtB6_9Formatter6format0B8_
FN:10,_RNCNvXNtNtCseYVf7z9aw1X_20code_guardian_output10formatters4jsonNtB4_13JsonFormatterNtB6_9Formatter6format0B8_
FN:81,_RNvNtNtNtCseYVf7z9aw1X_20code_guardian_output10formatters4json14proptest_tests9arb_match
FN:90,_RNCNvNtNtNtCseYVf7z9aw1X_20code_guardian_output10formatters4json14proptest_tests9arb_match0B9_
FN:9,_RNvXNtNtCseYVf7z9aw1X_20code_guardian_output10formatters4jsonNtB2_13JsonFormatterNtB4_9Formatter6format
FN:28,_RNvNtNtNtCseYVf7z9aw1X_20code_guardian_output10formatters4json5testss_17test_single_match
FN:20,_RNvNtNtNtCseYVf7z9aw1X_20code_guardian_output10formatters4json5testss_18test_empty_matches
FN:51,_RNvNtNtNtCseYVf7z9aw1X_20code_guardian_output10formatters4json5testss_21test_multiple_matches
FNDA:2,_RNvXNtNtCseiS13ar1BM0_20code_guardian_output10formatters4jsonNtB2_13JsonFormatterNtB4_9Formatter6format
FNDA:0,_RNCNvXNtNtCseiS13ar1BM0_20code_guardian_output10formatters4jsonNtB4_13JsonFormatterNtB6_9Formatter6format0B8_
FNDA:0,_RNCNvXNtNtCseYVf7z9aw1X_20code_guardian_output10formatters4jsonNtB4_13JsonFormatterNtB6_9Formatter6format0B8_
FNDA:1,_RNvNtNtNtCseYVf7z9aw1X_20code_guardian_output10formatters4json14proptest_tests9arb_match
FNDA:1127,_RNCNvNtNtNtCseYVf7z9aw1X_20code_guardian_output10formatters4json14proptest_tests9arb_match0B9_
FNDA:259,_RNvXNtNtCseYVf7z9aw1X_20code_guardian_output10formatters4jsonNtB2_13JsonFormatterNtB4_9Formatter6format
FNDA:1,_RNvNtNtNtCseYVf7z9aw1X_20code_guardian_output10formatters4json5testss_17test_single_match
FNDA:1,_RNvNtNtNtCseYVf7z9aw1X_20code_guardian_output10formatters4json5testss_18test_empty_matches
FNDA:1,_RNvNtNtNtCseYVf7z9aw1X_20code_guardian_output10formatters4json5testss_21test_multiple_matches
FNF:7
FNH:6
DA:9,261
DA:10,261
DA:11,261
DA:20,1
DA:21,1
DA:22,1
DA:23,1
DA:24,1
DA:25,1
DA:28,1
DA:29,1
DA:30,1
DA:31,1
DA:32,1
DA:33,1
DA:34,1
DA:35,1
DA:36,1
DA:37,1
DA:38,1
DA:39,1
DA:40,1
DA:41,1
DA:42,1
DA:43,1
DA:44,1
DA:45,1
DA:46,1
DA:47,1
DA:48,1
DA:51,1
DA:52,1
DA:53,1
DA:54,1
DA:55,1
DA:56,1
DA:57,1
DA:58,1
DA:59,1
DA:60,1
DA:61,1
DA:62,1
DA:63,1
DA:64,1
DA:65,1
DA:66,1
DA:67,1
DA:69,1
DA:71,1
DA:72,1
DA:73,1
DA:81,1
DA:82,1
DA:83,1
DA:84,1
DA:85,1
DA:86,1
DA:87,1
DA:88,1
DA:89,1
DA:90,1127
DA:91,1127
DA:92,1127
DA:93,1127
DA:94,1127
DA:95,1127
DA:96,1
BRF:0
BRH:0
LF:68
LH:67
end_of_record
SF:/workspaces/code-guardian/crates/output/src/formatters/markdown.rs
FN:33,_RNvNtNtCseiS13ar1BM0_20code_guardian_output10formatters8markdown9escape_md
FN:9,_RNvXNtNtCseiS13ar1BM0_20code_guardian_output10formatters8markdownNtB2_17MarkdownFormatterNtB4_9Formatter6format
FN:120,_RNCNvNtNtNtCseYVf7z9aw1X_20code_guardian_output10formatters8markdown14proptest_tests9arb_match0B9_
FN:65,_RNvNtNtNtCseYVf7z9aw1X_20code_guardian_output10formatters8markdown5testss_17test_escape_pipes
FN:50,_RNvNtNtNtCseYVf7z9aw1X_20code_guardian_output10formatters8markdown5testss_17test_single_match
FN:42,_RNvNtNtNtCseYVf7z9aw1X_20code_guardian_output10formatters8markdown5testss_18test_empty_matches
FN:80,_RNvNtNtNtCseYVf7z9aw1X_20code_guardian_output10formatters8markdown5testss_21test_multiple_matches
FN:33,_RNvNtNtCseYVf7z9aw1X_20code_guardian_output10formatters8markdown9escape_md
FN:9,_RNvXNtNtCseYVf7z9aw1X_20code_guardian_output10formatters8markdownNtB2_17MarkdownFormatterNtB4_9Formatter6format
FN:111,_RNvNtNtNtCseYVf7z9aw1X_20code_guardian_output10formatters8markdown14proptest_tests9arb_match
FNDA:3,_RNvNtNtCseiS13ar1BM0_20code_guardian_output10formatters8markdown9escape_md
FNDA:1,_RNvXNtNtCseiS13ar1BM0_20code_guardian_output10formatters8markdownNtB2_17MarkdownFormatterNtB4_9Formatter6format
FNDA:1131,_RNCNvNtNtNtCseYVf7z9aw1X_20code_guardian_output10formatters8markdown14proptest_tests9arb_match0B9_
FNDA:1,_RNvNtNtNtCseYVf7z9aw1X_20code_guardian_output10formatters8markdown5testss_17test_escape_pipes
FNDA:1,_RNvNtNtNtCseYVf7z9aw1X_20code_guardian_output10formatters8markdown5testss_17test_single_match
FNDA:1,_RNvNtNtNtCseYVf7z9aw1X_20code_guardian_output10formatters8markdown5testss_18test_empty_matches
FNDA:1,_RNvNtNtNtCseYVf7z9aw1X_20code_guardian_output10formatters8markdown5testss_21test_multiple_matches
FNDA:3405,_RNvNtNtCseYVf7z9aw1X_20code_guardian_output10formatters8markdown9escape_md
FNDA:260,_RNvXNtNtCseYVf7z9aw1X_20code_guardian_output10formatters8markdownNtB2_17MarkdownFormatterNtB4_9Formatter6format
FNDA:1,_RNvNtNtNtCseYVf7z9aw1X_20code_guardian_output10formatters8markdown14proptest_tests9arb_match
FNF:8
FNH:8
DA:9,261
DA:10,261
DA:11,29
DA:12,232
DA:14,232
DA:15,232
DA:17,1368
DA:18,1136
DA:19,1136
DA:20,1136
DA:21,1136
DA:22,1136
DA:23,1136
DA:24,1136
DA:25,1136
DA:26,1136
DA:28,232
DA:29,261
DA:33,3408
DA:34,3408
DA:35,3408
DA:42,1
DA:43,1
DA:44,1
DA:45,1
DA:46,1
DA:47,1
DA:50,1
DA:51,1
DA:52,1
DA:53,1
DA:54,1
DA:55,1
DA:56,1
DA:57,1
DA:58,1
DA:59,1
DA:60,1
DA:61,1
DA:62,1
DA:65,1
DA:66,1
DA:67,1
DA:68,1
DA:69,1
DA:70,1
DA:71,1
DA:72,1
DA:73,1
DA:74,1
DA:75,1
DA:76,1
DA:77,1
DA:80,1
DA:81,1
DA:82,1
DA:83,1
DA:84,1
DA:85,1
DA:86,1
DA:87,1
DA:88,1
DA:89,1
DA:90,1
DA:91,1
DA:92,1
DA:93,1
DA:94,1
DA:95,1
DA:96,1
DA:98,1
DA:99,1
DA:100,1
DA:101,1
DA:102,1
DA:103,1
DA:111,1
DA:112,1
DA:113,1
DA:114,1
DA:115,1
DA:116,1
DA:117,1
DA:118,1
DA:119,1
DA:120,1131
DA:121,1131
DA:122,1131
DA:123,1131
DA:124,1131
DA:125,1131
DA:126,1
BRF:0
BRH:0
LF:92
LH:92
end_of_record
SF:/workspaces/code-guardian/crates/output/src/formatters/text.rs
FN:10,_RNvXNtNtCseiS13ar1BM0_20code_guardian_output10formatters4textNtB2_13TextFormatterNtB4_9Formatter6format
FN:93,_RNvNtNtNtCseYVf7z9aw1X_20code_guardian_output10formatters4text14proptest_tests9arb_match
FN:102,_RNCNvNtNtNtCseYVf7z9aw1X_20code_guardian_output10formatters4text14proptest_tests9arb_match0B9_
FN:10,_RNvXNtNtCseYVf7z9aw1X_20code_guardian_output10formatters4textNtB2_13TextFormatterNtB4_9Formatter6format
FN:45,_RNvNtNtNtCseYVf7z9aw1X_20code_guardian_output10formatters4text5testss_17test_single_match
FN:37,_RNvNtNtNtCseYVf7z9aw1X_20code_guardian_output10formatters4text5testss_18test_empty_matches
FN:62,_RNvNtNtNtCseYVf7z9aw1X_20code_guardian_output10formatters4text5testss_21test_multiple_matches
FNDA:9,_RNvXNtNtCseiS13ar1BM0_20code_guardian_output10formatters4textNtB2_13TextFormatterNtB4_9Formatter6format
FNDA:1,_RNvNtNtNtCseYVf7z9aw1X_20code_guardian_output10formatters4text14proptest_tests9arb_match
FNDA:1100,_RNCNvNtNtNtCseYVf7z9aw1X_20code_guardian_output10formatters4text14proptest_tests9arb_match0B9_
FNDA:259,_RNvXNtNtCseYVf7z9aw1X_20code_guardian_output10formatters4textNtB2_13TextFormatterNtB4_9Formatter6format
FNDA:1,_RNvNtNtNtCseYVf7z9aw1X_20code_guardian_output10formatters4text5testss_17test_single_match
FNDA:1,_RNvNtNtNtCseYVf7z9aw1X_20code_guardian_output10formatters4text5testss_18test_empty_matches
FNDA:1,_RNvNtNtNtCseYVf7z9aw1X_20code_guardian_output10formatters4text5testss_21test_multiple_matches
FNF:6
FNH:6
DA:10,268
DA:11,268
DA:12,32
DA:13,236
DA:15,236
DA:16,236
DA:18,1352
DA:19,1116
DA:20,1116
DA:21,1116
DA:22,1116
DA:23,1116
DA:24,1116
DA:25,1116
DA:26,1116
DA:28,236
DA:29,268
DA:37,1
DA:38,1
DA:39,1
DA:40,1
DA:41,1
DA:42,1
DA:45,1
DA:46,1
DA:47,1
DA:48,1
DA:49,1
DA:50,1
DA:51,1
DA:52,1
DA:53,1
DA:54,1
DA:55,1
DA:56,1
DA:57,1
DA:58,1
DA:59,1
DA:62,1
DA:63,1
DA:64,1
DA:65,1
DA:66,1
DA:67,1
DA:68,1
DA:69,1
DA:70,1
DA:71,1
DA:72,1
DA:73,1
DA:74,1
DA:75,1
DA:76,1
DA:77,1
DA:78,1
DA:80,1
DA:81,1
DA:82,1
DA:83,1
DA:84,1
DA:85,1
DA:93,1
DA:94,1
DA:95,1
DA:96,1
DA:97,1
DA:98,1
DA:99,1
DA:100,1
DA:101,1
DA:102,1100
DA:103,1100
DA:104,1100
DA:105,1100
DA:106,1100
DA:107,1100
DA:108,1
BRF:0
BRH:0
LF:77
LH:77
end_of_record
SF:/workspaces/code-guardian/crates/storage/src/lib.rs
FN:48,_RINvMCslLdAA8WxYcm_21code_guardian_storageNtB3_20SqliteScanRepository3newRNtNtCscKkwsb9kWaL_3std4path7PathBufECs9ytityy6hmW_17code_guardian_cli
FN:48,_RINvMCslLdAA8WxYcm_21code_guardian_storageNtB3_20SqliteScanRepository3newpEB3_
FN:119,_RNCNvXs_CslLdAA8WxYcm_21code_guardian_storageNtB6_20SqliteScanRepositoryNtB6_14ScanRepository13get_all_scans0B6_
FN:84,_RNCNvXs_CslLdAA8WxYcm_21code_guardian_storageNtB6_20SqliteScanRepositoryNtB6_14ScanRepository8get_scan0B6_
FN:97,_RNCNvXs_CslLdAA8WxYcm_21code_guardian_storageNtB6_20SqliteScanRepositoryNtB6_14ScanRepository8get_scans_0B6_
FN:41,_RNvMCslLdAA8WxYcm_21code_guardian_storageNtB2_20SqliteScanRepository13new_in_memory
FN:55,_RNvMCslLdAA8WxYcm_21code_guardian_storageNtB2_20SqliteScanRepository7init_db
FN:134,_RNvXs_CslLdAA8WxYcm_21code_guardian_storageNtB4_20SqliteScanRepositoryNtB4_14ScanRepository11delete_scan
FN:115,_RNvXs_CslLdAA8WxYcm_21code_guardian_storageNtB4_20SqliteScanRepositoryNtB4_14ScanRepository13get_all_scans
FN:79,_RNvXs_CslLdAA8WxYcm_21code_guardian_storageNtB4_20SqliteScanRepositoryNtB4_14ScanRepository8get_scan
FN:62,_RNvXs_CslLdAA8WxYcm_21code_guardian_storageNtB4_20SqliteScanRepositoryNtB4_14ScanRepository9save_scan
FN:48,_RINvMCslLdAA8WxYcm_21code_guardian_storageNtB3_20SqliteScanRepository3newRNtNtCscKkwsb9kWaL_3std4path7PathBufECs8Sjk3KvSY8M_3cli
FN:257,_RNCNvNtCsfS5rzrW5gjf_21code_guardian_storage14proptest_tests9arb_match0B5_
FN:41,_RNvMCsfS5rzrW5gjf_21code_guardian_storageNtB2_20SqliteScanRepository13new_in_memory
FN:55,_RNvMCsfS5rzrW5gjf_21code_guardian_storageNtB2_20SqliteScanRepository7init_db
FN:134,_RNvXs_CsfS5rzrW5gjf_21code_guardian_storageNtB4_20SqliteScanRepositoryNtB4_14ScanRepository11delete_scan
FN:115,_RNvXs_CsfS5rzrW5gjf_21code_guardian_storageNtB4_20SqliteScanRepositoryNtB4_14ScanRepository13get_all_scans
FN:79,_RNvXs_CsfS5rzrW5gjf_21code_guardian_storageNtB4_20SqliteScanRepositoryNtB4_14ScanRepository8get_scan
FN:62,_RNvXs_CsfS5rzrW5gjf_21code_guardian_storageNtB4_20SqliteScanRepositoryNtB4_14ScanRepository9save_scan
FN:248,_RNvNtCsfS5rzrW5gjf_21code_guardian_storage14proptest_tests9arb_match
FN:201,_RNvNtCsfS5rzrW5gjf_21code_guardian_storage5testss_16test_delete_scan
FN:175,_RNvNtCsfS5rzrW5gjf_21code_guardian_storage5testss_18test_get_all_scans
FN:221,_RNvNtCsfS5rzrW5gjf_21code_guardian_storage5testss_20test_file_based_repo
FN:150,_RNvNtCsfS5rzrW5gjf_21code_guardian_storage5testss_22test_save_and_get_scan
FN:48,_RINvMCsfS5rzrW5gjf_21code_guardian_storageNtB3_20SqliteScanRepository3newRNtNtCscKkwsb9kWaL_3std4path7PathBufEB3_
FN:119,_RNCNvXs_CsfS5rzrW5gjf_21code_guardian_storageNtB6_20SqliteScanRepositoryNtB6_14ScanRepository13get_all_scans0B6_
FN:84,_RNCNvXs_CsfS5rzrW5gjf_21code_guardian_storageNtB6_20SqliteScanRepositoryNtB6_14ScanRepository8get_scan0B6_
FN:97,_RNCNvXs_CsfS5rzrW5gjf_21code_guardian_storageNtB6_20SqliteScanRepositoryNtB6_14ScanRepository8get_scans_0B6_
FNDA:17,_RINvMCslLdAA8WxYcm_21code_guardian_storageNtB3_20SqliteScanRepository3newRNtNtCscKkwsb9kWaL_3std4path7PathBufECs9ytityy6hmW_17code_guardian_cli
FNDA:0,_RINvMCslLdAA8WxYcm_21code_guardian_storageNtB3_20SqliteScanRepository3newpEB3_
FNDA:4,_RNCNvXs_CslLdAA8WxYcm_21code_guardian_storageNtB6_20SqliteScanRepositoryNtB6_14ScanRepository13get_all_scans0B6_
FNDA:12,_RNCNvXs_CslLdAA8WxYcm_21code_guardian_storageNtB6_20SqliteScanRepositoryNtB6_14ScanRepository8get_scan0B6_
FNDA:17,_RNCNvXs_CslLdAA8WxYcm_21code_guardian_storageNtB6_20SqliteScanRepositoryNtB6_14ScanRepository8get_scans_0B6_
FNDA:0,_RNvMCslLdAA8WxYcm_21code_guardian_storageNtB2_20SqliteScanRepository13new_in_memory
FNDA:26,_RNvMCslLdAA8WxYcm_21code_guardian_storageNtB2_20SqliteScanRepository7init_db
FNDA:0,_RNvXs_CslLdAA8WxYcm_21code_guardian_storageNtB4_20SqliteScanRepositoryNtB4_14ScanRepository11delete_scan
FNDA:4,_RNvXs_CslLdAA8WxYcm_21code_guardian_storageNtB4_20SqliteScanRepositoryNtB4_14ScanRepository13get_all_scans
FNDA:13,_RNvXs_CslLdAA8WxYcm_21code_guardian_storageNtB4_20SqliteScanRepositoryNtB4_14ScanRepository8get_scan
FNDA:15,_RNvXs_CslLdAA8WxYcm_21code_guardian_storageNtB4_20SqliteScanRepositoryNtB4_14ScanRepository9save_scan
FNDA:9,_RINvMCslLdAA8WxYcm_21code_guardian_storageNtB3_20SqliteScanRepository3newRNtNtCscKkwsb9kWaL_3std4path7PathBufECs8Sjk3KvSY8M_3cli
FNDA:1139,_RNCNvNtCsfS5rzrW5gjf_21code_guardian_storage14proptest_tests9arb_match0B5_
FNDA:259,_RNvMCsfS5rzrW5gjf_21code_guardian_storageNtB2_20SqliteScanRepository13new_in_memory
FNDA:261,_RNvMCsfS5rzrW5gjf_21code_guardian_storageNtB2_20SqliteScanRepository7init_db
FNDA:1,_RNvXs_CsfS5rzrW5gjf_21code_guardian_storageNtB4_20SqliteScanRepositoryNtB4_14ScanRepository11delete_scan
FNDA:2,_RNvXs_CsfS5rzrW5gjf_21code_guardian_storageNtB4_20SqliteScanRepositoryNtB4_14ScanRepository13get_all_scans
FNDA:258,_RNvXs_CsfS5rzrW5gjf_21code_guardian_storageNtB4_20SqliteScanRepositoryNtB4_14ScanRepository8get_scan
FNDA:261,_RNvXs_CsfS5rzrW5gjf_21code_guardian_storageNtB4_20SqliteScanRepositoryNtB4_14ScanRepository9save_scan
FNDA:1,_RNvNtCsfS5rzrW5gjf_21code_guardian_storage14proptest_tests9arb_match
FNDA:1,_RNvNtCsfS5rzrW5gjf_21code_guardian_storage5testss_16test_delete_scan
FNDA:1,_RNvNtCsfS5rzrW5gjf_21code_guardian_storage5testss_18test_get_all_scans
FNDA:1,_RNvNtCsfS5rzrW5gjf_21code_guardian_storage5testss_20test_file_based_repo
FNDA:1,_RNvNtCsfS5rzrW5gjf_21code_guardian_storage5testss_22test_save_and_get_scan
FNDA:2,_RINvMCsfS5rzrW5gjf_21code_guardian_storageNtB3_20SqliteScanRepository3newRNtNtCscKkwsb9kWaL_3std4path7PathBufEB3_
FNDA:3,_RNCNvXs_CsfS5rzrW5gjf_21code_guardian_storageNtB6_20SqliteScanRepositoryNtB6_14ScanRepository13get_all_scans0B6_
FNDA:257,_RNCNvXs_CsfS5rzrW5gjf_21code_guardian_storageNtB6_20SqliteScanRepositoryNtB6_14ScanRepository8get_scan0B6_
FNDA:1140,_RNCNvXs_CsfS5rzrW5gjf_21code_guardian_storageNtB6_20SqliteScanRepositoryNtB6_14ScanRepository8get_scans_0B6_
FNF:16
FNH:16
DA:41,259
DA:42,259
DA:43,259
DA:44,259
DA:45,259
DA:48,28
DA:49,28
DA:50,28
DA:51,28
DA:52,28
DA:55,287
DA:56,287
DA:57,287
DA:58,287
DA:62,276
DA:63,276
DA:64,276
DA:65,276
DA:66,276
DA:67,276
DA:68,276
DA:69,1436
DA:70,1160
DA:71,1160
DA:72,1160
DA:73,1160
DA:75,276
DA:76,276
DA:77,276
DA:79,271
DA:80,271
DA:81,271
DA:82,271
DA:83,271
DA:84,271
DA:86,269
DA:87,269
DA:88,269
DA:89,269
DA:91,269
DA:92,271
DA:93,271
DA:94,269
DA:95,269
DA:96,0
DA:97,1157
DA:99,1157
DA:100,1157
DA:101,1157
DA:102,1157
DA:103,1157
DA:105,1157
DA:106,1426
DA:107,1157
DA:109,269
DA:111,2
DA:113,271
DA:115,6
DA:116,6
DA:117,6
DA:118,6
DA:119,7
DA:121,7
DA:122,7
DA:123,7
DA:124,7
DA:126,7
DA:127,6
DA:128,13
DA:129,7
DA:131,6
DA:132,6
DA:134,1
DA:135,1
DA:136,1
DA:137,1
DA:138,1
DA:139,1
DA:140,1
DA:150,1
DA:151,1
DA:152,1
DA:153,1
DA:154,1
DA:155,1
DA:156,1
DA:157,1
DA:158,1
DA:159,1
DA:160,1
DA:161,1
DA:162,1
DA:163,1
DA:164,1
DA:165,1
DA:166,1
DA:167,1
DA:168,1
DA:169,1
DA:170,1
DA:171,1
DA:172,1
DA:175,1
DA:176,1
DA:177,1
DA:178,1
DA:179,1
DA:180,1
DA:181,1
DA:182,1
DA:183,1
DA:184,1
DA:185,1
DA:186,1
DA:187,1
DA:188,1
DA:189,1
DA:190,1
DA:191,1
DA:192,1
DA:193,1
DA:194,1
DA:196,1
DA:197,1
DA:198,1
DA:201,1
DA:202,1
DA:203,1
DA:204,1
DA:205,1
DA:206,1
DA:207,1
DA:208,1
DA:209,1
DA:210,1
DA:211,1
DA:212,1
DA:213,1
DA:214,1
DA:215,1
DA:216,1
DA:217,1
DA:218,1
DA:221,1
DA:222,1
DA:223,1
DA:224,1
DA:225,1
DA:226,1
DA:227,1
DA:228,1
DA:229,1
DA:230,1
DA:231,1
DA:232,1
DA:233,1
DA:235,1
DA:236,1
DA:237,1
DA:239,1
DA:248,1
DA:249,1
DA:250,1
DA:251,1
DA:252,1
DA:253,1
DA:254,1
DA:255,1
DA:256,1
DA:257,1139
DA:258,1139
DA:259,1139
DA:260,1139
DA:261,1139
DA:262,1139
DA:263,1
BRF:0
BRH:0
LF:181
LH:178
end_of_record