SF:/workspaces/code-guardian/crates/cli/src/advanced_handlers.rs
FN:280,_RNCNCNCNCNvNtCs16s6DcJnmvZ_17code_guardian_cli17advanced_handlers18handle_distributed0000Bb_
FN:279,_RNCNCNCNvNtCs16s6DcJnmvZ_17code_guardian_cli17advanced_handlers18handle_distributed000B9_
FN:278,_RNCNCNvNtCs16s6DcJnmvZ_17code_guardian_cli17advanced_handlers18handle_distributed00B7_
FN:199,_RNCNvNtCs16s6DcJnmvZ_17code_guardian_cli17advanced_handlers18handle_distributed0B5_
FN:166,_RNCNvNtCs16s6DcJnmvZ_17code_guardian_cli17advanced_handlers18handle_incremental0B5_
FN:167,_RNCNvNtCs16s6DcJnmvZ_17code_guardian_cli17advanced_handlers18handle_incrementals_0B5_
FN:199,_RNvNtCs16s6DcJnmvZ_17code_guardian_cli17advanced_handlers18handle_distributed
FN:100,_RNvNtCs16s6DcJnmvZ_17code_guardian_cli17advanced_handlers18handle_incremental
FN:7,_RNvNtCs16s6DcJnmvZ_17code_guardian_cli17advanced_handlers23handle_custom_detectors
FN:280,_RNCNCNCNCNvNtCs65Py60REsPg_17code_guardian_cli17advanced_handlers18handle_distributed0000Bb_
FN:279,_RNCNCNCNvNtCs65Py60REsPg_17code_guardian_cli17advanced_handlers18handle_distributed000B9_
FN:278,_RNCNCNvNtCs65Py60REsPg_17code_guardian_cli17advanced_handlers18handle_distributed00B7_
FN:199,_RNCNvNtCs65Py60REsPg_17code_guardian_cli17advanced_handlers18handle_distributed0B5_
FN:166,_RNCNvNtCs65Py60REsPg_17code_guardian_cli17advanced_handlers18handle_incremental0B5_
FN:167,_RNCNvNtCs65Py60REsPg_17code_guardian_cli17advanced_handlers18handle_incrementals_0B5_
FN:199,_RNvNtCs65Py60REsPg_17code_guardian_cli17advanced_handlers18handle_distributed
FN:100,_RNvNtCs65Py60REsPg_17code_guardian_cli17advanced_handlers18handle_incremental
FN:7,_RNvNtCs65Py60REsPg_17code_guardian_cli17advanced_handlers23handle_custom_detectors
FN:280,_RNCNCNCNCNvNtCsi8MTORxUhGy_17code_guardian_cli17advanced_handlers18handle_distributed0000Bb_
FN:279,_RNCNCNCNvNtCsi8MTORxUhGy_17code_guardian_cli17advanced_handlers18handle_distributed000B9_
FN:278,_RNCNCNvNtCsi8MTORxUhGy_17code_guardian_cli17advanced_handlers18handle_distributed00B7_
FN:199,_RNCNvNtCsi8MTORxUhGy_17code_guardian_cli17advanced_handlers18handle_distributed0B5_
FN:166,_RNCNvNtCsi8MTORxUhGy_17code_guardian_cli17advanced_handlers18handle_incremental0B5_
FN:167,_RNCNvNtCsi8MTORxUhGy_17code_guardian_cli17advanced_handlers18handle_incrementals_0B5_
FN:199,_RNvNtCsi8MTORxUhGy_17code_guardian_cli17advanced_handlers18handle_distributed
FN:100,_RNvNtCsi8MTORxUhGy_17code_guardian_cli17advanced_handlers18handle_incremental
FN:7,_RNvNtCsi8MTORxUhGy_17code_guardian_cli17advanced_handlers23handle_custom_detectors
FN:166,_RNCNvNtCs5xHA0DhfRKe_17code_guardian_cli17advanced_handlers18handle_incremental0B5_
FN:167,_RNCNvNtCs5xHA0DhfRKe_17code_guardian_cli17advanced_handlers18handle_incrementals_0B5_
FNDA:2,_RNCNCNCNCNvNtCs16s6DcJnmvZ_17code_guardian_cli17advanced_handlers18handle_distributed0000Bb_
FNDA:2,_RNCNCNCNvNtCs16s6DcJnmvZ_17code_guardian_cli17advanced_handlers18handle_distributed000B9_
FNDA:2,_RNCNCNvNtCs16s6DcJnmvZ_17code_guardian_cli17advanced_handlers18handle_distributed00B7_
FNDA:2,_RNCNvNtCs16s6DcJnmvZ_17code_guardian_cli17advanced_handlers18handle_distributed0B5_
FNDA:0,_RNCNvNtCs16s6DcJnmvZ_17code_guardian_cli17advanced_handlers18handle_incremental0B5_
FNDA:0,_RNCNvNtCs16s6DcJnmvZ_17code_guardian_cli17advanced_handlers18handle_incrementals_0B5_
FNDA:2,_RNvNtCs16s6DcJnmvZ_17code_guardian_cli17advanced_handlers18handle_distributed
FNDA:2,_RNvNtCs16s6DcJnmvZ_17code_guardian_cli17advanced_handlers18handle_incremental
FNDA:5,_RNvNtCs16s6DcJnmvZ_17code_guardian_cli17advanced_handlers23handle_custom_detectors
FNDA:0,_RNCNCNCNCNvNtCs65Py60REsPg_17code_guardian_cli17advanced_handlers18handle_distributed0000Bb_
FNDA:0,_RNCNCNCNvNtCs65Py60REsPg_17code_guardian_cli17advanced_handlers18handle_distributed000B9_
FNDA:0,_RNCNCNvNtCs65Py60REsPg_17code_guardian_cli17advanced_handlers18handle_distributed00B7_
FNDA:0,_RNCNvNtCs65Py60REsPg_17code_guardian_cli17advanced_handlers18handle_distributed0B5_
FNDA:0,_RNCNvNtCs65Py60REsPg_17code_guardian_cli17advanced_handlers18handle_incremental0B5_
FNDA:0,_RNCNvNtCs65Py60REsPg_17code_guardian_cli17advanced_handlers18handle_incrementals_0B5_
FNDA:0,_RNvNtCs65Py60REsPg_17code_guardian_cli17advanced_handlers18handle_distributed
FNDA:0,_RNvNtCs65Py60REsPg_17code_guardian_cli17advanced_handlers18handle_incremental
FNDA:0,_RNvNtCs65Py60REsPg_17code_guardian_cli17advanced_handlers23handle_custom_detectors
FNDA:0,_RNCNCNCNCNvNtCsi8MTORxUhGy_17code_guardian_cli17advanced_handlers18handle_distributed0000Bb_
FNDA:0,_RNCNCNCNvNtCsi8MTORxUhGy_17code_guardian_cli17advanced_handlers18handle_distributed000B9_
FNDA:0,_RNCNCNvNtCsi8MTORxUhGy_17code_guardian_cli17advanced_handlers18handle_distributed00B7_
FNDA:0,_RNCNvNtCsi8MTORxUhGy_17code_guardian_cli17advanced_handlers18handle_distributed0B5_
FNDA:0,_RNCNvNtCsi8MTORxUhGy_17code_guardian_cli17advanced_handlers18handle_incremental0B5_
FNDA:0,_RNCNvNtCsi8MTORxUhGy_17code_guardian_cli17advanced_handlers18handle_incrementals_0B5_
FNDA:0,_RNvNtCsi8MTORxUhGy_17code_guardian_cli17advanced_handlers18handle_distributed
FNDA:0,_RNvNtCsi8MTORxUhGy_17code_guardian_cli17advanced_handlers18handle_incremental
FNDA:0,_RNvNtCsi8MTORxUhGy_17code_guardian_cli17advanced_handlers23handle_custom_detectors
FNDA:0,_RNCNvNtCs5xHA0DhfRKe_17code_guardian_cli17advanced_handlers18handle_incremental0B5_
FNDA:0,_RNCNvNtCs5xHA0DhfRKe_17code_guardian_cli17advanced_handlers18handle_incrementals_0B5_
FNF:9
FNH:7
DA:7,5
DA:8,5
DA:10,0
DA:11,0
DA:13,0
DA:14,0
DA:15,0
DA:16,0
DA:18,0
DA:19,0
DA:20,0
DA:21,0
DA:22,0
DA:23,0
DA:24,0
DA:25,0
DA:26,0
DA:27,0
DA:31,3
DA:32,3
DA:33,3
DA:34,3
DA:35,3
DA:36,3
DA:37,3
DA:41,1
DA:42,1
DA:43,1
DA:45,1
DA:46,1
DA:47,1
DA:48,1
DA:49,1
DA:52,4
DA:53,3
DA:54,3
DA:56,3
DA:57,3
DA:59,0
DA:66,1
DA:67,1
DA:69,1
DA:70,1
DA:72,1
DA:73,1
DA:75,1
DA:77,1
DA:78,4
DA:79,3
DA:80,3
DA:81,0
DA:82,0
DA:83,0
DA:84,0
DA:85,0
DA:86,3
DA:89,1
DA:90,1
DA:91,1
DA:92,0
DA:93,0
DA:97,5
DA:98,5
DA:100,2
DA:101,2
DA:103,2
DA:105,1
DA:106,1
DA:107,1
DA:108,1
DA:109,0
DA:112,0
DA:113,0
DA:114,0
DA:115,0
DA:116,0
DA:120,0
DA:121,0
DA:122,0
DA:124,0
DA:125,0
DA:127,0
DA:128,0
DA:129,0
DA:130,0
DA:131,0
DA:132,0
DA:133,0
DA:134,0
DA:138,1
DA:139,0
DA:140,0
DA:141,0
DA:142,1
DA:143,1
DA:144,1
DA:148,0
DA:149,0
DA:150,0
DA:151,0
DA:153,0
DA:154,0
DA:156,0
DA:157,0
DA:158,0
DA:160,0
DA:161,0
DA:162,0
DA:164,0
DA:165,0
DA:166,0
DA:167,0
DA:169,0
DA:170,0
DA:171,0
DA:180,0
DA:181,0
DA:182,0
DA:184,0
DA:185,0
DA:186,0
DA:187,0
DA:188,0
DA:189,0
DA:190,0
DA:191,0
DA:192,0
DA:196,1
DA:197,2
DA:199,2
DA:200,2
DA:201,1
DA:202,1
DA:203,1
DA:207,1
DA:209,2
DA:210,2
DA:211,2
DA:212,2
DA:213,2
DA:214,2
DA:215,2
DA:216,2
DA:217,2
DA:218,2
DA:219,2
DA:220,2
DA:221,2
DA:222,2
DA:223,2
DA:224,2
DA:225,2
DA:227,1
DA:228,1
DA:229,1
DA:230,1
DA:231,1
DA:232,1
DA:235,1
DA:236,1
DA:237,1
DA:243,1
DA:244,1
DA:245,1
DA:247,1
DA:248,1
DA:250,1
DA:253,2
DA:254,2
DA:255,2
DA:256,2
DA:257,2
DA:258,2
DA:259,2
DA:260,2
DA:261,2
DA:262,2
DA:263,2
DA:266,1
DA:267,1
DA:268,1
DA:270,1
DA:271,1
DA:272,1
DA:276,1
DA:277,1
DA:278,2
DA:279,2
DA:280,2
DA:281,1
DA:283,1
DA:285,2
DA:286,2
DA:287,1
DA:289,1
DA:290,1
DA:292,1
DA:294,1
DA:295,1
DA:296,1
DA:297,1
DA:298,1
DA:301,1
DA:302,1
DA:303,1
DA:304,1
DA:305,1
DA:306,1
DA:307,1
DA:308,1
DA:309,1
DA:310,1
DA:311,1
DA:313,1
DA:314,0
DA:315,1
DA:316,0
DA:320,2
DA:321,2
BRF:0
BRH:0
LF:225
LH:144
end_of_record
SF:/workspaces/code-guardian/crates/cli/src/benchmark.rs
FN:9,_RNvNtCs16s6DcJnmvZ_17code_guardian_cli9benchmark13run_benchmark
FN:124,_RNvNtCs16s6DcJnmvZ_17code_guardian_cli9benchmark22quick_performance_test
FN:62,_RNCNvNtCs16s6DcJnmvZ_17code_guardian_cli9benchmark13run_benchmark0B5_
FN:62,_RNCNvNtCs65Py60REsPg_17code_guardian_cli9benchmark13run_benchmark0B5_
FN:9,_RNvNtCs65Py60REsPg_17code_guardian_cli9benchmark13run_benchmark
FN:124,_RNvNtCs65Py60REsPg_17code_guardian_cli9benchmark22quick_performance_test
FN:62,_RNCNvNtCsi8MTORxUhGy_17code_guardian_cli9benchmark13run_benchmark0B5_
FN:9,_RNvNtCsi8MTORxUhGy_17code_guardian_cli9benchmark13run_benchmark
FN:124,_RNvNtCsi8MTORxUhGy_17code_guardian_cli9benchmark22quick_performance_test
FN:62,_RNCNvNtCs5xHA0DhfRKe_17code_guardian_cli9benchmark13run_benchmark0B5_
FN:9,_RNvNtCs5xHA0DhfRKe_17code_guardian_cli9benchmark13run_benchmark
FN:124,_RNvNtCs5xHA0DhfRKe_17code_guardian_cli9benchmark22quick_performance_test
FNDA:0,_RNvNtCs16s6DcJnmvZ_17code_guardian_cli9benchmark13run_benchmark
FNDA:1,_RNvNtCs16s6DcJnmvZ_17code_guardian_cli9benchmark22quick_performance_test
FNDA:0,_RNCNvNtCs16s6DcJnmvZ_17code_guardian_cli9benchmark13run_benchmark0B5_
FNDA:0,_RNCNvNtCs65Py60REsPg_17code_guardian_cli9benchmark13run_benchmark0B5_
FNDA:0,_RNvNtCs65Py60REsPg_17code_guardian_cli9benchmark13run_benchmark
FNDA:0,_RNvNtCs65Py60REsPg_17code_guardian_cli9benchmark22quick_performance_test
FNDA:0,_RNCNvNtCsi8MTORxUhGy_17code_guardian_cli9benchmark13run_benchmark0B5_
FNDA:0,_RNvNtCsi8MTORxUhGy_17code_guardian_cli9benchmark13run_benchmark
FNDA:0,_RNvNtCsi8MTORxUhGy_17code_guardian_cli9benchmark22quick_performance_test
FNDA:0,_RNCNvNtCs5xHA0DhfRKe_17code_guardian_cli9benchmark13run_benchmark0B5_
FNDA:1,_RNvNtCs5xHA0DhfRKe_17code_guardian_cli9benchmark13run_benchmark
FNDA:0,_RNvNtCs5xHA0DhfRKe_17code_guardian_cli9benchmark22quick_performance_test
FNF:3
FNH:2
DA:9,1
DA:10,1
DA:11,1
DA:13,1
DA:14,1
DA:17,1
DA:18,1
DA:19,1
DA:20,1
DA:21,1
DA:22,1
DA:23,1
DA:24,1
DA:27,1
DA:28,1
DA:29,1
DA:30,1
DA:31,1
DA:32,1
DA:33,1
DA:34,1
DA:37,1
DA:38,1
DA:39,1
DA:40,1
DA:41,1
DA:42,1
DA:43,1
DA:44,1
DA:45,1
DA:46,1
DA:49,1
DA:50,1
DA:53,1
DA:54,1
DA:55,1
DA:58,1
DA:59,1
DA:60,1
DA:61,1
DA:62,1
DA:63,0
DA:64,0
DA:65,1
DA:66,0
DA:67,0
DA:68,0
DA:69,0
DA:70,0
DA:73,0
DA:74,0
DA:77,0
DA:80,0
DA:81,0
DA:83,0
DA:84,0
DA:85,0
DA:86,0
DA:87,0
DA:88,0
DA:89,0
DA:90,0
DA:92,0
DA:93,0
DA:94,0
DA:95,0
DA:96,0
DA:97,0
DA:99,0
DA:100,0
DA:101,0
DA:102,0
DA:103,0
DA:104,0
DA:106,0
DA:107,0
DA:108,0
DA:109,0
DA:110,0
DA:111,0
DA:112,0
DA:113,0
DA:114,0
DA:115,0
DA:117,0
DA:118,0
DA:120,0
DA:121,1
DA:124,1
DA:125,1
DA:126,1
DA:128,1
DA:129,1
DA:130,1
DA:131,1
DA:133,1
DA:134,1
DA:135,1
DA:136,1
DA:137,1
DA:138,1
DA:139,1
DA:140,1
DA:142,1
DA:143,1
DA:144,1
DA:147,1
DA:148,0
DA:149,0
DA:150,0
DA:151,1
DA:153,1
DA:154,1
BRF:0
BRH:0
LF:115
LH:65
end_of_record
SF:/workspaces/code-guardian/crates/cli/src/command_handlers.rs
FN:64,_RNvNtCs16s6DcJnmvZ_17code_guardian_cli16command_handlers10handle_git
FN:15,_RNvNtCs16s6DcJnmvZ_17code_guardian_cli16command_handlers14handle_history
FN:48,_RNvNtCs16s6DcJnmvZ_17code_guardian_cli16command_handlers16handle_benchmark
FN:40,_RNvNtCs16s6DcJnmvZ_17code_guardian_cli16command_handlers17handle_completion
FN:49,_RNCNvNtCs16s6DcJnmvZ_17code_guardian_cli16command_handlers16handle_benchmark0B5_
FN:49,_RNCNvNtCs65Py60REsPg_17code_guardian_cli16command_handlers16handle_benchmark0B5_
FN:64,_RNvNtCs65Py60REsPg_17code_guardian_cli16command_handlers10handle_git
FN:15,_RNvNtCs65Py60REsPg_17code_guardian_cli16command_handlers14handle_history
FN:48,_RNvNtCs65Py60REsPg_17code_guardian_cli16command_handlers16handle_benchmark
FN:40,_RNvNtCs65Py60REsPg_17code_guardian_cli16command_handlers17handle_completion
FN:49,_RNCNvNtCsi8MTORxUhGy_17code_guardian_cli16command_handlers16handle_benchmark0B5_
FN:64,_RNvNtCsi8MTORxUhGy_17code_guardian_cli16command_handlers10handle_git
FN:15,_RNvNtCsi8MTORxUhGy_17code_guardian_cli16command_handlers14handle_history
FN:48,_RNvNtCsi8MTORxUhGy_17code_guardian_cli16command_handlers16handle_benchmark
FN:40,_RNvNtCsi8MTORxUhGy_17code_guardian_cli16command_handlers17handle_completion
FN:49,_RNCNvNtCs5xHA0DhfRKe_17code_guardian_cli16command_handlers16handle_benchmark0B5_
FN:64,_RNvNtCs5xHA0DhfRKe_17code_guardian_cli16command_handlers10handle_git
FN:15,_RNvNtCs5xHA0DhfRKe_17code_guardian_cli16command_handlers14handle_history
FN:48,_RNvNtCs5xHA0DhfRKe_17code_guardian_cli16command_handlers16handle_benchmark
FN:40,_RNvNtCs5xHA0DhfRKe_17code_guardian_cli16command_handlers17handle_completion
FNDA:0,_RNvNtCs16s6DcJnmvZ_17code_guardian_cli16command_handlers10handle_git
FNDA:1,_RNvNtCs16s6DcJnmvZ_17code_guardian_cli16command_handlers14handle_history
FNDA:1,_RNvNtCs16s6DcJnmvZ_17code_guardian_cli16command_handlers16handle_benchmark
FNDA:1,_RNvNtCs16s6DcJnmvZ_17code_guardian_cli16command_handlers17handle_completion
FNDA:0,_RNCNvNtCs16s6DcJnmvZ_17code_guardian_cli16command_handlers16handle_benchmark0B5_
FNDA:0,_RNCNvNtCs65Py60REsPg_17code_guardian_cli16command_handlers16handle_benchmark0B5_
FNDA:0,_RNvNtCs65Py60REsPg_17code_guardian_cli16command_handlers10handle_git
FNDA:0,_RNvNtCs65Py60REsPg_17code_guardian_cli16command_handlers14handle_history
FNDA:0,_RNvNtCs65Py60REsPg_17code_guardian_cli16command_handlers16handle_benchmark
FNDA:0,_RNvNtCs65Py60REsPg_17code_guardian_cli16command_handlers17handle_completion
FNDA:0,_RNCNvNtCsi8MTORxUhGy_17code_guardian_cli16command_handlers16handle_benchmark0B5_
FNDA:0,_RNvNtCsi8MTORxUhGy_17code_guardian_cli16command_handlers10handle_git
FNDA:0,_RNvNtCsi8MTORxUhGy_17code_guardian_cli16command_handlers14handle_history
FNDA:0,_RNvNtCsi8MTORxUhGy_17code_guardian_cli16command_handlers16handle_benchmark
FNDA:0,_RNvNtCsi8MTORxUhGy_17code_guardian_cli16command_handlers17handle_completion
FNDA:0,_RNCNvNtCs5xHA0DhfRKe_17code_guardian_cli16command_handlers16handle_benchmark0B5_
FNDA:0,_RNvNtCs5xHA0DhfRKe_17code_guardian_cli16command_handlers10handle_git
FNDA:1,_RNvNtCs5xHA0DhfRKe_17code_guardian_cli16command_handlers14handle_history
FNDA:1,_RNvNtCs5xHA0DhfRKe_17code_guardian_cli16command_handlers16handle_benchmark
FNDA:0,_RNvNtCs5xHA0DhfRKe_17code_guardian_cli16command_handlers17handle_completion
FNF:5
FNH:3
DA:15,2
DA:16,2
DA:17,2
DA:18,1
DA:20,1
DA:21,0
DA:22,0
DA:23,1
DA:25,1
DA:26,2
DA:27,1
DA:28,1
DA:29,1
DA:30,1
DA:31,1
DA:32,1
DA:33,1
DA:34,1
DA:35,1
DA:36,1
DA:37,2
DA:40,1
DA:41,1
DA:42,1
DA:43,1
DA:44,1
DA:45,1
DA:48,2
DA:49,2
DA:51,2
DA:52,1
DA:54,1
DA:56,2
DA:64,0
DA:65,0
DA:66,0
DA:67,0
DA:69,0
DA:70,0
DA:71,0
DA:72,0
DA:74,0
DA:75,0
DA:77,0
DA:78,0
DA:79,0
DA:81,0
DA:82,0
DA:84,0
DA:85,0
DA:86,0
DA:87,0
DA:89,0
DA:90,0
DA:91,0
DA:93,0
DA:94,0
DA:96,0
DA:97,0
DA:98,0
DA:99,0
DA:101,0
DA:102,0
DA:104,0
DA:105,0
DA:106,0
DA:107,0
DA:108,0
DA:109,0
DA:110,0
DA:112,0
DA:115,0
BRF:0
BRH:0
LF:73
LH:30
end_of_record
SF:/workspaces/code-guardian/crates/cli/src/comparison_handlers.rs
FN:25,_RNvNtCs16s6DcJnmvZ_17code_guardian_cli19comparison_handlers13compare_scans
FN:9,_RNvNtCs16s6DcJnmvZ_17code_guardian_cli19comparison_handlers14handle_compare
FN:31,_RNCNvNtCs16s6DcJnmvZ_17code_guardian_cli19comparison_handlers13compare_scans0B5_
FN:36,_RNCNvNtCs16s6DcJnmvZ_17code_guardian_cli19comparison_handlers13compare_scanss_0B5_
FN:31,_RNCNvNtCs65Py60REsPg_17code_guardian_cli19comparison_handlers13compare_scans0B5_
FN:36,_RNCNvNtCs65Py60REsPg_17code_guardian_cli19comparison_handlers13compare_scanss_0B5_
FN:25,_RNvNtCs65Py60REsPg_17code_guardian_cli19comparison_handlers13compare_scans
FN:9,_RNvNtCs65Py60REsPg_17code_guardian_cli19comparison_handlers14handle_compare
FN:31,_RNCNvNtCsi8MTORxUhGy_17code_guardian_cli19comparison_handlers13compare_scans0B5_
FN:36,_RNCNvNtCsi8MTORxUhGy_17code_guardian_cli19comparison_handlers13compare_scanss_0B5_
FN:25,_RNvNtCsi8MTORxUhGy_17code_guardian_cli19comparison_handlers13compare_scans
FN:9,_RNvNtCsi8MTORxUhGy_17code_guardian_cli19comparison_handlers14handle_compare
FN:31,_RNCNvNtCs5xHA0DhfRKe_17code_guardian_cli19comparison_handlers13compare_scans0B5_
FN:36,_RNCNvNtCs5xHA0DhfRKe_17code_guardian_cli19comparison_handlers13compare_scanss_0B5_
FNDA:2,_RNvNtCs16s6DcJnmvZ_17code_guardian_cli19comparison_handlers13compare_scans
FNDA:2,_RNvNtCs16s6DcJnmvZ_17code_guardian_cli19comparison_handlers14handle_compare
FNDA:2,_RNCNvNtCs16s6DcJnmvZ_17code_guardian_cli19comparison_handlers13compare_scans0B5_
FNDA:4,_RNCNvNtCs16s6DcJnmvZ_17code_guardian_cli19comparison_handlers13compare_scanss_0B5_
FNDA:0,_RNCNvNtCs65Py60REsPg_17code_guardian_cli19comparison_handlers13compare_scans0B5_
FNDA:0,_RNCNvNtCs65Py60REsPg_17code_guardian_cli19comparison_handlers13compare_scanss_0B5_
FNDA:0,_RNvNtCs65Py60REsPg_17code_guardian_cli19comparison_handlers13compare_scans
FNDA:0,_RNvNtCs65Py60REsPg_17code_guardian_cli19comparison_handlers14handle_compare
FNDA:0,_RNCNvNtCsi8MTORxUhGy_17code_guardian_cli19comparison_handlers13compare_scans0B5_
FNDA:0,_RNCNvNtCsi8MTORxUhGy_17code_guardian_cli19comparison_handlers13compare_scanss_0B5_
FNDA:0,_RNvNtCsi8MTORxUhGy_17code_guardian_cli19comparison_handlers13compare_scans
FNDA:0,_RNvNtCsi8MTORxUhGy_17code_guardian_cli19comparison_handlers14handle_compare
FNDA:0,_RNCNvNtCs5xHA0DhfRKe_17code_guardian_cli19comparison_handlers13compare_scans0B5_
FNDA:0,_RNCNvNtCs5xHA0DhfRKe_17code_guardian_cli19comparison_handlers13compare_scanss_0B5_
FNF:4
FNH:4
DA:9,2
DA:10,2
DA:11,2
DA:12,2
DA:13,2
DA:14,2
DA:15,2
DA:16,2
DA:17,2
DA:18,2
DA:19,2
DA:20,0
DA:22,2
DA:23,2
DA:25,2
DA:28,2
DA:29,2
DA:30,2
DA:31,2
DA:32,2
DA:33,2
DA:34,2
DA:35,2
DA:36,4
DA:37,2
DA:38,2
DA:39,2
BRF:0
BRH:0
LF:29
LH:28
end_of_record
SF:/workspaces/code-guardian/crates/cli/src/git_integration.rs
FN:182,_RNCNvNtCs16s6DcJnmvZ_17code_guardian_cli15git_integration14parse_git_diff0B5_
FN:60,_RNvMNtCs16s6DcJnmvZ_17code_guardian_cli15git_integrationNtB2_14GitIntegration16get_staged_lines
FN:159,_RNvNtCs16s6DcJnmvZ_17code_guardian_cli15git_integration14parse_git_diff
FN:49,_RNvMNtCs16s6DcJnmvZ_17code_guardian_cli15git_integrationNtB2_14GitIntegration11is_git_repo
FN:33,_RNvMNtCs16s6DcJnmvZ_17code_guardian_cli15git_integrationNtB2_14GitIntegration13get_repo_root
FN:10,_RNvMNtCs16s6DcJnmvZ_17code_guardian_cli15git_integrationNtB2_14GitIntegration16get_staged_files
FN:76,_RNvMNtCs16s6DcJnmvZ_17code_guardian_cli15git_integrationNtB2_14GitIntegration23install_pre_commit_hook
FN:117,_RNvMNtCs16s6DcJnmvZ_17code_guardian_cli15git_integrationNtB2_14GitIntegration25uninstall_pre_commit_hook
FN:54,_RNCNvMNtCs16s6DcJnmvZ_17code_guardian_cli15git_integrationNtB4_14GitIntegration11is_git_repo0B6_
FN:24,_RNCNvMNtCs16s6DcJnmvZ_17code_guardian_cli15git_integrationNtB4_14GitIntegration16get_staged_files0B6_
FN:26,_RNCNvMNtCs16s6DcJnmvZ_17code_guardian_cli15git_integrationNtB4_14GitIntegration16get_staged_filess0_0B6_
FN:25,_RNCNvMNtCs16s6DcJnmvZ_17code_guardian_cli15git_integrationNtB4_14GitIntegration16get_staged_filess_0B6_
FN:258,_RNvNtNtCs65Py60REsPg_17code_guardian_cli15git_integration5testss_15test_line_range
FN:252,_RNvNtNtCs65Py60REsPg_17code_guardian_cli15git_integration5testss_16test_is_git_repo
FN:233,_RNvNtNtCs65Py60REsPg_17code_guardian_cli15git_integration5testss_26test_git_integration_basic
FN:54,_RNCNvMNtCs65Py60REsPg_17code_guardian_cli15git_integrationNtB4_14GitIntegration11is_git_repo0B6_
FN:49,_RNvMNtCs65Py60REsPg_17code_guardian_cli15git_integrationNtB2_14GitIntegration11is_git_repo
FN:24,_RNCNvMNtCs65Py60REsPg_17code_guardian_cli15git_integrationNtB4_14GitIntegration16get_staged_files0B6_
FN:26,_RNCNvMNtCs65Py60REsPg_17code_guardian_cli15git_integrationNtB4_14GitIntegration16get_staged_filess0_0B6_
FN:25,_RNCNvMNtCs65Py60REsPg_17code_guardian_cli15git_integrationNtB4_14GitIntegration16get_staged_filess_0B6_
FN:182,_RNCNvNtCs65Py60REsPg_17code_guardian_cli15git_integration14parse_git_diff0B5_
FN:33,_RNvMNtCs65Py60REsPg_17code_guardian_cli15git_integrationNtB2_14GitIntegration13get_repo_root
FN:10,_RNvMNtCs65Py60REsPg_17code_guardian_cli15git_integrationNtB2_14GitIntegration16get_staged_files
FN:60,_RNvMNtCs65Py60REsPg_17code_guardian_cli15git_integrationNtB2_14GitIntegration16get_staged_lines
FN:76,_RNvMNtCs65Py60REsPg_17code_guardian_cli15git_integrationNtB2_14GitIntegration23install_pre_commit_hook
FN:117,_RNvMNtCs65Py60REsPg_17code_guardian_cli15git_integrationNtB2_14GitIntegration25uninstall_pre_commit_hook
FN:159,_RNvNtCs65Py60REsPg_17code_guardian_cli15git_integration14parse_git_diff
FN:24,_RNCNvMNtCsi8MTORxUhGy_17code_guardian_cli15git_integrationNtB4_14GitIntegration16get_staged_files0B6_
FN:26,_RNCNvMNtCsi8MTORxUhGy_17code_guardian_cli15git_integrationNtB4_14GitIntegration16get_staged_filess0_0B6_
FN:25,_RNCNvMNtCsi8MTORxUhGy_17code_guardian_cli15git_integrationNtB4_14GitIntegration16get_staged_filess_0B6_
FN:182,_RNCNvNtCsi8MTORxUhGy_17code_guardian_cli15git_integration14parse_git_diff0B5_
FN:33,_RNvMNtCsi8MTORxUhGy_17code_guardian_cli15git_integrationNtB2_14GitIntegration13get_repo_root
FN:10,_RNvMNtCsi8MTORxUhGy_17code_guardian_cli15git_integrationNtB2_14GitIntegration16get_staged_files
FN:60,_RNvMNtCsi8MTORxUhGy_17code_guardian_cli15git_integrationNtB2_14GitIntegration16get_staged_lines
FN:76,_RNvMNtCsi8MTORxUhGy_17code_guardian_cli15git_integrationNtB2_14GitIntegration23install_pre_commit_hook
FN:117,_RNvMNtCsi8MTORxUhGy_17code_guardian_cli15git_integrationNtB2_14GitIntegration25uninstall_pre_commit_hook
FN:159,_RNvNtCsi8MTORxUhGy_17code_guardian_cli15git_integration14parse_git_diff
FN:49,_RNvMNtCsi8MTORxUhGy_17code_guardian_cli15git_integrationNtB2_14GitIntegration11is_git_repo
FN:54,_RNCNvMNtCsi8MTORxUhGy_17code_guardian_cli15git_integrationNtB4_14GitIntegration11is_git_repo0B6_
FN:258,_RNvNtNtCsi8MTORxUhGy_17code_guardian_cli15git_integration5testss_15test_line_range
FN:252,_RNvNtNtCsi8MTORxUhGy_17code_guardian_cli15git_integration5testss_16test_is_git_repo
FN:233,_RNvNtNtCsi8MTORxUhGy_17code_guardian_cli15git_integration5testss_26test_git_integration_basic
FN:49,_RNvMNtCs5xHA0DhfRKe_17code_guardian_cli15git_integrationNtB2_14GitIntegration11is_git_repo
FN:33,_RNvMNtCs5xHA0DhfRKe_17code_guardian_cli15git_integrationNtB2_14GitIntegration13get_repo_root
FN:10,_RNvMNtCs5xHA0DhfRKe_17code_guardian_cli15git_integrationNtB2_14GitIntegration16get_staged_files
FN:60,_RNvMNtCs5xHA0DhfRKe_17code_guardian_cli15git_integrationNtB2_14GitIntegration16get_staged_lines
FN:76,_RNvMNtCs5xHA0DhfRKe_17code_guardian_cli15git_integrationNtB2_14GitIntegration23install_pre_commit_hook
FN:117,_RNvMNtCs5xHA0DhfRKe_17code_guardian_cli15git_integrationNtB2_14GitIntegration25uninstall_pre_commit_hook
FN:159,_RNvNtCs5xHA0DhfRKe_17code_guardian_cli15git_integration14parse_git_diff
FN:54,_RNCNvMNtCs5xHA0DhfRKe_17code_guardian_cli15git_integrationNtB4_14GitIntegration11is_git_repo0B6_
FN:24,_RNCNvMNtCs5xHA0DhfRKe_17code_guardian_cli15git_integrationNtB4_14GitIntegration16get_staged_files0B6_
FN:26,_RNCNvMNtCs5xHA0DhfRKe_17code_guardian_cli15git_integrationNtB4_14GitIntegration16get_staged_filess0_0B6_
FN:25,_RNCNvMNtCs5xHA0DhfRKe_17code_guardian_cli15git_integrationNtB4_14GitIntegration16get_staged_filess_0B6_
FN:182,_RNCNvNtCs5xHA0DhfRKe_17code_guardian_cli15git_integration14parse_git_diff0B5_
FNDA:0,_RNCNvNtCs16s6DcJnmvZ_17code_guardian_cli15git_integration14parse_git_diff0B5_
FNDA:0,_RNvMNtCs16s6DcJnmvZ_17code_guardian_cli15git_integrationNtB2_14GitIntegration16get_staged_lines
FNDA:0,_RNvNtCs16s6DcJnmvZ_17code_guardian_cli15git_integration14parse_git_diff
FNDA:0,_RNvMNtCs16s6DcJnmvZ_17code_guardian_cli15git_integrationNtB2_14GitIntegration11is_git_repo
FNDA:0,_RNvMNtCs16s6DcJnmvZ_17code_guardian_cli15git_integrationNtB2_14GitIntegration13get_repo_root
FNDA:0,_RNvMNtCs16s6DcJnmvZ_17code_guardian_cli15git_integrationNtB2_14GitIntegration16get_staged_files
FNDA:0,_RNvMNtCs16s6DcJnmvZ_17code_guardian_cli15git_integrationNtB2_14GitIntegration23install_pre_commit_hook
FNDA:0,_RNvMNtCs16s6DcJnmvZ_17code_guardian_cli15git_integrationNtB2_14GitIntegration25uninstall_pre_commit_hook
FNDA:0,_RNCNvMNtCs16s6DcJnmvZ_17code_guardian_cli15git_integrationNtB4_14GitIntegration11is_git_repo0B6_
FNDA:0,_RNCNvMNtCs16s6DcJnmvZ_17code_guardian_cli15git_integrationNtB4_14GitIntegration16get_staged_files0B6_
FNDA:0,_RNCNvMNtCs16s6DcJnmvZ_17code_guardian_cli15git_integrationNtB4_14GitIntegration16get_staged_filess0_0B6_
FNDA:0,_RNCNvMNtCs16s6DcJnmvZ_17code_guardian_cli15git_integrationNtB4_14GitIntegration16get_staged_filess_0B6_
FNDA:1,_RNvNtNtCs65Py60REsPg_17code_guardian_cli15git_integration5testss_15test_line_range
FNDA:1,_RNvNtNtCs65Py60REsPg_17code_guardian_cli15git_integration5testss_16test_is_git_repo
FNDA:1,_RNvNtNtCs65Py60REsPg_17code_guardian_cli15git_integration5testss_26test_git_integration_basic
FNDA:1,_RNCNvMNtCs65Py60REsPg_17code_guardian_cli15git_integrationNtB4_14GitIntegration11is_git_repo0B6_
FNDA:1,_RNvMNtCs65Py60REsPg_17code_guardian_cli15git_integrationNtB2_14GitIntegration11is_git_repo
FNDA:0,_RNCNvMNtCs65Py60REsPg_17code_guardian_cli15git_integrationNtB4_14GitIntegration16get_staged_files0B6_
FNDA:0,_RNCNvMNtCs65Py60REsPg_17code_guardian_cli15git_integrationNtB4_14GitIntegration16get_staged_filess0_0B6_
FNDA:0,_RNCNvMNtCs65Py60REsPg_17code_guardian_cli15git_integrationNtB4_14GitIntegration16get_staged_filess_0B6_
FNDA:0,_RNCNvNtCs65Py60REsPg_17code_guardian_cli15git_integration14parse_git_diff0B5_
FNDA:0,_RNvMNtCs65Py60REsPg_17code_guardian_cli15git_integrationNtB2_14GitIntegration13get_repo_root
FNDA:0,_RNvMNtCs65Py60REsPg_17code_guardian_cli15git_integrationNtB2_14GitIntegration16get_staged_files
FNDA:0,_RNvMNtCs65Py60REsPg_17code_guardian_cli15git_integrationNtB2_14GitIntegration16get_staged_lines
FNDA:0,_RNvMNtCs65Py60REsPg_17code_guardian_cli15git_integrationNtB2_14GitIntegration23install_pre_commit_hook
FNDA:0,_RNvMNtCs65Py60REsPg_17code_guardian_cli15git_integrationNtB2_14GitIntegration25uninstall_pre_commit_hook
FNDA:0,_RNvNtCs65Py60REsPg_17code_guardian_cli15git_integration14parse_git_diff
FNDA:0,_RNCNvMNtCsi8MTORxUhGy_17code_guardian_cli15git_integrationNtB4_14GitIntegration16get_staged_files0B6_
FNDA:0,_RNCNvMNtCsi8MTORxUhGy_17code_guardian_cli15git_integrationNtB4_14GitIntegration16get_staged_filess0_0B6_
FNDA:0,_RNCNvMNtCsi8MTORxUhGy_17code_guardian_cli15git_integrationNtB4_14GitIntegration16get_staged_filess_0B6_
FNDA:0,_RNCNvNtCsi8MTORxUhGy_17code_guardian_cli15git_integration14parse_git_diff0B5_
FNDA:0,_RNvMNtCsi8MTORxUhGy_17code_guardian_cli15git_integrationNtB2_14GitIntegration13get_repo_root
FNDA:0,_RNvMNtCsi8MTORxUhGy_17code_guardian_cli15git_integrationNtB2_14GitIntegration16get_staged_files
FNDA:0,_RNvMNtCsi8MTORxUhGy_17code_guardian_cli15git_integrationNtB2_14GitIntegration16get_staged_lines
FNDA:0,_RNvMNtCsi8MTORxUhGy_17code_guardian_cli15git_integrationNtB2_14GitIntegration23install_pre_commit_hook
FNDA:0,_RNvMNtCsi8MTORxUhGy_17code_guardian_cli15git_integrationNtB2_14GitIntegration25uninstall_pre_commit_hook
FNDA:0,_RNvNtCsi8MTORxUhGy_17code_guardian_cli15git_integration14parse_git_diff
FNDA:1,_RNvMNtCsi8MTORxUhGy_17code_guardian_cli15git_integrationNtB2_14GitIntegration11is_git_repo
FNDA:1,_RNCNvMNtCsi8MTORxUhGy_17code_guardian_cli15git_integrationNtB4_14GitIntegration11is_git_repo0B6_
FNDA:1,_RNvNtNtCsi8MTORxUhGy_17code_guardian_cli15git_integration5testss_15test_line_range
FNDA:1,_RNvNtNtCsi8MTORxUhGy_17code_guardian_cli15git_integration5testss_16test_is_git_repo
FNDA:1,_RNvNtNtCsi8MTORxUhGy_17code_guardian_cli15git_integration5testss_26test_git_integration_basic
FNDA:0,_RNvMNtCs5xHA0DhfRKe_17code_guardian_cli15git_integrationNtB2_14GitIntegration11is_git_repo
FNDA:0,_RNvMNtCs5xHA0DhfRKe_17code_guardian_cli15git_integrationNtB2_14GitIntegration13get_repo_root
FNDA:0,_RNvMNtCs5xHA0DhfRKe_17code_guardian_cli15git_integrationNtB2_14GitIntegration16get_staged_files
FNDA:0,_RNvMNtCs5xHA0DhfRKe_17code_guardian_cli15git_integrationNtB2_14GitIntegration16get_staged_lines
FNDA:0,_RNvMNtCs5xHA0DhfRKe_17code_guardian_cli15git_integrationNtB2_14GitIntegration23install_pre_commit_hook
FNDA:0,_RNvMNtCs5xHA0DhfRKe_17code_guardian_cli15git_integrationNtB2_14GitIntegration25uninstall_pre_commit_hook
FNDA:0,_RNvNtCs5xHA0DhfRKe_17code_guardian_cli15git_integration14parse_git_diff
FNDA:0,_RNCNvMNtCs5xHA0DhfRKe_17code_guardian_cli15git_integrationNtB4_14GitIntegration11is_git_repo0B6_
FNDA:0,_RNCNvMNtCs5xHA0DhfRKe_17code_guardian_cli15git_integrationNtB4_14GitIntegration16get_staged_files0B6_
FNDA:0,_RNCNvMNtCs5xHA0DhfRKe_17code_guardian_cli15git_integrationNtB4_14GitIntegration16get_staged_filess0_0B6_
FNDA:0,_RNCNvMNtCs5xHA0DhfRKe_17code_guardian_cli15git_integrationNtB4_14GitIntegration16get_staged_filess_0B6_
FNDA:0,_RNCNvNtCs5xHA0DhfRKe_17code_guardian_cli15git_integration14parse_git_diff0B5_
FNF:15
FNH:5
DA:10,0
DA:11,0
DA:12,0
DA:13,0
DA:14,0
DA:16,0
DA:17,0
DA:18,0
DA:19,0
DA:21,0
DA:22,0
DA:23,0
DA:24,0
DA:25,0
DA:26,0
DA:27,0
DA:29,0
DA:30,0
DA:33,0
DA:34,0
DA:35,0
DA:36,0
DA:37,0
DA:39,0
DA:40,0
DA:41,0
DA:43,0
DA:44,0
DA:45,0
DA:46,0
DA:49,2
DA:50,2
DA:51,2
DA:52,2
DA:53,2
DA:54,2
DA:55,2
DA:56,2
DA:60,0
DA:61,0
DA:62,0
DA:63,0
DA:64,0
DA:66,0
DA:67,0
DA:68,0
DA:69,0
DA:71,0
DA:72,0
DA:73,0
DA:76,0
DA:77,0
DA:78,0
DA:81,0
DA:84,0
DA:85,0
DA:86,0
DA:87,0
DA:88,0
DA:89,0
DA:90,0
DA:91,0
DA:92,0
DA:93,0
DA:94,0
DA:95,0
DA:96,0
DA:97,0
DA:99,0
DA:105,0
DA:106,0
DA:107,0
DA:110,0
DA:111,0
DA:113,0
DA:114,0
DA:117,0
DA:118,0
DA:120,0
DA:122,0
DA:123,0
DA:124,0
DA:125,0
DA:126,0
DA:127,0
DA:128,0
DA:129,0
DA:130,0
DA:131,0
DA:132,0
DA:133,0
DA:134,0
DA:136,0
DA:137,0
DA:159,0
DA:160,0
DA:161,0
DA:162,0
DA:163,0
DA:165,0
DA:166,0
DA:168,0
DA:169,0
DA:170,0
DA:171,0
DA:172,0
DA:173,0
DA:174,0
DA:175,0
DA:177,0
DA:178,0
DA:179,0
DA:180,0
DA:182,0
DA:183,0
DA:184,0
DA:186,0
DA:187,0
DA:188,0
DA:189,0
DA:191,0
DA:192,0
DA:193,0
DA:194,0
DA:195,0
DA:196,0
DA:199,0
DA:200,0
DA:201,0
DA:202,0
DA:204,0
DA:205,0
DA:206,0
DA:207,0
DA:208,0
DA:209,0
DA:210,0
DA:211,0
DA:212,0
DA:216,0
DA:217,0
DA:218,0
DA:219,0
DA:220,0
DA:221,0
DA:222,0
DA:224,0
DA:225,0
DA:233,2
DA:235,2
DA:236,2
DA:237,2
DA:240,2
DA:241,2
DA:242,2
DA:243,2
DA:244,2
DA:245,2
DA:247,2
DA:248,2
DA:249,2
DA:252,2
DA:253,2
DA:254,2
DA:255,2
DA:258,2
DA:259,2
DA:260,2
DA:261,2
DA:262,2
BRF:0
BRH:0
LF:175
LH:31
end_of_record
SF:/workspaces/code-guardian/crates/cli/src/main.rs
FN:27,_RNCNvCs16s6DcJnmvZ_17code_guardian_cli4main0B3_
FN:27,_RNvCs16s6DcJnmvZ_17code_guardian_cli4main
FN:27,_RNCNvCs65Py60REsPg_17code_guardian_cli4main0B3_
FN:27,_RNvCs65Py60REsPg_17code_guardian_cli4main
FNDA:31,_RNCNvCs16s6DcJnmvZ_17code_guardian_cli4main0B3_
FNDA:31,_RNvCs16s6DcJnmvZ_17code_guardian_cli4main
FNDA:0,_RNCNvCs65Py60REsPg_17code_guardian_cli4main0B3_
FNDA:0,_RNvCs65Py60REsPg_17code_guardian_cli4main
FNF:2
FNH:2
DA:27,31
DA:29,31
DA:30,31
DA:31,31
DA:33,31
DA:35,31
DA:36,31
DA:37,31
DA:38,31
DA:39,31
DA:40,31
DA:41,31
DA:42,31
DA:43,31
DA:44,31
DA:45,31
DA:46,31
DA:47,31
DA:48,31
DA:49,31
DA:50,31
DA:51,31
DA:52,31
DA:53,31
DA:54,10
DA:55,10
DA:56,10
DA:57,10
DA:58,10
DA:59,10
DA:60,10
DA:61,10
DA:62,10
DA:63,10
DA:64,10
DA:65,10
DA:66,10
DA:67,10
DA:68,10
DA:69,10
DA:70,31
DA:71,31
DA:72,31
DA:73,31
DA:74,31
DA:75,31
DA:76,31
DA:77,31
DA:78,31
DA:79,31
DA:80,31
DA:81,31
DA:82,31
DA:83,31
DA:84,31
DA:85,31
DA:86,31
DA:87,31
DA:88,31
DA:89,31
DA:90,31
DA:91,31
DA:92,31
DA:93,31
DA:94,31
DA:95,31
DA:96,31
DA:97,31
DA:98,31
DA:99,31
DA:100,31
DA:101,31
DA:102,31
DA:103,31
DA:104,31
DA:105,31
DA:106,31
DA:107,31
DA:108,31
DA:109,31
DA:110,31
DA:111,31
DA:112,31
DA:113,31
DA:114,31
DA:115,31
DA:116,31
DA:117,31
DA:118,31
DA:119,31
DA:120,31
DA:121,31
DA:122,31
DA:123,31
DA:124,31
DA:125,31
DA:126,31
DA:127,31
BRF:0
BRH:0
LF:180
LH:145
end_of_record
SF:/workspaces/code-guardian/crates/cli/src/production_handlers.rs
FN:309,_RNvNtCs16s6DcJnmvZ_17code_guardian_cli19production_handlers12handle_watch
FN:182,_RNvNtCs16s6DcJnmvZ_17code_guardian_cli19production_handlers14handle_ci_gate
FN:254,_RNvNtCs16s6DcJnmvZ_17code_guardian_cli19production_handlers16handle_lang_scan
FN:357,_RNvNtCs16s6DcJnmvZ_17code_guardian_cli19production_handlers16is_high_severity
FN:333,_RNvNtCs16s6DcJnmvZ_17code_guardian_cli19production_handlers17count_by_severity
FN:91,_RNvNtCs16s6DcJnmvZ_17code_guardian_cli19production_handlers17handle_pre_commit
FN:323,_RNvNtCs16s6DcJnmvZ_17code_guardian_cli19production_handlers18filter_by_severity
FN:387,_RNvNtCs16s6DcJnmvZ_17code_guardian_cli19production_handlers20generate_json_output
FN:353,_RNvNtCs16s6DcJnmvZ_17code_guardian_cli19production_handlers20is_critical_severity
FN:399,_RNvNtCs16s6DcJnmvZ_17code_guardian_cli19production_handlers23generate_summary_output
FN:12,_RNvNtCs16s6DcJnmvZ_17code_guardian_cli19production_handlers23handle_production_check
FN:342,_RNvNtCs16s6DcJnmvZ_17code_guardian_cli19production_handlers24get_severity_for_pattern
FN:361,_RNvNtCs16s6DcJnmvZ_17code_guardian_cli19production_handlers27map_languages_to_extensions
FN:417,_RNvNtCs16s6DcJnmvZ_17code_guardian_cli19production_handlers31generate_production_text_output
FN:284,_RNCNCNvNtCs16s6DcJnmvZ_17code_guardian_cli19production_handlers16handle_lang_scan00B7_
FN:212,_RNCNvNtCs16s6DcJnmvZ_17code_guardian_cli19production_handlers14handle_ci_gate0B5_
FN:281,_RNCNvNtCs16s6DcJnmvZ_17code_guardian_cli19production_handlers16handle_lang_scan0B5_
FN:140,_RNCNvNtCs16s6DcJnmvZ_17code_guardian_cli19production_handlers17handle_pre_commit0B5_
FN:172,_RNCNvNtCs16s6DcJnmvZ_17code_guardian_cli19production_handlers17handle_pre_commits0_0B5_
FN:161,_RNCNvNtCs16s6DcJnmvZ_17code_guardian_cli19production_handlers17handle_pre_commits_0B5_
FN:326,_RNCNvNtCs16s6DcJnmvZ_17code_guardian_cli19production_handlers18filter_by_severity0B5_
FN:357,_RNvNtCs65Py60REsPg_17code_guardian_cli19production_handlers16is_high_severity
FN:333,_RNvNtCs65Py60REsPg_17code_guardian_cli19production_handlers17count_by_severity
FN:353,_RNvNtCs65Py60REsPg_17code_guardian_cli19production_handlers20is_critical_severity
FN:342,_RNvNtCs65Py60REsPg_17code_guardian_cli19production_handlers24get_severity_for_pattern
FN:361,_RNvNtCs65Py60REsPg_17code_guardian_cli19production_handlers27map_languages_to_extensions
FN:581,_RNvNtNtCs65Py60REsPg_17code_guardian_cli19production_handlers5testss_21test_is_high_severity
FN:573,_RNvNtNtCs65Py60REsPg_17code_guardian_cli19production_handlers5testss_25test_is_critical_severity
FN:591,_RNvNtNtCs65Py60REsPg_17code_guardian_cli19production_handlers5testss_28test_count_by_severity_empty
FN:564,_RNvNtNtCs65Py60REsPg_17code_guardian_cli19production_handlers5testss_29test_get_severity_for_pattern
FN:552,_RNvNtNtCs65Py60REsPg_17code_guardian_cli19production_handlers5testss_32test_map_languages_to_extensions
FN:598,_RNvNtNtCs65Py60REsPg_17code_guardian_cli19production_handlers5testss_35test_language_mapping_comprehensive
FN:284,_RNCNCNvNtCs65Py60REsPg_17code_guardian_cli19production_handlers16handle_lang_scan00B7_
FN:212,_RNCNvNtCs65Py60REsPg_17code_guardian_cli19production_handlers14handle_ci_gate0B5_
FN:281,_RNCNvNtCs65Py60REsPg_17code_guardian_cli19production_handlers16handle_lang_scan0B5_
FN:140,_RNCNvNtCs65Py60REsPg_17code_guardian_cli19production_handlers17handle_pre_commit0B5_
FN:172,_RNCNvNtCs65Py60REsPg_17code_guardian_cli19production_handlers17handle_pre_commits0_0B5_
FN:161,_RNCNvNtCs65Py60REsPg_17code_guardian_cli19production_handlers17handle_pre_commits_0B5_
FN:326,_RNCNvNtCs65Py60REsPg_17code_guardian_cli19production_handlers18filter_by_severity0B5_
FN:309,_RNvNtCs65Py60REsPg_17code_guardian_cli19production_handlers12handle_watch
FN:182,_RNvNtCs65Py60REsPg_17code_guardian_cli19production_handlers14handle_ci_gate
FN:254,_RNvNtCs65Py60REsPg_17code_guardian_cli19production_handlers16handle_lang_scan
FN:91,_RNvNtCs65Py60REsPg_17code_guardian_cli19production_handlers17handle_pre_commit
FN:323,_RNvNtCs65Py60REsPg_17code_guardian_cli19production_handlers18filter_by_severity
FN:387,_RNvNtCs65Py60REsPg_17code_guardian_cli19production_handlers20generate_json_output
FN:399,_RNvNtCs65Py60REsPg_17code_guardian_cli19production_handlers23generate_summary_output
FN:12,_RNvNtCs65Py60REsPg_17code_guardian_cli19production_handlers23handle_production_check
FN:417,_RNvNtCs65Py60REsPg_17code_guardian_cli19production_handlers31generate_production_text_output
FN:284,_RNCNCNvNtCsi8MTORxUhGy_17code_guardian_cli19production_handlers16handle_lang_scan00B7_
FN:212,_RNCNvNtCsi8MTORxUhGy_17code_guardian_cli19production_handlers14handle_ci_gate0B5_
FN:281,_RNCNvNtCsi8MTORxUhGy_17code_guardian_cli19production_handlers16handle_lang_scan0B5_
FN:140,_RNCNvNtCsi8MTORxUhGy_17code_guardian_cli19production_handlers17handle_pre_commit0B5_
FN:172,_RNCNvNtCsi8MTORxUhGy_17code_guardian_cli19production_handlers17handle_pre_commits0_0B5_
FN:161,_RNCNvNtCsi8MTORxUhGy_17code_guardian_cli19production_handlers17handle_pre_commits_0B5_
FN:326,_RNCNvNtCsi8MTORxUhGy_17code_guardian_cli19production_handlers18filter_by_severity0B5_
FN:309,_RNvNtCsi8MTORxUhGy_17code_guardian_cli19production_handlers12handle_watch
FN:182,_RNvNtCsi8MTORxUhGy_17code_guardian_cli19production_handlers14handle_ci_gate
FN:254,_RNvNtCsi8MTORxUhGy_17code_guardian_cli19production_handlers16handle_lang_scan
FN:91,_RNvNtCsi8MTORxUhGy_17code_guardian_cli19production_handlers17handle_pre_commit
FN:323,_RNvNtCsi8MTORxUhGy_17code_guardian_cli19production_handlers18filter_by_severity
FN:387,_RNvNtCsi8MTORxUhGy_17code_guardian_cli19production_handlers20generate_json_output
FN:399,_RNvNtCsi8MTORxUhGy_17code_guardian_cli19production_handlers23generate_summary_output
FN:12,_RNvNtCsi8MTORxUhGy_17code_guardian_cli19production_handlers23handle_production_check
FN:417,_RNvNtCsi8MTORxUhGy_17code_guardian_cli19production_handlers31generate_production_text_output
FN:357,_RNvNtCsi8MTORxUhGy_17code_guardian_cli19production_handlers16is_high_severity
FN:333,_RNvNtCsi8MTORxUhGy_17code_guardian_cli19production_handlers17count_by_severity
FN:353,_RNvNtCsi8MTORxUhGy_17code_guardian_cli19production_handlers20is_critical_severity
FN:342,_RNvNtCsi8MTORxUhGy_17code_guardian_cli19production_handlers24get_severity_for_pattern
FN:361,_RNvNtCsi8MTORxUhGy_17code_guardian_cli19production_handlers27map_languages_to_extensions
FN:581,_RNvNtNtCsi8MTORxUhGy_17code_guardian_cli19production_handlers5testss_21test_is_high_severity
FN:573,_RNvNtNtCsi8MTORxUhGy_17code_guardian_cli19production_handlers5testss_25test_is_critical_severity
FN:591,_RNvNtNtCsi8MTORxUhGy_17code_guardian_cli19production_handlers5testss_28test_count_by_severity_empty
FN:564,_RNvNtNtCsi8MTORxUhGy_17code_guardian_cli19production_handlers5testss_29test_get_severity_for_pattern
FN:552,_RNvNtNtCsi8MTORxUhGy_17code_guardian_cli19production_handlers5testss_32test_map_languages_to_extensions
FN:598,_RNvNtNtCsi8MTORxUhGy_17code_guardian_cli19production_handlers5testss_35test_language_mapping_comprehensive
FN:284,_RNCNCNvNtCs5xHA0DhfRKe_17code_guardian_cli19production_handlers16handle_lang_scan00B7_
FN:212,_RNCNvNtCs5xHA0DhfRKe_17code_guardian_cli19production_handlers14handle_ci_gate0B5_
FN:281,_RNCNvNtCs5xHA0DhfRKe_17code_guardian_cli19production_handlers16handle_lang_scan0B5_
FN:140,_RNCNvNtCs5xHA0DhfRKe_17code_guardian_cli19production_handlers17handle_pre_commit0B5_
FN:172,_RNCNvNtCs5xHA0DhfRKe_17code_guardian_cli19production_handlers17handle_pre_commits0_0B5_
FN:161,_RNCNvNtCs5xHA0DhfRKe_17code_guardian_cli19production_handlers17handle_pre_commits_0B5_
FN:326,_RNCNvNtCs5xHA0DhfRKe_17code_guardian_cli19production_handlers18filter_by_severity0B5_
FN:309,_RNvNtCs5xHA0DhfRKe_17code_guardian_cli19production_handlers12handle_watch
FN:182,_RNvNtCs5xHA0DhfRKe_17code_guardian_cli19production_handlers14handle_ci_gate
FN:254,_RNvNtCs5xHA0DhfRKe_17code_guardian_cli19production_handlers16handle_lang_scan
FN:357,_RNvNtCs5xHA0DhfRKe_17code_guardian_cli19production_handlers16is_high_severity
FN:333,_RNvNtCs5xHA0DhfRKe_17code_guardian_cli19production_handlers17count_by_severity
FN:91,_RNvNtCs5xHA0DhfRKe_17code_guardian_cli19production_handlers17handle_pre_commit
FN:323,_RNvNtCs5xHA0DhfRKe_17code_guardian_cli19production_handlers18filter_by_severity
FN:387,_RNvNtCs5xHA0DhfRKe_17code_guardian_cli19production_handlers20generate_json_output
FN:353,_RNvNtCs5xHA0DhfRKe_17code_guardian_cli19production_handlers20is_critical_severity
FN:399,_RNvNtCs5xHA0DhfRKe_17code_guardian_cli19production_handlers23generate_summary_output
FN:12,_RNvNtCs5xHA0DhfRKe_17code_guardian_cli19production_handlers23handle_production_check
FN:342,_RNvNtCs5xHA0DhfRKe_17code_guardian_cli19production_handlers24get_severity_for_pattern
FN:361,_RNvNtCs5xHA0DhfRKe_17code_guardian_cli19production_handlers27map_languages_to_extensions
FN:417,_RNvNtCs5xHA0DhfRKe_17code_guardian_cli19production_handlers31generate_production_text_output
FNDA:0,_RNvNtCs16s6DcJnmvZ_17code_guardian_cli19production_handlers12handle_watch
FNDA:0,_RNvNtCs16s6DcJnmvZ_17code_guardian_cli19production_handlers14handle_ci_gate
FNDA:0,_RNvNtCs16s6DcJnmvZ_17code_guardian_cli19production_handlers16handle_lang_scan
FNDA:0,_RNvNtCs16s6DcJnmvZ_17code_guardian_cli19production_handlers16is_high_severity
FNDA:0,_RNvNtCs16s6DcJnmvZ_17code_guardian_cli19production_handlers17count_by_severity
FNDA:0,_RNvNtCs16s6DcJnmvZ_17code_guardian_cli19production_handlers17handle_pre_commit
FNDA:0,_RNvNtCs16s6DcJnmvZ_17code_guardian_cli19production_handlers18filter_by_severity
FNDA:0,_RNvNtCs16s6DcJnmvZ_17code_guardian_cli19production_handlers20generate_json_output
FNDA:0,_RNvNtCs16s6DcJnmvZ_17code_guardian_cli19production_handlers20is_critical_severity
FNDA:0,_RNvNtCs16s6DcJnmvZ_17code_guardian_cli19production_handlers23generate_summary_output
FNDA:0,_RNvNtCs16s6DcJnmvZ_17code_guardian_cli19production_handlers23handle_production_check
FNDA:0,_RNvNtCs16s6DcJnmvZ_17code_guardian_cli19production_handlers24get_severity_for_pattern
FNDA:0,_RNvNtCs16s6DcJnmvZ_17code_guardian_cli19production_handlers27map_languages_to_extensions
FNDA:0,_RNvNtCs16s6DcJnmvZ_17code_guardian_cli19production_handlers31generate_production_text_output
FNDA:0,_RNCNCNvNtCs16s6DcJnmvZ_17code_guardian_cli19production_handlers16handle_lang_scan00B7_
FNDA:0,_RNCNvNtCs16s6DcJnmvZ_17code_guardian_cli19production_handlers14handle_ci_gate0B5_
FNDA:0,_RNCNvNtCs16s6DcJnmvZ_17code_guardian_cli19production_handlers16handle_lang_scan0B5_
FNDA:0,_RNCNvNtCs16s6DcJnmvZ_17code_guardian_cli19production_handlers17handle_pre_commit0B5_
FNDA:0,_RNCNvNtCs16s6DcJnmvZ_17code_guardian_cli19production_handlers17handle_pre_commits0_0B5_
FNDA:0,_RNCNvNtCs16s6DcJnmvZ_17code_guardian_cli19production_handlers17handle_pre_commits_0B5_
FNDA:0,_RNCNvNtCs16s6DcJnmvZ_17code_guardian_cli19production_handlers18filter_by_severity0B5_
FNDA:6,_RNvNtCs65Py60REsPg_17code_guardian_cli19production_handlers16is_high_severity
FNDA:1,_RNvNtCs65Py60REsPg_17code_guardian_cli19production_handlers17count_by_severity
FNDA:4,_RNvNtCs65Py60REsPg_17code_guardian_cli19production_handlers20is_critical_severity
FNDA:5,_RNvNtCs65Py60REsPg_17code_guardian_cli19production_handlers24get_severity_for_pattern
FNDA:6,_RNvNtCs65Py60REsPg_17code_guardian_cli19production_handlers27map_languages_to_extensions
FNDA:1,_RNvNtNtCs65Py60REsPg_17code_guardian_cli19production_handlers5testss_21test_is_high_severity
FNDA:1,_RNvNtNtCs65Py60REsPg_17code_guardian_cli19production_handlers5testss_25test_is_critical_severity
FNDA:1,_RNvNtNtCs65Py60REsPg_17code_guardian_cli19production_handlers5testss_28test_count_by_severity_empty
FNDA:1,_RNvNtNtCs65Py60REsPg_17code_guardian_cli19production_handlers5testss_29test_get_severity_for_pattern
FNDA:1,_RNvNtNtCs65Py60REsPg_17code_guardian_cli19production_handlers5testss_32test_map_languages_to_extensions
FNDA:1,_RNvNtNtCs65Py60REsPg_17code_guardian_cli19production_handlers5testss_35test_language_mapping_comprehensive
FNDA:0,_RNCNCNvNtCs65Py60REsPg_17code_guardian_cli19production_handlers16handle_lang_scan00B7_
FNDA:0,_RNCNvNtCs65Py60REsPg_17code_guardian_cli19production_handlers14handle_ci_gate0B5_
FNDA:0,_RNCNvNtCs65Py60REsPg_17code_guardian_cli19production_handlers16handle_lang_scan0B5_
FNDA:0,_RNCNvNtCs65Py60REsPg_17code_guardian_cli19production_handlers17handle_pre_commit0B5_
FNDA:0,_RNCNvNtCs65Py60REsPg_17code_guardian_cli19production_handlers17handle_pre_commits0_0B5_
FNDA:0,_RNCNvNtCs65Py60REsPg_17code_guardian_cli19production_handlers17handle_pre_commits_0B5_
FNDA:0,_RNCNvNtCs65Py60REsPg_17code_guardian_cli19production_handlers18filter_by_severity0B5_
FNDA:0,_RNvNtCs65Py60REsPg_17code_guardian_cli19production_handlers12handle_watch
FNDA:0,_RNvNtCs65Py60REsPg_17code_guardian_cli19production_handlers14handle_ci_gate
FNDA:0,_RNvNtCs65Py60REsPg_17code_guardian_cli19production_handlers16handle_lang_scan
FNDA:0,_RNvNtCs65Py60REsPg_17code_guardian_cli19production_handlers17handle_pre_commit
FNDA:0,_RNvNtCs65Py60REsPg_17code_guardian_cli19production_handlers18filter_by_severity
FNDA:0,_RNvNtCs65Py60REsPg_17code_guardian_cli19production_handlers20generate_json_output
FNDA:0,_RNvNtCs65Py60REsPg_17code_guardian_cli19production_handlers23generate_summary_output
FNDA:0,_RNvNtCs65Py60REsPg_17code_guardian_cli19production_handlers23handle_production_check
FNDA:0,_RNvNtCs65Py60REsPg_17code_guardian_cli19production_handlers31generate_production_text_output
FNDA:0,_RNCNCNvNtCsi8MTORxUhGy_17code_guardian_cli19production_handlers16handle_lang_scan00B7_
FNDA:0,_RNCNvNtCsi8MTORxUhGy_17code_guardian_cli19production_handlers14handle_ci_gate0B5_
FNDA:0,_RNCNvNtCsi8MTORxUhGy_17code_guardian_cli19production_handlers16handle_lang_scan0B5_
FNDA:0,_RNCNvNtCsi8MTORxUhGy_17code_guardian_cli19production_handlers17handle_pre_commit0B5_
FNDA:0,_RNCNvNtCsi8MTORxUhGy_17code_guardian_cli19production_handlers17handle_pre_commits0_0B5_
FNDA:0,_RNCNvNtCsi8MTORxUhGy_17code_guardian_cli19production_handlers17handle_pre_commits_0B5_
FNDA:0,_RNCNvNtCsi8MTORxUhGy_17code_guardian_cli19production_handlers18filter_by_severity0B5_
FNDA:0,_RNvNtCsi8MTORxUhGy_17code_guardian_cli19production_handlers12handle_watch
FNDA:0,_RNvNtCsi8MTORxUhGy_17code_guardian_cli19production_handlers14handle_ci_gate
FNDA:0,_RNvNtCsi8MTORxUhGy_17code_guardian_cli19production_handlers16handle_lang_scan
FNDA:0,_RNvNtCsi8MTORxUhGy_17code_guardian_cli19production_handlers17handle_pre_commit
FNDA:0,_RNvNtCsi8MTORxUhGy_17code_guardian_cli19production_handlers18filter_by_severity
FNDA:0,_RNvNtCsi8MTORxUhGy_17code_guardian_cli19production_handlers20generate_json_output
FNDA:0,_RNvNtCsi8MTORxUhGy_17code_guardian_cli19production_handlers23generate_summary_output
FNDA:0,_RNvNtCsi8MTORxUhGy_17code_guardian_cli19production_handlers23handle_production_check
FNDA:0,_RNvNtCsi8MTORxUhGy_17code_guardian_cli19production_handlers31generate_production_text_output
FNDA:6,_RNvNtCsi8MTORxUhGy_17code_guardian_cli19production_handlers16is_high_severity
FNDA:1,_RNvNtCsi8MTORxUhGy_17code_guardian_cli19production_handlers17count_by_severity
FNDA:4,_RNvNtCsi8MTORxUhGy_17code_guardian_cli19production_handlers20is_critical_severity
FNDA:5,_RNvNtCsi8MTORxUhGy_17code_guardian_cli19production_handlers24get_severity_for_pattern
FNDA:6,_RNvNtCsi8MTORxUhGy_17code_guardian_cli19production_handlers27map_languages_to_extensions
FNDA:1,_RNvNtNtCsi8MTORxUhGy_17code_guardian_cli19production_handlers5testss_21test_is_high_severity
FNDA:1,_RNvNtNtCsi8MTORxUhGy_17code_guardian_cli19production_handlers5testss_25test_is_critical_severity
FNDA:1,_RNvNtNtCsi8MTORxUhGy_17code_guardian_cli19production_handlers5testss_28test_count_by_severity_empty
FNDA:1,_RNvNtNtCsi8MTORxUhGy_17code_guardian_cli19production_handlers5testss_29test_get_severity_for_pattern
FNDA:1,_RNvNtNtCsi8MTORxUhGy_17code_guardian_cli19production_handlers5testss_32test_map_languages_to_extensions
FNDA:1,_RNvNtNtCsi8MTORxUhGy_17code_guardian_cli19production_handlers5testss_35test_language_mapping_comprehensive
FNDA:0,_RNCNCNvNtCs5xHA0DhfRKe_17code_guardian_cli19production_handlers16handle_lang_scan00B7_
FNDA:0,_RNCNvNtCs5xHA0DhfRKe_17code_guardian_cli19production_handlers14handle_ci_gate0B5_
FNDA:0,_RNCNvNtCs5xHA0DhfRKe_17code_guardian_cli19production_handlers16handle_lang_scan0B5_
FNDA:0,_RNCNvNtCs5xHA0DhfRKe_17code_guardian_cli19production_handlers17handle_pre_commit0B5_
FNDA:0,_RNCNvNtCs5xHA0DhfRKe_17code_guardian_cli19production_handlers17handle_pre_commits0_0B5_
FNDA:0,_RNCNvNtCs5xHA0DhfRKe_17code_guardian_cli19production_handlers17handle_pre_commits_0B5_
FNDA:0,_RNCNvNtCs5xHA0DhfRKe_17code_guardian_cli19production_handlers18filter_by_severity0B5_
FNDA:0,_RNvNtCs5xHA0DhfRKe_17code_guardian_cli19production_handlers12handle_watch
FNDA:0,_RNvNtCs5xHA0DhfRKe_17code_guardian_cli19production_handlers14handle_ci_gate
FNDA:0,_RNvNtCs5xHA0DhfRKe_17code_guardian_cli19production_handlers16handle_lang_scan
FNDA:0,_RNvNtCs5xHA0DhfRKe_17code_guardian_cli19production_handlers16is_high_severity
FNDA:0,_RNvNtCs5xHA0DhfRKe_17code_guardian_cli19production_handlers17count_by_severity
FNDA:0,_RNvNtCs5xHA0DhfRKe_17code_guardian_cli19production_handlers17handle_pre_commit
FNDA:0,_RNvNtCs5xHA0DhfRKe_17code_guardian_cli19production_handlers18filter_by_severity
FNDA:0,_RNvNtCs5xHA0DhfRKe_17code_guardian_cli19production_handlers20generate_json_output
FNDA:0,_RNvNtCs5xHA0DhfRKe_17code_guardian_cli19production_handlers20is_critical_severity
FNDA:0,_RNvNtCs5xHA0DhfRKe_17code_guardian_cli19production_handlers23generate_summary_output
FNDA:0,_RNvNtCs5xHA0DhfRKe_17code_guardian_cli19production_handlers23handle_production_check
FNDA:0,_RNvNtCs5xHA0DhfRKe_17code_guardian_cli19production_handlers24get_severity_for_pattern
FNDA:0,_RNvNtCs5xHA0DhfRKe_17code_guardian_cli19production_handlers27map_languages_to_extensions
FNDA:0,_RNvNtCs5xHA0DhfRKe_17code_guardian_cli19production_handlers31generate_production_text_output
FNF:27
FNH:11
DA:12,0
DA:13,0
DA:14,0
DA:15,0
DA:16,0
DA:17,0
DA:18,0
DA:19,0
DA:20,0
DA:21,0
DA:22,0
DA:24,0
DA:27,0
DA:28,0
DA:31,0
DA:34,0
DA:35,0
DA:37,0
DA:41,0
DA:44,0
DA:45,0
DA:46,0
DA:47,0
DA:51,0
DA:52,0
DA:53,0
DA:54,0
DA:55,0
DA:56,0
DA:59,0
DA:60,0
DA:62,0
DA:63,0
DA:64,0
DA:67,0
DA:68,0
DA:70,0
DA:71,0
DA:72,0
DA:75,0
DA:76,0
DA:78,0
DA:79,0
DA:80,0
DA:81,0
DA:82,0
DA:83,0
DA:84,0
DA:85,0
DA:87,0
DA:88,0
DA:91,0
DA:92,0
DA:94,0
DA:96,0
DA:97,0
DA:98,0
DA:99,0
DA:102,0
DA:105,0
DA:107,0
DA:109,0
DA:110,0
DA:111,0
DA:114,0
DA:115,0
DA:117,0
DA:118,0
DA:119,0
DA:120,0
DA:122,0
DA:123,0
DA:124,0
DA:125,0
DA:126,0
DA:127,0
DA:130,0
DA:131,0
DA:132,0
DA:135,0
DA:136,0
DA:138,0
DA:139,0
DA:140,0
DA:141,0
DA:142,0
DA:143,0
DA:144,0
DA:146,0
DA:149,0
DA:152,0
DA:153,0
DA:154,0
DA:156,0
DA:157,0
DA:158,0
DA:161,0
DA:162,0
DA:163,0
DA:164,0
DA:165,0
DA:167,0
DA:168,0
DA:169,0
DA:172,0
DA:173,0
DA:174,0
DA:175,0
DA:177,0
DA:178,0
DA:179,0
DA:182,0
DA:183,0
DA:184,0
DA:185,0
DA:186,0
DA:187,0
DA:188,0
DA:189,0
DA:191,0
DA:192,0
DA:193,0
DA:195,0
DA:196,0
DA:197,0
DA:200,0
DA:201,0
DA:202,0
DA:203,0
DA:204,0
DA:205,0
DA:207,0
DA:208,0
DA:209,0
DA:211,0
DA:212,0
DA:213,0
DA:214,0
DA:215,0
DA:216,0
DA:217,0
DA:218,0
DA:221,0
DA:223,0
DA:224,0
DA:225,0
DA:226,0
DA:229,0
DA:230,0
DA:231,0
DA:233,0
DA:234,0
DA:235,0
DA:238,0
DA:239,0
DA:241,0
DA:242,0
DA:243,0
DA:246,0
DA:247,0
DA:249,0
DA:250,0
DA:251,0
DA:254,0
DA:255,0
DA:256,0
DA:257,0
DA:258,0
DA:259,0
DA:260,0
DA:261,0
DA:262,0
DA:264,0
DA:266,0
DA:267,0
DA:269,0
DA:270,0
DA:272,0
DA:275,0
DA:276,0
DA:279,0
DA:280,0
DA:281,0
DA:282,0
DA:283,0
DA:284,0
DA:285,0
DA:286,0
DA:288,0
DA:290,0
DA:291,0
DA:292,0
DA:293,0
DA:295,0
DA:296,0
DA:297,0
DA:298,0
DA:299,0
DA:300,0
DA:301,0
DA:302,0
DA:305,0
DA:306,0
DA:309,0
DA:310,0
DA:311,0
DA:312,0
DA:313,0
DA:314,0
DA:315,0
DA:316,0
DA:317,0
DA:318,0
DA:319,0
DA:323,0
DA:324,0
DA:325,0
DA:326,0
DA:327,0
DA:328,0
DA:329,0
DA:330,0
DA:331,0
DA:333,2
DA:334,2
DA:335,2
DA:336,0
DA:337,0
DA:338,0
DA:339,2
DA:340,2
DA:342,10
DA:343,10
DA:344,10
DA:345,8
DA:346,6
DA:347,4
DA:348,4
DA:350,10
DA:351,10
DA:353,8
DA:354,8
DA:355,8
DA:357,12
DA:358,12
DA:359,12
DA:361,12
DA:362,12
DA:363,28
DA:364,16
DA:365,16
DA:366,12
DA:367,10
DA:368,6
DA:369,2
DA:370,0
DA:371,0
DA:372,0
DA:373,0
DA:374,0
DA:375,0
DA:376,0
DA:377,0
DA:378,0
DA:379,0
DA:380,0
DA:381,0
DA:384,12
DA:385,12
DA:387,0
DA:388,0
DA:389,0
DA:390,0
DA:391,0
DA:392,0
DA:393,0
DA:394,0
DA:396,0
DA:397,0
DA:399,0
DA:400,0
DA:401,0
DA:402,0
DA:404,0
DA:405,0
DA:406,0
DA:407,0
DA:408,0
DA:409,0
DA:410,0
DA:412,0
DA:414,0
DA:415,0
DA:417,0
DA:418,0
DA:419,0
DA:420,0
DA:421,0
DA:423,0
DA:424,0
DA:425,0
DA:426,0
DA:429,0
DA:430,0
DA:431,0
DA:432,0
DA:434,0
DA:435,0
DA:436,0
DA:437,0
DA:438,0
DA:439,0
DA:440,0
DA:445,0
DA:446,0
DA:447,0
DA:448,0
DA:449,0
DA:450,0
DA:451,0
DA:452,0
DA:453,0
DA:454,0
DA:455,0
DA:456,0
DA:457,0
DA:458,0
DA:459,0
DA:460,0
DA:461,0
DA:463,0
DA:464,0
DA:465,0
DA:466,0
DA:467,0
DA:468,0
DA:469,0
DA:470,0
DA:471,0
DA:472,0
DA:473,0
DA:474,0
DA:475,0
DA:476,0
DA:477,0
DA:478,0
DA:479,0
DA:481,0
DA:482,0
DA:483,0
DA:484,0
DA:485,0
DA:486,0
DA:487,0
DA:488,0
DA:489,0
DA:490,0
DA:491,0
DA:492,0
DA:493,0
DA:494,0
DA:495,0
DA:496,0
DA:497,0
DA:499,0
DA:500,0
DA:501,0
DA:502,0
DA:503,0
DA:504,0
DA:505,0
DA:506,0
DA:507,0
DA:508,0
DA:509,0
DA:510,0
DA:511,0
DA:512,0
DA:513,0
DA:514,0
DA:515,0
DA:516,0
DA:517,0
DA:518,0
DA:519,0
DA:520,0
DA:521,0
DA:522,0
DA:525,0
DA:526,0
DA:527,0
DA:528,0
DA:529,0
DA:530,0
DA:531,0
DA:532,0
DA:533,0
DA:534,0
DA:535,0
DA:536,0
DA:537,0
DA:538,0
DA:539,0
DA:540,0
DA:541,0
DA:542,0
DA:544,0
DA:545,0
DA:552,2
DA:553,2
DA:554,2
DA:556,2
DA:557,2
DA:558,2
DA:559,2
DA:560,2
DA:561,2
DA:564,2
DA:565,2
DA:566,2
DA:567,2
DA:568,2
DA:569,2
DA:570,2
DA:573,2
DA:574,2
DA:575,2
DA:576,2
DA:577,2
DA:578,2
DA:581,2
DA:582,2
DA:583,2
DA:584,2
DA:585,2
DA:586,2
DA:587,2
DA:588,2
DA:591,2
DA:592,2
DA:593,2
DA:594,2
DA:595,2
DA:598,2
DA:599,2
DA:600,2
DA:601,2
DA:602,2
DA:603,2
DA:604,2
DA:607,12
DA:608,10
DA:609,10
DA:611,24
DA:612,14
DA:613,14
DA:614,0
DA:620,2
BRF:0
BRH:0
LF:464
LH:80
end_of_record
SF:/workspaces/code-guardian/crates/cli/src/report_handlers.rs
FN:24,_RNvNtCs16s6DcJnmvZ_17code_guardian_cli15report_handlers13get_formatter
FN:10,_RNvNtCs16s6DcJnmvZ_17code_guardian_cli15report_handlers13handle_report
FN:24,_RNvNtCs65Py60REsPg_17code_guardian_cli15report_handlers13get_formatter
FN:10,_RNvNtCs65Py60REsPg_17code_guardian_cli15report_handlers13handle_report
FN:24,_RNvNtCsi8MTORxUhGy_17code_guardian_cli15report_handlers13get_formatter
FN:10,_RNvNtCsi8MTORxUhGy_17code_guardian_cli15report_handlers13handle_report
FN:24,_RNvNtCs5xHA0DhfRKe_17code_guardian_cli15report_handlers13get_formatter
FN:10,_RNvNtCs5xHA0DhfRKe_17code_guardian_cli15report_handlers13handle_report
FNDA:9,_RNvNtCs16s6DcJnmvZ_17code_guardian_cli15report_handlers13get_formatter
FNDA:7,_RNvNtCs16s6DcJnmvZ_17code_guardian_cli15report_handlers13handle_report
FNDA:0,_RNvNtCs65Py60REsPg_17code_guardian_cli15report_handlers13get_formatter
FNDA:0,_RNvNtCs65Py60REsPg_17code_guardian_cli15report_handlers13handle_report
FNDA:0,_RNvNtCsi8MTORxUhGy_17code_guardian_cli15report_handlers13get_formatter
FNDA:0,_RNvNtCsi8MTORxUhGy_17code_guardian_cli15report_handlers13handle_report
FNDA:1,_RNvNtCs5xHA0DhfRKe_17code_guardian_cli15report_handlers13get_formatter
FNDA:1,_RNvNtCs5xHA0DhfRKe_17code_guardian_cli15report_handlers13handle_report
FNF:2
FNH:2
DA:10,8
DA:11,8
DA:12,7
DA:13,7
DA:14,7
DA:15,7
DA:16,6
DA:17,6
DA:18,6
DA:19,1
DA:21,7
DA:22,8
DA:24,10
DA:25,10
DA:26,10
DA:27,7
DA:28,4
DA:29,3
DA:30,2
DA:31,1
DA:33,10
BRF:0
BRH:0
LF:21
LH:21
end_of_record
SF:/workspaces/code-guardian/crates/cli/src/scan_handlers.rs
FN:143,_RNCNCNCNvNtCs16s6DcJnmvZ_17code_guardian_cli13scan_handlers11handle_scan0s_00B9_
FN:61,_RNCNCNvNtCs16s6DcJnmvZ_17code_guardian_cli13scan_handlers11handle_scan00B7_
FN:176,_RNCNCNvNtCs16s6DcJnmvZ_17code_guardian_cli13scan_handlers11handle_scan0s0_0B7_
FN:142,_RNCNCNvNtCs16s6DcJnmvZ_17code_guardian_cli13scan_handlers11handle_scan0s_0B7_
FN:32,_RNCNvNtCs16s6DcJnmvZ_17code_guardian_cli13scan_handlers11handle_scan0B5_
FN:32,_RNvNtCs16s6DcJnmvZ_17code_guardian_cli13scan_handlers11handle_scan
FN:143,_RNCNCNCNvNtCs65Py60REsPg_17code_guardian_cli13scan_handlers11handle_scan0s_00B9_
FN:61,_RNCNCNvNtCs65Py60REsPg_17code_guardian_cli13scan_handlers11handle_scan00B7_
FN:176,_RNCNCNvNtCs65Py60REsPg_17code_guardian_cli13scan_handlers11handle_scan0s0_0B7_
FN:142,_RNCNCNvNtCs65Py60REsPg_17code_guardian_cli13scan_handlers11handle_scan0s_0B7_
FN:32,_RNCNvNtCs65Py60REsPg_17code_guardian_cli13scan_handlers11handle_scan0B5_
FN:32,_RNvNtCs65Py60REsPg_17code_guardian_cli13scan_handlers11handle_scan
FN:143,_RNCNCNCNvNtCsi8MTORxUhGy_17code_guardian_cli13scan_handlers11handle_scan0s_00B9_
FN:61,_RNCNCNvNtCsi8MTORxUhGy_17code_guardian_cli13scan_handlers11handle_scan00B7_
FN:176,_RNCNCNvNtCsi8MTORxUhGy_17code_guardian_cli13scan_handlers11handle_scan0s0_0B7_
FN:142,_RNCNCNvNtCsi8MTORxUhGy_17code_guardian_cli13scan_handlers11handle_scan0s_0B7_
FN:32,_RNCNvNtCsi8MTORxUhGy_17code_guardian_cli13scan_handlers11handle_scan0B5_
FN:32,_RNvNtCsi8MTORxUhGy_17code_guardian_cli13scan_handlers11handle_scan
FN:143,_RNCNCNCNvNtCs5xHA0DhfRKe_17code_guardian_cli13scan_handlers11handle_scan0s_00CshOKUTiOstO6_26integration_workflow_tests
FN:61,_RNCNCNvNtCs5xHA0DhfRKe_17code_guardian_cli13scan_handlers11handle_scan00CshOKUTiOstO6_26integration_workflow_tests
FN:176,_RNCNCNvNtCs5xHA0DhfRKe_17code_guardian_cli13scan_handlers11handle_scan0s0_0CshOKUTiOstO6_26integration_workflow_tests
FN:142,_RNCNCNvNtCs5xHA0DhfRKe_17code_guardian_cli13scan_handlers11handle_scan0s_0CshOKUTiOstO6_26integration_workflow_tests
FN:32,_RNCNvNtCs5xHA0DhfRKe_17code_guardian_cli13scan_handlers11handle_scan0CshOKUTiOstO6_26integration_workflow_tests
FN:32,_RNvNtCs5xHA0DhfRKe_17code_guardian_cli13scan_handlers11handle_scan
FNDA:3,_RNCNCNCNvNtCs16s6DcJnmvZ_17code_guardian_cli13scan_handlers11handle_scan0s_00B9_
FNDA:0,_RNCNCNvNtCs16s6DcJnmvZ_17code_guardian_cli13scan_handlers11handle_scan00B7_
FNDA:0,_RNCNCNvNtCs16s6DcJnmvZ_17code_guardian_cli13scan_handlers11handle_scan0s0_0B7_
FNDA:3,_RNCNCNvNtCs16s6DcJnmvZ_17code_guardian_cli13scan_handlers11handle_scan0s_0B7_
FNDA:10,_RNCNvNtCs16s6DcJnmvZ_17code_guardian_cli13scan_handlers11handle_scan0B5_
FNDA:10,_RNvNtCs16s6DcJnmvZ_17code_guardian_cli13scan_handlers11handle_scan
FNDA:0,_RNCNCNCNvNtCs65Py60REsPg_17code_guardian_cli13scan_handlers11handle_scan0s_00B9_
FNDA:0,_RNCNCNvNtCs65Py60REsPg_17code_guardian_cli13scan_handlers11handle_scan00B7_
FNDA:0,_RNCNCNvNtCs65Py60REsPg_17code_guardian_cli13scan_handlers11handle_scan0s0_0B7_
FNDA:0,_RNCNCNvNtCs65Py60REsPg_17code_guardian_cli13scan_handlers11handle_scan0s_0B7_
FNDA:0,_RNCNvNtCs65Py60REsPg_17code_guardian_cli13scan_handlers11handle_scan0B5_
FNDA:0,_RNvNtCs65Py60REsPg_17code_guardian_cli13scan_handlers11handle_scan
FNDA:0,_RNCNCNCNvNtCsi8MTORxUhGy_17code_guardian_cli13scan_handlers11handle_scan0s_00B9_
FNDA:0,_RNCNCNvNtCsi8MTORxUhGy_17code_guardian_cli13scan_handlers11handle_scan00B7_
FNDA:0,_RNCNCNvNtCsi8MTORxUhGy_17code_guardian_cli13scan_handlers11handle_scan0s0_0B7_
FNDA:0,_RNCNCNvNtCsi8MTORxUhGy_17code_guardian_cli13scan_handlers11handle_scan0s_0B7_
FNDA:0,_RNCNvNtCsi8MTORxUhGy_17code_guardian_cli13scan_handlers11handle_scan0B5_
FNDA:0,_RNvNtCsi8MTORxUhGy_17code_guardian_cli13scan_handlers11handle_scan
FNDA:0,_RNCNCNCNvNtCs5xHA0DhfRKe_17code_guardian_cli13scan_handlers11handle_scan0s_00CshOKUTiOstO6_26integration_workflow_tests
FNDA:0,_RNCNCNvNtCs5xHA0DhfRKe_17code_guardian_cli13scan_handlers11handle_scan00CshOKUTiOstO6_26integration_workflow_tests
FNDA:2,_RNCNCNvNtCs5xHA0DhfRKe_17code_guardian_cli13scan_handlers11handle_scan0s0_0CshOKUTiOstO6_26integration_workflow_tests
FNDA:0,_RNCNCNvNtCs5xHA0DhfRKe_17code_guardian_cli13scan_handlers11handle_scan0s_0CshOKUTiOstO6_26integration_workflow_tests
FNDA:14,_RNCNvNtCs5xHA0DhfRKe_17code_guardian_cli13scan_handlers11handle_scan0CshOKUTiOstO6_26integration_workflow_tests
FNDA:14,_RNvNtCs5xHA0DhfRKe_17code_guardian_cli13scan_handlers11handle_scan
FNF:6
FNH:5
DA:32,24
DA:33,24
DA:34,2
DA:35,2
DA:36,2
DA:37,2
DA:38,22
DA:39,22
DA:40,0
DA:41,0
DA:42,0
DA:43,0
DA:44,22
DA:45,22
DA:47,21
DA:48,2
DA:49,19
DA:50,21
DA:51,2
DA:52,19
DA:53,21
DA:54,2
DA:55,19
DA:56,21
DA:57,5
DA:58,16
DA:59,21
DA:60,21
DA:61,21
DA:62,21
DA:65,21
DA:66,21
DA:67,1
DA:68,1
DA:69,20
DA:72,21
DA:75,21
DA:76,21
DA:77,1
DA:78,1
DA:79,1
DA:80,1
DA:81,1
DA:82,20
DA:84,21
DA:85,2
DA:86,2
DA:87,2
DA:89,19
DA:92,21
DA:94,4
DA:95,0
DA:96,4
DA:98,4
DA:99,4
DA:100,4
DA:103,4
DA:104,4
DA:105,4
DA:106,4
DA:107,4
DA:108,4
DA:109,4
DA:110,4
DA:112,4
DA:113,17
DA:115,1
DA:116,0
DA:117,1
DA:119,1
DA:122,5
DA:123,4
DA:124,4
DA:125,4
DA:126,4
DA:127,4
DA:128,4
DA:129,4
DA:130,4
DA:131,4
DA:132,4
DA:135,2
DA:136,2
DA:137,2
DA:140,1
DA:141,1
DA:142,3
DA:143,3
DA:144,3
DA:145,2
DA:147,1
DA:149,3
DA:150,3
DA:151,1
DA:153,1
DA:154,1
DA:157,1
DA:158,1
DA:159,1
DA:160,1
DA:161,1
DA:162,1
DA:163,1
DA:164,1
DA:166,1
DA:167,16
DA:169,2
DA:170,1
DA:171,1
DA:173,2
DA:174,2
DA:176,2
DA:177,2
DA:178,2
DA:179,2
DA:181,2
DA:182,14
DA:184,2
DA:185,0
DA:186,2
DA:188,2
DA:189,2
DA:190,2
DA:193,12
DA:194,1
DA:195,11
DA:197,12
DA:198,12
DA:199,12
DA:202,21
DA:203,2
DA:204,19
DA:205,21
DA:206,21
DA:207,21
DA:208,21
DA:209,21
DA:210,21
DA:211,21
DA:212,21
DA:213,21
DA:216,21
DA:217,2
DA:218,2
DA:219,2
DA:220,2
DA:221,2
DA:222,2
DA:224,2
DA:225,1
DA:226,1
DA:227,1
DA:228,1
DA:230,2
DA:231,2
DA:232,2
DA:233,2
DA:234,2
DA:235,2
DA:238,0
DA:239,2
DA:240,19
DA:242,21
DA:243,21
DA:244,21
DA:245,24
BRF:0
BRH:0
LF:172
LH:151
end_of_record
SF:/workspaces/code-guardian/crates/cli/src/stack_presets.rs
FN:7,_RNvNtCs16s6DcJnmvZ_17code_guardian_cli13stack_presets19handle_stack_preset
FN:7,_RNvNtCs65Py60REsPg_17code_guardian_cli13stack_presets19handle_stack_preset
FN:7,_RNvNtCsi8MTORxUhGy_17code_guardian_cli13stack_presets19handle_stack_preset
FNDA:0,_RNvNtCs16s6DcJnmvZ_17code_guardian_cli13stack_presets19handle_stack_preset
FNDA:0,_RNvNtCs65Py60REsPg_17code_guardian_cli13stack_presets19handle_stack_preset
FNDA:0,_RNvNtCsi8MTORxUhGy_17code_guardian_cli13stack_presets19handle_stack_preset
FNF:1
FNH:0
DA:7,0
DA:8,0
DA:9,0
DA:10,0
DA:11,0
DA:12,0
DA:13,0
DA:14,0
DA:15,0
DA:16,0
DA:18,0
DA:20,0
DA:21,0
DA:22,0
DA:23,0
DA:24,0
DA:25,0
DA:26,0
DA:27,0
DA:29,0
DA:31,0
DA:32,0
DA:33,0
DA:34,0
DA:35,0
DA:36,0
DA:37,0
DA:38,0
DA:40,0
DA:42,0
DA:43,0
DA:44,0
DA:45,0
DA:46,0
DA:47,0
DA:48,0
DA:50,0
DA:52,0
DA:53,0
DA:54,0
DA:55,0
DA:56,0
DA:57,0
DA:59,0
DA:62,0
BRF:0
BRH:0
LF:45
LH:0
end_of_record
SF:/workspaces/code-guardian/crates/cli/src/utils.rs
FN:5,_RNvNtCs16s6DcJnmvZ_17code_guardian_cli5utils11get_db_path
FN:10,_RNvNtCs16s6DcJnmvZ_17code_guardian_cli5utils26get_detectors_from_profile
FN:6,_RNCNvNtCs16s6DcJnmvZ_17code_guardian_cli5utils11get_db_path0B5_
FN:5,_RNvNtCs65Py60REsPg_17code_guardian_cli5utils11get_db_path
FN:10,_RNvNtCs65Py60REsPg_17code_guardian_cli5utils26get_detectors_from_profile
FN:41,_RNvNtNtCs65Py60REsPg_17code_guardian_cli5utils5testss_26test_get_db_path_with_none
FN:34,_RNvNtNtCs65Py60REsPg_17code_guardian_cli5utils5testss_35test_get_db_path_with_provided_path
FN:90,_RNvNtNtCs65Py60REsPg_17code_guardian_cli5utils5testss_36test_get_detectors_from_profile_rust
FN:47,_RNvNtNtCs65Py60REsPg_17code_guardian_cli5utils5testss_37test_get_detectors_from_profile_basic
FN:99,_RNvNtNtCs65Py60REsPg_17code_guardian_cli5utils5testss_39test_get_detectors_from_profile_unknown
FN:117,_RNvNtNtCs65Py60REsPg_17code_guardian_cli5utils5testss_40test_all_profiles_return_valid_detectors
FN:72,_RNvNtNtCs65Py60REsPg_17code_guardian_cli5utils5testss_40test_get_detectors_from_profile_security
FN:81,_RNvNtNtCs65Py60REsPg_17code_guardian_cli5utils5testss_43test_get_detectors_from_profile_performance
FN:56,_RNvNtNtCs65Py60REsPg_17code_guardian_cli5utils5testss_45test_get_detectors_from_profile_comprehensive
FN:6,_RNCNvNtCs65Py60REsPg_17code_guardian_cli5utils11get_db_path0B5_
FN:5,_RNvNtCsi8MTORxUhGy_17code_guardian_cli5utils11get_db_path
FN:10,_RNvNtCsi8MTORxUhGy_17code_guardian_cli5utils26get_detectors_from_profile
FN:41,_RNvNtNtCsi8MTORxUhGy_17code_guardian_cli5utils5testss_26test_get_db_path_with_none
FN:34,_RNvNtNtCsi8MTORxUhGy_17code_guardian_cli5utils5testss_35test_get_db_path_with_provided_path
FN:90,_RNvNtNtCsi8MTORxUhGy_17code_guardian_cli5utils5testss_36test_get_detectors_from_profile_rust
FN:47,_RNvNtNtCsi8MTORxUhGy_17code_guardian_cli5utils5testss_37test_get_detectors_from_profile_basic
FN:99,_RNvNtNtCsi8MTORxUhGy_17code_guardian_cli5utils5testss_39test_get_detectors_from_profile_unknown
FN:117,_RNvNtNtCsi8MTORxUhGy_17code_guardian_cli5utils5testss_40test_all_profiles_return_valid_detectors
FN:72,_RNvNtNtCsi8MTORxUhGy_17code_guardian_cli5utils5testss_40test_get_detectors_from_profile_security
FN:81,_RNvNtNtCsi8MTORxUhGy_17code_guardian_cli5utils5testss_43test_get_detectors_from_profile_performance
FN:56,_RNvNtNtCsi8MTORxUhGy_17code_guardian_cli5utils5testss_45test_get_detectors_from_profile_comprehensive
FN:6,_RNCNvNtCsi8MTORxUhGy_17code_guardian_cli5utils11get_db_path0B5_
FN:5,_RNvNtCs5xHA0DhfRKe_17code_guardian_cli5utils11get_db_path
FN:10,_RNvNtCs5xHA0DhfRKe_17code_guardian_cli5utils26get_detectors_from_profile
FN:6,_RNCNvNtCs5xHA0DhfRKe_17code_guardian_cli5utils11get_db_path0B5_
FNDA:9,_RNvNtCs16s6DcJnmvZ_17code_guardian_cli5utils11get_db_path
FNDA:10,_RNvNtCs16s6DcJnmvZ_17code_guardian_cli5utils26get_detectors_from_profile
FNDA:0,_RNCNvNtCs16s6DcJnmvZ_17code_guardian_cli5utils11get_db_path0B5_
FNDA:2,_RNvNtCs65Py60REsPg_17code_guardian_cli5utils11get_db_path
FNDA:13,_RNvNtCs65Py60REsPg_17code_guardian_cli5utils26get_detectors_from_profile
FNDA:1,_RNvNtNtCs65Py60REsPg_17code_guardian_cli5utils5testss_26test_get_db_path_with_none
FNDA:1,_RNvNtNtCs65Py60REsPg_17code_guardian_cli5utils5testss_35test_get_db_path_with_provided_path
FNDA:1,_RNvNtNtCs65Py60REsPg_17code_guardian_cli5utils5testss_36test_get_detectors_from_profile_rust
FNDA:1,_RNvNtNtCs65Py60REsPg_17code_guardian_cli5utils5testss_37test_get_detectors_from_profile_basic
FNDA:1,_RNvNtNtCs65Py60REsPg_17code_guardian_cli5utils5testss_39test_get_detectors_from_profile_unknown
FNDA:1,_RNvNtNtCs65Py60REsPg_17code_guardian_cli5utils5testss_40test_all_profiles_return_valid_detectors
FNDA:1,_RNvNtNtCs65Py60REsPg_17code_guardian_cli5utils5testss_40test_get_detectors_from_profile_security
FNDA:1,_RNvNtNtCs65Py60REsPg_17code_guardian_cli5utils5testss_43test_get_detectors_from_profile_performance
FNDA:1,_RNvNtNtCs65Py60REsPg_17code_guardian_cli5utils5testss_45test_get_detectors_from_profile_comprehensive
FNDA:1,_RNCNvNtCs65Py60REsPg_17code_guardian_cli5utils11get_db_path0B5_
FNDA:2,_RNvNtCsi8MTORxUhGy_17code_guardian_cli5utils11get_db_path
FNDA:13,_RNvNtCsi8MTORxUhGy_17code_guardian_cli5utils26get_detectors_from_profile
FNDA:1,_RNvNtNtCsi8MTORxUhGy_17code_guardian_cli5utils5testss_26test_get_db_path_with_none
FNDA:1,_RNvNtNtCsi8MTORxUhGy_17code_guardian_cli5utils5testss_35test_get_db_path_with_provided_path
FNDA:1,_RNvNtNtCsi8MTORxUhGy_17code_guardian_cli5utils5testss_36test_get_detectors_from_profile_rust
FNDA:1,_RNvNtNtCsi8MTORxUhGy_17code_guardian_cli5utils5testss_37test_get_detectors_from_profile_basic
FNDA:1,_RNvNtNtCsi8MTORxUhGy_17code_guardian_cli5utils5testss_39test_get_detectors_from_profile_unknown
FNDA:1,_RNvNtNtCsi8MTORxUhGy_17code_guardian_cli5utils5testss_40test_all_profiles_return_valid_detectors
FNDA:1,_RNvNtNtCsi8MTORxUhGy_17code_guardian_cli5utils5testss_40test_get_detectors_from_profile_security
FNDA:1,_RNvNtNtCsi8MTORxUhGy_17code_guardian_cli5utils5testss_43test_get_detectors_from_profile_performance
FNDA:1,_RNvNtNtCsi8MTORxUhGy_17code_guardian_cli5utils5testss_45test_get_detectors_from_profile_comprehensive
FNDA:1,_RNCNvNtCsi8MTORxUhGy_17code_guardian_cli5utils11get_db_path0B5_
FNDA:2,_RNvNtCs5xHA0DhfRKe_17code_guardian_cli5utils11get_db_path
FNDA:12,_RNvNtCs5xHA0DhfRKe_17code_guardian_cli5utils26get_detectors_from_profile
FNDA:0,_RNCNvNtCs5xHA0DhfRKe_17code_guardian_cli5utils11get_db_path0B5_
FNF:12
FNH:12
DA:5,15
DA:6,15
DA:7,15
DA:10,48
DA:11,48
DA:12,48
DA:13,23
DA:14,17
DA:15,12
DA:16,6
DA:17,2
DA:18,2
DA:19,2
DA:20,2
DA:22,2
DA:23,2
DA:26,48
DA:34,2
DA:35,2
DA:36,2
DA:37,2
DA:38,2
DA:41,2
DA:42,2
DA:43,2
DA:44,2
DA:47,2
DA:48,2
DA:49,2
DA:50,2
DA:51,0
DA:53,2
DA:56,2
DA:57,2
DA:58,2
DA:59,2
DA:60,0
DA:64,2
DA:65,2
DA:66,2
DA:67,0
DA:69,2
DA:72,2
DA:73,2
DA:74,2
DA:75,2
DA:76,0
DA:78,2
DA:81,2
DA:82,2
DA:83,2
DA:84,2
DA:85,0
DA:87,2
DA:90,2
DA:91,2
DA:92,2
DA:93,2
DA:94,0
DA:96,2
DA:99,2
DA:101,2
DA:102,2
DA:103,2
DA:104,0
DA:108,2
DA:109,2
DA:110,2
DA:111,2
DA:112,0
DA:114,2
DA:117,2
DA:118,2
DA:120,12
DA:121,10
DA:122,10
DA:123,10
DA:124,0
DA:128,2
BRF:0
BRH:0
LF:80
LH:71
end_of_record
SF:/workspaces/code-guardian/crates/core/src/cache.rs
FN:87,_RNvNtNtCs6ew6Blb7sDz_18code_guardian_core5cache5testss_16test_cache_clear
FN:114,_RNvNtNtCs6ew6Blb7sDz_18code_guardian_core5cache5testss_18test_cache_default
FN:123,_RNvNtNtCs6ew6Blb7sDz_18code_guardian_core5cache5testss_28test_cache_concurrent_access
FN:103,_RNvNtNtCs6ew6Blb7sDz_18code_guardian_core5cache5testss_31test_cache_with_different_types
FN:66,_RNvNtNtCs6ew6Blb7sDz_18code_guardian_core5cache5testss_37test_in_memory_cache_basic_operations
FN:133,_RNCNvNtNtCs6ew6Blb7sDz_18code_guardian_core5cache5testss_28test_cache_concurrent_access0B7_
FN:39,_RNCNvXs_NtCs6ew6Blb7sDz_18code_guardian_core5cacheINtB6_13InMemoryCacheNtNtCs8Ty2CzGA6U3_5alloc6string6StringB17_EINtB6_5CacheB17_B17_E3get0B8_
FN:39,_RNCNvXs_NtCs6ew6Blb7sDz_18code_guardian_core5cacheINtB6_13InMemoryCacheNtNtCs8Ty2CzGA6U3_5alloc6string6StringlEINtB6_5CacheB17_lE3get0B8_
FN:39,_RNCNvXs_NtCs6ew6Blb7sDz_18code_guardian_core5cacheINtB6_13InMemoryCachelINtNtCs8Ty2CzGA6U3_5alloc3vec3VecNtNtB1d_6string6StringEEINtB6_5CachelB18_E3get0B8_
FN:26,_RNvMNtCs6ew6Blb7sDz_18code_guardian_core5cacheINtB2_13InMemoryCacheNtNtCs8Ty2CzGA6U3_5alloc6string6StringB13_E3newB4_
FN:26,_RNvMNtCs6ew6Blb7sDz_18code_guardian_core5cacheINtB2_13InMemoryCacheNtNtCs8Ty2CzGA6U3_5alloc6string6StringlE3newB4_
FN:26,_RNvMNtCs6ew6Blb7sDz_18code_guardian_core5cacheINtB2_13InMemoryCachelINtNtCs8Ty2CzGA6U3_5alloc3vec3VecNtNtB19_6string6StringEE3newB4_
FN:56,_RNvXs0_NtCs6ew6Blb7sDz_18code_guardian_core5cacheINtB5_13InMemoryCacheNtNtCs8Ty2CzGA6U3_5alloc6string6StringlENtNtCs66KPHxksi63_4core7default7Default7defaultB7_
FN:38,_RNvXs_NtCs6ew6Blb7sDz_18code_guardian_core5cacheINtB4_13InMemoryCacheNtNtCs8Ty2CzGA6U3_5alloc6string6StringB15_EINtB4_5CacheB15_B15_E3getB6_
FN:42,_RNvXs_NtCs6ew6Blb7sDz_18code_guardian_core5cacheINtB4_13InMemoryCacheNtNtCs8Ty2CzGA6U3_5alloc6string6StringB15_EINtB4_5CacheB15_B15_E3setB6_
FN:46,_RNvXs_NtCs6ew6Blb7sDz_18code_guardian_core5cacheINtB4_13InMemoryCacheNtNtCs8Ty2CzGA6U3_5alloc6string6StringB15_EINtB4_5CacheB15_B15_E5clearB6_
FN:38,_RNvXs_NtCs6ew6Blb7sDz_18code_guardian_core5cacheINtB4_13InMemoryCacheNtNtCs8Ty2CzGA6U3_5alloc6string6StringlEINtB4_5CacheB15_lE3getB6_
FN:42,_RNvXs_NtCs6ew6Blb7sDz_18code_guardian_core5cacheINtB4_13InMemoryCacheNtNtCs8Ty2CzGA6U3_5alloc6string6StringlEINtB4_5CacheB15_lE3setB6_
FN:38,_RNvXs_NtCs6ew6Blb7sDz_18code_guardian_core5cacheINtB4_13InMemoryCachelINtNtCs8Ty2CzGA6U3_5alloc3vec3VecNtNtB1b_6string6StringEEINtB4_5CachelB16_E3getB6_
FN:42,_RNvXs_NtCs6ew6Blb7sDz_18code_guardian_core5cacheINtB4_13InMemoryCachelINtNtCs8Ty2CzGA6U3_5alloc3vec3VecNtNtB1b_6string6StringEEINtB4_5CachelB16_E3setB6_
FNDA:1,_RNvNtNtCs6ew6Blb7sDz_18code_guardian_core5cache5testss_16test_cache_clear
FNDA:1,_RNvNtNtCs6ew6Blb7sDz_18code_guardian_core5cache5testss_18test_cache_default
FNDA:1,_RNvNtNtCs6ew6Blb7sDz_18code_guardian_core5cache5testss_28test_cache_concurrent_access
FNDA:1,_RNvNtNtCs6ew6Blb7sDz_18code_guardian_core5cache5testss_31test_cache_with_different_types
FNDA:1,_RNvNtNtCs6ew6Blb7sDz_18code_guardian_core5cache5testss_37test_in_memory_cache_basic_operations
FNDA:10,_RNCNvNtNtCs6ew6Blb7sDz_18code_guardian_core5cache5testss_28test_cache_concurrent_access0B7_
FNDA:26,_RNCNvXs_NtCs6ew6Blb7sDz_18code_guardian_core5cacheINtB6_13InMemoryCacheNtNtCs8Ty2CzGA6U3_5alloc6string6StringB17_EINtB6_5CacheB17_B17_E3get0B8_
FNDA:1,_RNCNvXs_NtCs6ew6Blb7sDz_18code_guardian_core5cacheINtB6_13InMemoryCacheNtNtCs8Ty2CzGA6U3_5alloc6string6StringlEINtB6_5CacheB17_lE3get0B8_
FNDA:1,_RNCNvXs_NtCs6ew6Blb7sDz_18code_guardian_core5cacheINtB6_13InMemoryCachelINtNtCs8Ty2CzGA6U3_5alloc3vec3VecNtNtB1d_6string6StringEEINtB6_5CachelB18_E3get0B8_
FNDA:3,_RNvMNtCs6ew6Blb7sDz_18code_guardian_core5cacheINtB2_13InMemoryCacheNtNtCs8Ty2CzGA6U3_5alloc6string6StringB13_E3newB4_
FNDA:1,_RNvMNtCs6ew6Blb7sDz_18code_guardian_core5cacheINtB2_13InMemoryCacheNtNtCs8Ty2CzGA6U3_5alloc6string6StringlE3newB4_
FNDA:1,_RNvMNtCs6ew6Blb7sDz_18code_guardian_core5cacheINtB2_13InMemoryCachelINtNtCs8Ty2CzGA6U3_5alloc3vec3VecNtNtB19_6string6StringEE3newB4_
FNDA:1,_RNvXs0_NtCs6ew6Blb7sDz_18code_guardian_core5cacheINtB5_13InMemoryCacheNtNtCs8Ty2CzGA6U3_5alloc6string6StringlENtNtCs66KPHxksi63_4core7default7Default7defaultB7_
FNDA:29,_RNvXs_NtCs6ew6Blb7sDz_18code_guardian_core5cacheINtB4_13InMemoryCacheNtNtCs8Ty2CzGA6U3_5alloc6string6StringB15_EINtB4_5CacheB15_B15_E3getB6_
FNDA:15,_RNvXs_NtCs6ew6Blb7sDz_18code_guardian_core5cacheINtB4_13InMemoryCacheNtNtCs8Ty2CzGA6U3_5alloc6string6StringB15_EINtB4_5CacheB15_B15_E3setB6_
FNDA:1,_RNvXs_NtCs6ew6Blb7sDz_18code_guardian_core5cacheINtB4_13InMemoryCacheNtNtCs8Ty2CzGA6U3_5alloc6string6StringB15_EINtB4_5CacheB15_B15_E5clearB6_
FNDA:2,_RNvXs_NtCs6ew6Blb7sDz_18code_guardian_core5cacheINtB4_13InMemoryCacheNtNtCs8Ty2CzGA6U3_5alloc6string6StringlEINtB4_5CacheB15_lE3getB6_
FNDA:1,_RNvXs_NtCs6ew6Blb7sDz_18code_guardian_core5cacheINtB4_13InMemoryCacheNtNtCs8Ty2CzGA6U3_5alloc6string6StringlEINtB4_5CacheB15_lE3setB6_
FNDA:2,_RNvXs_NtCs6ew6Blb7sDz_18code_guardian_core5cacheINtB4_13InMemoryCachelINtNtCs8Ty2CzGA6U3_5alloc3vec3VecNtNtB1b_6string6StringEEINtB4_5CachelB16_E3getB6_
FNDA:1,_RNvXs_NtCs6ew6Blb7sDz_18code_guardian_core5cacheINtB4_13InMemoryCachelINtNtCs8Ty2CzGA6U3_5alloc3vec3VecNtNtB1b_6string6StringEEINtB4_5CachelB16_E3setB6_
FNF:12
FNH:12
DA:26,5
DA:27,5
DA:28,5
DA:29,5
DA:30,5
DA:38,33
DA:39,33
DA:40,33
DA:42,17
DA:43,17
DA:44,17
DA:46,1
DA:47,1
DA:48,1
DA:56,1
DA:57,1
DA:58,1
DA:66,1
DA:67,1
DA:70,1
DA:73,1
DA:74,1
DA:77,1
DA:78,1
DA:81,1
DA:82,1
DA:83,1
DA:84,1
DA:87,1
DA:88,1
DA:90,1
DA:91,1
DA:93,1
DA:94,1
DA:96,1
DA:98,1
DA:99,1
DA:100,1
DA:103,1
DA:104,1
DA:106,1
DA:107,1
DA:109,1
DA:110,1
DA:111,1
DA:114,1
DA:115,1
DA:116,1
DA:118,1
DA:119,1
DA:120,1
DA:123,1
DA:127,1
DA:128,1
DA:131,11
DA:132,10
DA:133,10
DA:134,10
DA:135,10
DA:136,10
DA:137,10
DA:138,10
DA:139,10
DA:140,10
DA:143,11
DA:144,10
DA:145,10
DA:148,11
DA:149,10
DA:150,10
DA:151,10
DA:153,1
BRF:0
BRH:0
LF:74
LH:74
end_of_record
SF:/workspaces/code-guardian/crates/core/src/config.rs
FN:29,_RINvNtCslCYtQ1Dl4P0_18code_guardian_core6config11load_configNtNtCsiKSG5X70Gj7_3std4path7PathBufECs16s6DcJnmvZ_17code_guardian_cli
FN:45,_RNCINvNtCslCYtQ1Dl4P0_18code_guardian_core6config11load_configNtNtCsiKSG5X70Gj7_3std4path7PathBufE0Cs16s6DcJnmvZ_17code_guardian_cli
FN:16,_RNvXNtCslCYtQ1Dl4P0_18code_guardian_core6configNtB2_6ConfigNtNtCs66KPHxksi63_4core7default7Default7default
FN:75,_RNvNtNtCs6ew6Blb7sDz_18code_guardian_core6config5testss_19test_default_config
FN:112,_RNvNtNtCs6ew6Blb7sDz_18code_guardian_core6config5testss_21test_load_config_json
FN:87,_RNvNtNtCs6ew6Blb7sDz_18code_guardian_core6config5testss_21test_load_config_toml
FN:137,_RNvNtNtCs6ew6Blb7sDz_18code_guardian_core6config5testss_24test_load_config_no_file
FN:150,_RNvNtNtCs6ew6Blb7sDz_18code_guardian_core6config5testss_35test_load_config_unsupported_format
FN:29,_RINvNtCs6ew6Blb7sDz_18code_guardian_core6config11load_configRNtNtCsiKSG5X70Gj7_3std4path7PathBufEB4_
FN:29,_RINvNtCs6ew6Blb7sDz_18code_guardian_core6config11load_configReEB4_
FN:45,_RNCINvNtCs6ew6Blb7sDz_18code_guardian_core6config11load_configRNtNtCsiKSG5X70Gj7_3std4path7PathBufE0B6_
FN:45,_RNCINvNtCs6ew6Blb7sDz_18code_guardian_core6config11load_configReE0B6_
FN:16,_RNvXNtCs6ew6Blb7sDz_18code_guardian_core6configNtB2_6ConfigNtNtCs66KPHxksi63_4core7default7Default7default
FN:29,_RINvNtCslCYtQ1Dl4P0_18code_guardian_core6config11load_configNtNtCsiKSG5X70Gj7_3std4path7PathBufECshOKUTiOstO6_26integration_workflow_tests
FN:45,_RNCINvNtCslCYtQ1Dl4P0_18code_guardian_core6config11load_configNtNtCsiKSG5X70Gj7_3std4path7PathBufE0CshOKUTiOstO6_26integration_workflow_tests
FNDA:9,_RINvNtCslCYtQ1Dl4P0_18code_guardian_core6config11load_configNtNtCsiKSG5X70Gj7_3std4path7PathBufECs16s6DcJnmvZ_17code_guardian_cli
FNDA:0,_RNCINvNtCslCYtQ1Dl4P0_18code_guardian_core6config11load_configNtNtCsiKSG5X70Gj7_3std4path7PathBufE0Cs16s6DcJnmvZ_17code_guardian_cli
FNDA:0,_RNvXNtCslCYtQ1Dl4P0_18code_guardian_core6configNtB2_6ConfigNtNtCs66KPHxksi63_4core7default7Default7default
FNDA:1,_RNvNtNtCs6ew6Blb7sDz_18code_guardian_core6config5testss_19test_default_config
FNDA:1,_RNvNtNtCs6ew6Blb7sDz_18code_guardian_core6config5testss_21test_load_config_json
FNDA:1,_RNvNtNtCs6ew6Blb7sDz_18code_guardian_core6config5testss_21test_load_config_toml
FNDA:1,_RNvNtNtCs6ew6Blb7sDz_18code_guardian_core6config5testss_24test_load_config_no_file
FNDA:1,_RNvNtNtCs6ew6Blb7sDz_18code_guardian_core6config5testss_35test_load_config_unsupported_format
FNDA:3,_RINvNtCs6ew6Blb7sDz_18code_guardian_core6config11load_configRNtNtCsiKSG5X70Gj7_3std4path7PathBufEB4_
FNDA:1,_RINvNtCs6ew6Blb7sDz_18code_guardian_core6config11load_configReEB4_
FNDA:3,_RNCINvNtCs6ew6Blb7sDz_18code_guardian_core6config11load_configRNtNtCsiKSG5X70Gj7_3std4path7PathBufE0B6_
FNDA:0,_RNCINvNtCs6ew6Blb7sDz_18code_guardian_core6config11load_configReE0B6_
FNDA:2,_RNvXNtCs6ew6Blb7sDz_18code_guardian_core6configNtB2_6ConfigNtNtCs66KPHxksi63_4core7default7Default7default
FNDA:13,_RINvNtCslCYtQ1Dl4P0_18code_guardian_core6config11load_configNtNtCsiKSG5X70Gj7_3std4path7PathBufECshOKUTiOstO6_26integration_workflow_tests
FNDA:2,_RNCINvNtCslCYtQ1Dl4P0_18code_guardian_core6config11load_configNtNtCsiKSG5X70Gj7_3std4path7PathBufE0CshOKUTiOstO6_26integration_workflow_tests
FNF:8
FNH:8
DA:16,2
DA:17,2
DA:18,2
DA:19,2
DA:20,2
DA:21,2
DA:22,2
DA:23,2
DA:24,2
DA:25,2
DA:26,2
DA:29,26
DA:30,26
DA:33,26
DA:34,26
DA:35,26
DA:36,26
DA:37,26
DA:38,26
DA:39,26
DA:42,26
DA:43,5
DA:44,5
DA:45,5
DA:46,5
DA:47,5
DA:48,3
DA:49,3
DA:50,2
DA:51,1
DA:52,1
DA:54,1
DA:55,1
DA:56,1
DA:57,1
DA:60,0
DA:61,21
DA:63,25
DA:64,24
DA:65,24
DA:66,26
DA:75,1
DA:76,1
DA:77,1
DA:78,1
DA:79,1
DA:80,1
DA:81,1
DA:82,1
DA:83,1
DA:84,1
DA:87,1
DA:88,1
DA:89,1
DA:90,1
DA:91,1
DA:92,1
DA:93,1
DA:94,1
DA:95,1
DA:96,1
DA:97,1
DA:98,1
DA:99,1
DA:101,1
DA:102,1
DA:103,1
DA:104,1
DA:105,1
DA:106,1
DA:107,1
DA:108,1
DA:109,1
DA:112,1
DA:113,1
DA:114,1
DA:115,1
DA:116,1
DA:117,1
DA:118,1
DA:119,1
DA:120,1
DA:121,1
DA:122,1
DA:123,1
DA:124,1
DA:126,1
DA:127,1
DA:128,1
DA:129,1
DA:130,1
DA:131,1
DA:132,1
DA:133,1
DA:134,1
DA:137,1
DA:138,1
DA:139,1
DA:140,1
DA:141,1
DA:142,1
DA:143,1
DA:144,1
DA:145,1
DA:146,1
DA:147,1
DA:150,1
DA:151,1
DA:152,1
DA:153,1
DA:155,1
DA:156,1
DA:157,1
BRF:0
BRH:0
LF:114
LH:112
end_of_record
SF:/workspaces/code-guardian/crates/core/src/custom_detectors.rs
FN:183,_RINvMs2_NtCslCYtQ1Dl4P0_18code_guardian_core16custom_detectorsNtB6_21CustomDetectorManager12save_to_fileRNtNtCsiKSG5X70Gj7_3std4path7PathBufECs16s6DcJnmvZ_17code_guardian_cli
FN:155,_RINvMs2_NtCslCYtQ1Dl4P0_18code_guardian_core16custom_detectorsNtB6_21CustomDetectorManager14load_from_fileRNtNtCsiKSG5X70Gj7_3std4path7PathBufECs16s6DcJnmvZ_17code_guardian_cli
FN:187,_RNCINvMs2_NtCslCYtQ1Dl4P0_18code_guardian_core16custom_detectorsNtB8_21CustomDetectorManager12save_to_fileRNtNtCsiKSG5X70Gj7_3std4path7PathBufE0Cs16s6DcJnmvZ_17code_guardian_cli
FN:191,_RNCINvMs2_NtCslCYtQ1Dl4P0_18code_guardian_core16custom_detectorsNtB8_21CustomDetectorManager12save_to_fileRNtNtCsiKSG5X70Gj7_3std4path7PathBufEs_0Cs16s6DcJnmvZ_17code_guardian_cli
FN:160,_RNCINvMs2_NtCslCYtQ1Dl4P0_18code_guardian_core16custom_detectorsNtB8_21CustomDetectorManager14load_from_fileRNtNtCsiKSG5X70Gj7_3std4path7PathBufE0Cs16s6DcJnmvZ_17code_guardian_cli
FN:133,_RNCNvMs1_NtCslCYtQ1Dl4P0_18code_guardian_core16custom_detectorsNtB7_14CustomDetector27extract_message_from_groups0B9_
FN:231,_RNCNvMs2_NtCslCYtQ1Dl4P0_18code_guardian_core16custom_detectorsNtB7_21CustomDetectorManager13get_detectors0B9_
FN:232,_RNCNvMs2_NtCslCYtQ1Dl4P0_18code_guardian_core16custom_detectorsNtB7_21CustomDetectorManager13get_detectorss_0B9_
FN:238,_RNCNvMs2_NtCslCYtQ1Dl4P0_18code_guardian_core16custom_detectorsNtB7_21CustomDetectorManager14list_detectors0B9_
FN:76,_RNCNvMs_NtCslCYtQ1Dl4P0_18code_guardian_core16custom_detectorsNtB6_14CustomDetector19should_process_file0B8_
FN:80,_RNCNvMs_NtCslCYtQ1Dl4P0_18code_guardian_core16custom_detectorsNtB6_14CustomDetector19should_process_files_0B8_
[...]
FN:89,_RNvNtNtNtCsgoAwM6qtOpT_20code_guardian_output10formatters4html5testss_17test_single_match
FN:79,_RNvNtNtNtCsgoAwM6qtOpT_20code_guardian_output10formatters4html5testss_18test_empty_matches
FN:123,_RNvNtNtNtCsgoAwM6qtOpT_20code_guardian_output10formatters4html5testss_21test_multiple_matches
FN:154,_RNvNtNtNtCsgoAwM6qtOpT_20code_guardian_output10formatters4html14proptest_tests9arb_match
FNDA:33060,_RNvNtNtCsbvVqEwb8lPh_20code_guardian_output10formatters4html11html_escape
FNDA:21,_RNvXNtNtCsbvVqEwb8lPh_20code_guardian_output10formatters4htmlNtB2_13HtmlFormatterNtB4_9Formatter6format
FNDA:1136,_RNCNvNtNtNtCsgoAwM6qtOpT_20code_guardian_output10formatters4html14proptest_tests9arb_match0B9_
FNDA:3429,_RNvNtNtCsgoAwM6qtOpT_20code_guardian_output10formatters4html11html_escape
FNDA:263,_RNvXNtNtCsgoAwM6qtOpT_20code_guardian_output10formatters4htmlNtB2_13HtmlFormatterNtB4_9Formatter6format
FNDA:1,_RNvNtNtNtCsgoAwM6qtOpT_20code_guardian_output10formatters4html5testss_16test_html_escape
FNDA:1,_RNvNtNtNtCsgoAwM6qtOpT_20code_guardian_output10formatters4html5testss_17test_single_match
FNDA:1,_RNvNtNtNtCsgoAwM6qtOpT_20code_guardian_output10formatters4html5testss_18test_empty_matches
FNDA:1,_RNvNtNtNtCsgoAwM6qtOpT_20code_guardian_output10formatters4html5testss_21test_multiple_matches
FNDA:1,_RNvNtNtNtCsgoAwM6qtOpT_20code_guardian_output10formatters4html14proptest_tests9arb_match
FNF:8
FNH:8
DA:9,284
DA:10,284
DA:38,284
DA:39,23
DA:40,23
DA:41,12424
DA:42,12163
DA:43,12163
DA:44,12163
DA:45,12163
DA:46,12163
DA:47,12163
DA:48,12163
DA:49,12163
DA:50,12163
DA:53,284
DA:54,284
DA:55,284
DA:56,284
DA:57,284
DA:58,284
DA:61,284
DA:62,284
DA:66,36489
DA:67,36489
DA:68,36489
DA:69,36489
DA:70,36489
DA:71,36489
DA:72,36489
DA:79,1
DA:80,1
DA:81,1
DA:82,1
DA:83,1
DA:84,1
DA:85,1
DA:86,1
DA:89,1
DA:90,1
DA:91,1
DA:92,1
DA:93,1
DA:94,1
DA:95,1
DA:96,1
DA:97,1
DA:98,1
DA:99,1
DA:100,1
DA:101,1
DA:102,1
DA:103,1
DA:104,1
DA:105,1
DA:108,1
DA:109,1
DA:110,1
DA:111,1
DA:112,1
DA:113,1
DA:114,1
DA:115,1
DA:116,1
DA:117,1
DA:118,1
DA:119,1
DA:120,1
DA:123,1
DA:124,1
DA:125,1
DA:126,1
DA:127,1
DA:128,1
DA:129,1
DA:130,1
DA:131,1
DA:132,1
DA:133,1
DA:134,1
DA:135,1
DA:136,1
DA:137,1
DA:138,1
DA:139,1
DA:141,1
DA:142,1
DA:143,1
DA:144,1
DA:145,1
DA:146,1
DA:154,1
DA:155,1
DA:156,1
DA:157,1
DA:158,1
DA:159,1
DA:160,1
DA:161,1
DA:162,1
DA:163,1136
DA:164,1136
DA:165,1136
DA:166,1136
DA:167,1136
DA:168,1136
DA:169,1
BRF:0
BRH:0
LF:107
LH:107
end_of_record
SF:/workspaces/code-guardian/crates/output/src/formatters/json.rs
FN:9,_RNvXNtNtCsbvVqEwb8lPh_20code_guardian_output10formatters4jsonNtB2_13JsonFormatterNtB4_9Formatter6format
FN:10,_RNCNvXNtNtCsbvVqEwb8lPh_20code_guardian_output10formatters4jsonNtB4_13JsonFormatterNtB6_9Formatter6format0B8_
FN:10,_RNCNvXNtNtCsgoAwM6qtOpT_20code_guardian_output10formatters4jsonNtB4_13JsonFormatterNtB6_9Formatter6format0B8_
FN:81,_RNvNtNtNtCsgoAwM6qtOpT_20code_guardian_output10formatters4json14proptest_tests9arb_match
FN:90,_RNCNvNtNtNtCsgoAwM6qtOpT_20code_guardian_output10formatters4json14proptest_tests9arb_match0B9_
FN:9,_RNvXNtNtCsgoAwM6qtOpT_20code_guardian_output10formatters4jsonNtB2_13JsonFormatterNtB4_9Formatter6format
FN:28,_RNvNtNtNtCsgoAwM6qtOpT_20code_guardian_output10formatters4json5testss_17test_single_match
FN:20,_RNvNtNtNtCsgoAwM6qtOpT_20code_guardian_output10formatters4json5testss_18test_empty_matches
FN:51,_RNvNtNtNtCsgoAwM6qtOpT_20code_guardian_output10formatters4json5testss_21test_multiple_matches
FNDA:24,_RNvXNtNtCsbvVqEwb8lPh_20code_guardian_output10formatters4jsonNtB2_13JsonFormatterNtB4_9Formatter6format
FNDA:0,_RNCNvXNtNtCsbvVqEwb8lPh_20code_guardian_output10formatters4jsonNtB4_13JsonFormatterNtB6_9Formatter6format0B8_
FNDA:0,_RNCNvXNtNtCsgoAwM6qtOpT_20code_guardian_output10formatters4jsonNtB4_13JsonFormatterNtB6_9Formatter6format0B8_
FNDA:1,_RNvNtNtNtCsgoAwM6qtOpT_20code_guardian_output10formatters4json14proptest_tests9arb_match
FNDA:1135,_RNCNvNtNtNtCsgoAwM6qtOpT_20code_guardian_output10formatters4json14proptest_tests9arb_match0B9_
FNDA:262,_RNvXNtNtCsgoAwM6qtOpT_20code_guardian_output10formatters4jsonNtB2_13JsonFormatterNtB4_9Formatter6format
FNDA:1,_RNvNtNtNtCsgoAwM6qtOpT_20code_guardian_output10formatters4json5testss_17test_single_match
FNDA:1,_RNvNtNtNtCsgoAwM6qtOpT_20code_guardian_output10formatters4json5testss_18test_empty_matches
FNDA:1,_RNvNtNtNtCsgoAwM6qtOpT_20code_guardian_output10formatters4json5testss_21test_multiple_matches
FNF:7
FNH:6
DA:9,286
DA:10,286
DA:11,286
DA:20,1
DA:21,1
DA:22,1
DA:23,1
DA:24,1
DA:25,1
DA:28,1
DA:29,1
DA:30,1
DA:31,1
DA:32,1
DA:33,1
DA:34,1
DA:35,1
DA:36,1
DA:37,1
DA:38,1
DA:39,1
DA:40,1
DA:41,1
DA:42,1
DA:43,1
DA:44,1
DA:45,1
DA:46,1
DA:47,1
DA:48,1
DA:51,1
DA:52,1
DA:53,1
DA:54,1
DA:55,1
DA:56,1
DA:57,1
DA:58,1
DA:59,1
DA:60,1
DA:61,1
DA:62,1
DA:63,1
DA:64,1
DA:65,1
DA:66,1
DA:67,1
DA:69,1
DA:71,1
DA:72,1
DA:73,1
DA:81,1
DA:82,1
DA:83,1
DA:84,1
DA:85,1
DA:86,1
DA:87,1
DA:88,1
DA:89,1
DA:90,1135
DA:91,1135
DA:92,1135
DA:93,1135
DA:94,1135
DA:95,1135
DA:96,1
BRF:0
BRH:0
LF:68
LH:67
end_of_record
SF:/workspaces/code-guardian/crates/output/src/formatters/markdown.rs
FN:33,_RNvNtNtCsbvVqEwb8lPh_20code_guardian_output10formatters8markdown9escape_md
FN:9,_RNvXNtNtCsbvVqEwb8lPh_20code_guardian_output10formatters8markdownNtB2_17MarkdownFormatterNtB4_9Formatter6format
FN:65,_RNvNtNtNtCsgoAwM6qtOpT_20code_guardian_output10formatters8markdown5testss_17test_escape_pipes
FN:50,_RNvNtNtNtCsgoAwM6qtOpT_20code_guardian_output10formatters8markdown5testss_17test_single_match
FN:42,_RNvNtNtNtCsgoAwM6qtOpT_20code_guardian_output10formatters8markdown5testss_18test_empty_matches
FN:80,_RNvNtNtNtCsgoAwM6qtOpT_20code_guardian_output10formatters8markdown5testss_21test_multiple_matches
FN:120,_RNCNvNtNtNtCsgoAwM6qtOpT_20code_guardian_output10formatters8markdown14proptest_tests9arb_match0B9_
FN:33,_RNvNtNtCsgoAwM6qtOpT_20code_guardian_output10formatters8markdown9escape_md
FN:9,_RNvXNtNtCsgoAwM6qtOpT_20code_guardian_output10formatters8markdownNtB2_17MarkdownFormatterNtB4_9Formatter6format
FN:111,_RNvNtNtNtCsgoAwM6qtOpT_20code_guardian_output10formatters8markdown14proptest_tests9arb_match
FNDA:33060,_RNvNtNtCsbvVqEwb8lPh_20code_guardian_output10formatters8markdown9escape_md
FNDA:21,_RNvXNtNtCsbvVqEwb8lPh_20code_guardian_output10formatters8markdownNtB2_17MarkdownFormatterNtB4_9Formatter6format
FNDA:1,_RNvNtNtNtCsgoAwM6qtOpT_20code_guardian_output10formatters8markdown5testss_17test_escape_pipes
FNDA:1,_RNvNtNtNtCsgoAwM6qtOpT_20code_guardian_output10formatters8markdown5testss_17test_single_match
FNDA:1,_RNvNtNtNtCsgoAwM6qtOpT_20code_guardian_output10formatters8markdown5testss_18test_empty_matches
FNDA:1,_RNvNtNtNtCsgoAwM6qtOpT_20code_guardian_output10formatters8markdown5testss_21test_multiple_matches
FNDA:1275,_RNCNvNtNtNtCsgoAwM6qtOpT_20code_guardian_output10formatters8markdown14proptest_tests9arb_match0B9_
FNDA:3843,_RNvNtNtCsgoAwM6qtOpT_20code_guardian_output10formatters8markdown9escape_md
FNDA:262,_RNvXNtNtCsgoAwM6qtOpT_20code_guardian_output10formatters8markdownNtB2_17MarkdownFormatterNtB4_9Formatter6format
FNDA:1,_RNvNtNtNtCsgoAwM6qtOpT_20code_guardian_output10formatters8markdown14proptest_tests9arb_match
FNF:8
FNH:8
DA:9,283
DA:10,283
DA:11,18
DA:12,265
DA:14,265
DA:15,265
DA:17,12566
DA:18,12301
DA:19,12301
DA:20,12301
DA:21,12301
DA:22,12301
DA:23,12301
DA:24,12301
DA:25,12301
DA:26,12301
DA:28,265
DA:29,283
DA:33,36903
DA:34,36903
DA:35,36903
DA:42,1
DA:43,1
DA:44,1
DA:45,1
DA:46,1
DA:47,1
DA:50,1
DA:51,1
DA:52,1
DA:53,1
DA:54,1
DA:55,1
DA:56,1
DA:57,1
DA:58,1
DA:59,1
DA:60,1
DA:61,1
DA:62,1
DA:65,1
DA:66,1
DA:67,1
DA:68,1
DA:69,1
DA:70,1
DA:71,1
DA:72,1
DA:73,1
DA:74,1
DA:75,1
DA:76,1
DA:77,1
DA:80,1
DA:81,1
DA:82,1
DA:83,1
DA:84,1
DA:85,1
DA:86,1
DA:87,1
DA:88,1
DA:89,1
DA:90,1
DA:91,1
DA:92,1
DA:93,1
DA:94,1
DA:95,1
DA:96,1
DA:98,1
DA:99,1
DA:100,1
DA:101,1
DA:102,1
DA:103,1
DA:111,1
DA:112,1
DA:113,1
DA:114,1
DA:115,1
DA:116,1
DA:117,1
DA:118,1
DA:119,1
DA:120,1275
DA:121,1275
DA:122,1275
DA:123,1275
DA:124,1275
DA:125,1275
DA:126,1
BRF:0
BRH:0
LF:92
LH:92
end_of_record
SF:/workspaces/code-guardian/crates/output/src/formatters/text.rs
FN:9,_RNvXNtNtCsbvVqEwb8lPh_20code_guardian_output10formatters4textNtB2_13TextFormatterNtB4_9Formatter6format
FN:106,_RNvNtNtNtCsgoAwM6qtOpT_20code_guardian_output10formatters4text14proptest_tests9arb_match
FN:38,_RNvNtNtNtCsgoAwM6qtOpT_20code_guardian_output10formatters4text5testss_17test_single_match
FN:30,_RNvNtNtNtCsgoAwM6qtOpT_20code_guardian_output10formatters4text5testss_18test_empty_matches
FN:77,_RNvNtNtNtCsgoAwM6qtOpT_20code_guardian_output10formatters4text5testss_21test_multiple_matches
FN:53,_RNvNtNtNtCsgoAwM6qtOpT_20code_guardian_output10formatters4text5testss_30test_multiple_matches_snapshot
FN:115,_RNCNvNtNtNtCsgoAwM6qtOpT_20code_guardian_output10formatters4text14proptest_tests9arb_match0B9_
FN:9,_RNvXNtNtCsgoAwM6qtOpT_20code_guardian_output10formatters4textNtB2_13TextFormatterNtB4_9Formatter6format
FNDA:43,_RNvXNtNtCsbvVqEwb8lPh_20code_guardian_output10formatters4textNtB2_13TextFormatterNtB4_9Formatter6format
FNDA:1,_RNvNtNtNtCsgoAwM6qtOpT_20code_guardian_output10formatters4text14proptest_tests9arb_match
FNDA:1,_RNvNtNtNtCsgoAwM6qtOpT_20code_guardian_output10formatters4text5testss_17test_single_match
FNDA:1,_RNvNtNtNtCsgoAwM6qtOpT_20code_guardian_output10formatters4text5testss_18test_empty_matches
FNDA:1,_RNvNtNtNtCsgoAwM6qtOpT_20code_guardian_output10formatters4text5testss_21test_multiple_matches
FNDA:1,_RNvNtNtNtCsgoAwM6qtOpT_20code_guardian_output10formatters4text5testss_30test_multiple_matches_snapshot
FNDA:1065,_RNCNvNtNtNtCsgoAwM6qtOpT_20code_guardian_output10formatters4text14proptest_tests9arb_match0B9_
FNDA:262,_RNvXNtNtCsgoAwM6qtOpT_20code_guardian_output10formatters4textNtB2_13TextFormatterNtB4_9Formatter6format
FNF:7
FNH:7
DA:9,305
DA:10,305
DA:11,36
DA:12,269
DA:14,269
DA:15,12489
DA:16,12220
DA:17,12220
DA:18,12220
DA:19,12220
DA:20,12220
DA:21,269
DA:22,305
DA:30,1
DA:31,1
DA:32,1
DA:33,1
DA:34,1
DA:35,1
DA:38,1
DA:39,1
DA:40,1
DA:41,1
DA:42,1
DA:43,1
DA:44,1
DA:45,1
DA:46,1
DA:47,1
DA:48,1
DA:49,1
DA:50,1
DA:53,1
DA:54,1
DA:55,1
DA:56,1
DA:57,1
DA:58,1
DA:59,1
DA:60,1
DA:61,1
DA:62,1
DA:63,1
DA:64,1
DA:65,1
DA:66,1
DA:67,1
DA:68,1
DA:69,1
DA:71,1
DA:72,1
DA:73,1
DA:74,1
DA:77,1
DA:78,1
DA:79,1
DA:80,1
DA:81,1
DA:82,1
DA:83,1
DA:84,1
DA:85,1
DA:86,1
DA:87,1
DA:88,1
DA:89,1
DA:90,1
DA:91,1
DA:92,1
DA:93,1
DA:95,1
DA:96,1
DA:97,1
DA:98,1
DA:106,1
DA:107,1
DA:108,1
DA:109,1
DA:110,1
DA:111,1
DA:112,1
DA:113,1
DA:114,1
DA:115,1065
DA:116,1065
DA:117,1065
DA:118,1065
DA:119,1065
DA:120,1065
DA:121,1
BRF:0
BRH:0
LF:90
LH:90
end_of_record
SF:/workspaces/code-guardian/crates/output/src/lib.rs
FN:10,_RNvNtCsgoAwM6qtOpT_20code_guardian_output5tests19create_test_matches
FN:30,_RNvNtCsgoAwM6qtOpT_20code_guardian_output5testss_31test_all_formatters_integration
FN:67,_RNvNtCsgoAwM6qtOpT_20code_guardian_output5testss_34test_formatters_with_empty_matches
FN:79,_RNvNtCsgoAwM6qtOpT_20code_guardian_output5testss_39test_formatters_with_special_characters
FNDA:1,_RNvNtCsgoAwM6qtOpT_20code_guardian_output5tests19create_test_matches
FNDA:1,_RNvNtCsgoAwM6qtOpT_20code_guardian_output5testss_31test_all_formatters_integration
FNDA:1,_RNvNtCsgoAwM6qtOpT_20code_guardian_output5testss_34test_formatters_with_empty_matches
FNDA:1,_RNvNtCsgoAwM6qtOpT_20code_guardian_output5testss_39test_formatters_with_special_characters
FNF:4
FNH:4
DA:10,1
DA:11,1
DA:12,1
DA:13,1
DA:14,1
DA:15,1
DA:16,1
DA:17,1
DA:18,1
DA:19,1
DA:20,1
DA:21,1
DA:22,1
DA:23,1
DA:24,1
DA:25,1
DA:27,1
DA:30,1
DA:31,1
DA:34,1
DA:35,1
DA:36,1
DA:37,1
DA:40,1
DA:41,1
DA:42,1
DA:43,1
DA:46,1
DA:47,1
DA:48,1
DA:49,1
DA:52,1
DA:53,1
DA:54,1
DA:55,1
DA:56,1
DA:59,1
DA:60,1
DA:61,1
DA:62,1
DA:63,1
DA:64,1
DA:67,1
DA:68,1
DA:71,1
DA:72,1
DA:73,1
DA:74,1
DA:75,1
DA:76,1
DA:79,1
DA:80,1
DA:81,1
DA:82,1
DA:83,1
DA:84,1
DA:85,1
DA:86,1
DA:89,1
DA:90,1
DA:92,1
DA:94,1
DA:96,1
DA:97,1
DA:98,1
BRF:0
BRH:0
LF:65
LH:65
end_of_record
SF:/workspaces/code-guardian/crates/storage/src/lib.rs
FN:48,_RINvMCslgdV8hDacCz_21code_guardian_storageNtB3_20SqliteScanRepository3newRNtNtCsiKSG5X70Gj7_3std4path7PathBufECs16s6DcJnmvZ_17code_guardian_cli
FN:41,_RNvMCslgdV8hDacCz_21code_guardian_storageNtB2_20SqliteScanRepository13new_in_memory
FN:55,_RNvMCslgdV8hDacCz_21code_guardian_storageNtB2_20SqliteScanRepository7init_db
FN:134,_RNvXs_CslgdV8hDacCz_21code_guardian_storageNtB4_20SqliteScanRepositoryNtB4_14ScanRepository11delete_scan
FN:115,_RNvXs_CslgdV8hDacCz_21code_guardian_storageNtB4_20SqliteScanRepositoryNtB4_14ScanRepository13get_all_scans
FN:79,_RNvXs_CslgdV8hDacCz_21code_guardian_storageNtB4_20SqliteScanRepositoryNtB4_14ScanRepository8get_scan
FN:62,_RNvXs_CslgdV8hDacCz_21code_guardian_storageNtB4_20SqliteScanRepositoryNtB4_14ScanRepository9save_scan
FN:48,_RINvMCslgdV8hDacCz_21code_guardian_storageNtB3_20SqliteScanRepository3newpEB3_
FN:119,_RNCNvXs_CslgdV8hDacCz_21code_guardian_storageNtB6_20SqliteScanRepositoryNtB6_14ScanRepository13get_all_scans0B6_
FN:84,_RNCNvXs_CslgdV8hDacCz_21code_guardian_storageNtB6_20SqliteScanRepositoryNtB6_14ScanRepository8get_scan0B6_
FN:97,_RNCNvXs_CslgdV8hDacCz_21code_guardian_storageNtB6_20SqliteScanRepositoryNtB6_14ScanRepository8get_scans_0B6_
FN:48,_RINvMCslgdV8hDacCz_21code_guardian_storageNtB3_20SqliteScanRepository3newRNtNtCsiKSG5X70Gj7_3std4path7PathBufECsgbYFqFx1Zs6_3cli
FN:41,_RNvMCs7nSxj2TE15N_21code_guardian_storageNtB2_20SqliteScanRepository13new_in_memory
FN:55,_RNvMCs7nSxj2TE15N_21code_guardian_storageNtB2_20SqliteScanRepository7init_db
FN:134,_RNvXs_Cs7nSxj2TE15N_21code_guardian_storageNtB4_20SqliteScanRepositoryNtB4_14ScanRepository11delete_scan
FN:115,_RNvXs_Cs7nSxj2TE15N_21code_guardian_storageNtB4_20SqliteScanRepositoryNtB4_14ScanRepository13get_all_scans
FN:79,_RNvXs_Cs7nSxj2TE15N_21code_guardian_storageNtB4_20SqliteScanRepositoryNtB4_14ScanRepository8get_scan
FN:62,_RNvXs_Cs7nSxj2TE15N_21code_guardian_storageNtB4_20SqliteScanRepositoryNtB4_14ScanRepository9save_scan
FN:48,_RINvMCs7nSxj2TE15N_21code_guardian_storageNtB3_20SqliteScanRepository3newRNtNtCsiKSG5X70Gj7_3std4path7PathBufEB3_
FN:119,_RNCNvXs_Cs7nSxj2TE15N_21code_guardian_storageNtB6_20SqliteScanRepositoryNtB6_14ScanRepository13get_all_scans0B6_
FN:84,_RNCNvXs_Cs7nSxj2TE15N_21code_guardian_storageNtB6_20SqliteScanRepositoryNtB6_14ScanRepository8get_scan0B6_
FN:97,_RNCNvXs_Cs7nSxj2TE15N_21code_guardian_storageNtB6_20SqliteScanRepositoryNtB6_14ScanRepository8get_scans_0B6_
FN:201,_RNvNtCs7nSxj2TE15N_21code_guardian_storage5testss_16test_delete_scan
FN:175,_RNvNtCs7nSxj2TE15N_21code_guardian_storage5testss_18test_get_all_scans
FN:221,_RNvNtCs7nSxj2TE15N_21code_guardian_storage5testss_20test_file_based_repo
FN:150,_RNvNtCs7nSxj2TE15N_21code_guardian_storage5testss_22test_save_and_get_scan
FN:248,_RNvNtCs7nSxj2TE15N_21code_guardian_storage14proptest_tests9arb_match
FN:257,_RNCNvNtCs7nSxj2TE15N_21code_guardian_storage14proptest_tests9arb_match0B5_
FN:48,_RINvMCslgdV8hDacCz_21code_guardian_storageNtB3_20SqliteScanRepository3newRNtNtCsiKSG5X70Gj7_3std4path7PathBufECs5xHA0DhfRKe_17code_guardian_cli
FNDA:18,_RINvMCslgdV8hDacCz_21code_guardian_storageNtB3_20SqliteScanRepository3newRNtNtCsiKSG5X70Gj7_3std4path7PathBufECs16s6DcJnmvZ_17code_guardian_cli
FNDA:0,_RNvMCslgdV8hDacCz_21code_guardian_storageNtB2_20SqliteScanRepository13new_in_memory
FNDA:40,_RNvMCslgdV8hDacCz_21code_guardian_storageNtB2_20SqliteScanRepository7init_db
FNDA:0,_RNvXs_CslgdV8hDacCz_21code_guardian_storageNtB4_20SqliteScanRepositoryNtB4_14ScanRepository11delete_scan
FNDA:4,_RNvXs_CslgdV8hDacCz_21code_guardian_storageNtB4_20SqliteScanRepositoryNtB4_14ScanRepository13get_all_scans
FNDA:14,_RNvXs_CslgdV8hDacCz_21code_guardian_storageNtB4_20SqliteScanRepositoryNtB4_14ScanRepository8get_scan
FNDA:29,_RNvXs_CslgdV8hDacCz_21code_guardian_storageNtB4_20SqliteScanRepositoryNtB4_14ScanRepository9save_scan
FNDA:0,_RINvMCslgdV8hDacCz_21code_guardian_storageNtB3_20SqliteScanRepository3newpEB3_
FNDA:4,_RNCNvXs_CslgdV8hDacCz_21code_guardian_storageNtB6_20SqliteScanRepositoryNtB6_14ScanRepository13get_all_scans0B6_
FNDA:13,_RNCNvXs_CslgdV8hDacCz_21code_guardian_storageNtB6_20SqliteScanRepositoryNtB6_14ScanRepository8get_scan0B6_
FNDA:18,_RNCNvXs_CslgdV8hDacCz_21code_guardian_storageNtB6_20SqliteScanRepositoryNtB6_14ScanRepository8get_scans_0B6_
FNDA:9,_RINvMCslgdV8hDacCz_21code_guardian_storageNtB3_20SqliteScanRepository3newRNtNtCsiKSG5X70Gj7_3std4path7PathBufECsgbYFqFx1Zs6_3cli
FNDA:259,_RNvMCs7nSxj2TE15N_21code_guardian_storageNtB2_20SqliteScanRepository13new_in_memory
FNDA:261,_RNvMCs7nSxj2TE15N_21code_guardian_storageNtB2_20SqliteScanRepository7init_db
FNDA:1,_RNvXs_Cs7nSxj2TE15N_21code_guardian_storageNtB4_20SqliteScanRepositoryNtB4_14ScanRepository11delete_scan
FNDA:2,_RNvXs_Cs7nSxj2TE15N_21code_guardian_storageNtB4_20SqliteScanRepositoryNtB4_14ScanRepository13get_all_scans
FNDA:258,_RNvXs_Cs7nSxj2TE15N_21code_guardian_storageNtB4_20SqliteScanRepositoryNtB4_14ScanRepository8get_scan
FNDA:261,_RNvXs_Cs7nSxj2TE15N_21code_guardian_storageNtB4_20SqliteScanRepositoryNtB4_14ScanRepository9save_scan
FNDA:2,_RINvMCs7nSxj2TE15N_21code_guardian_storageNtB3_20SqliteScanRepository3newRNtNtCsiKSG5X70Gj7_3std4path7PathBufEB3_
FNDA:3,_RNCNvXs_Cs7nSxj2TE15N_21code_guardian_storageNtB6_20SqliteScanRepositoryNtB6_14ScanRepository13get_all_scans0B6_
FNDA:257,_RNCNvXs_Cs7nSxj2TE15N_21code_guardian_storageNtB6_20SqliteScanRepositoryNtB6_14ScanRepository8get_scan0B6_
FNDA:1093,_RNCNvXs_Cs7nSxj2TE15N_21code_guardian_storageNtB6_20SqliteScanRepositoryNtB6_14ScanRepository8get_scans_0B6_
FNDA:1,_RNvNtCs7nSxj2TE15N_21code_guardian_storage5testss_16test_delete_scan
FNDA:1,_RNvNtCs7nSxj2TE15N_21code_guardian_storage5testss_18test_get_all_scans
FNDA:1,_RNvNtCs7nSxj2TE15N_21code_guardian_storage5testss_20test_file_based_repo
FNDA:1,_RNvNtCs7nSxj2TE15N_21code_guardian_storage5testss_22test_save_and_get_scan
FNDA:1,_RNvNtCs7nSxj2TE15N_21code_guardian_storage14proptest_tests9arb_match
FNDA:1092,_RNCNvNtCs7nSxj2TE15N_21code_guardian_storage14proptest_tests9arb_match0B5_
FNDA:14,_RINvMCslgdV8hDacCz_21code_guardian_storageNtB3_20SqliteScanRepository3newRNtNtCsiKSG5X70Gj7_3std4path7PathBufECs5xHA0DhfRKe_17code_guardian_cli
FNF:16
FNH:16
DA:41,259
DA:42,259
DA:43,259
DA:44,259
DA:45,259
DA:48,43
DA:49,43
DA:50,42
DA:51,42
DA:52,43
DA:55,301
DA:56,301
DA:57,301
DA:58,301
DA:62,290
DA:63,290
DA:64,290
DA:65,290
DA:66,290
DA:67,290
DA:68,290
DA:69,1519
DA:70,1229
DA:71,1229
DA:72,1229
DA:73,1229
DA:75,290
DA:76,290
DA:77,290
DA:79,272
DA:80,272
DA:81,272
DA:82,272
DA:83,272
DA:84,272
DA:86,270
DA:87,270
DA:88,270
DA:89,270
DA:91,270
DA:92,272
DA:93,272
DA:94,270
DA:95,270
DA:96,0
DA:97,1111
DA:99,1111
DA:100,1111
DA:101,1111
DA:102,1111
DA:103,1111
DA:105,1111
DA:106,1381
DA:107,1111
DA:109,270
DA:111,2
DA:113,272
DA:115,6
DA:116,6
DA:117,6
DA:118,6
DA:119,7
DA:121,7
DA:122,7
DA:123,7
DA:124,7
DA:126,7
DA:127,6
DA:128,13
DA:129,7
DA:131,6
DA:132,6
DA:134,1
DA:135,1
DA:136,1
DA:137,1
DA:138,1
DA:139,1
DA:140,1
DA:150,1
DA:151,1
DA:152,1
DA:153,1
DA:154,1
DA:155,1
DA:156,1
DA:157,1
DA:158,1
DA:159,1
DA:160,1
DA:161,1
DA:162,1
DA:163,1
DA:164,1
DA:165,1
DA:166,1
DA:167,1
DA:168,1
DA:169,1
DA:170,1
DA:171,1
DA:172,1
DA:175,1
DA:176,1
DA:177,1
DA:178,1
DA:179,1
DA:180,1
DA:181,1
DA:182,1
DA:183,1
DA:184,1
DA:185,1
DA:186,1
DA:187,1
DA:188,1
DA:189,1
DA:190,1
DA:191,1
DA:192,1
DA:193,1
DA:194,1
DA:196,1
DA:197,1
DA:198,1
DA:201,1
DA:202,1
DA:203,1
DA:204,1
DA:205,1
DA:206,1
DA:207,1
DA:208,1
DA:209,1
DA:210,1
DA:211,1
DA:212,1
DA:213,1
DA:214,1
DA:215,1
DA:216,1
DA:217,1
DA:218,1
DA:221,1
DA:222,1
DA:223,1
DA:224,1
DA:225,1
DA:226,1
DA:227,1
DA:228,1
DA:229,1
DA:230,1
DA:231,1
DA:232,1
DA:233,1
DA:235,1
DA:236,1
DA:237,1
DA:239,1
DA:248,1
DA:249,1
DA:250,1
DA:251,1
DA:252,1
DA:253,1
DA:254,1
DA:255,1
DA:256,1
DA:257,1092
DA:258,1092
DA:259,1092
DA:260,1092
DA:261,1092
DA:262,1092
DA:263,1
BRF:0
BRH:0
LF:181
LH:178
end_of_record