SF:/workspaces/code-guardian/crates/cli/src/advanced_handlers.rs
FN:199,_RNvNtCshoqIYLkrHeT_17code_guardian_cli17advanced_handlers18handle_distributed
FN:100,_RNvNtCshoqIYLkrHeT_17code_guardian_cli17advanced_handlers18handle_incremental
FN:7,_RNvNtCshoqIYLkrHeT_17code_guardian_cli17advanced_handlers23handle_custom_detectors
FN:280,_RNCNCNCNCNvNtCshoqIYLkrHeT_17code_guardian_cli17advanced_handlers18handle_distributed0000Bb_
FN:279,_RNCNCNCNvNtCshoqIYLkrHeT_17code_guardian_cli17advanced_handlers18handle_distributed000B9_
FN:278,_RNCNCNvNtCshoqIYLkrHeT_17code_guardian_cli17advanced_handlers18handle_distributed00B7_
FN:199,_RNCNvNtCshoqIYLkrHeT_17code_guardian_cli17advanced_handlers18handle_distributed0B5_
FN:166,_RNCNvNtCshoqIYLkrHeT_17code_guardian_cli17advanced_handlers18handle_incremental0B5_
FN:167,_RNCNvNtCshoqIYLkrHeT_17code_guardian_cli17advanced_handlers18handle_incrementals_0B5_
FN:280,_RNCNCNCNCNvNtCsgimKw6a9lVo_17code_guardian_cli17advanced_handlers18handle_distributed0000Bb_
FN:279,_RNCNCNCNvNtCsgimKw6a9lVo_17code_guardian_cli17advanced_handlers18handle_distributed000B9_
FN:278,_RNCNCNvNtCsgimKw6a9lVo_17code_guardian_cli17advanced_handlers18handle_distributed00B7_
FN:199,_RNCNvNtCsgimKw6a9lVo_17code_guardian_cli17advanced_handlers18handle_distributed0B5_
FN:166,_RNCNvNtCsgimKw6a9lVo_17code_guardian_cli17advanced_handlers18handle_incremental0B5_
FN:167,_RNCNvNtCsgimKw6a9lVo_17code_guardian_cli17advanced_handlers18handle_incrementals_0B5_
FN:199,_RNvNtCsgimKw6a9lVo_17code_guardian_cli17advanced_handlers18handle_distributed
FN:100,_RNvNtCsgimKw6a9lVo_17code_guardian_cli17advanced_handlers18handle_incremental
FN:7,_RNvNtCsgimKw6a9lVo_17code_guardian_cli17advanced_handlers23handle_custom_detectors
FN:280,_RNCNCNCNCNvNtCsgQs3o3Q9Pso_17code_guardian_cli17advanced_handlers18handle_distributed0000Bb_
FN:279,_RNCNCNCNvNtCsgQs3o3Q9Pso_17code_guardian_cli17advanced_handlers18handle_distributed000B9_
FN:278,_RNCNCNvNtCsgQs3o3Q9Pso_17code_guardian_cli17advanced_handlers18handle_distributed00B7_
FN:199,_RNCNvNtCsgQs3o3Q9Pso_17code_guardian_cli17advanced_handlers18handle_distributed0B5_
FN:166,_RNCNvNtCsgQs3o3Q9Pso_17code_guardian_cli17advanced_handlers18handle_incremental0B5_
FN:167,_RNCNvNtCsgQs3o3Q9Pso_17code_guardian_cli17advanced_handlers18handle_incrementals_0B5_
FN:199,_RNvNtCsgQs3o3Q9Pso_17code_guardian_cli17advanced_handlers18handle_distributed
FN:100,_RNvNtCsgQs3o3Q9Pso_17code_guardian_cli17advanced_handlers18handle_incremental
FN:7,_RNvNtCsgQs3o3Q9Pso_17code_guardian_cli17advanced_handlers23handle_custom_detectors
FN:166,_RNCNvNtCsfOw0rCTHWqY_17code_guardian_cli17advanced_handlers18handle_incremental0B5_
FN:167,_RNCNvNtCsfOw0rCTHWqY_17code_guardian_cli17advanced_handlers18handle_incrementals_0B5_
FNDA:2,_RNvNtCshoqIYLkrHeT_17code_guardian_cli17advanced_handlers18handle_distributed
FNDA:2,_RNvNtCshoqIYLkrHeT_17code_guardian_cli17advanced_handlers18handle_incremental
FNDA:5,_RNvNtCshoqIYLkrHeT_17code_guardian_cli17advanced_handlers23handle_custom_detectors
FNDA:2,_RNCNCNCNCNvNtCshoqIYLkrHeT_17code_guardian_cli17advanced_handlers18handle_distributed0000Bb_
FNDA:2,_RNCNCNCNvNtCshoqIYLkrHeT_17code_guardian_cli17advanced_handlers18handle_distributed000B9_
FNDA:2,_RNCNCNvNtCshoqIYLkrHeT_17code_guardian_cli17advanced_handlers18handle_distributed00B7_
FNDA:2,_RNCNvNtCshoqIYLkrHeT_17code_guardian_cli17advanced_handlers18handle_distributed0B5_
FNDA:0,_RNCNvNtCshoqIYLkrHeT_17code_guardian_cli17advanced_handlers18handle_incremental0B5_
FNDA:0,_RNCNvNtCshoqIYLkrHeT_17code_guardian_cli17advanced_handlers18handle_incrementals_0B5_
FNDA:0,_RNCNCNCNCNvNtCsgimKw6a9lVo_17code_guardian_cli17advanced_handlers18handle_distributed0000Bb_
FNDA:0,_RNCNCNCNvNtCsgimKw6a9lVo_17code_guardian_cli17advanced_handlers18handle_distributed000B9_
FNDA:0,_RNCNCNvNtCsgimKw6a9lVo_17code_guardian_cli17advanced_handlers18handle_distributed00B7_
FNDA:0,_RNCNvNtCsgimKw6a9lVo_17code_guardian_cli17advanced_handlers18handle_distributed0B5_
FNDA:0,_RNCNvNtCsgimKw6a9lVo_17code_guardian_cli17advanced_handlers18handle_incremental0B5_
FNDA:0,_RNCNvNtCsgimKw6a9lVo_17code_guardian_cli17advanced_handlers18handle_incrementals_0B5_
FNDA:0,_RNvNtCsgimKw6a9lVo_17code_guardian_cli17advanced_handlers18handle_distributed
FNDA:0,_RNvNtCsgimKw6a9lVo_17code_guardian_cli17advanced_handlers18handle_incremental
FNDA:0,_RNvNtCsgimKw6a9lVo_17code_guardian_cli17advanced_handlers23handle_custom_detectors
FNDA:0,_RNCNCNCNCNvNtCsgQs3o3Q9Pso_17code_guardian_cli17advanced_handlers18handle_distributed0000Bb_
FNDA:0,_RNCNCNCNvNtCsgQs3o3Q9Pso_17code_guardian_cli17advanced_handlers18handle_distributed000B9_
FNDA:0,_RNCNCNvNtCsgQs3o3Q9Pso_17code_guardian_cli17advanced_handlers18handle_distributed00B7_
FNDA:0,_RNCNvNtCsgQs3o3Q9Pso_17code_guardian_cli17advanced_handlers18handle_distributed0B5_
FNDA:0,_RNCNvNtCsgQs3o3Q9Pso_17code_guardian_cli17advanced_handlers18handle_incremental0B5_
FNDA:0,_RNCNvNtCsgQs3o3Q9Pso_17code_guardian_cli17advanced_handlers18handle_incrementals_0B5_
FNDA:0,_RNvNtCsgQs3o3Q9Pso_17code_guardian_cli17advanced_handlers18handle_distributed
FNDA:0,_RNvNtCsgQs3o3Q9Pso_17code_guardian_cli17advanced_handlers18handle_incremental
FNDA:0,_RNvNtCsgQs3o3Q9Pso_17code_guardian_cli17advanced_handlers23handle_custom_detectors
FNDA:0,_RNCNvNtCsfOw0rCTHWqY_17code_guardian_cli17advanced_handlers18handle_incremental0B5_
FNDA:0,_RNCNvNtCsfOw0rCTHWqY_17code_guardian_cli17advanced_handlers18handle_incrementals_0B5_
FNF:9
FNH:7
DA:7,5
DA:8,5
DA:10,0
DA:11,0
DA:13,0
DA:14,0
DA:15,0
DA:16,0
DA:18,0
DA:19,0
DA:20,0
DA:21,0
DA:22,0
DA:23,0
DA:24,0
DA:25,0
DA:26,0
DA:27,0
DA:31,3
DA:32,3
DA:33,3
DA:34,3
DA:35,3
DA:36,3
DA:37,3
DA:41,1
DA:42,1
DA:43,1
DA:45,1
DA:46,1
DA:47,1
DA:48,1
DA:49,1
DA:52,4
DA:53,3
DA:54,3
DA:56,3
DA:57,3
DA:59,0
DA:66,1
DA:67,1
DA:69,1
DA:70,1
DA:72,1
DA:73,1
DA:75,1
DA:77,1
DA:78,4
DA:79,3
DA:80,3
DA:81,0
DA:82,0
DA:83,0
DA:84,0
DA:85,0
DA:86,3
DA:89,1
DA:90,1
DA:91,1
DA:92,0
DA:93,0
DA:97,5
DA:98,5
DA:100,2
DA:101,2
DA:103,2
DA:105,1
DA:106,1
DA:107,1
DA:108,1
DA:109,0
DA:112,0
DA:113,0
DA:114,0
DA:115,0
DA:116,0
DA:120,0
DA:121,0
DA:122,0
DA:124,0
DA:125,0
DA:127,0
DA:128,0
DA:129,0
DA:130,0
DA:131,0
DA:132,0
DA:133,0
DA:134,0
DA:138,1
DA:139,0
DA:140,0
DA:141,0
DA:142,1
DA:143,1
DA:144,1
DA:148,0
DA:149,0
DA:150,0
DA:151,0
DA:153,0
DA:154,0
DA:156,0
DA:157,0
DA:158,0
DA:160,0
DA:161,0
DA:162,0
DA:164,0
DA:165,0
DA:166,0
DA:167,0
DA:169,0
DA:170,0
DA:171,0
DA:180,0
DA:181,0
DA:182,0
DA:184,0
DA:185,0
DA:186,0
DA:187,0
DA:188,0
DA:189,0
DA:190,0
DA:191,0
DA:192,0
DA:196,1
DA:197,2
DA:199,2
DA:200,2
DA:201,1
DA:202,1
DA:203,1
DA:207,1
DA:209,2
DA:210,2
DA:211,2
DA:212,2
DA:213,2
DA:214,2
DA:215,2
DA:216,2
DA:217,2
DA:218,2
DA:219,2
DA:220,2
DA:221,2
DA:222,2
DA:223,2
DA:224,2
DA:225,2
DA:227,1
DA:228,1
DA:229,1
DA:230,1
DA:231,1
DA:232,1
DA:235,1
DA:236,1
DA:237,1
DA:243,1
DA:244,1
DA:245,1
DA:247,1
DA:248,1
DA:250,1
DA:253,2
DA:254,2
DA:255,2
DA:256,2
DA:257,2
DA:258,2
DA:259,2
DA:260,2
DA:261,2
DA:262,2
DA:263,2
DA:266,1
DA:267,1
DA:268,1
DA:270,1
DA:271,1
DA:272,1
DA:276,1
DA:277,1
DA:278,2
DA:279,2
DA:280,2
DA:281,1
DA:283,1
DA:285,2
DA:286,2
DA:287,1
DA:289,1
DA:290,1
DA:292,1
DA:294,1
DA:295,1
DA:296,1
DA:297,1
DA:298,1
DA:301,1
DA:302,1
DA:303,1
DA:304,1
DA:305,1
DA:306,1
DA:307,1
DA:308,1
DA:309,1
DA:310,1
DA:311,1
DA:313,1
DA:314,0
DA:315,1
DA:316,0
DA:320,2
DA:321,2
BRF:0
BRH:0
LF:225
LH:144
end_of_record
SF:/workspaces/code-guardian/crates/cli/src/benchmark.rs
FN:214,_RNCNvNtCshoqIYLkrHeT_17code_guardian_cli9benchmark24run_performance_analysis0B5_
FN:271,_RNvNtCshoqIYLkrHeT_17code_guardian_cli9benchmark21save_benchmark_report
FN:157,_RNvNtCshoqIYLkrHeT_17code_guardian_cli9benchmark24run_all_benchmark_suites
FN:208,_RNvNtCshoqIYLkrHeT_17code_guardian_cli9benchmark24run_performance_analysis
FN:234,_RNvNtCshoqIYLkrHeT_17code_guardian_cli9benchmark25generate_benchmark_report
FN:295,_RNvNtCshoqIYLkrHeT_17code_guardian_cli9benchmark25save_performance_analysis
FN:126,_RNvNtCshoqIYLkrHeT_17code_guardian_cli9benchmark27run_comprehensive_benchmark
FN:10,_RNvNtCshoqIYLkrHeT_17code_guardian_cli9benchmark13run_benchmark
FN:314,_RNvNtCshoqIYLkrHeT_17code_guardian_cli9benchmark22quick_performance_test
FN:63,_RNCNvNtCshoqIYLkrHeT_17code_guardian_cli9benchmark13run_benchmark0B5_
FN:63,_RNCNvNtCsgimKw6a9lVo_17code_guardian_cli9benchmark13run_benchmark0B5_
FN:214,_RNCNvNtCsgimKw6a9lVo_17code_guardian_cli9benchmark24run_performance_analysis0B5_
FN:10,_RNvNtCsgimKw6a9lVo_17code_guardian_cli9benchmark13run_benchmark
FN:271,_RNvNtCsgimKw6a9lVo_17code_guardian_cli9benchmark21save_benchmark_report
FN:314,_RNvNtCsgimKw6a9lVo_17code_guardian_cli9benchmark22quick_performance_test
FN:157,_RNvNtCsgimKw6a9lVo_17code_guardian_cli9benchmark24run_all_benchmark_suites
FN:208,_RNvNtCsgimKw6a9lVo_17code_guardian_cli9benchmark24run_performance_analysis
FN:234,_RNvNtCsgimKw6a9lVo_17code_guardian_cli9benchmark25generate_benchmark_report
FN:295,_RNvNtCsgimKw6a9lVo_17code_guardian_cli9benchmark25save_performance_analysis
FN:126,_RNvNtCsgimKw6a9lVo_17code_guardian_cli9benchmark27run_comprehensive_benchmark
FN:63,_RNCNvNtCsgQs3o3Q9Pso_17code_guardian_cli9benchmark13run_benchmark0B5_
FN:214,_RNCNvNtCsgQs3o3Q9Pso_17code_guardian_cli9benchmark24run_performance_analysis0B5_
FN:10,_RNvNtCsgQs3o3Q9Pso_17code_guardian_cli9benchmark13run_benchmark
FN:271,_RNvNtCsgQs3o3Q9Pso_17code_guardian_cli9benchmark21save_benchmark_report
FN:314,_RNvNtCsgQs3o3Q9Pso_17code_guardian_cli9benchmark22quick_performance_test
FN:157,_RNvNtCsgQs3o3Q9Pso_17code_guardian_cli9benchmark24run_all_benchmark_suites
FN:208,_RNvNtCsgQs3o3Q9Pso_17code_guardian_cli9benchmark24run_performance_analysis
FN:234,_RNvNtCsgQs3o3Q9Pso_17code_guardian_cli9benchmark25generate_benchmark_report
FN:295,_RNvNtCsgQs3o3Q9Pso_17code_guardian_cli9benchmark25save_performance_analysis
FN:126,_RNvNtCsgQs3o3Q9Pso_17code_guardian_cli9benchmark27run_comprehensive_benchmark
FN:63,_RNCNvNtCsfOw0rCTHWqY_17code_guardian_cli9benchmark13run_benchmark0B5_
FN:214,_RNCNvNtCsfOw0rCTHWqY_17code_guardian_cli9benchmark24run_performance_analysis0B5_
FN:10,_RNvNtCsfOw0rCTHWqY_17code_guardian_cli9benchmark13run_benchmark
FN:271,_RNvNtCsfOw0rCTHWqY_17code_guardian_cli9benchmark21save_benchmark_report
FN:314,_RNvNtCsfOw0rCTHWqY_17code_guardian_cli9benchmark22quick_performance_test
FN:157,_RNvNtCsfOw0rCTHWqY_17code_guardian_cli9benchmark24run_all_benchmark_suites
FN:208,_RNvNtCsfOw0rCTHWqY_17code_guardian_cli9benchmark24run_performance_analysis
FN:234,_RNvNtCsfOw0rCTHWqY_17code_guardian_cli9benchmark25generate_benchmark_report
FN:295,_RNvNtCsfOw0rCTHWqY_17code_guardian_cli9benchmark25save_performance_analysis
FN:126,_RNvNtCsfOw0rCTHWqY_17code_guardian_cli9benchmark27run_comprehensive_benchmark
FNDA:0,_RNCNvNtCshoqIYLkrHeT_17code_guardian_cli9benchmark24run_performance_analysis0B5_
FNDA:0,_RNvNtCshoqIYLkrHeT_17code_guardian_cli9benchmark21save_benchmark_report
FNDA:0,_RNvNtCshoqIYLkrHeT_17code_guardian_cli9benchmark24run_all_benchmark_suites
FNDA:0,_RNvNtCshoqIYLkrHeT_17code_guardian_cli9benchmark24run_performance_analysis
FNDA:0,_RNvNtCshoqIYLkrHeT_17code_guardian_cli9benchmark25generate_benchmark_report
FNDA:0,_RNvNtCshoqIYLkrHeT_17code_guardian_cli9benchmark25save_performance_analysis
FNDA:0,_RNvNtCshoqIYLkrHeT_17code_guardian_cli9benchmark27run_comprehensive_benchmark
FNDA:0,_RNvNtCshoqIYLkrHeT_17code_guardian_cli9benchmark13run_benchmark
FNDA:1,_RNvNtCshoqIYLkrHeT_17code_guardian_cli9benchmark22quick_performance_test
FNDA:0,_RNCNvNtCshoqIYLkrHeT_17code_guardian_cli9benchmark13run_benchmark0B5_
FNDA:0,_RNCNvNtCsgimKw6a9lVo_17code_guardian_cli9benchmark13run_benchmark0B5_
FNDA:0,_RNCNvNtCsgimKw6a9lVo_17code_guardian_cli9benchmark24run_performance_analysis0B5_
FNDA:0,_RNvNtCsgimKw6a9lVo_17code_guardian_cli9benchmark13run_benchmark
FNDA:0,_RNvNtCsgimKw6a9lVo_17code_guardian_cli9benchmark21save_benchmark_report
FNDA:0,_RNvNtCsgimKw6a9lVo_17code_guardian_cli9benchmark22quick_performance_test
FNDA:0,_RNvNtCsgimKw6a9lVo_17code_guardian_cli9benchmark24run_all_benchmark_suites
FNDA:0,_RNvNtCsgimKw6a9lVo_17code_guardian_cli9benchmark24run_performance_analysis
FNDA:0,_RNvNtCsgimKw6a9lVo_17code_guardian_cli9benchmark25generate_benchmark_report
FNDA:0,_RNvNtCsgimKw6a9lVo_17code_guardian_cli9benchmark25save_performance_analysis
FNDA:0,_RNvNtCsgimKw6a9lVo_17code_guardian_cli9benchmark27run_comprehensive_benchmark
FNDA:0,_RNCNvNtCsgQs3o3Q9Pso_17code_guardian_cli9benchmark13run_benchmark0B5_
FNDA:0,_RNCNvNtCsgQs3o3Q9Pso_17code_guardian_cli9benchmark24run_performance_analysis0B5_
FNDA:0,_RNvNtCsgQs3o3Q9Pso_17code_guardian_cli9benchmark13run_benchmark
FNDA:0,_RNvNtCsgQs3o3Q9Pso_17code_guardian_cli9benchmark21save_benchmark_report
FNDA:0,_RNvNtCsgQs3o3Q9Pso_17code_guardian_cli9benchmark22quick_performance_test
FNDA:0,_RNvNtCsgQs3o3Q9Pso_17code_guardian_cli9benchmark24run_all_benchmark_suites
FNDA:0,_RNvNtCsgQs3o3Q9Pso_17code_guardian_cli9benchmark24run_performance_analysis
FNDA:0,_RNvNtCsgQs3o3Q9Pso_17code_guardian_cli9benchmark25generate_benchmark_report
FNDA:0,_RNvNtCsgQs3o3Q9Pso_17code_guardian_cli9benchmark25save_performance_analysis
FNDA:0,_RNvNtCsgQs3o3Q9Pso_17code_guardian_cli9benchmark27run_comprehensive_benchmark
FNDA:0,_RNCNvNtCsfOw0rCTHWqY_17code_guardian_cli9benchmark13run_benchmark0B5_
FNDA:0,_RNCNvNtCsfOw0rCTHWqY_17code_guardian_cli9benchmark24run_performance_analysis0B5_
FNDA:1,_RNvNtCsfOw0rCTHWqY_17code_guardian_cli9benchmark13run_benchmark
FNDA:0,_RNvNtCsfOw0rCTHWqY_17code_guardian_cli9benchmark21save_benchmark_report
FNDA:0,_RNvNtCsfOw0rCTHWqY_17code_guardian_cli9benchmark22quick_performance_test
FNDA:0,_RNvNtCsfOw0rCTHWqY_17code_guardian_cli9benchmark24run_all_benchmark_suites
FNDA:0,_RNvNtCsfOw0rCTHWqY_17code_guardian_cli9benchmark24run_performance_analysis
FNDA:0,_RNvNtCsfOw0rCTHWqY_17code_guardian_cli9benchmark25generate_benchmark_report
FNDA:0,_RNvNtCsfOw0rCTHWqY_17code_guardian_cli9benchmark25save_performance_analysis
FNDA:0,_RNvNtCsfOw0rCTHWqY_17code_guardian_cli9benchmark27run_comprehensive_benchmark
FNF:10
FNH:2
DA:10,1
DA:11,1
DA:12,1
DA:14,1
DA:15,1
DA:18,1
DA:19,1
DA:20,1
DA:21,1
DA:22,1
DA:23,1
DA:24,1
DA:25,1
DA:28,1
DA:29,1
DA:30,1
DA:31,1
DA:32,1
DA:33,1
DA:34,1
DA:35,1
DA:38,1
DA:39,1
DA:40,1
DA:41,1
DA:42,1
DA:43,1
DA:44,1
DA:45,1
DA:46,1
DA:47,1
DA:50,1
DA:51,1
DA:54,1
DA:55,1
DA:56,1
DA:59,1
DA:60,1
DA:61,1
DA:62,1
DA:63,1
DA:64,0
DA:65,0
DA:66,1
DA:67,0
DA:68,0
DA:69,0
DA:70,0
DA:71,0
DA:74,0
DA:75,0
DA:78,0
DA:81,0
DA:82,0
DA:84,0
DA:85,0
DA:86,0
DA:87,0
DA:88,0
DA:89,0
DA:90,0
DA:91,0
DA:93,0
DA:94,0
DA:95,0
DA:96,0
DA:97,0
DA:98,0
DA:100,0
DA:101,0
DA:102,0
DA:103,0
DA:104,0
DA:105,0
DA:107,0
DA:108,0
DA:109,0
DA:110,0
DA:111,0
DA:112,0
DA:113,0
DA:114,0
DA:115,0
DA:116,0
DA:118,0
DA:119,0
DA:121,0
DA:122,1
DA:126,0
DA:127,0
DA:128,0
DA:130,0
DA:131,0
DA:132,0
DA:133,0
DA:134,0
DA:135,0
DA:137,0
DA:138,0
DA:141,0
DA:142,0
DA:143,0
DA:147,0
DA:150,0
DA:152,0
DA:153,0
DA:157,0
DA:158,0
DA:159,0
DA:161,0
DA:162,0
DA:163,0
DA:164,0
DA:165,0
DA:166,0
DA:167,0
DA:168,0
DA:171,0
DA:172,0
DA:173,0
DA:175,0
DA:176,0
DA:177,0
DA:179,0
DA:180,0
DA:181,0
DA:185,0
DA:186,0
DA:187,0
DA:188,0
DA:189,0
DA:190,0
DA:192,0
DA:193,0
DA:195,0
DA:196,0
DA:197,0
DA:198,0
DA:199,0
DA:200,0
DA:201,0
DA:203,0
DA:204,0
DA:208,0
DA:209,0
DA:210,0
DA:212,0
DA:214,0
DA:216,0
DA:217,0
DA:218,0
DA:219,0
DA:220,0
DA:223,0
DA:224,0
DA:227,0
DA:229,0
DA:230,0
DA:234,0
DA:235,0
DA:236,0
DA:238,0
DA:239,0
DA:240,0
DA:244,0
DA:245,0
DA:246,0
DA:247,0
DA:248,0
DA:249,0
DA:250,0
DA:251,0
DA:252,0
DA:253,0
DA:254,0
DA:256,0
DA:257,0
DA:258,0
DA:259,0
DA:260,0
DA:261,0
DA:264,0
DA:266,0
DA:267,0
DA:271,0
DA:275,0
DA:276,0
DA:277,0
DA:278,0
DA:282,0
DA:283,0
DA:285,0
DA:286,0
DA:287,0
DA:289,0
DA:290,0
DA:291,0
DA:295,0
DA:299,0
DA:300,0
DA:302,0
DA:303,0
DA:305,0
DA:306,0
DA:307,0
DA:309,0
DA:310,0
DA:311,0
DA:314,1
DA:315,1
DA:316,1
DA:318,1
DA:319,1
DA:320,1
DA:321,1
DA:323,1
DA:324,1
DA:325,1
DA:326,1
DA:327,1
DA:328,1
DA:329,1
DA:330,1
DA:332,1
DA:333,1
DA:334,1
DA:337,1
DA:338,0
DA:339,0
DA:340,0
DA:341,1
DA:343,1
DA:344,1
BRF:0
BRH:0
LF:237
LH:65
end_of_record
SF:/workspaces/code-guardian/crates/cli/src/command_handlers.rs
FN:78,_RNvNtCshoqIYLkrHeT_17code_guardian_cli16command_handlers10handle_git
FN:15,_RNvNtCshoqIYLkrHeT_17code_guardian_cli16command_handlers14handle_history
FN:48,_RNvNtCshoqIYLkrHeT_17code_guardian_cli16command_handlers16handle_benchmark
FN:40,_RNvNtCshoqIYLkrHeT_17code_guardian_cli16command_handlers17handle_completion
FN:68,_RNCNvNtCshoqIYLkrHeT_17code_guardian_cli16command_handlers27handle_performance_analysis0B5_
FN:61,_RNCNvNtCshoqIYLkrHeT_17code_guardian_cli16command_handlers30handle_comprehensive_benchmark0B5_
FN:67,_RNvNtCshoqIYLkrHeT_17code_guardian_cli16command_handlers27handle_performance_analysis
FN:60,_RNvNtCshoqIYLkrHeT_17code_guardian_cli16command_handlers30handle_comprehensive_benchmark
FN:49,_RNCNvNtCshoqIYLkrHeT_17code_guardian_cli16command_handlers16handle_benchmark0B5_
FN:49,_RNCNvNtCsgimKw6a9lVo_17code_guardian_cli16command_handlers16handle_benchmark0B5_
FN:68,_RNCNvNtCsgimKw6a9lVo_17code_guardian_cli16command_handlers27handle_performance_analysis0B5_
FN:61,_RNCNvNtCsgimKw6a9lVo_17code_guardian_cli16command_handlers30handle_comprehensive_benchmark0B5_
FN:78,_RNvNtCsgimKw6a9lVo_17code_guardian_cli16command_handlers10handle_git
FN:15,_RNvNtCsgimKw6a9lVo_17code_guardian_cli16command_handlers14handle_history
FN:48,_RNvNtCsgimKw6a9lVo_17code_guardian_cli16command_handlers16handle_benchmark
FN:40,_RNvNtCsgimKw6a9lVo_17code_guardian_cli16command_handlers17handle_completion
FN:67,_RNvNtCsgimKw6a9lVo_17code_guardian_cli16command_handlers27handle_performance_analysis
FN:60,_RNvNtCsgimKw6a9lVo_17code_guardian_cli16command_handlers30handle_comprehensive_benchmark
FN:49,_RNCNvNtCsgQs3o3Q9Pso_17code_guardian_cli16command_handlers16handle_benchmark0B5_
FN:68,_RNCNvNtCsgQs3o3Q9Pso_17code_guardian_cli16command_handlers27handle_performance_analysis0B5_
FN:61,_RNCNvNtCsgQs3o3Q9Pso_17code_guardian_cli16command_handlers30handle_comprehensive_benchmark0B5_
FN:78,_RNvNtCsgQs3o3Q9Pso_17code_guardian_cli16command_handlers10handle_git
FN:15,_RNvNtCsgQs3o3Q9Pso_17code_guardian_cli16command_handlers14handle_history
FN:48,_RNvNtCsgQs3o3Q9Pso_17code_guardian_cli16command_handlers16handle_benchmark
FN:40,_RNvNtCsgQs3o3Q9Pso_17code_guardian_cli16command_handlers17handle_completion
FN:67,_RNvNtCsgQs3o3Q9Pso_17code_guardian_cli16command_handlers27handle_performance_analysis
FN:60,_RNvNtCsgQs3o3Q9Pso_17code_guardian_cli16command_handlers30handle_comprehensive_benchmark
FN:49,_RNCNvNtCsfOw0rCTHWqY_17code_guardian_cli16command_handlers16handle_benchmark0B5_
FN:68,_RNCNvNtCsfOw0rCTHWqY_17code_guardian_cli16command_handlers27handle_performance_analysis0B5_
FN:61,_RNCNvNtCsfOw0rCTHWqY_17code_guardian_cli16command_handlers30handle_comprehensive_benchmark0B5_
FN:78,_RNvNtCsfOw0rCTHWqY_17code_guardian_cli16command_handlers10handle_git
FN:15,_RNvNtCsfOw0rCTHWqY_17code_guardian_cli16command_handlers14handle_history
FN:48,_RNvNtCsfOw0rCTHWqY_17code_guardian_cli16command_handlers16handle_benchmark
FN:40,_RNvNtCsfOw0rCTHWqY_17code_guardian_cli16command_handlers17handle_completion
FN:67,_RNvNtCsfOw0rCTHWqY_17code_guardian_cli16command_handlers27handle_performance_analysis
FN:60,_RNvNtCsfOw0rCTHWqY_17code_guardian_cli16command_handlers30handle_comprehensive_benchmark
FNDA:0,_RNvNtCshoqIYLkrHeT_17code_guardian_cli16command_handlers10handle_git
FNDA:1,_RNvNtCshoqIYLkrHeT_17code_guardian_cli16command_handlers14handle_history
FNDA:1,_RNvNtCshoqIYLkrHeT_17code_guardian_cli16command_handlers16handle_benchmark
FNDA:1,_RNvNtCshoqIYLkrHeT_17code_guardian_cli16command_handlers17handle_completion
FNDA:0,_RNCNvNtCshoqIYLkrHeT_17code_guardian_cli16command_handlers27handle_performance_analysis0B5_
FNDA:0,_RNCNvNtCshoqIYLkrHeT_17code_guardian_cli16command_handlers30handle_comprehensive_benchmark0B5_
FNDA:0,_RNvNtCshoqIYLkrHeT_17code_guardian_cli16command_handlers27handle_performance_analysis
FNDA:0,_RNvNtCshoqIYLkrHeT_17code_guardian_cli16command_handlers30handle_comprehensive_benchmark
FNDA:0,_RNCNvNtCshoqIYLkrHeT_17code_guardian_cli16command_handlers16handle_benchmark0B5_
FNDA:0,_RNCNvNtCsgimKw6a9lVo_17code_guardian_cli16command_handlers16handle_benchmark0B5_
FNDA:0,_RNCNvNtCsgimKw6a9lVo_17code_guardian_cli16command_handlers27handle_performance_analysis0B5_
FNDA:0,_RNCNvNtCsgimKw6a9lVo_17code_guardian_cli16command_handlers30handle_comprehensive_benchmark0B5_
FNDA:0,_RNvNtCsgimKw6a9lVo_17code_guardian_cli16command_handlers10handle_git
FNDA:0,_RNvNtCsgimKw6a9lVo_17code_guardian_cli16command_handlers14handle_history
FNDA:0,_RNvNtCsgimKw6a9lVo_17code_guardian_cli16command_handlers16handle_benchmark
FNDA:0,_RNvNtCsgimKw6a9lVo_17code_guardian_cli16command_handlers17handle_completion
FNDA:0,_RNvNtCsgimKw6a9lVo_17code_guardian_cli16command_handlers27handle_performance_analysis
FNDA:0,_RNvNtCsgimKw6a9lVo_17code_guardian_cli16command_handlers30handle_comprehensive_benchmark
FNDA:0,_RNCNvNtCsgQs3o3Q9Pso_17code_guardian_cli16command_handlers16handle_benchmark0B5_
FNDA:0,_RNCNvNtCsgQs3o3Q9Pso_17code_guardian_cli16command_handlers27handle_performance_analysis0B5_
FNDA:0,_RNCNvNtCsgQs3o3Q9Pso_17code_guardian_cli16command_handlers30handle_comprehensive_benchmark0B5_
FNDA:0,_RNvNtCsgQs3o3Q9Pso_17code_guardian_cli16command_handlers10handle_git
FNDA:0,_RNvNtCsgQs3o3Q9Pso_17code_guardian_cli16command_handlers14handle_history
FNDA:0,_RNvNtCsgQs3o3Q9Pso_17code_guardian_cli16command_handlers16handle_benchmark
FNDA:0,_RNvNtCsgQs3o3Q9Pso_17code_guardian_cli16command_handlers17handle_completion
FNDA:0,_RNvNtCsgQs3o3Q9Pso_17code_guardian_cli16command_handlers27handle_performance_analysis
FNDA:0,_RNvNtCsgQs3o3Q9Pso_17code_guardian_cli16command_handlers30handle_comprehensive_benchmark
FNDA:0,_RNCNvNtCsfOw0rCTHWqY_17code_guardian_cli16command_handlers16handle_benchmark0B5_
FNDA:0,_RNCNvNtCsfOw0rCTHWqY_17code_guardian_cli16command_handlers27handle_performance_analysis0B5_
FNDA:0,_RNCNvNtCsfOw0rCTHWqY_17code_guardian_cli16command_handlers30handle_comprehensive_benchmark0B5_
FNDA:0,_RNvNtCsfOw0rCTHWqY_17code_guardian_cli16command_handlers10handle_git
FNDA:1,_RNvNtCsfOw0rCTHWqY_17code_guardian_cli16command_handlers14handle_history
FNDA:1,_RNvNtCsfOw0rCTHWqY_17code_guardian_cli16command_handlers16handle_benchmark
FNDA:0,_RNvNtCsfOw0rCTHWqY_17code_guardian_cli16command_handlers17handle_completion
FNDA:0,_RNvNtCsfOw0rCTHWqY_17code_guardian_cli16command_handlers27handle_performance_analysis
FNDA:0,_RNvNtCsfOw0rCTHWqY_17code_guardian_cli16command_handlers30handle_comprehensive_benchmark
FNF:9
FNH:3
DA:15,2
DA:16,2
DA:17,2
DA:18,1
DA:20,1
DA:21,0
DA:22,0
DA:23,1
DA:25,1
DA:26,2
DA:27,1
DA:28,1
DA:29,1
DA:30,1
DA:31,1
DA:32,1
DA:33,1
DA:34,1
DA:35,1
DA:36,1
DA:37,2
DA:40,1
DA:41,1
DA:42,1
DA:43,1
DA:44,1
DA:45,1
DA:48,2
DA:49,2
DA:51,2
DA:52,1
DA:54,1
DA:56,2
DA:60,0
DA:61,0
DA:62,0
DA:63,0
DA:67,0
DA:68,0
DA:69,0
DA:70,0
DA:78,0
DA:79,0
DA:80,0
DA:81,0
DA:83,0
DA:84,0
DA:85,0
DA:86,0
DA:88,0
DA:89,0
DA:91,0
DA:92,0
DA:93,0
DA:95,0
DA:96,0
DA:98,0
DA:99,0
DA:100,0
DA:101,0
DA:103,0
DA:104,0
DA:105,0
DA:107,0
DA:108,0
DA:110,0
DA:111,0
DA:112,0
DA:113,0
DA:115,0
DA:116,0
DA:118,0
DA:119,0
DA:120,0
DA:121,0
DA:122,0
DA:123,0
DA:124,0
DA:126,0
DA:129,0
BRF:0
BRH:0
LF:83
LH:30
end_of_record
SF:/workspaces/code-guardian/crates/cli/src/comparison_handlers.rs
FN:25,_RNvNtCshoqIYLkrHeT_17code_guardian_cli19comparison_handlers13compare_scans
FN:9,_RNvNtCshoqIYLkrHeT_17code_guardian_cli19comparison_handlers14handle_compare
FN:31,_RNCNvNtCshoqIYLkrHeT_17code_guardian_cli19comparison_handlers13compare_scans0B5_
FN:36,_RNCNvNtCshoqIYLkrHeT_17code_guardian_cli19comparison_handlers13compare_scanss_0B5_
FN:31,_RNCNvNtCsgimKw6a9lVo_17code_guardian_cli19comparison_handlers13compare_scans0B5_
FN:36,_RNCNvNtCsgimKw6a9lVo_17code_guardian_cli19comparison_handlers13compare_scanss_0B5_
FN:25,_RNvNtCsgimKw6a9lVo_17code_guardian_cli19comparison_handlers13compare_scans
FN:9,_RNvNtCsgimKw6a9lVo_17code_guardian_cli19comparison_handlers14handle_compare
FN:31,_RNCNvNtCsgQs3o3Q9Pso_17code_guardian_cli19comparison_handlers13compare_scans0B5_
FN:36,_RNCNvNtCsgQs3o3Q9Pso_17code_guardian_cli19comparison_handlers13compare_scanss_0B5_
FN:25,_RNvNtCsgQs3o3Q9Pso_17code_guardian_cli19comparison_handlers13compare_scans
FN:9,_RNvNtCsgQs3o3Q9Pso_17code_guardian_cli19comparison_handlers14handle_compare
FN:31,_RNCNvNtCsfOw0rCTHWqY_17code_guardian_cli19comparison_handlers13compare_scans0B5_
FN:36,_RNCNvNtCsfOw0rCTHWqY_17code_guardian_cli19comparison_handlers13compare_scanss_0B5_
FNDA:2,_RNvNtCshoqIYLkrHeT_17code_guardian_cli19comparison_handlers13compare_scans
FNDA:2,_RNvNtCshoqIYLkrHeT_17code_guardian_cli19comparison_handlers14handle_compare
FNDA:2,_RNCNvNtCshoqIYLkrHeT_17code_guardian_cli19comparison_handlers13compare_scans0B5_
FNDA:4,_RNCNvNtCshoqIYLkrHeT_17code_guardian_cli19comparison_handlers13compare_scanss_0B5_
FNDA:0,_RNCNvNtCsgimKw6a9lVo_17code_guardian_cli19comparison_handlers13compare_scans0B5_
FNDA:0,_RNCNvNtCsgimKw6a9lVo_17code_guardian_cli19comparison_handlers13compare_scanss_0B5_
FNDA:0,_RNvNtCsgimKw6a9lVo_17code_guardian_cli19comparison_handlers13compare_scans
FNDA:0,_RNvNtCsgimKw6a9lVo_17code_guardian_cli19comparison_handlers14handle_compare
FNDA:0,_RNCNvNtCsgQs3o3Q9Pso_17code_guardian_cli19comparison_handlers13compare_scans0B5_
FNDA:0,_RNCNvNtCsgQs3o3Q9Pso_17code_guardian_cli19comparison_handlers13compare_scanss_0B5_
FNDA:0,_RNvNtCsgQs3o3Q9Pso_17code_guardian_cli19comparison_handlers13compare_scans
FNDA:0,_RNvNtCsgQs3o3Q9Pso_17code_guardian_cli19comparison_handlers14handle_compare
FNDA:0,_RNCNvNtCsfOw0rCTHWqY_17code_guardian_cli19comparison_handlers13compare_scans0B5_
FNDA:0,_RNCNvNtCsfOw0rCTHWqY_17code_guardian_cli19comparison_handlers13compare_scanss_0B5_
FNF:4
FNH:4
DA:9,2
DA:10,2
DA:11,2
DA:12,2
DA:13,2
DA:14,2
DA:15,2
DA:16,2
DA:17,2
DA:18,2
DA:19,2
DA:20,0
DA:22,2
DA:23,2
DA:25,2
DA:28,2
DA:29,2
DA:30,2
DA:31,2
DA:32,2
DA:33,2
DA:34,2
DA:35,2
DA:36,4
DA:37,2
DA:38,2
DA:39,2
BRF:0
BRH:0
LF:29
LH:28
end_of_record
SF:/workspaces/code-guardian/crates/cli/src/git_integration.rs
FN:182,_RNCNvNtCshoqIYLkrHeT_17code_guardian_cli15git_integration14parse_git_diff0B5_
FN:60,_RNvMNtCshoqIYLkrHeT_17code_guardian_cli15git_integrationNtB2_14GitIntegration16get_staged_lines
FN:159,_RNvNtCshoqIYLkrHeT_17code_guardian_cli15git_integration14parse_git_diff
FN:54,_RNCNvMNtCshoqIYLkrHeT_17code_guardian_cli15git_integrationNtB4_14GitIntegration11is_git_repo0B6_
FN:24,_RNCNvMNtCshoqIYLkrHeT_17code_guardian_cli15git_integrationNtB4_14GitIntegration16get_staged_files0B6_
FN:26,_RNCNvMNtCshoqIYLkrHeT_17code_guardian_cli15git_integrationNtB4_14GitIntegration16get_staged_filess0_0B6_
FN:25,_RNCNvMNtCshoqIYLkrHeT_17code_guardian_cli15git_integrationNtB4_14GitIntegration16get_staged_filess_0B6_
FN:49,_RNvMNtCshoqIYLkrHeT_17code_guardian_cli15git_integrationNtB2_14GitIntegration11is_git_repo
FN:33,_RNvMNtCshoqIYLkrHeT_17code_guardian_cli15git_integrationNtB2_14GitIntegration13get_repo_root
FN:10,_RNvMNtCshoqIYLkrHeT_17code_guardian_cli15git_integrationNtB2_14GitIntegration16get_staged_files
FN:76,_RNvMNtCshoqIYLkrHeT_17code_guardian_cli15git_integrationNtB2_14GitIntegration23install_pre_commit_hook
FN:117,_RNvMNtCshoqIYLkrHeT_17code_guardian_cli15git_integrationNtB2_14GitIntegration25uninstall_pre_commit_hook
FN:54,_RNCNvMNtCsgimKw6a9lVo_17code_guardian_cli15git_integrationNtB4_14GitIntegration11is_git_repo0B6_
FN:24,_RNCNvMNtCsgimKw6a9lVo_17code_guardian_cli15git_integrationNtB4_14GitIntegration16get_staged_files0B6_
FN:26,_RNCNvMNtCsgimKw6a9lVo_17code_guardian_cli15git_integrationNtB4_14GitIntegration16get_staged_filess0_0B6_
FN:25,_RNCNvMNtCsgimKw6a9lVo_17code_guardian_cli15git_integrationNtB4_14GitIntegration16get_staged_filess_0B6_
FN:182,_RNCNvNtCsgimKw6a9lVo_17code_guardian_cli15git_integration14parse_git_diff0B5_
FN:33,_RNvMNtCsgimKw6a9lVo_17code_guardian_cli15git_integrationNtB2_14GitIntegration13get_repo_root
FN:10,_RNvMNtCsgimKw6a9lVo_17code_guardian_cli15git_integrationNtB2_14GitIntegration16get_staged_files
FN:60,_RNvMNtCsgimKw6a9lVo_17code_guardian_cli15git_integrationNtB2_14GitIntegration16get_staged_lines
FN:76,_RNvMNtCsgimKw6a9lVo_17code_guardian_cli15git_integrationNtB2_14GitIntegration23install_pre_commit_hook
FN:117,_RNvMNtCsgimKw6a9lVo_17code_guardian_cli15git_integrationNtB2_14GitIntegration25uninstall_pre_commit_hook
FN:159,_RNvNtCsgimKw6a9lVo_17code_guardian_cli15git_integration14parse_git_diff
FN:49,_RNvMNtCsgimKw6a9lVo_17code_guardian_cli15git_integrationNtB2_14GitIntegration11is_git_repo
FN:258,_RNvNtNtCsgimKw6a9lVo_17code_guardian_cli15git_integration5testss_15test_line_range
FN:252,_RNvNtNtCsgimKw6a9lVo_17code_guardian_cli15git_integration5testss_16test_is_git_repo
FN:233,_RNvNtNtCsgimKw6a9lVo_17code_guardian_cli15git_integration5testss_26test_git_integration_basic
FN:49,_RNvMNtCsgQs3o3Q9Pso_17code_guardian_cli15git_integrationNtB2_14GitIntegration11is_git_repo
FN:258,_RNvNtNtCsgQs3o3Q9Pso_17code_guardian_cli15git_integration5testss_15test_line_range
FN:252,_RNvNtNtCsgQs3o3Q9Pso_17code_guardian_cli15git_integration5testss_16test_is_git_repo
FN:233,_RNvNtNtCsgQs3o3Q9Pso_17code_guardian_cli15git_integration5testss_26test_git_integration_basic
FN:54,_RNCNvMNtCsgQs3o3Q9Pso_17code_guardian_cli15git_integrationNtB4_14GitIntegration11is_git_repo0B6_
FN:24,_RNCNvMNtCsgQs3o3Q9Pso_17code_guardian_cli15git_integrationNtB4_14GitIntegration16get_staged_files0B6_
FN:26,_RNCNvMNtCsgQs3o3Q9Pso_17code_guardian_cli15git_integrationNtB4_14GitIntegration16get_staged_filess0_0B6_
FN:25,_RNCNvMNtCsgQs3o3Q9Pso_17code_guardian_cli15git_integrationNtB4_14GitIntegration16get_staged_filess_0B6_
FN:182,_RNCNvNtCsgQs3o3Q9Pso_17code_guardian_cli15git_integration14parse_git_diff0B5_
FN:33,_RNvMNtCsgQs3o3Q9Pso_17code_guardian_cli15git_integrationNtB2_14GitIntegration13get_repo_root
FN:10,_RNvMNtCsgQs3o3Q9Pso_17code_guardian_cli15git_integrationNtB2_14GitIntegration16get_staged_files
FN:60,_RNvMNtCsgQs3o3Q9Pso_17code_guardian_cli15git_integrationNtB2_14GitIntegration16get_staged_lines
FN:76,_RNvMNtCsgQs3o3Q9Pso_17code_guardian_cli15git_integrationNtB2_14GitIntegration23install_pre_commit_hook
FN:117,_RNvMNtCsgQs3o3Q9Pso_17code_guardian_cli15git_integrationNtB2_14GitIntegration25uninstall_pre_commit_hook
FN:159,_RNvNtCsgQs3o3Q9Pso_17code_guardian_cli15git_integration14parse_git_diff
FN:49,_RNvMNtCsfOw0rCTHWqY_17code_guardian_cli15git_integrationNtB2_14GitIntegration11is_git_repo
FN:33,_RNvMNtCsfOw0rCTHWqY_17code_guardian_cli15git_integrationNtB2_14GitIntegration13get_repo_root
FN:10,_RNvMNtCsfOw0rCTHWqY_17code_guardian_cli15git_integrationNtB2_14GitIntegration16get_staged_files
FN:60,_RNvMNtCsfOw0rCTHWqY_17code_guardian_cli15git_integrationNtB2_14GitIntegration16get_staged_lines
FN:76,_RNvMNtCsfOw0rCTHWqY_17code_guardian_cli15git_integrationNtB2_14GitIntegration23install_pre_commit_hook
FN:117,_RNvMNtCsfOw0rCTHWqY_17code_guardian_cli15git_integrationNtB2_14GitIntegration25uninstall_pre_commit_hook
FN:159,_RNvNtCsfOw0rCTHWqY_17code_guardian_cli15git_integration14parse_git_diff
FN:54,_RNCNvMNtCsfOw0rCTHWqY_17code_guardian_cli15git_integrationNtB4_14GitIntegration11is_git_repo0B6_
FN:24,_RNCNvMNtCsfOw0rCTHWqY_17code_guardian_cli15git_integrationNtB4_14GitIntegration16get_staged_files0B6_
FN:26,_RNCNvMNtCsfOw0rCTHWqY_17code_guardian_cli15git_integrationNtB4_14GitIntegration16get_staged_filess0_0B6_
FN:25,_RNCNvMNtCsfOw0rCTHWqY_17code_guardian_cli15git_integrationNtB4_14GitIntegration16get_staged_filess_0B6_
FN:182,_RNCNvNtCsfOw0rCTHWqY_17code_guardian_cli15git_integration14parse_git_diff0B5_
FNDA:0,_RNCNvNtCshoqIYLkrHeT_17code_guardian_cli15git_integration14parse_git_diff0B5_
FNDA:0,_RNvMNtCshoqIYLkrHeT_17code_guardian_cli15git_integrationNtB2_14GitIntegration16get_staged_lines
FNDA:0,_RNvNtCshoqIYLkrHeT_17code_guardian_cli15git_integration14parse_git_diff
FNDA:0,_RNCNvMNtCshoqIYLkrHeT_17code_guardian_cli15git_integrationNtB4_14GitIntegration11is_git_repo0B6_
FNDA:0,_RNCNvMNtCshoqIYLkrHeT_17code_guardian_cli15git_integrationNtB4_14GitIntegration16get_staged_files0B6_
FNDA:0,_RNCNvMNtCshoqIYLkrHeT_17code_guardian_cli15git_integrationNtB4_14GitIntegration16get_staged_filess0_0B6_
FNDA:0,_RNCNvMNtCshoqIYLkrHeT_17code_guardian_cli15git_integrationNtB4_14GitIntegration16get_staged_filess_0B6_
FNDA:0,_RNvMNtCshoqIYLkrHeT_17code_guardian_cli15git_integrationNtB2_14GitIntegration11is_git_repo
FNDA:0,_RNvMNtCshoqIYLkrHeT_17code_guardian_cli15git_integrationNtB2_14GitIntegration13get_repo_root
FNDA:0,_RNvMNtCshoqIYLkrHeT_17code_guardian_cli15git_integrationNtB2_14GitIntegration16get_staged_files
FNDA:0,_RNvMNtCshoqIYLkrHeT_17code_guardian_cli15git_integrationNtB2_14GitIntegration23install_pre_commit_hook
FNDA:0,_RNvMNtCshoqIYLkrHeT_17code_guardian_cli15git_integrationNtB2_14GitIntegration25uninstall_pre_commit_hook
FNDA:1,_RNCNvMNtCsgimKw6a9lVo_17code_guardian_cli15git_integrationNtB4_14GitIntegration11is_git_repo0B6_
FNDA:0,_RNCNvMNtCsgimKw6a9lVo_17code_guardian_cli15git_integrationNtB4_14GitIntegration16get_staged_files0B6_
FNDA:0,_RNCNvMNtCsgimKw6a9lVo_17code_guardian_cli15git_integrationNtB4_14GitIntegration16get_staged_filess0_0B6_
FNDA:0,_RNCNvMNtCsgimKw6a9lVo_17code_guardian_cli15git_integrationNtB4_14GitIntegration16get_staged_filess_0B6_
FNDA:0,_RNCNvNtCsgimKw6a9lVo_17code_guardian_cli15git_integration14parse_git_diff0B5_
FNDA:0,_RNvMNtCsgimKw6a9lVo_17code_guardian_cli15git_integrationNtB2_14GitIntegration13get_repo_root
FNDA:0,_RNvMNtCsgimKw6a9lVo_17code_guardian_cli15git_integrationNtB2_14GitIntegration16get_staged_files
FNDA:0,_RNvMNtCsgimKw6a9lVo_17code_guardian_cli15git_integrationNtB2_14GitIntegration16get_staged_lines
FNDA:0,_RNvMNtCsgimKw6a9lVo_17code_guardian_cli15git_integrationNtB2_14GitIntegration23install_pre_commit_hook
FNDA:0,_RNvMNtCsgimKw6a9lVo_17code_guardian_cli15git_integrationNtB2_14GitIntegration25uninstall_pre_commit_hook
FNDA:0,_RNvNtCsgimKw6a9lVo_17code_guardian_cli15git_integration14parse_git_diff
FNDA:1,_RNvMNtCsgimKw6a9lVo_17code_guardian_cli15git_integrationNtB2_14GitIntegration11is_git_repo
FNDA:1,_RNvNtNtCsgimKw6a9lVo_17code_guardian_cli15git_integration5testss_15test_line_range
FNDA:1,_RNvNtNtCsgimKw6a9lVo_17code_guardian_cli15git_integration5testss_16test_is_git_repo
FNDA:1,_RNvNtNtCsgimKw6a9lVo_17code_guardian_cli15git_integration5testss_26test_git_integration_basic
FNDA:1,_RNvMNtCsgQs3o3Q9Pso_17code_guardian_cli15git_integrationNtB2_14GitIntegration11is_git_repo
FNDA:1,_RNvNtNtCsgQs3o3Q9Pso_17code_guardian_cli15git_integration5testss_15test_line_range
FNDA:1,_RNvNtNtCsgQs3o3Q9Pso_17code_guardian_cli15git_integration5testss_16test_is_git_repo
FNDA:1,_RNvNtNtCsgQs3o3Q9Pso_17code_guardian_cli15git_integration5testss_26test_git_integration_basic
FNDA:1,_RNCNvMNtCsgQs3o3Q9Pso_17code_guardian_cli15git_integrationNtB4_14GitIntegration11is_git_repo0B6_
FNDA:0,_RNCNvMNtCsgQs3o3Q9Pso_17code_guardian_cli15git_integrationNtB4_14GitIntegration16get_staged_files0B6_
FNDA:0,_RNCNvMNtCsgQs3o3Q9Pso_17code_guardian_cli15git_integrationNtB4_14GitIntegration16get_staged_filess0_0B6_
FNDA:0,_RNCNvMNtCsgQs3o3Q9Pso_17code_guardian_cli15git_integrationNtB4_14GitIntegration16get_staged_filess_0B6_
FNDA:0,_RNCNvNtCsgQs3o3Q9Pso_17code_guardian_cli15git_integration14parse_git_diff0B5_
FNDA:0,_RNvMNtCsgQs3o3Q9Pso_17code_guardian_cli15git_integrationNtB2_14GitIntegration13get_repo_root
FNDA:0,_RNvMNtCsgQs3o3Q9Pso_17code_guardian_cli15git_integrationNtB2_14GitIntegration16get_staged_files
FNDA:0,_RNvMNtCsgQs3o3Q9Pso_17code_guardian_cli15git_integrationNtB2_14GitIntegration16get_staged_lines
FNDA:0,_RNvMNtCsgQs3o3Q9Pso_17code_guardian_cli15git_integrationNtB2_14GitIntegration23install_pre_commit_hook
FNDA:0,_RNvMNtCsgQs3o3Q9Pso_17code_guardian_cli15git_integrationNtB2_14GitIntegration25uninstall_pre_commit_hook
FNDA:0,_RNvNtCsgQs3o3Q9Pso_17code_guardian_cli15git_integration14parse_git_diff
FNDA:4,_RNvMNtCsfOw0rCTHWqY_17code_guardian_cli15git_integrationNtB2_14GitIntegration11is_git_repo
FNDA:3,_RNvMNtCsfOw0rCTHWqY_17code_guardian_cli15git_integrationNtB2_14GitIntegration13get_repo_root
FNDA:3,_RNvMNtCsfOw0rCTHWqY_17code_guardian_cli15git_integrationNtB2_14GitIntegration16get_staged_files
FNDA:3,_RNvMNtCsfOw0rCTHWqY_17code_guardian_cli15git_integrationNtB2_14GitIntegration16get_staged_lines
FNDA:2,_RNvMNtCsfOw0rCTHWqY_17code_guardian_cli15git_integrationNtB2_14GitIntegration23install_pre_commit_hook
FNDA:2,_RNvMNtCsfOw0rCTHWqY_17code_guardian_cli15git_integrationNtB2_14GitIntegration25uninstall_pre_commit_hook
FNDA:3,_RNvNtCsfOw0rCTHWqY_17code_guardian_cli15git_integration14parse_git_diff
FNDA:3,_RNCNvMNtCsfOw0rCTHWqY_17code_guardian_cli15git_integrationNtB4_14GitIntegration11is_git_repo0B6_
FNDA:0,_RNCNvMNtCsfOw0rCTHWqY_17code_guardian_cli15git_integrationNtB4_14GitIntegration16get_staged_files0B6_
FNDA:0,_RNCNvMNtCsfOw0rCTHWqY_17code_guardian_cli15git_integrationNtB4_14GitIntegration16get_staged_filess0_0B6_
FNDA:0,_RNCNvMNtCsfOw0rCTHWqY_17code_guardian_cli15git_integrationNtB4_14GitIntegration16get_staged_filess_0B6_
FNDA:0,_RNCNvNtCsfOw0rCTHWqY_17code_guardian_cli15git_integration14parse_git_diff0B5_
FNF:15
FNH:11
DA:10,3
DA:11,3
DA:12,3
DA:13,3
DA:14,3
DA:16,3
DA:17,0
DA:18,0
DA:19,3
DA:21,3
DA:22,3
DA:23,3
DA:24,3
DA:25,3
DA:26,3
DA:27,3
DA:29,3
DA:30,3
DA:33,3
DA:34,3
DA:35,3
DA:36,3
DA:37,3
DA:39,3
DA:40,1
DA:41,2
DA:43,2
DA:44,2
DA:45,2
DA:46,3
DA:49,6
DA:50,6
DA:51,6
DA:52,6
DA:53,6
DA:54,6
DA:55,6
DA:56,6
DA:60,3
DA:61,3
DA:62,3
DA:63,3
DA:64,3
DA:66,3
DA:67,0
DA:68,0
DA:69,3
DA:71,3
DA:72,3
DA:73,3
DA:76,2
DA:77,2
DA:78,2
DA:81,2
DA:84,2
DA:85,2
DA:86,2
DA:87,2
DA:88,2
DA:89,2
DA:90,2
DA:91,2
DA:92,2
DA:93,2
DA:94,2
DA:95,2
DA:96,2
DA:97,2
DA:99,2
DA:105,2
DA:106,2
DA:107,2
DA:110,2
DA:111,2
DA:113,2
DA:114,2
DA:117,2
DA:118,2
DA:120,2
DA:122,1
DA:123,1
DA:124,1
DA:125,1
DA:126,0
DA:127,0
DA:128,0
DA:129,0
DA:130,0
DA:131,0
DA:132,1
DA:133,1
DA:134,1
DA:136,2
DA:137,2
DA:159,3
DA:160,3
DA:161,3
DA:162,3
DA:163,3
DA:165,3
DA:166,0
DA:168,0
DA:169,0
DA:170,0
DA:171,0
DA:172,0
DA:173,0
DA:174,0
DA:175,0
DA:177,0
DA:178,0
DA:179,0
DA:180,0
DA:182,0
DA:183,0
DA:184,0
DA:186,0
DA:187,0
DA:188,0
DA:189,0
DA:191,0
DA:192,0
DA:193,0
DA:194,0
DA:195,0
DA:196,0
DA:199,0
DA:200,0
DA:201,0
DA:202,0
DA:204,0
DA:205,0
DA:206,0
DA:207,0
DA:208,0
DA:209,0
DA:210,0
DA:211,0
DA:212,0
DA:216,3
DA:217,0
DA:218,0
DA:219,0
DA:220,0
DA:221,0
DA:222,3
DA:224,3
DA:225,3
DA:233,2
DA:235,2
DA:236,2
DA:237,2
DA:240,2
DA:241,2
DA:242,2
DA:243,2
DA:244,2
DA:245,2
DA:247,2
DA:248,2
DA:249,2
DA:252,2
DA:253,2
DA:254,2
DA:255,2
DA:258,2
DA:259,2
DA:260,2
DA:261,2
DA:262,2
BRF:0
BRH:0
LF:175
LH:117
end_of_record
SF:/workspaces/code-guardian/crates/cli/src/main.rs
FN:27,_RNvCshoqIYLkrHeT_17code_guardian_cli4main
FN:27,_RNCNvCshoqIYLkrHeT_17code_guardian_cli4main0B3_
FN:27,_RNCNvCsgimKw6a9lVo_17code_guardian_cli4main0B3_
FN:27,_RNvCsgimKw6a9lVo_17code_guardian_cli4main
FNDA:30,_RNvCshoqIYLkrHeT_17code_guardian_cli4main
FNDA:30,_RNCNvCshoqIYLkrHeT_17code_guardian_cli4main0B3_
FNDA:0,_RNCNvCsgimKw6a9lVo_17code_guardian_cli4main0B3_
FNDA:0,_RNvCsgimKw6a9lVo_17code_guardian_cli4main
FNF:2
FNH:2
DA:27,30
DA:29,30
DA:30,30
DA:31,30
DA:33,30
DA:35,30
DA:36,30
DA:37,30
DA:38,30
DA:39,30
DA:40,30
DA:41,30
DA:42,30
DA:43,30
DA:44,30
DA:45,30
DA:46,30
DA:47,30
DA:48,30
DA:49,30
DA:50,30
DA:51,30
DA:52,30
DA:53,30
DA:54,9
DA:55,9
DA:56,9
DA:57,9
DA:58,9
DA:59,9
DA:60,9
DA:61,9
DA:62,9
DA:63,9
DA:64,9
DA:65,9
DA:66,9
DA:67,9
DA:68,9
DA:69,9
DA:70,30
DA:71,30
DA:72,30
DA:73,30
DA:74,30
DA:75,30
DA:76,30
DA:77,30
DA:78,30
DA:79,30
DA:80,30
DA:81,30
DA:82,30
DA:83,30
DA:84,30
DA:85,30
DA:86,30
DA:87,30
DA:88,30
DA:89,30
DA:90,30
DA:91,30
DA:92,30
DA:93,30
DA:94,30
DA:95,30
DA:96,30
DA:97,30
DA:98,30
DA:99,30
DA:100,30
DA:101,30
DA:102,30
DA:103,30
DA:104,30
DA:105,30
DA:106,30
DA:107,30
DA:108,30
DA:109,30
DA:110,30
DA:111,30
DA:112,30
DA:113,30
DA:114,30
DA:115,30
DA:116,30
DA:117,30
DA:118,30
DA:119,30
DA:120,30
DA:121,30
DA:122,30
DA:123,30
DA:124,30
DA:125,30
DA:126,30
DA:127,30
BRF:0
BRH:0
LF:180
LH:145
end_of_record
SF:/workspaces/code-guardian/crates/cli/src/production_handlers.rs
FN:284,_RNCNCNvNtCshoqIYLkrHeT_17code_guardian_cli19production_handlers16handle_lang_scan00B7_
FN:212,_RNCNvNtCshoqIYLkrHeT_17code_guardian_cli19production_handlers14handle_ci_gate0B5_
FN:281,_RNCNvNtCshoqIYLkrHeT_17code_guardian_cli19production_handlers16handle_lang_scan0B5_
FN:140,_RNCNvNtCshoqIYLkrHeT_17code_guardian_cli19production_handlers17handle_pre_commit0B5_
FN:172,_RNCNvNtCshoqIYLkrHeT_17code_guardian_cli19production_handlers17handle_pre_commits0_0B5_
FN:161,_RNCNvNtCshoqIYLkrHeT_17code_guardian_cli19production_handlers17handle_pre_commits_0B5_
FN:326,_RNCNvNtCshoqIYLkrHeT_17code_guardian_cli19production_handlers18filter_by_severity0B5_
FN:309,_RNvNtCshoqIYLkrHeT_17code_guardian_cli19production_handlers12handle_watch
FN:182,_RNvNtCshoqIYLkrHeT_17code_guardian_cli19production_handlers14handle_ci_gate
FN:254,_RNvNtCshoqIYLkrHeT_17code_guardian_cli19production_handlers16handle_lang_scan
FN:357,_RNvNtCshoqIYLkrHeT_17code_guardian_cli19production_handlers16is_high_severity
FN:333,_RNvNtCshoqIYLkrHeT_17code_guardian_cli19production_handlers17count_by_severity
FN:91,_RNvNtCshoqIYLkrHeT_17code_guardian_cli19production_handlers17handle_pre_commit
FN:323,_RNvNtCshoqIYLkrHeT_17code_guardian_cli19production_handlers18filter_by_severity
FN:387,_RNvNtCshoqIYLkrHeT_17code_guardian_cli19production_handlers20generate_json_output
FN:353,_RNvNtCshoqIYLkrHeT_17code_guardian_cli19production_handlers20is_critical_severity
FN:399,_RNvNtCshoqIYLkrHeT_17code_guardian_cli19production_handlers23generate_summary_output
FN:12,_RNvNtCshoqIYLkrHeT_17code_guardian_cli19production_handlers23handle_production_check
FN:342,_RNvNtCshoqIYLkrHeT_17code_guardian_cli19production_handlers24get_severity_for_pattern
FN:361,_RNvNtCshoqIYLkrHeT_17code_guardian_cli19production_handlers27map_languages_to_extensions
FN:417,_RNvNtCshoqIYLkrHeT_17code_guardian_cli19production_handlers31generate_production_text_output
FN:581,_RNvNtNtCsgimKw6a9lVo_17code_guardian_cli19production_handlers5testss_21test_is_high_severity
FN:573,_RNvNtNtCsgimKw6a9lVo_17code_guardian_cli19production_handlers5testss_25test_is_critical_severity
FN:591,_RNvNtNtCsgimKw6a9lVo_17code_guardian_cli19production_handlers5testss_28test_count_by_severity_empty
FN:564,_RNvNtNtCsgimKw6a9lVo_17code_guardian_cli19production_handlers5testss_29test_get_severity_for_pattern
FN:552,_RNvNtNtCsgimKw6a9lVo_17code_guardian_cli19production_handlers5testss_32test_map_languages_to_extensions
FN:598,_RNvNtNtCsgimKw6a9lVo_17code_guardian_cli19production_handlers5testss_35test_language_mapping_comprehensive
FN:284,_RNCNCNvNtCsgimKw6a9lVo_17code_guardian_cli19production_handlers16handle_lang_scan00B7_
FN:212,_RNCNvNtCsgimKw6a9lVo_17code_guardian_cli19production_handlers14handle_ci_gate0B5_
FN:281,_RNCNvNtCsgimKw6a9lVo_17code_guardian_cli19production_handlers16handle_lang_scan0B5_
FN:140,_RNCNvNtCsgimKw6a9lVo_17code_guardian_cli19production_handlers17handle_pre_commit0B5_
FN:172,_RNCNvNtCsgimKw6a9lVo_17code_guardian_cli19production_handlers17handle_pre_commits0_0B5_
FN:161,_RNCNvNtCsgimKw6a9lVo_17code_guardian_cli19production_handlers17handle_pre_commits_0B5_
FN:326,_RNCNvNtCsgimKw6a9lVo_17code_guardian_cli19production_handlers18filter_by_severity0B5_
FN:309,_RNvNtCsgimKw6a9lVo_17code_guardian_cli19production_handlers12handle_watch
FN:182,_RNvNtCsgimKw6a9lVo_17code_guardian_cli19production_handlers14handle_ci_gate
FN:254,_RNvNtCsgimKw6a9lVo_17code_guardian_cli19production_handlers16handle_lang_scan
FN:91,_RNvNtCsgimKw6a9lVo_17code_guardian_cli19production_handlers17handle_pre_commit
FN:323,_RNvNtCsgimKw6a9lVo_17code_guardian_cli19production_handlers18filter_by_severity
FN:387,_RNvNtCsgimKw6a9lVo_17code_guardian_cli19production_handlers20generate_json_output
FN:399,_RNvNtCsgimKw6a9lVo_17code_guardian_cli19production_handlers23generate_summary_output
FN:12,_RNvNtCsgimKw6a9lVo_17code_guardian_cli19production_handlers23handle_production_check
FN:417,_RNvNtCsgimKw6a9lVo_17code_guardian_cli19production_handlers31generate_production_text_output
FN:357,_RNvNtCsgimKw6a9lVo_17code_guardian_cli19production_handlers16is_high_severity
FN:333,_RNvNtCsgimKw6a9lVo_17code_guardian_cli19production_handlers17count_by_severity
FN:353,_RNvNtCsgimKw6a9lVo_17code_guardian_cli19production_handlers20is_critical_severity
FN:342,_RNvNtCsgimKw6a9lVo_17code_guardian_cli19production_handlers24get_severity_for_pattern
FN:361,_RNvNtCsgimKw6a9lVo_17code_guardian_cli19production_handlers27map_languages_to_extensions
FN:581,_RNvNtNtCsgQs3o3Q9Pso_17code_guardian_cli19production_handlers5testss_21test_is_high_severity
FN:573,_RNvNtNtCsgQs3o3Q9Pso_17code_guardian_cli19production_handlers5testss_25test_is_critical_severity
FN:591,_RNvNtNtCsgQs3o3Q9Pso_17code_guardian_cli19production_handlers5testss_28test_count_by_severity_empty
FN:564,_RNvNtNtCsgQs3o3Q9Pso_17code_guardian_cli19production_handlers5testss_29test_get_severity_for_pattern
FN:552,_RNvNtNtCsgQs3o3Q9Pso_17code_guardian_cli19production_handlers5testss_32test_map_languages_to_extensions
FN:598,_RNvNtNtCsgQs3o3Q9Pso_17code_guardian_cli19production_handlers5testss_35test_language_mapping_comprehensive
FN:357,_RNvNtCsgQs3o3Q9Pso_17code_guardian_cli19production_handlers16is_high_severity
FN:333,_RNvNtCsgQs3o3Q9Pso_17code_guardian_cli19production_handlers17count_by_severity
FN:353,_RNvNtCsgQs3o3Q9Pso_17code_guardian_cli19production_handlers20is_critical_severity
FN:342,_RNvNtCsgQs3o3Q9Pso_17code_guardian_cli19production_handlers24get_severity_for_pattern
FN:361,_RNvNtCsgQs3o3Q9Pso_17code_guardian_cli19production_handlers27map_languages_to_extensions
FN:284,_RNCNCNvNtCsgQs3o3Q9Pso_17code_guardian_cli19production_handlers16handle_lang_scan00B7_
FN:212,_RNCNvNtCsgQs3o3Q9Pso_17code_guardian_cli19production_handlers14handle_ci_gate0B5_
FN:281,_RNCNvNtCsgQs3o3Q9Pso_17code_guardian_cli19production_handlers16handle_lang_scan0B5_
FN:140,_RNCNvNtCsgQs3o3Q9Pso_17code_guardian_cli19production_handlers17handle_pre_commit0B5_
FN:172,_RNCNvNtCsgQs3o3Q9Pso_17code_guardian_cli19production_handlers17handle_pre_commits0_0B5_
FN:161,_RNCNvNtCsgQs3o3Q9Pso_17code_guardian_cli19production_handlers17handle_pre_commits_0B5_
FN:326,_RNCNvNtCsgQs3o3Q9Pso_17code_guardian_cli19production_handlers18filter_by_severity0B5_
FN:309,_RNvNtCsgQs3o3Q9Pso_17code_guardian_cli19production_handlers12handle_watch
FN:182,_RNvNtCsgQs3o3Q9Pso_17code_guardian_cli19production_handlers14handle_ci_gate
FN:254,_RNvNtCsgQs3o3Q9Pso_17code_guardian_cli19production_handlers16handle_lang_scan
FN:91,_RNvNtCsgQs3o3Q9Pso_17code_guardian_cli19production_handlers17handle_pre_commit
FN:323,_RNvNtCsgQs3o3Q9Pso_17code_guardian_cli19production_handlers18filter_by_severity
FN:387,_RNvNtCsgQs3o3Q9Pso_17code_guardian_cli19production_handlers20generate_json_output
FN:399,_RNvNtCsgQs3o3Q9Pso_17code_guardian_cli19production_handlers23generate_summary_output
FN:12,_RNvNtCsgQs3o3Q9Pso_17code_guardian_cli19production_handlers23handle_production_check
FN:417,_RNvNtCsgQs3o3Q9Pso_17code_guardian_cli19production_handlers31generate_production_text_output
FN:284,_RNCNCNvNtCsfOw0rCTHWqY_17code_guardian_cli19production_handlers16handle_lang_scan00B7_
FN:212,_RNCNvNtCsfOw0rCTHWqY_17code_guardian_cli19production_handlers14handle_ci_gate0B5_
FN:281,_RNCNvNtCsfOw0rCTHWqY_17code_guardian_cli19production_handlers16handle_lang_scan0B5_
FN:140,_RNCNvNtCsfOw0rCTHWqY_17code_guardian_cli19production_handlers17handle_pre_commit0B5_
FN:172,_RNCNvNtCsfOw0rCTHWqY_17code_guardian_cli19production_handlers17handle_pre_commits0_0B5_
FN:161,_RNCNvNtCsfOw0rCTHWqY_17code_guardian_cli19production_handlers17handle_pre_commits_0B5_
FN:326,_RNCNvNtCsfOw0rCTHWqY_17code_guardian_cli19production_handlers18filter_by_severity0B5_
FN:309,_RNvNtCsfOw0rCTHWqY_17code_guardian_cli19production_handlers12handle_watch
FN:182,_RNvNtCsfOw0rCTHWqY_17code_guardian_cli19production_handlers14handle_ci_gate
FN:254,_RNvNtCsfOw0rCTHWqY_17code_guardian_cli19production_handlers16handle_lang_scan
FN:357,_RNvNtCsfOw0rCTHWqY_17code_guardian_cli19production_handlers16is_high_severity
FN:333,_RNvNtCsfOw0rCTHWqY_17code_guardian_cli19production_handlers17count_by_severity
FN:91,_RNvNtCsfOw0rCTHWqY_17code_guardian_cli19production_handlers17handle_pre_commit
FN:323,_RNvNtCsfOw0rCTHWqY_17code_guardian_cli19production_handlers18filter_by_severity
FN:387,_RNvNtCsfOw0rCTHWqY_17code_guardian_cli19production_handlers20generate_json_output
FN:353,_RNvNtCsfOw0rCTHWqY_17code_guardian_cli19production_handlers20is_critical_severity
FN:399,_RNvNtCsfOw0rCTHWqY_17code_guardian_cli19production_handlers23generate_summary_output
FN:12,_RNvNtCsfOw0rCTHWqY_17code_guardian_cli19production_handlers23handle_production_check
FN:342,_RNvNtCsfOw0rCTHWqY_17code_guardian_cli19production_handlers24get_severity_for_pattern
FN:361,_RNvNtCsfOw0rCTHWqY_17code_guardian_cli19production_handlers27map_languages_to_extensions
FN:417,_RNvNtCsfOw0rCTHWqY_17code_guardian_cli19production_handlers31generate_production_text_output
FNDA:0,_RNCNCNvNtCshoqIYLkrHeT_17code_guardian_cli19production_handlers16handle_lang_scan00B7_
FNDA:0,_RNCNvNtCshoqIYLkrHeT_17code_guardian_cli19production_handlers14handle_ci_gate0B5_
FNDA:0,_RNCNvNtCshoqIYLkrHeT_17code_guardian_cli19production_handlers16handle_lang_scan0B5_
FNDA:0,_RNCNvNtCshoqIYLkrHeT_17code_guardian_cli19production_handlers17handle_pre_commit0B5_
FNDA:0,_RNCNvNtCshoqIYLkrHeT_17code_guardian_cli19production_handlers17handle_pre_commits0_0B5_
FNDA:0,_RNCNvNtCshoqIYLkrHeT_17code_guardian_cli19production_handlers17handle_pre_commits_0B5_
FNDA:0,_RNCNvNtCshoqIYLkrHeT_17code_guardian_cli19production_handlers18filter_by_severity0B5_
FNDA:0,_RNvNtCshoqIYLkrHeT_17code_guardian_cli19production_handlers12handle_watch
FNDA:0,_RNvNtCshoqIYLkrHeT_17code_guardian_cli19production_handlers14handle_ci_gate
FNDA:0,_RNvNtCshoqIYLkrHeT_17code_guardian_cli19production_handlers16handle_lang_scan
FNDA:0,_RNvNtCshoqIYLkrHeT_17code_guardian_cli19production_handlers16is_high_severity
FNDA:0,_RNvNtCshoqIYLkrHeT_17code_guardian_cli19production_handlers17count_by_severity
FNDA:0,_RNvNtCshoqIYLkrHeT_17code_guardian_cli19production_handlers17handle_pre_commit
FNDA:0,_RNvNtCshoqIYLkrHeT_17code_guardian_cli19production_handlers18filter_by_severity
FNDA:0,_RNvNtCshoqIYLkrHeT_17code_guardian_cli19production_handlers20generate_json_output
FNDA:0,_RNvNtCshoqIYLkrHeT_17code_guardian_cli19production_handlers20is_critical_severity
FNDA:0,_RNvNtCshoqIYLkrHeT_17code_guardian_cli19production_handlers23generate_summary_output
FNDA:0,_RNvNtCshoqIYLkrHeT_17code_guardian_cli19production_handlers23handle_production_check
FNDA:0,_RNvNtCshoqIYLkrHeT_17code_guardian_cli19production_handlers24get_severity_for_pattern
FNDA:0,_RNvNtCshoqIYLkrHeT_17code_guardian_cli19production_handlers27map_languages_to_extensions
FNDA:0,_RNvNtCshoqIYLkrHeT_17code_guardian_cli19production_handlers31generate_production_text_output
FNDA:1,_RNvNtNtCsgimKw6a9lVo_17code_guardian_cli19production_handlers5testss_21test_is_high_severity
FNDA:1,_RNvNtNtCsgimKw6a9lVo_17code_guardian_cli19production_handlers5testss_25test_is_critical_severity
FNDA:1,_RNvNtNtCsgimKw6a9lVo_17code_guardian_cli19production_handlers5testss_28test_count_by_severity_empty
FNDA:1,_RNvNtNtCsgimKw6a9lVo_17code_guardian_cli19production_handlers5testss_29test_get_severity_for_pattern
FNDA:1,_RNvNtNtCsgimKw6a9lVo_17code_guardian_cli19production_handlers5testss_32test_map_languages_to_extensions
FNDA:1,_RNvNtNtCsgimKw6a9lVo_17code_guardian_cli19production_handlers5testss_35test_language_mapping_comprehensive
FNDA:0,_RNCNCNvNtCsgimKw6a9lVo_17code_guardian_cli19production_handlers16handle_lang_scan00B7_
FNDA:0,_RNCNvNtCsgimKw6a9lVo_17code_guardian_cli19production_handlers14handle_ci_gate0B5_
FNDA:0,_RNCNvNtCsgimKw6a9lVo_17code_guardian_cli19production_handlers16handle_lang_scan0B5_
FNDA:0,_RNCNvNtCsgimKw6a9lVo_17code_guardian_cli19production_handlers17handle_pre_commit0B5_
FNDA:0,_RNCNvNtCsgimKw6a9lVo_17code_guardian_cli19production_handlers17handle_pre_commits0_0B5_
FNDA:0,_RNCNvNtCsgimKw6a9lVo_17code_guardian_cli19production_handlers17handle_pre_commits_0B5_
FNDA:0,_RNCNvNtCsgimKw6a9lVo_17code_guardian_cli19production_handlers18filter_by_severity0B5_
FNDA:0,_RNvNtCsgimKw6a9lVo_17code_guardian_cli19production_handlers12handle_watch
FNDA:0,_RNvNtCsgimKw6a9lVo_17code_guardian_cli19production_handlers14handle_ci_gate
FNDA:0,_RNvNtCsgimKw6a9lVo_17code_guardian_cli19production_handlers16handle_lang_scan
FNDA:0,_RNvNtCsgimKw6a9lVo_17code_guardian_cli19production_handlers17handle_pre_commit
FNDA:0,_RNvNtCsgimKw6a9lVo_17code_guardian_cli19production_handlers18filter_by_severity
FNDA:0,_RNvNtCsgimKw6a9lVo_17code_guardian_cli19production_handlers20generate_json_output
FNDA:0,_RNvNtCsgimKw6a9lVo_17code_guardian_cli19production_handlers23generate_summary_output
FNDA:0,_RNvNtCsgimKw6a9lVo_17code_guardian_cli19production_handlers23handle_production_check
FNDA:0,_RNvNtCsgimKw6a9lVo_17code_guardian_cli19production_handlers31generate_production_text_output
FNDA:6,_RNvNtCsgimKw6a9lVo_17code_guardian_cli19production_handlers16is_high_severity
FNDA:1,_RNvNtCsgimKw6a9lVo_17code_guardian_cli19production_handlers17count_by_severity
FNDA:4,_RNvNtCsgimKw6a9lVo_17code_guardian_cli19production_handlers20is_critical_severity
FNDA:5,_RNvNtCsgimKw6a9lVo_17code_guardian_cli19production_handlers24get_severity_for_pattern
FNDA:6,_RNvNtCsgimKw6a9lVo_17code_guardian_cli19production_handlers27map_languages_to_extensions
FNDA:1,_RNvNtNtCsgQs3o3Q9Pso_17code_guardian_cli19production_handlers5testss_21test_is_high_severity
FNDA:1,_RNvNtNtCsgQs3o3Q9Pso_17code_guardian_cli19production_handlers5testss_25test_is_critical_severity
FNDA:1,_RNvNtNtCsgQs3o3Q9Pso_17code_guardian_cli19production_handlers5testss_28test_count_by_severity_empty
FNDA:1,_RNvNtNtCsgQs3o3Q9Pso_17code_guardian_cli19production_handlers5testss_29test_get_severity_for_pattern
FNDA:1,_RNvNtNtCsgQs3o3Q9Pso_17code_guardian_cli19production_handlers5testss_32test_map_languages_to_extensions
FNDA:1,_RNvNtNtCsgQs3o3Q9Pso_17code_guardian_cli19production_handlers5testss_35test_language_mapping_comprehensive
FNDA:6,_RNvNtCsgQs3o3Q9Pso_17code_guardian_cli19production_handlers16is_high_severity
FNDA:1,_RNvNtCsgQs3o3Q9Pso_17code_guardian_cli19production_handlers17count_by_severity
FNDA:4,_RNvNtCsgQs3o3Q9Pso_17code_guardian_cli19production_handlers20is_critical_severity
FNDA:5,_RNvNtCsgQs3o3Q9Pso_17code_guardian_cli19production_handlers24get_severity_for_pattern
FNDA:6,_RNvNtCsgQs3o3Q9Pso_17code_guardian_cli19production_handlers27map_languages_to_extensions
FNDA:0,_RNCNCNvNtCsgQs3o3Q9Pso_17code_guardian_cli19production_handlers16handle_lang_scan00B7_
FNDA:0,_RNCNvNtCsgQs3o3Q9Pso_17code_guardian_cli19production_handlers14handle_ci_gate0B5_
FNDA:0,_RNCNvNtCsgQs3o3Q9Pso_17code_guardian_cli19production_handlers16handle_lang_scan0B5_
FNDA:0,_RNCNvNtCsgQs3o3Q9Pso_17code_guardian_cli19production_handlers17handle_pre_commit0B5_
FNDA:0,_RNCNvNtCsgQs3o3Q9Pso_17code_guardian_cli19production_handlers17handle_pre_commits0_0B5_
FNDA:0,_RNCNvNtCsgQs3o3Q9Pso_17code_guardian_cli19production_handlers17handle_pre_commits_0B5_
FNDA:0,_RNCNvNtCsgQs3o3Q9Pso_17code_guardian_cli19production_handlers18filter_by_severity0B5_
FNDA:0,_RNvNtCsgQs3o3Q9Pso_17code_guardian_cli19production_handlers12handle_watch
FNDA:0,_RNvNtCsgQs3o3Q9Pso_17code_guardian_cli19production_handlers14handle_ci_gate
FNDA:0,_RNvNtCsgQs3o3Q9Pso_17code_guardian_cli19production_handlers16handle_lang_scan
FNDA:0,_RNvNtCsgQs3o3Q9Pso_17code_guardian_cli19production_handlers17handle_pre_commit
FNDA:0,_RNvNtCsgQs3o3Q9Pso_17code_guardian_cli19production_handlers18filter_by_severity
FNDA:0,_RNvNtCsgQs3o3Q9Pso_17code_guardian_cli19production_handlers20generate_json_output
FNDA:0,_RNvNtCsgQs3o3Q9Pso_17code_guardian_cli19production_handlers23generate_summary_output
FNDA:0,_RNvNtCsgQs3o3Q9Pso_17code_guardian_cli19production_handlers23handle_production_check
FNDA:0,_RNvNtCsgQs3o3Q9Pso_17code_guardian_cli19production_handlers31generate_production_text_output
FNDA:12,_RNCNCNvNtCsfOw0rCTHWqY_17code_guardian_cli19production_handlers16handle_lang_scan00B7_
FNDA:4,_RNCNvNtCsfOw0rCTHWqY_17code_guardian_cli19production_handlers14handle_ci_gate0B5_
FNDA:10,_RNCNvNtCsfOw0rCTHWqY_17code_guardian_cli19production_handlers16handle_lang_scan0B5_
FNDA:0,_RNCNvNtCsfOw0rCTHWqY_17code_guardian_cli19production_handlers17handle_pre_commit0B5_
FNDA:0,_RNCNvNtCsfOw0rCTHWqY_17code_guardian_cli19production_handlers17handle_pre_commits0_0B5_
FNDA:0,_RNCNvNtCsfOw0rCTHWqY_17code_guardian_cli19production_handlers17handle_pre_commits_0B5_
FNDA:0,_RNCNvNtCsfOw0rCTHWqY_17code_guardian_cli19production_handlers18filter_by_severity0B5_
FNDA:1,_RNvNtCsfOw0rCTHWqY_17code_guardian_cli19production_handlers12handle_watch
FNDA:1,_RNvNtCsfOw0rCTHWqY_17code_guardian_cli19production_handlers14handle_ci_gate
FNDA:2,_RNvNtCsfOw0rCTHWqY_17code_guardian_cli19production_handlers16handle_lang_scan
FNDA:0,_RNvNtCsfOw0rCTHWqY_17code_guardian_cli19production_handlers16is_high_severity
FNDA:8,_RNvNtCsfOw0rCTHWqY_17code_guardian_cli19production_handlers17count_by_severity
FNDA:2,_RNvNtCsfOw0rCTHWqY_17code_guardian_cli19production_handlers17handle_pre_commit
FNDA:0,_RNvNtCsfOw0rCTHWqY_17code_guardian_cli19production_handlers18filter_by_severity
FNDA:2,_RNvNtCsfOw0rCTHWqY_17code_guardian_cli19production_handlers20generate_json_output
FNDA:0,_RNvNtCsfOw0rCTHWqY_17code_guardian_cli19production_handlers20is_critical_severity
FNDA:0,_RNvNtCsfOw0rCTHWqY_17code_guardian_cli19production_handlers23generate_summary_output
FNDA:3,_RNvNtCsfOw0rCTHWqY_17code_guardian_cli19production_handlers23handle_production_check
FNDA:36,_RNvNtCsfOw0rCTHWqY_17code_guardian_cli19production_handlers24get_severity_for_pattern
FNDA:2,_RNvNtCsfOw0rCTHWqY_17code_guardian_cli19production_handlers27map_languages_to_extensions
FNDA:3,_RNvNtCsfOw0rCTHWqY_17code_guardian_cli19production_handlers31generate_production_text_output
FNF:27
FNH:21
DA:12,3
DA:13,3
DA:14,3
DA:15,3
DA:16,3
DA:17,3
DA:18,3
DA:19,3
DA:20,3
DA:21,3
DA:22,3
DA:24,3
DA:27,3
DA:28,3
DA:31,3
DA:34,3
DA:35,3
DA:37,0
DA:41,3
DA:44,3
DA:45,3
DA:46,2
DA:47,2
DA:51,3
DA:52,0
DA:53,0
DA:54,3
DA:55,3
DA:56,3
DA:59,3
DA:60,3
DA:62,3
DA:63,0
DA:64,0
DA:67,0
DA:68,3
DA:70,3
DA:71,0
DA:72,0
DA:75,0
DA:76,3
DA:78,3
DA:79,0
DA:80,0
DA:81,0
DA:82,0
DA:83,3
DA:84,3
DA:85,3
DA:87,3
DA:88,3
DA:91,2
DA:92,2
DA:94,2
DA:96,1
DA:97,1
DA:98,1
DA:99,1
DA:102,1
DA:105,2
DA:107,2
DA:109,0
DA:110,0
DA:111,0
DA:114,0
DA:115,0
DA:117,0
DA:118,0
DA:119,0
DA:120,0
DA:122,0
DA:123,0
DA:124,0
DA:125,0
DA:126,0
DA:127,0
DA:130,0
DA:131,0
DA:132,0
DA:135,0
DA:136,0
DA:138,0
DA:139,0
DA:140,0
DA:141,0
DA:142,0
DA:143,0
DA:144,0
DA:146,0
DA:149,2
DA:152,2
DA:153,2
DA:154,2
DA:156,2
DA:157,0
DA:158,0
DA:161,0
DA:162,0
DA:163,0
DA:164,0
DA:165,2
DA:167,2
DA:168,0
DA:169,0
DA:172,0
DA:173,0
DA:174,0
DA:175,2
DA:177,2
DA:178,2
DA:179,2
DA:182,1
DA:183,1
DA:184,1
DA:185,1
DA:186,1
DA:187,1
DA:188,1
DA:189,1
DA:191,1
DA:192,1
DA:193,1
DA:195,1
DA:196,1
DA:197,1
DA:200,1
DA:201,1
DA:202,1
DA:203,1
DA:204,1
DA:205,1
DA:207,1
DA:208,1
DA:209,1
DA:211,1
DA:212,4
DA:213,4
DA:214,4
DA:215,4
DA:216,4
DA:217,4
DA:218,1
DA:221,1
DA:223,1
DA:224,0
DA:225,0
DA:226,1
DA:229,1
DA:230,1
DA:231,1
DA:233,1
DA:234,0
DA:235,0
DA:238,0
DA:239,1
DA:241,1
DA:242,0
DA:243,0
DA:246,0
DA:247,1
DA:249,1
DA:250,1
DA:251,1
DA:254,2
DA:255,2
DA:256,2
DA:257,2
DA:258,2
DA:259,2
DA:260,2
DA:261,2
DA:262,2
DA:264,2
DA:266,2
DA:267,2
DA:269,2
DA:270,0
DA:272,2
DA:275,2
DA:276,2
DA:279,2
DA:280,2
DA:281,10
DA:282,10
DA:283,10
DA:284,12
DA:285,10
DA:286,2
DA:288,2
DA:290,2
DA:291,2
DA:292,1
DA:293,1
DA:295,1
DA:296,0
DA:297,0
DA:298,0
DA:299,1
DA:300,1
DA:301,1
DA:302,1
DA:305,2
DA:306,2
DA:309,1
DA:310,1
DA:311,1
DA:312,1
DA:313,1
DA:314,1
DA:315,1
DA:316,1
DA:317,1
DA:318,1
DA:319,1
DA:323,0
DA:324,0
DA:325,0
DA:326,0
DA:327,0
DA:328,0
DA:329,0
DA:330,0
DA:331,0
DA:333,10
DA:334,10
DA:335,34
DA:336,24
DA:337,24
DA:338,24
DA:339,10
DA:340,10
DA:342,46
DA:343,46
DA:344,46
DA:345,44
DA:346,42
DA:347,35
DA:348,7
DA:350,46
DA:351,46
DA:353,8
DA:354,8
DA:355,8
DA:357,12
DA:358,12
DA:359,12
DA:361,14
DA:362,14
DA:363,33
DA:364,19
DA:365,19
DA:366,14
DA:367,12
DA:368,8
DA:369,2
DA:370,0
DA:371,0
DA:372,0
DA:373,0
DA:374,0
DA:375,0
DA:376,0
DA:377,0
DA:378,0
DA:379,0
DA:380,0
DA:381,0
DA:384,14
DA:385,14
DA:387,2
DA:388,2
DA:389,2
DA:390,2
DA:391,2
DA:392,2
DA:393,2
DA:394,2
DA:396,2
DA:397,2
DA:399,0
DA:400,0
DA:401,0
DA:402,0
DA:404,0
DA:405,0
DA:406,0
DA:407,0
DA:408,0
DA:409,0
DA:410,0
DA:412,0
DA:414,0
DA:415,0
DA:417,3
DA:418,3
DA:419,3
DA:420,3
DA:421,3
DA:423,3
DA:424,3
DA:425,3
DA:426,3
DA:429,3
DA:430,3
DA:431,3
DA:432,3
DA:434,11
DA:435,8
DA:436,8
DA:437,8
DA:438,8
DA:439,1
DA:440,0
DA:445,3
DA:446,0
DA:447,0
DA:448,0
DA:449,0
DA:450,0
DA:451,0
DA:452,0
DA:453,0
DA:454,0
DA:455,0
DA:456,0
DA:457,0
DA:458,0
DA:459,0
DA:460,0
DA:461,3
DA:463,3
DA:464,0
DA:465,0
DA:466,0
DA:467,0
DA:468,0
DA:469,0
DA:470,0
DA:471,0
DA:472,0
DA:473,0
DA:474,0
DA:475,0
DA:476,0
DA:477,0
DA:478,0
DA:479,3
DA:481,3
DA:482,2
DA:483,2
DA:484,2
DA:485,2
DA:486,2
DA:487,9
DA:488,7
DA:489,7
DA:490,7
DA:491,7
DA:492,7
DA:493,7
DA:494,7
DA:495,7
DA:496,2
DA:497,1
DA:499,3
DA:500,1
DA:501,1
DA:502,1
DA:503,1
DA:504,1
DA:505,1
DA:506,1
DA:507,1
DA:508,1
DA:509,1
DA:510,1
DA:511,1
DA:512,1
DA:513,1
DA:514,1
DA:515,1
DA:516,0
DA:517,0
DA:518,0
DA:519,0
DA:520,1
DA:521,1
DA:522,2
DA:525,3
DA:526,3
DA:527,3
DA:528,3
DA:529,3
DA:530,3
DA:531,3
DA:532,3
DA:533,3
DA:534,3
DA:535,3
DA:536,3
DA:537,3
DA:538,3
DA:539,3
DA:540,3
DA:541,3
DA:542,3
DA:544,3
DA:545,3
DA:552,2
DA:553,2
DA:554,2
DA:556,2
DA:557,2
DA:558,2
DA:559,2
DA:560,2
DA:561,2
DA:564,2
DA:565,2
DA:566,2
DA:567,2
DA:568,2
DA:569,2
DA:570,2
DA:573,2
DA:574,2
DA:575,2
DA:576,2
DA:577,2
DA:578,2
DA:581,2
DA:582,2
DA:583,2
DA:584,2
DA:585,2
DA:586,2
DA:587,2
DA:588,2
DA:591,2
DA:592,2
DA:593,2
DA:594,2
DA:595,2
DA:598,2
DA:599,2
DA:600,2
DA:601,2
DA:602,2
DA:603,2
DA:604,2
DA:607,12
DA:608,10
DA:609,10
DA:611,24
DA:612,14
DA:613,14
DA:614,0
DA:620,2
BRF:0
BRH:0
LF:464
LH:325
end_of_record
SF:/workspaces/code-guardian/crates/cli/src/report_handlers.rs
FN:24,_RNvNtCshoqIYLkrHeT_17code_guardian_cli15report_handlers13get_formatter
FN:10,_RNvNtCshoqIYLkrHeT_17code_guardian_cli15report_handlers13handle_report
FN:24,_RNvNtCsgimKw6a9lVo_17code_guardian_cli15report_handlers13get_formatter
FN:10,_RNvNtCsgimKw6a9lVo_17code_guardian_cli15report_handlers13handle_report
FN:24,_RNvNtCsgQs3o3Q9Pso_17code_guardian_cli15report_handlers13get_formatter
FN:10,_RNvNtCsgQs3o3Q9Pso_17code_guardian_cli15report_handlers13handle_report
FNDA:9,_RNvNtCshoqIYLkrHeT_17code_guardian_cli15report_handlers13get_formatter
FNDA:7,_RNvNtCshoqIYLkrHeT_17code_guardian_cli15report_handlers13handle_report
FNDA:0,_RNvNtCsgimKw6a9lVo_17code_guardian_cli15report_handlers13get_formatter
FNDA:0,_RNvNtCsgimKw6a9lVo_17code_guardian_cli15report_handlers13handle_report
FNDA:0,_RNvNtCsgQs3o3Q9Pso_17code_guardian_cli15report_handlers13get_formatter
FNDA:0,_RNvNtCsgQs3o3Q9Pso_17code_guardian_cli15report_handlers13handle_report
FNF:2
FNH:2
DA:10,7
DA:11,7
DA:12,6
DA:13,6
DA:14,6
DA:15,6
DA:16,5
DA:17,5
DA:18,5
DA:19,1
DA:21,6
DA:22,7
DA:24,9
DA:25,9
DA:26,9
DA:27,6
DA:28,4
DA:29,3
DA:30,2
DA:31,1
DA:33,9
BRF:0
BRH:0
LF:21
LH:21
end_of_record
SF:/workspaces/code-guardian/crates/cli/src/scan_handlers.rs
FN:32,_RNvNtCshoqIYLkrHeT_17code_guardian_cli13scan_handlers11handle_scan
FN:143,_RNCNCNCNvNtCshoqIYLkrHeT_17code_guardian_cli13scan_handlers11handle_scan0s_00B9_
FN:61,_RNCNCNvNtCshoqIYLkrHeT_17code_guardian_cli13scan_handlers11handle_scan00B7_
FN:176,_RNCNCNvNtCshoqIYLkrHeT_17code_guardian_cli13scan_handlers11handle_scan0s0_0B7_
FN:142,_RNCNCNvNtCshoqIYLkrHeT_17code_guardian_cli13scan_handlers11handle_scan0s_0B7_
FN:32,_RNCNvNtCshoqIYLkrHeT_17code_guardian_cli13scan_handlers11handle_scan0B5_
FN:143,_RNCNCNCNvNtCsgimKw6a9lVo_17code_guardian_cli13scan_handlers11handle_scan0s_00B9_
FN:61,_RNCNCNvNtCsgimKw6a9lVo_17code_guardian_cli13scan_handlers11handle_scan00B7_
FN:176,_RNCNCNvNtCsgimKw6a9lVo_17code_guardian_cli13scan_handlers11handle_scan0s0_0B7_
FN:142,_RNCNCNvNtCsgimKw6a9lVo_17code_guardian_cli13scan_handlers11handle_scan0s_0B7_
FN:32,_RNCNvNtCsgimKw6a9lVo_17code_guardian_cli13scan_handlers11handle_scan0B5_
FN:32,_RNvNtCsgimKw6a9lVo_17code_guardian_cli13scan_handlers11handle_scan
FN:143,_RNCNCNCNvNtCsgQs3o3Q9Pso_17code_guardian_cli13scan_handlers11handle_scan0s_00B9_
FN:61,_RNCNCNvNtCsgQs3o3Q9Pso_17code_guardian_cli13scan_handlers11handle_scan00B7_
FN:176,_RNCNCNvNtCsgQs3o3Q9Pso_17code_guardian_cli13scan_handlers11handle_scan0s0_0B7_
FN:142,_RNCNCNvNtCsgQs3o3Q9Pso_17code_guardian_cli13scan_handlers11handle_scan0s_0B7_
FN:32,_RNCNvNtCsgQs3o3Q9Pso_17code_guardian_cli13scan_handlers11handle_scan0B5_
FN:32,_RNvNtCsgQs3o3Q9Pso_17code_guardian_cli13scan_handlers11handle_scan
FNDA:9,_RNvNtCshoqIYLkrHeT_17code_guardian_cli13scan_handlers11handle_scan
FNDA:3,_RNCNCNCNvNtCshoqIYLkrHeT_17code_guardian_cli13scan_handlers11handle_scan0s_00B9_
FNDA:0,_RNCNCNvNtCshoqIYLkrHeT_17code_guardian_cli13scan_handlers11handle_scan00B7_
FNDA:0,_RNCNCNvNtCshoqIYLkrHeT_17code_guardian_cli13scan_handlers11handle_scan0s0_0B7_
FNDA:3,_RNCNCNvNtCshoqIYLkrHeT_17code_guardian_cli13scan_handlers11handle_scan0s_0B7_
FNDA:9,_RNCNvNtCshoqIYLkrHeT_17code_guardian_cli13scan_handlers11handle_scan0B5_
FNDA:0,_RNCNCNCNvNtCsgimKw6a9lVo_17code_guardian_cli13scan_handlers11handle_scan0s_00B9_
FNDA:0,_RNCNCNvNtCsgimKw6a9lVo_17code_guardian_cli13scan_handlers11handle_scan00B7_
FNDA:0,_RNCNCNvNtCsgimKw6a9lVo_17code_guardian_cli13scan_handlers11handle_scan0s0_0B7_
FNDA:0,_RNCNCNvNtCsgimKw6a9lVo_17code_guardian_cli13scan_handlers11handle_scan0s_0B7_
FNDA:0,_RNCNvNtCsgimKw6a9lVo_17code_guardian_cli13scan_handlers11handle_scan0B5_
FNDA:0,_RNvNtCsgimKw6a9lVo_17code_guardian_cli13scan_handlers11handle_scan
FNDA:0,_RNCNCNCNvNtCsgQs3o3Q9Pso_17code_guardian_cli13scan_handlers11handle_scan0s_00B9_
FNDA:0,_RNCNCNvNtCsgQs3o3Q9Pso_17code_guardian_cli13scan_handlers11handle_scan00B7_
FNDA:0,_RNCNCNvNtCsgQs3o3Q9Pso_17code_guardian_cli13scan_handlers11handle_scan0s0_0B7_
FNDA:0,_RNCNCNvNtCsgQs3o3Q9Pso_17code_guardian_cli13scan_handlers11handle_scan0s_0B7_
FNDA:0,_RNCNvNtCsgQs3o3Q9Pso_17code_guardian_cli13scan_handlers11handle_scan0B5_
FNDA:0,_RNvNtCsgQs3o3Q9Pso_17code_guardian_cli13scan_handlers11handle_scan
FNF:6
FNH:4
DA:32,9
DA:33,9
DA:34,1
DA:35,1
DA:36,1
DA:37,1
DA:38,8
DA:39,8
DA:40,0
DA:41,0
DA:42,0
DA:43,0
DA:44,8
DA:45,8
DA:47,8
DA:48,0
DA:49,8
DA:50,8
DA:51,0
DA:52,8
DA:53,8
DA:54,0
DA:55,8
DA:56,8
DA:57,0
DA:58,8
DA:59,8
DA:60,8
DA:61,8
DA:62,8
DA:65,8
DA:66,8
DA:67,1
DA:68,1
DA:69,7
DA:72,8
DA:75,8
DA:76,8
DA:77,1
DA:78,1
DA:79,1
DA:80,1
DA:81,1
DA:82,7
DA:84,8
DA:85,1
DA:86,1
DA:87,1
DA:89,7
DA:92,8
DA:94,1
DA:95,0
DA:96,1
DA:98,1
DA:99,1
DA:100,1
DA:103,0
DA:104,0
DA:105,0
DA:106,0
DA:107,0
DA:108,0
DA:109,0
DA:110,0
DA:112,0
DA:113,7
DA:115,1
DA:116,0
DA:117,1
DA:119,1
DA:122,5
DA:123,4
DA:124,4
DA:125,4
DA:126,4
DA:127,4
DA:128,4
DA:129,4
DA:130,4
DA:131,4
DA:132,4
DA:135,2
DA:136,2
DA:137,2
DA:140,1
DA:141,1
DA:142,3
DA:143,3
DA:144,3
DA:145,2
DA:147,1
DA:149,3
DA:150,3
DA:151,1
DA:153,1
DA:154,1
DA:157,1
DA:158,1
DA:159,1
DA:160,1
DA:161,1
DA:162,1
DA:163,1
DA:164,1
DA:166,1
DA:167,6
DA:169,0
DA:170,0
DA:171,0
DA:173,0
DA:174,0
DA:176,0
DA:177,0
DA:178,0
DA:179,0
DA:181,0
DA:182,6
DA:184,2
DA:185,0
DA:186,2
DA:188,2
DA:189,2
DA:190,2
DA:193,4
DA:194,1
DA:195,3
DA:197,4
DA:198,4
DA:199,4
DA:202,7
DA:203,1
DA:204,6
DA:205,7
DA:206,7
DA:207,7
DA:208,7
DA:209,7
DA:210,7
DA:211,7
DA:212,7
DA:213,7
DA:216,7
DA:217,1
DA:218,1
DA:219,1
DA:220,1
DA:221,1
DA:222,1
DA:224,1
DA:225,1
DA:226,1
DA:227,1
DA:228,1
DA:230,1
DA:231,1
DA:232,1
DA:233,1
DA:234,1
DA:235,1
DA:238,0
DA:239,1
DA:240,6
DA:242,7
DA:243,7
DA:244,7
DA:245,9
BRF:0
BRH:0
LF:172
LH:138
end_of_record
SF:/workspaces/code-guardian/crates/cli/src/stack_presets.rs
FN:7,_RNvNtCshoqIYLkrHeT_17code_guardian_cli13stack_presets19handle_stack_preset
FN:7,_RNvNtCsgimKw6a9lVo_17code_guardian_cli13stack_presets19handle_stack_preset
FN:7,_RNvNtCsgQs3o3Q9Pso_17code_guardian_cli13stack_presets19handle_stack_preset
FNDA:0,_RNvNtCshoqIYLkrHeT_17code_guardian_cli13stack_presets19handle_stack_preset
FNDA:0,_RNvNtCsgimKw6a9lVo_17code_guardian_cli13stack_presets19handle_stack_preset
FNDA:0,_RNvNtCsgQs3o3Q9Pso_17code_guardian_cli13stack_presets19handle_stack_preset
FNF:1
FNH:0
DA:7,0
DA:8,0
DA:9,0
DA:10,0
DA:11,0
DA:12,0
DA:13,0
DA:14,0
DA:15,0
DA:16,0
DA:18,0
DA:20,0
DA:21,0
DA:22,0
DA:23,0
DA:24,0
DA:25,0
DA:26,0
DA:27,0
DA:29,0
DA:31,0
DA:32,0
DA:33,0
DA:34,0
DA:35,0
DA:36,0
DA:37,0
DA:38,0
DA:40,0
DA:42,0
DA:43,0
DA:44,0
DA:45,0
DA:46,0
DA:47,0
DA:48,0
DA:50,0
DA:52,0
DA:53,0
DA:54,0
DA:55,0
DA:56,0
DA:57,0
DA:59,0
DA:62,0
BRF:0
BRH:0
LF:45
LH:0
end_of_record
SF:/workspaces/code-guardian/crates/cli/src/utils.rs
FN:6,_RNCNvNtCshoqIYLkrHeT_17code_guardian_cli5utils11get_db_path0B5_
FN:5,_RNvNtCshoqIYLkrHeT_17code_guardian_cli5utils11get_db_path
FN:10,_RNvNtCshoqIYLkrHeT_17code_guardian_cli5utils26get_detectors_from_profile
FN:41,_RNvNtNtCsgimKw6a9lVo_17code_guardian_cli5utils5testss_26test_get_db_path_with_none
FN:34,_RNvNtNtCsgimKw6a9lVo_17code_guardian_cli5utils5testss_35test_get_db_path_with_provided_path
FN:90,_RNvNtNtCsgimKw6a9lVo_17code_guardian_cli5utils5testss_36test_get_detectors_from_profile_rust
FN:47,_RNvNtNtCsgimKw6a9lVo_17code_guardian_cli5utils5testss_37test_get_detectors_from_profile_basic
FN:99,_RNvNtNtCsgimKw6a9lVo_17code_guardian_cli5utils5testss_39test_get_detectors_from_profile_unknown
FN:117,_RNvNtNtCsgimKw6a9lVo_17code_guardian_cli5utils5testss_40test_all_profiles_return_valid_detectors
FN:72,_RNvNtNtCsgimKw6a9lVo_17code_guardian_cli5utils5testss_40test_get_detectors_from_profile_security
FN:81,_RNvNtNtCsgimKw6a9lVo_17code_guardian_cli5utils5testss_43test_get_detectors_from_profile_performance
FN:56,_RNvNtNtCsgimKw6a9lVo_17code_guardian_cli5utils5testss_45test_get_detectors_from_profile_comprehensive
FN:6,_RNCNvNtCsgimKw6a9lVo_17code_guardian_cli5utils11get_db_path0B5_
FN:5,_RNvNtCsgimKw6a9lVo_17code_guardian_cli5utils11get_db_path
FN:10,_RNvNtCsgimKw6a9lVo_17code_guardian_cli5utils26get_detectors_from_profile
FN:41,_RNvNtNtCsgQs3o3Q9Pso_17code_guardian_cli5utils5testss_26test_get_db_path_with_none
FN:34,_RNvNtNtCsgQs3o3Q9Pso_17code_guardian_cli5utils5testss_35test_get_db_path_with_provided_path
FN:90,_RNvNtNtCsgQs3o3Q9Pso_17code_guardian_cli5utils5testss_36test_get_detectors_from_profile_rust
FN:47,_RNvNtNtCsgQs3o3Q9Pso_17code_guardian_cli5utils5testss_37test_get_detectors_from_profile_basic
FN:99,_RNvNtNtCsgQs3o3Q9Pso_17code_guardian_cli5utils5testss_39test_get_detectors_from_profile_unknown
FN:117,_RNvNtNtCsgQs3o3Q9Pso_17code_guardian_cli5utils5testss_40test_all_profiles_return_valid_detectors
FN:72,_RNvNtNtCsgQs3o3Q9Pso_17code_guardian_cli5utils5testss_40test_get_detectors_from_profile_security
FN:81,_RNvNtNtCsgQs3o3Q9Pso_17code_guardian_cli5utils5testss_43test_get_detectors_from_profile_performance
FN:56,_RNvNtNtCsgQs3o3Q9Pso_17code_guardian_cli5utils5testss_45test_get_detectors_from_profile_comprehensive
FN:5,_RNvNtCsgQs3o3Q9Pso_17code_guardian_cli5utils11get_db_path
FN:10,_RNvNtCsgQs3o3Q9Pso_17code_guardian_cli5utils26get_detectors_from_profile
FN:6,_RNCNvNtCsgQs3o3Q9Pso_17code_guardian_cli5utils11get_db_path0B5_
FN:6,_RNCNvNtCsfOw0rCTHWqY_17code_guardian_cli5utils11get_db_path0B5_
FN:5,_RNvNtCsfOw0rCTHWqY_17code_guardian_cli5utils11get_db_path
FN:10,_RNvNtCsfOw0rCTHWqY_17code_guardian_cli5utils26get_detectors_from_profile
FNDA:0,_RNCNvNtCshoqIYLkrHeT_17code_guardian_cli5utils11get_db_path0B5_
FNDA:9,_RNvNtCshoqIYLkrHeT_17code_guardian_cli5utils11get_db_path
FNDA:9,_RNvNtCshoqIYLkrHeT_17code_guardian_cli5utils26get_detectors_from_profile
FNDA:1,_RNvNtNtCsgimKw6a9lVo_17code_guardian_cli5utils5testss_26test_get_db_path_with_none
FNDA:1,_RNvNtNtCsgimKw6a9lVo_17code_guardian_cli5utils5testss_35test_get_db_path_with_provided_path
FNDA:1,_RNvNtNtCsgimKw6a9lVo_17code_guardian_cli5utils5testss_36test_get_detectors_from_profile_rust
FNDA:1,_RNvNtNtCsgimKw6a9lVo_17code_guardian_cli5utils5testss_37test_get_detectors_from_profile_basic
FNDA:1,_RNvNtNtCsgimKw6a9lVo_17code_guardian_cli5utils5testss_39test_get_detectors_from_profile_unknown
FNDA:1,_RNvNtNtCsgimKw6a9lVo_17code_guardian_cli5utils5testss_40test_all_profiles_return_valid_detectors
FNDA:1,_RNvNtNtCsgimKw6a9lVo_17code_guardian_cli5utils5testss_40test_get_detectors_from_profile_security
FNDA:1,_RNvNtNtCsgimKw6a9lVo_17code_guardian_cli5utils5testss_43test_get_detectors_from_profile_performance
FNDA:1,_RNvNtNtCsgimKw6a9lVo_17code_guardian_cli5utils5testss_45test_get_detectors_from_profile_comprehensive
FNDA:1,_RNCNvNtCsgimKw6a9lVo_17code_guardian_cli5utils11get_db_path0B5_
FNDA:2,_RNvNtCsgimKw6a9lVo_17code_guardian_cli5utils11get_db_path
FNDA:13,_RNvNtCsgimKw6a9lVo_17code_guardian_cli5utils26get_detectors_from_profile
FNDA:1,_RNvNtNtCsgQs3o3Q9Pso_17code_guardian_cli5utils5testss_26test_get_db_path_with_none
FNDA:1,_RNvNtNtCsgQs3o3Q9Pso_17code_guardian_cli5utils5testss_35test_get_db_path_with_provided_path
FNDA:1,_RNvNtNtCsgQs3o3Q9Pso_17code_guardian_cli5utils5testss_36test_get_detectors_from_profile_rust
FNDA:1,_RNvNtNtCsgQs3o3Q9Pso_17code_guardian_cli5utils5testss_37test_get_detectors_from_profile_basic
FNDA:1,_RNvNtNtCsgQs3o3Q9Pso_17code_guardian_cli5utils5testss_39test_get_detectors_from_profile_unknown
FNDA:1,_RNvNtNtCsgQs3o3Q9Pso_17code_guardian_cli5utils5testss_40test_all_profiles_return_valid_detectors
FNDA:1,_RNvNtNtCsgQs3o3Q9Pso_17code_guardian_cli5utils5testss_40test_get_detectors_from_profile_security
FNDA:1,_RNvNtNtCsgQs3o3Q9Pso_17code_guardian_cli5utils5testss_43test_get_detectors_from_profile_performance
FNDA:1,_RNvNtNtCsgQs3o3Q9Pso_17code_guardian_cli5utils5testss_45test_get_detectors_from_profile_comprehensive
FNDA:2,_RNvNtCsgQs3o3Q9Pso_17code_guardian_cli5utils11get_db_path
FNDA:13,_RNvNtCsgQs3o3Q9Pso_17code_guardian_cli5utils26get_detectors_from_profile
FNDA:1,_RNCNvNtCsgQs3o3Q9Pso_17code_guardian_cli5utils11get_db_path0B5_
FNDA:1,_RNCNvNtCsfOw0rCTHWqY_17code_guardian_cli5utils11get_db_path0B5_
FNDA:3,_RNvNtCsfOw0rCTHWqY_17code_guardian_cli5utils11get_db_path
FNDA:4,_RNvNtCsfOw0rCTHWqY_17code_guardian_cli5utils26get_detectors_from_profile
FNF:12
FNH:12
DA:5,16
DA:6,16
DA:7,16
DA:10,39
DA:11,39
DA:12,39
DA:13,23
DA:14,17
DA:15,12
DA:16,7
DA:17,3
DA:18,3
DA:19,3
DA:20,3
DA:22,3
DA:23,3
DA:26,39
DA:34,2
DA:35,2
DA:36,2
DA:37,2
DA:38,2
DA:41,2
DA:42,2
DA:43,2
DA:44,2
DA:47,2
DA:48,2
DA:49,2
DA:50,2
DA:51,0
DA:53,2
DA:56,2
DA:57,2
DA:58,2
DA:59,2
DA:60,0
DA:64,2
DA:65,2
DA:66,2
DA:67,0
DA:69,2
DA:72,2
DA:73,2
DA:74,2
DA:75,2
DA:76,0
DA:78,2
DA:81,2
DA:82,2
DA:83,2
DA:84,2
DA:85,0
DA:87,2
DA:90,2
DA:91,2
DA:92,2
DA:93,2
DA:94,0
DA:96,2
DA:99,2
DA:101,2
DA:102,2
DA:103,2
DA:104,0
DA:108,2
DA:109,2
DA:110,2
DA:111,2
DA:112,0
DA:114,2
DA:117,2
DA:118,2
DA:120,12
DA:121,10
DA:122,10
DA:123,10
DA:124,0
DA:128,2
BRF:0
BRH:0
LF:80
LH:71
end_of_record
SF:/workspaces/code-guardian/crates/core/src/benchmark_suite.rs
FN:392,_RNCNvMs_NtCsfJRcgPBDhwm_18code_guardian_core15benchmark_suiteNtB6_14BenchmarkSuite18run_streaming_scan0B8_
FN:392,_RNCNvMs_NtCskJoBnaHqKuS_18code_guardian_core15benchmark_suiteNtB6_14BenchmarkSuite18run_streaming_scan0B8_
FN:177,_RNvMNtCskJoBnaHqKuS_18code_guardian_core15benchmark_suiteNtB2_23BenchmarkConfigurations13large_project
FN:87,_RNvMNtCskJoBnaHqKuS_18code_guardian_core15benchmark_suiteNtB2_23BenchmarkConfigurations13small_project
FN:132,_RNvMNtCskJoBnaHqKuS_18code_guardian_core15benchmark_suiteNtB2_23BenchmarkConfigurations14medium_project
FN:222,_RNvMNtCskJoBnaHqKuS_18code_guardian_core15benchmark_suiteNtB2_23BenchmarkConfigurations20regression_detection
FN:536,_RNvMs_NtCskJoBnaHqKuS_18code_guardian_core15benchmark_suiteNtB4_14BenchmarkSuite13print_summary
FN:351,_RNvMs_NtCskJoBnaHqKuS_18code_guardian_core15benchmark_suiteNtB4_14BenchmarkSuite14run_basic_scan
FN:245,_RNvMs_NtCskJoBnaHqKuS_18code_guardian_core15benchmark_suiteNtB4_14BenchmarkSuite14run_benchmarks
FN:573,_RNvMs_NtCskJoBnaHqKuS_18code_guardian_core15benchmark_suiteNtB4_14BenchmarkSuite16get_memory_usage
FN:504,_RNvMs_NtCskJoBnaHqKuS_18code_guardian_core15benchmark_suiteNtB4_14BenchmarkSuite17detect_regression
FN:374,_RNvMs_NtCskJoBnaHqKuS_18code_guardian_core15benchmark_suiteNtB4_14BenchmarkSuite18run_optimized_scan
FN:389,_RNvMs_NtCskJoBnaHqKuS_18code_guardian_core15benchmark_suiteNtB4_14BenchmarkSuite18run_streaming_scan
FN:563,_RNvMs_NtCskJoBnaHqKuS_18code_guardian_core15benchmark_suiteNtB4_14BenchmarkSuite19estimate_file_count
FN:407,_RNvMs_NtCskJoBnaHqKuS_18code_guardian_core15benchmark_suiteNtB4_14BenchmarkSuite19run_large_file_test
FN:452,_RNvMs_NtCskJoBnaHqKuS_18code_guardian_core15benchmark_suiteNtB4_14BenchmarkSuite19run_regression_test
FN:298,_RNvMs_NtCskJoBnaHqKuS_18code_guardian_core15benchmark_suiteNtB4_14BenchmarkSuite20run_single_benchmark
FN:363,_RNvMs_NtCskJoBnaHqKuS_18code_guardian_core15benchmark_suiteNtB4_14BenchmarkSuite22run_comprehensive_scan
FN:425,_RNvMs_NtCskJoBnaHqKuS_18code_guardian_core15benchmark_suiteNtB4_14BenchmarkSuite25run_cache_efficiency_test
FN:413,_RNvMs_NtCskJoBnaHqKuS_18code_guardian_core15benchmark_suiteNtB4_14BenchmarkSuite25run_many_small_files_test
FN:419,_RNvMs_NtCskJoBnaHqKuS_18code_guardian_core15benchmark_suiteNtB4_14BenchmarkSuite25run_memory_intensive_test
FN:515,_RNvMs_NtCskJoBnaHqKuS_18code_guardian_core15benchmark_suiteNtB4_14BenchmarkSuite26identify_improvement_areas
FN:482,_RNvMs_NtCskJoBnaHqKuS_18code_guardian_core15benchmark_suiteNtB4_14BenchmarkSuite27calculate_performance_score
FN:446,_RNvMs_NtCskJoBnaHqKuS_18code_guardian_core15benchmark_suiteNtB4_14BenchmarkSuite28run_parallel_processing_test
FN:458,_RNvMs_NtCskJoBnaHqKuS_18code_guardian_core15benchmark_suiteNtB4_14BenchmarkSuite30check_performance_expectations
FN:469,_RNvMs_NtCskJoBnaHqKuS_18code_guardian_core15benchmark_suiteNtB4_14BenchmarkSuite35calculate_overall_performance_score
FN:580,_RNvXs0_NtCskJoBnaHqKuS_18code_guardian_core15benchmark_suiteNtB5_16BenchmarkSummaryNtNtCs66KPHxksi63_4core7default7Default7default
FN:177,_RNvMNtCsfJRcgPBDhwm_18code_guardian_core15benchmark_suiteNtB2_23BenchmarkConfigurations13large_project
FN:87,_RNvMNtCsfJRcgPBDhwm_18code_guardian_core15benchmark_suiteNtB2_23BenchmarkConfigurations13small_project
FN:132,_RNvMNtCsfJRcgPBDhwm_18code_guardian_core15benchmark_suiteNtB2_23BenchmarkConfigurations14medium_project
FN:222,_RNvMNtCsfJRcgPBDhwm_18code_guardian_core15benchmark_suiteNtB2_23BenchmarkConfigurations20regression_detection
FN:536,_RNvMs_NtCsfJRcgPBDhwm_18code_guardian_core15benchmark_suiteNtB4_14BenchmarkSuite13print_summary
FN:351,_RNvMs_NtCsfJRcgPBDhwm_18code_guardian_core15benchmark_suiteNtB4_14BenchmarkSuite14run_basic_scan
FN:245,_RNvMs_NtCsfJRcgPBDhwm_18code_guardian_core15benchmark_suiteNtB4_14BenchmarkSuite14run_benchmarks
FN:573,_RNvMs_NtCsfJRcgPBDhwm_18code_guardian_core15benchmark_suiteNtB4_14BenchmarkSuite16get_memory_usage
FN:504,_RNvMs_NtCsfJRcgPBDhwm_18code_guardian_core15benchmark_suiteNtB4_14BenchmarkSuite17detect_regression
FN:374,_RNvMs_NtCsfJRcgPBDhwm_18code_guardian_core15benchmark_suiteNtB4_14BenchmarkSuite18run_optimized_scan
FN:389,_RNvMs_NtCsfJRcgPBDhwm_18code_guardian_core15benchmark_suiteNtB4_14BenchmarkSuite18run_streaming_scan
FN:563,_RNvMs_NtCsfJRcgPBDhwm_18code_guardian_core15benchmark_suiteNtB4_14BenchmarkSuite19estimate_file_count
FN:407,_RNvMs_NtCsfJRcgPBDhwm_18code_guardian_core15benchmark_suiteNtB4_14BenchmarkSuite19run_large_file_test
FN:452,_RNvMs_NtCsfJRcgPBDhwm_18code_guardian_core15benchmark_suiteNtB4_14BenchmarkSuite19run_regression_test
FN:298,_RNvMs_NtCsfJRcgPBDhwm_18code_guardian_core15benchmark_suiteNtB4_14BenchmarkSuite20run_single_benchmark
FN:363,_RNvMs_NtCsfJRcgPBDhwm_18code_guardian_core15benchmark_suiteNtB4_14BenchmarkSuite22run_comprehensive_scan
[...]
FN:163,_RNCNvNtNtNtCsBR1UMKBS3w_20code_guardian_output10formatters4html14proptest_tests9arb_match0B9_
FN:108,_RNvNtNtNtCsBR1UMKBS3w_20code_guardian_output10formatters4html5testss_16test_html_escape
FN:89,_RNvNtNtNtCsBR1UMKBS3w_20code_guardian_output10formatters4html5testss_17test_single_match
FN:79,_RNvNtNtNtCsBR1UMKBS3w_20code_guardian_output10formatters4html5testss_18test_empty_matches
FN:123,_RNvNtNtNtCsBR1UMKBS3w_20code_guardian_output10formatters4html5testss_21test_multiple_matches
FNDA:3,_RNvNtNtCs7G9F4ZuLK4U_20code_guardian_output10formatters4html11html_escape
FNDA:1,_RNvXNtNtCs7G9F4ZuLK4U_20code_guardian_output10formatters4htmlNtB2_13HtmlFormatterNtB4_9Formatter6format
FNDA:1,_RNvNtNtNtCsBR1UMKBS3w_20code_guardian_output10formatters4html14proptest_tests9arb_match
FNDA:3555,_RNvNtNtCsBR1UMKBS3w_20code_guardian_output10formatters4html11html_escape
FNDA:263,_RNvXNtNtCsBR1UMKBS3w_20code_guardian_output10formatters4htmlNtB2_13HtmlFormatterNtB4_9Formatter6format
FNDA:1178,_RNCNvNtNtNtCsBR1UMKBS3w_20code_guardian_output10formatters4html14proptest_tests9arb_match0B9_
FNDA:1,_RNvNtNtNtCsBR1UMKBS3w_20code_guardian_output10formatters4html5testss_16test_html_escape
FNDA:1,_RNvNtNtNtCsBR1UMKBS3w_20code_guardian_output10formatters4html5testss_17test_single_match
FNDA:1,_RNvNtNtNtCsBR1UMKBS3w_20code_guardian_output10formatters4html5testss_18test_empty_matches
FNDA:1,_RNvNtNtNtCsBR1UMKBS3w_20code_guardian_output10formatters4html5testss_21test_multiple_matches
FNF:8
FNH:8
DA:9,264
DA:10,264
DA:38,264
DA:39,24
DA:40,24
DA:41,1426
DA:42,1186
DA:43,1186
DA:44,1186
DA:45,1186
DA:46,1186
DA:47,1186
DA:48,1186
DA:49,1186
DA:50,1186
DA:53,264
DA:54,264
DA:55,264
DA:56,264
DA:57,264
DA:58,264
DA:61,264
DA:62,264
DA:66,3558
DA:67,3558
DA:68,3558
DA:69,3558
DA:70,3558
DA:71,3558
DA:72,3558
DA:79,1
DA:80,1
DA:81,1
DA:82,1
DA:83,1
DA:84,1
DA:85,1
DA:86,1
DA:89,1
DA:90,1
DA:91,1
DA:92,1
DA:93,1
DA:94,1
DA:95,1
DA:96,1
DA:97,1
DA:98,1
DA:99,1
DA:100,1
DA:101,1
DA:102,1
DA:103,1
DA:104,1
DA:105,1
DA:108,1
DA:109,1
DA:110,1
DA:111,1
DA:112,1
DA:113,1
DA:114,1
DA:115,1
DA:116,1
DA:117,1
DA:118,1
DA:119,1
DA:120,1
DA:123,1
DA:124,1
DA:125,1
DA:126,1
DA:127,1
DA:128,1
DA:129,1
DA:130,1
DA:131,1
DA:132,1
DA:133,1
DA:134,1
DA:135,1
DA:136,1
DA:137,1
DA:138,1
DA:139,1
DA:141,1
DA:142,1
DA:143,1
DA:144,1
DA:145,1
DA:146,1
DA:154,1
DA:155,1
DA:156,1
DA:157,1
DA:158,1
DA:159,1
DA:160,1
DA:161,1
DA:162,1
DA:163,1178
DA:164,1178
DA:165,1178
DA:166,1178
DA:167,1178
DA:168,1178
DA:169,1
BRF:0
BRH:0
LF:107
LH:107
end_of_record
SF:/workspaces/code-guardian/crates/output/src/formatters/json.rs
FN:10,_RNCNvXNtNtCs7G9F4ZuLK4U_20code_guardian_output10formatters4jsonNtB4_13JsonFormatterNtB6_9Formatter6format0B8_
FN:9,_RNvXNtNtCs7G9F4ZuLK4U_20code_guardian_output10formatters4jsonNtB2_13JsonFormatterNtB4_9Formatter6format
FN:90,_RNCNvNtNtNtCsBR1UMKBS3w_20code_guardian_output10formatters4json14proptest_tests9arb_match0B9_
FN:81,_RNvNtNtNtCsBR1UMKBS3w_20code_guardian_output10formatters4json14proptest_tests9arb_match
FN:28,_RNvNtNtNtCsBR1UMKBS3w_20code_guardian_output10formatters4json5testss_17test_single_match
FN:20,_RNvNtNtNtCsBR1UMKBS3w_20code_guardian_output10formatters4json5testss_18test_empty_matches
FN:51,_RNvNtNtNtCsBR1UMKBS3w_20code_guardian_output10formatters4json5testss_21test_multiple_matches
FN:9,_RNvXNtNtCsBR1UMKBS3w_20code_guardian_output10formatters4jsonNtB2_13JsonFormatterNtB4_9Formatter6format
FN:10,_RNCNvXNtNtCsBR1UMKBS3w_20code_guardian_output10formatters4jsonNtB4_13JsonFormatterNtB6_9Formatter6format0B8_
FNDA:0,_RNCNvXNtNtCs7G9F4ZuLK4U_20code_guardian_output10formatters4jsonNtB4_13JsonFormatterNtB6_9Formatter6format0B8_
FNDA:2,_RNvXNtNtCs7G9F4ZuLK4U_20code_guardian_output10formatters4jsonNtB2_13JsonFormatterNtB4_9Formatter6format
FNDA:1011,_RNCNvNtNtNtCsBR1UMKBS3w_20code_guardian_output10formatters4json14proptest_tests9arb_match0B9_
FNDA:1,_RNvNtNtNtCsBR1UMKBS3w_20code_guardian_output10formatters4json14proptest_tests9arb_match
FNDA:1,_RNvNtNtNtCsBR1UMKBS3w_20code_guardian_output10formatters4json5testss_17test_single_match
FNDA:1,_RNvNtNtNtCsBR1UMKBS3w_20code_guardian_output10formatters4json5testss_18test_empty_matches
FNDA:1,_RNvNtNtNtCsBR1UMKBS3w_20code_guardian_output10formatters4json5testss_21test_multiple_matches
FNDA:262,_RNvXNtNtCsBR1UMKBS3w_20code_guardian_output10formatters4jsonNtB2_13JsonFormatterNtB4_9Formatter6format
FNDA:0,_RNCNvXNtNtCsBR1UMKBS3w_20code_guardian_output10formatters4jsonNtB4_13JsonFormatterNtB6_9Formatter6format0B8_
FNF:7
FNH:6
DA:9,264
DA:10,264
DA:11,264
DA:20,1
DA:21,1
DA:22,1
DA:23,1
DA:24,1
DA:25,1
DA:28,1
DA:29,1
DA:30,1
DA:31,1
DA:32,1
DA:33,1
DA:34,1
DA:35,1
DA:36,1
DA:37,1
DA:38,1
DA:39,1
DA:40,1
DA:41,1
DA:42,1
DA:43,1
DA:44,1
DA:45,1
DA:46,1
DA:47,1
DA:48,1
DA:51,1
DA:52,1
DA:53,1
DA:54,1
DA:55,1
DA:56,1
DA:57,1
DA:58,1
DA:59,1
DA:60,1
DA:61,1
DA:62,1
DA:63,1
DA:64,1
DA:65,1
DA:66,1
DA:67,1
DA:69,1
DA:71,1
DA:72,1
DA:73,1
DA:81,1
DA:82,1
DA:83,1
DA:84,1
DA:85,1
DA:86,1
DA:87,1
DA:88,1
DA:89,1
DA:90,1011
DA:91,1011
DA:92,1011
DA:93,1011
DA:94,1011
DA:95,1011
DA:96,1
BRF:0
BRH:0
LF:68
LH:67
end_of_record
SF:/workspaces/code-guardian/crates/output/src/formatters/markdown.rs
FN:33,_RNvNtNtCs7G9F4ZuLK4U_20code_guardian_output10formatters8markdown9escape_md
FN:9,_RNvXNtNtCs7G9F4ZuLK4U_20code_guardian_output10formatters8markdownNtB2_17MarkdownFormatterNtB4_9Formatter6format
FN:33,_RNvNtNtCsBR1UMKBS3w_20code_guardian_output10formatters8markdown9escape_md
FN:9,_RNvXNtNtCsBR1UMKBS3w_20code_guardian_output10formatters8markdownNtB2_17MarkdownFormatterNtB4_9Formatter6format
FN:111,_RNvNtNtNtCsBR1UMKBS3w_20code_guardian_output10formatters8markdown14proptest_tests9arb_match
FN:120,_RNCNvNtNtNtCsBR1UMKBS3w_20code_guardian_output10formatters8markdown14proptest_tests9arb_match0B9_
FN:65,_RNvNtNtNtCsBR1UMKBS3w_20code_guardian_output10formatters8markdown5testss_17test_escape_pipes
FN:50,_RNvNtNtNtCsBR1UMKBS3w_20code_guardian_output10formatters8markdown5testss_17test_single_match
FN:42,_RNvNtNtNtCsBR1UMKBS3w_20code_guardian_output10formatters8markdown5testss_18test_empty_matches
FN:80,_RNvNtNtNtCsBR1UMKBS3w_20code_guardian_output10formatters8markdown5testss_21test_multiple_matches
FNDA:3,_RNvNtNtCs7G9F4ZuLK4U_20code_guardian_output10formatters8markdown9escape_md
FNDA:1,_RNvXNtNtCs7G9F4ZuLK4U_20code_guardian_output10formatters8markdownNtB2_17MarkdownFormatterNtB4_9Formatter6format
FNDA:3291,_RNvNtNtCsBR1UMKBS3w_20code_guardian_output10formatters8markdown9escape_md
FNDA:262,_RNvXNtNtCsBR1UMKBS3w_20code_guardian_output10formatters8markdownNtB2_17MarkdownFormatterNtB4_9Formatter6format
FNDA:1,_RNvNtNtNtCsBR1UMKBS3w_20code_guardian_output10formatters8markdown14proptest_tests9arb_match
FNDA:1091,_RNCNvNtNtNtCsBR1UMKBS3w_20code_guardian_output10formatters8markdown14proptest_tests9arb_match0B9_
FNDA:1,_RNvNtNtNtCsBR1UMKBS3w_20code_guardian_output10formatters8markdown5testss_17test_escape_pipes
FNDA:1,_RNvNtNtNtCsBR1UMKBS3w_20code_guardian_output10formatters8markdown5testss_17test_single_match
FNDA:1,_RNvNtNtNtCsBR1UMKBS3w_20code_guardian_output10formatters8markdown5testss_18test_empty_matches
FNDA:1,_RNvNtNtNtCsBR1UMKBS3w_20code_guardian_output10formatters8markdown5testss_21test_multiple_matches
FNF:8
FNH:8
DA:9,263
DA:10,263
DA:11,33
DA:12,230
DA:14,230
DA:15,230
DA:17,1328
DA:18,1098
DA:19,1098
DA:20,1098
DA:21,1098
DA:22,1098
DA:23,1098
DA:24,1098
DA:25,1098
DA:26,1098
DA:28,230
DA:29,263
DA:33,3294
DA:34,3294
DA:35,3294
DA:42,1
DA:43,1
DA:44,1
DA:45,1
DA:46,1
DA:47,1
DA:50,1
DA:51,1
DA:52,1
DA:53,1
DA:54,1
DA:55,1
DA:56,1
DA:57,1
DA:58,1
DA:59,1
DA:60,1
DA:61,1
DA:62,1
DA:65,1
DA:66,1
DA:67,1
DA:68,1
DA:69,1
DA:70,1
DA:71,1
DA:72,1
DA:73,1
DA:74,1
DA:75,1
DA:76,1
DA:77,1
DA:80,1
DA:81,1
DA:82,1
DA:83,1
DA:84,1
DA:85,1
DA:86,1
DA:87,1
DA:88,1
DA:89,1
DA:90,1
DA:91,1
DA:92,1
DA:93,1
DA:94,1
DA:95,1
DA:96,1
DA:98,1
DA:99,1
DA:100,1
DA:101,1
DA:102,1
DA:103,1
DA:111,1
DA:112,1
DA:113,1
DA:114,1
DA:115,1
DA:116,1
DA:117,1
DA:118,1
DA:119,1
DA:120,1091
DA:121,1091
DA:122,1091
DA:123,1091
DA:124,1091
DA:125,1091
DA:126,1
BRF:0
BRH:0
LF:92
LH:92
end_of_record
SF:/workspaces/code-guardian/crates/output/src/formatters/text.rs
FN:9,_RNvXNtNtCs7G9F4ZuLK4U_20code_guardian_output10formatters4textNtB2_13TextFormatterNtB4_9Formatter6format
FN:106,_RNvNtNtNtCsBR1UMKBS3w_20code_guardian_output10formatters4text14proptest_tests9arb_match
FN:9,_RNvXNtNtCsBR1UMKBS3w_20code_guardian_output10formatters4textNtB2_13TextFormatterNtB4_9Formatter6format
FN:115,_RNCNvNtNtNtCsBR1UMKBS3w_20code_guardian_output10formatters4text14proptest_tests9arb_match0B9_
FN:38,_RNvNtNtNtCsBR1UMKBS3w_20code_guardian_output10formatters4text5testss_17test_single_match
FN:30,_RNvNtNtNtCsBR1UMKBS3w_20code_guardian_output10formatters4text5testss_18test_empty_matches
FN:77,_RNvNtNtNtCsBR1UMKBS3w_20code_guardian_output10formatters4text5testss_21test_multiple_matches
FN:53,_RNvNtNtNtCsBR1UMKBS3w_20code_guardian_output10formatters4text5testss_30test_multiple_matches_snapshot
FNDA:9,_RNvXNtNtCs7G9F4ZuLK4U_20code_guardian_output10formatters4textNtB2_13TextFormatterNtB4_9Formatter6format
FNDA:1,_RNvNtNtNtCsBR1UMKBS3w_20code_guardian_output10formatters4text14proptest_tests9arb_match
FNDA:262,_RNvXNtNtCsBR1UMKBS3w_20code_guardian_output10formatters4textNtB2_13TextFormatterNtB4_9Formatter6format
FNDA:1143,_RNCNvNtNtNtCsBR1UMKBS3w_20code_guardian_output10formatters4text14proptest_tests9arb_match0B9_
FNDA:1,_RNvNtNtNtCsBR1UMKBS3w_20code_guardian_output10formatters4text5testss_17test_single_match
FNDA:1,_RNvNtNtNtCsBR1UMKBS3w_20code_guardian_output10formatters4text5testss_18test_empty_matches
FNDA:1,_RNvNtNtNtCsBR1UMKBS3w_20code_guardian_output10formatters4text5testss_21test_multiple_matches
FNDA:1,_RNvNtNtNtCsBR1UMKBS3w_20code_guardian_output10formatters4text5testss_30test_multiple_matches_snapshot
FNF:7
FNH:7
DA:9,271
DA:10,271
DA:11,27
DA:12,244
DA:14,244
DA:15,1407
DA:16,1163
DA:17,1163
DA:18,1163
DA:19,1163
DA:20,1163
DA:21,244
DA:22,271
DA:30,1
DA:31,1
DA:32,1
DA:33,1
DA:34,1
DA:35,1
DA:38,1
DA:39,1
DA:40,1
DA:41,1
DA:42,1
DA:43,1
DA:44,1
DA:45,1
DA:46,1
DA:47,1
DA:48,1
DA:49,1
DA:50,1
DA:53,1
DA:54,1
DA:55,1
DA:56,1
DA:57,1
DA:58,1
DA:59,1
DA:60,1
DA:61,1
DA:62,1
DA:63,1
DA:64,1
DA:65,1
DA:66,1
DA:67,1
DA:68,1
DA:69,1
DA:71,1
DA:72,1
DA:73,1
DA:74,1
DA:77,1
DA:78,1
DA:79,1
DA:80,1
DA:81,1
DA:82,1
DA:83,1
DA:84,1
DA:85,1
DA:86,1
DA:87,1
DA:88,1
DA:89,1
DA:90,1
DA:91,1
DA:92,1
DA:93,1
DA:95,1
DA:96,1
DA:97,1
DA:98,1
DA:106,1
DA:107,1
DA:108,1
DA:109,1
DA:110,1
DA:111,1
DA:112,1
DA:113,1
DA:114,1
DA:115,1143
DA:116,1143
DA:117,1143
DA:118,1143
DA:119,1143
DA:120,1143
DA:121,1
BRF:0
BRH:0
LF:90
LH:90
end_of_record
SF:/workspaces/code-guardian/crates/output/src/lib.rs
FN:10,_RNvNtCsBR1UMKBS3w_20code_guardian_output5tests19create_test_matches
FN:30,_RNvNtCsBR1UMKBS3w_20code_guardian_output5testss_31test_all_formatters_integration
FN:67,_RNvNtCsBR1UMKBS3w_20code_guardian_output5testss_34test_formatters_with_empty_matches
FN:79,_RNvNtCsBR1UMKBS3w_20code_guardian_output5testss_39test_formatters_with_special_characters
FNDA:1,_RNvNtCsBR1UMKBS3w_20code_guardian_output5tests19create_test_matches
FNDA:1,_RNvNtCsBR1UMKBS3w_20code_guardian_output5testss_31test_all_formatters_integration
FNDA:1,_RNvNtCsBR1UMKBS3w_20code_guardian_output5testss_34test_formatters_with_empty_matches
FNDA:1,_RNvNtCsBR1UMKBS3w_20code_guardian_output5testss_39test_formatters_with_special_characters
FNF:4
FNH:4
DA:10,1
DA:11,1
DA:12,1
DA:13,1
DA:14,1
DA:15,1
DA:16,1
DA:17,1
DA:18,1
DA:19,1
DA:20,1
DA:21,1
DA:22,1
DA:23,1
DA:24,1
DA:25,1
DA:27,1
DA:30,1
DA:31,1
DA:34,1
DA:35,1
DA:36,1
DA:37,1
DA:40,1
DA:41,1
DA:42,1
DA:43,1
DA:46,1
DA:47,1
DA:48,1
DA:49,1
DA:52,1
DA:53,1
DA:54,1
DA:55,1
DA:56,1
DA:59,1
DA:60,1
DA:61,1
DA:62,1
DA:63,1
DA:64,1
DA:67,1
DA:68,1
DA:71,1
DA:72,1
DA:73,1
DA:74,1
DA:75,1
DA:76,1
DA:79,1
DA:80,1
DA:81,1
DA:82,1
DA:83,1
DA:84,1
DA:85,1
DA:86,1
DA:89,1
DA:90,1
DA:92,1
DA:94,1
DA:96,1
DA:97,1
DA:98,1
BRF:0
BRH:0
LF:65
LH:65
end_of_record
SF:/workspaces/code-guardian/crates/storage/src/lib.rs
FN:48,_RINvMCs4AKvO5pu8jp_21code_guardian_storageNtB3_20SqliteScanRepository3newRNtNtCsiKSG5X70Gj7_3std4path7PathBufECshoqIYLkrHeT_17code_guardian_cli
FN:119,_RNCNvXs_Cs4AKvO5pu8jp_21code_guardian_storageNtB6_20SqliteScanRepositoryNtB6_14ScanRepository13get_all_scans0B6_
FN:84,_RNCNvXs_Cs4AKvO5pu8jp_21code_guardian_storageNtB6_20SqliteScanRepositoryNtB6_14ScanRepository8get_scan0B6_
FN:97,_RNCNvXs_Cs4AKvO5pu8jp_21code_guardian_storageNtB6_20SqliteScanRepositoryNtB6_14ScanRepository8get_scans_0B6_
FN:41,_RNvMCs4AKvO5pu8jp_21code_guardian_storageNtB2_20SqliteScanRepository13new_in_memory
FN:55,_RNvMCs4AKvO5pu8jp_21code_guardian_storageNtB2_20SqliteScanRepository7init_db
FN:134,_RNvXs_Cs4AKvO5pu8jp_21code_guardian_storageNtB4_20SqliteScanRepositoryNtB4_14ScanRepository11delete_scan
FN:115,_RNvXs_Cs4AKvO5pu8jp_21code_guardian_storageNtB4_20SqliteScanRepositoryNtB4_14ScanRepository13get_all_scans
FN:79,_RNvXs_Cs4AKvO5pu8jp_21code_guardian_storageNtB4_20SqliteScanRepositoryNtB4_14ScanRepository8get_scan
FN:62,_RNvXs_Cs4AKvO5pu8jp_21code_guardian_storageNtB4_20SqliteScanRepositoryNtB4_14ScanRepository9save_scan
FN:48,_RINvMCs4AKvO5pu8jp_21code_guardian_storageNtB3_20SqliteScanRepository3newpEB3_
FN:48,_RINvMCs4AKvO5pu8jp_21code_guardian_storageNtB3_20SqliteScanRepository3newRNtNtCsiKSG5X70Gj7_3std4path7PathBufECs7LiIwTwhXU1_3cli
FN:248,_RNvNtCsfxi6u2kfBua_21code_guardian_storage14proptest_tests9arb_match
FN:48,_RINvMCsfxi6u2kfBua_21code_guardian_storageNtB3_20SqliteScanRepository3newRNtNtCsiKSG5X70Gj7_3std4path7PathBufEB3_
FN:119,_RNCNvXs_Csfxi6u2kfBua_21code_guardian_storageNtB6_20SqliteScanRepositoryNtB6_14ScanRepository13get_all_scans0B6_
FN:84,_RNCNvXs_Csfxi6u2kfBua_21code_guardian_storageNtB6_20SqliteScanRepositoryNtB6_14ScanRepository8get_scan0B6_
FN:97,_RNCNvXs_Csfxi6u2kfBua_21code_guardian_storageNtB6_20SqliteScanRepositoryNtB6_14ScanRepository8get_scans_0B6_
FN:41,_RNvMCsfxi6u2kfBua_21code_guardian_storageNtB2_20SqliteScanRepository13new_in_memory
FN:55,_RNvMCsfxi6u2kfBua_21code_guardian_storageNtB2_20SqliteScanRepository7init_db
FN:134,_RNvXs_Csfxi6u2kfBua_21code_guardian_storageNtB4_20SqliteScanRepositoryNtB4_14ScanRepository11delete_scan
FN:115,_RNvXs_Csfxi6u2kfBua_21code_guardian_storageNtB4_20SqliteScanRepositoryNtB4_14ScanRepository13get_all_scans
FN:79,_RNvXs_Csfxi6u2kfBua_21code_guardian_storageNtB4_20SqliteScanRepositoryNtB4_14ScanRepository8get_scan
FN:62,_RNvXs_Csfxi6u2kfBua_21code_guardian_storageNtB4_20SqliteScanRepositoryNtB4_14ScanRepository9save_scan
FN:257,_RNCNvNtCsfxi6u2kfBua_21code_guardian_storage14proptest_tests9arb_match0B5_
FN:201,_RNvNtCsfxi6u2kfBua_21code_guardian_storage5testss_16test_delete_scan
FN:175,_RNvNtCsfxi6u2kfBua_21code_guardian_storage5testss_18test_get_all_scans
FN:221,_RNvNtCsfxi6u2kfBua_21code_guardian_storage5testss_20test_file_based_repo
FN:150,_RNvNtCsfxi6u2kfBua_21code_guardian_storage5testss_22test_save_and_get_scan
FN:48,_RINvMCs4AKvO5pu8jp_21code_guardian_storageNtB3_20SqliteScanRepository3newRNtNtCsiKSG5X70Gj7_3std4path7PathBufECsfOw0rCTHWqY_17code_guardian_cli
FNDA:17,_RINvMCs4AKvO5pu8jp_21code_guardian_storageNtB3_20SqliteScanRepository3newRNtNtCsiKSG5X70Gj7_3std4path7PathBufECshoqIYLkrHeT_17code_guardian_cli
FNDA:4,_RNCNvXs_Cs4AKvO5pu8jp_21code_guardian_storageNtB6_20SqliteScanRepositoryNtB6_14ScanRepository13get_all_scans0B6_
FNDA:12,_RNCNvXs_Cs4AKvO5pu8jp_21code_guardian_storageNtB6_20SqliteScanRepositoryNtB6_14ScanRepository8get_scan0B6_
FNDA:17,_RNCNvXs_Cs4AKvO5pu8jp_21code_guardian_storageNtB6_20SqliteScanRepositoryNtB6_14ScanRepository8get_scans_0B6_
FNDA:0,_RNvMCs4AKvO5pu8jp_21code_guardian_storageNtB2_20SqliteScanRepository13new_in_memory
FNDA:26,_RNvMCs4AKvO5pu8jp_21code_guardian_storageNtB2_20SqliteScanRepository7init_db
FNDA:0,_RNvXs_Cs4AKvO5pu8jp_21code_guardian_storageNtB4_20SqliteScanRepositoryNtB4_14ScanRepository11delete_scan
FNDA:4,_RNvXs_Cs4AKvO5pu8jp_21code_guardian_storageNtB4_20SqliteScanRepositoryNtB4_14ScanRepository13get_all_scans
FNDA:13,_RNvXs_Cs4AKvO5pu8jp_21code_guardian_storageNtB4_20SqliteScanRepositoryNtB4_14ScanRepository8get_scan
FNDA:15,_RNvXs_Cs4AKvO5pu8jp_21code_guardian_storageNtB4_20SqliteScanRepositoryNtB4_14ScanRepository9save_scan
FNDA:0,_RINvMCs4AKvO5pu8jp_21code_guardian_storageNtB3_20SqliteScanRepository3newpEB3_
FNDA:9,_RINvMCs4AKvO5pu8jp_21code_guardian_storageNtB3_20SqliteScanRepository3newRNtNtCsiKSG5X70Gj7_3std4path7PathBufECs7LiIwTwhXU1_3cli
FNDA:1,_RNvNtCsfxi6u2kfBua_21code_guardian_storage14proptest_tests9arb_match
FNDA:2,_RINvMCsfxi6u2kfBua_21code_guardian_storageNtB3_20SqliteScanRepository3newRNtNtCsiKSG5X70Gj7_3std4path7PathBufEB3_
FNDA:3,_RNCNvXs_Csfxi6u2kfBua_21code_guardian_storageNtB6_20SqliteScanRepositoryNtB6_14ScanRepository13get_all_scans0B6_
FNDA:257,_RNCNvXs_Csfxi6u2kfBua_21code_guardian_storageNtB6_20SqliteScanRepositoryNtB6_14ScanRepository8get_scan0B6_
FNDA:1184,_RNCNvXs_Csfxi6u2kfBua_21code_guardian_storageNtB6_20SqliteScanRepositoryNtB6_14ScanRepository8get_scans_0B6_
FNDA:259,_RNvMCsfxi6u2kfBua_21code_guardian_storageNtB2_20SqliteScanRepository13new_in_memory
FNDA:261,_RNvMCsfxi6u2kfBua_21code_guardian_storageNtB2_20SqliteScanRepository7init_db
FNDA:1,_RNvXs_Csfxi6u2kfBua_21code_guardian_storageNtB4_20SqliteScanRepositoryNtB4_14ScanRepository11delete_scan
FNDA:2,_RNvXs_Csfxi6u2kfBua_21code_guardian_storageNtB4_20SqliteScanRepositoryNtB4_14ScanRepository13get_all_scans
FNDA:258,_RNvXs_Csfxi6u2kfBua_21code_guardian_storageNtB4_20SqliteScanRepositoryNtB4_14ScanRepository8get_scan
FNDA:261,_RNvXs_Csfxi6u2kfBua_21code_guardian_storageNtB4_20SqliteScanRepositoryNtB4_14ScanRepository9save_scan
FNDA:1183,_RNCNvNtCsfxi6u2kfBua_21code_guardian_storage14proptest_tests9arb_match0B5_
FNDA:1,_RNvNtCsfxi6u2kfBua_21code_guardian_storage5testss_16test_delete_scan
FNDA:1,_RNvNtCsfxi6u2kfBua_21code_guardian_storage5testss_18test_get_all_scans
FNDA:1,_RNvNtCsfxi6u2kfBua_21code_guardian_storage5testss_20test_file_based_repo
FNDA:1,_RNvNtCsfxi6u2kfBua_21code_guardian_storage5testss_22test_save_and_get_scan
FNDA:1,_RINvMCs4AKvO5pu8jp_21code_guardian_storageNtB3_20SqliteScanRepository3newRNtNtCsiKSG5X70Gj7_3std4path7PathBufECsfOw0rCTHWqY_17code_guardian_cli
FNF:16
FNH:16
DA:41,259
DA:42,259
DA:43,259
DA:44,259
DA:45,259
DA:48,29
DA:49,29
DA:50,28
DA:51,28
DA:52,29
DA:55,287
DA:56,287
DA:57,287
DA:58,287
DA:62,276
DA:63,276
DA:64,276
DA:65,276
DA:66,276
DA:67,276
DA:68,276
DA:69,1480
DA:70,1204
DA:71,1204
DA:72,1204
DA:73,1204
DA:75,276
DA:76,276
DA:77,276
DA:79,271
DA:80,271
DA:81,271
DA:82,271
DA:83,271
DA:84,271
DA:86,269
DA:87,269
DA:88,269
DA:89,269
DA:91,269
DA:92,271
DA:93,271
DA:94,269
DA:95,269
DA:96,0
DA:97,1201
DA:99,1201
DA:100,1201
DA:101,1201
DA:102,1201
DA:103,1201
DA:105,1201
DA:106,1470
DA:107,1201
DA:109,269
DA:111,2
DA:113,271
DA:115,6
DA:116,6
DA:117,6
DA:118,6
DA:119,7
DA:121,7
DA:122,7
DA:123,7
DA:124,7
DA:126,7
DA:127,6
DA:128,13
DA:129,7
DA:131,6
DA:132,6
DA:134,1
DA:135,1
DA:136,1
DA:137,1
DA:138,1
DA:139,1
DA:140,1
DA:150,1
DA:151,1
DA:152,1
DA:153,1
DA:154,1
DA:155,1
DA:156,1
DA:157,1
DA:158,1
DA:159,1
DA:160,1
DA:161,1
DA:162,1
DA:163,1
DA:164,1
DA:165,1
DA:166,1
DA:167,1
DA:168,1
DA:169,1
DA:170,1
DA:171,1
DA:172,1
DA:175,1
DA:176,1
DA:177,1
DA:178,1
DA:179,1
DA:180,1
DA:181,1
DA:182,1
DA:183,1
DA:184,1
DA:185,1
DA:186,1
DA:187,1
DA:188,1
DA:189,1
DA:190,1
DA:191,1
DA:192,1
DA:193,1
DA:194,1
DA:196,1
DA:197,1
DA:198,1
DA:201,1
DA:202,1
DA:203,1
DA:204,1
DA:205,1
DA:206,1
DA:207,1
DA:208,1
DA:209,1
DA:210,1
DA:211,1
DA:212,1
DA:213,1
DA:214,1
DA:215,1
DA:216,1
DA:217,1
DA:218,1
DA:221,1
DA:222,1
DA:223,1
DA:224,1
DA:225,1
DA:226,1
DA:227,1
DA:228,1
DA:229,1
DA:230,1
DA:231,1
DA:232,1
DA:233,1
DA:235,1
DA:236,1
DA:237,1
DA:239,1
DA:248,1
DA:249,1
DA:250,1
DA:251,1
DA:252,1
DA:253,1
DA:254,1
DA:255,1
DA:256,1
DA:257,1183
DA:258,1183
DA:259,1183
DA:260,1183
DA:261,1183
DA:262,1183
DA:263,1
BRF:0
BRH:0
LF:181
LH:178
end_of_record