{
    "timestamp": ""2025-10-23T08:03:43Z"",
    "build_times": {
        "full_build": [0;32m[2025-10-23 07:58:11] [INFO][0m üîÑ Running: Full Build
[0;32m[2025-10-23 07:58:11] [INFO][0m Executing: Full Build
[0;31m[2025-10-23 08:00:49] [ERROR][0m Failed to execute: Full Build
[0;31m[2025-10-23 08:00:49] [ERROR][0m ‚ùå Full Build failed after 158.671424993s
158.671424993,
        "test_compilation": [0;32m[2025-10-23 08:00:49] [INFO][0m üîÑ Running: Test Compilation
[0;32m[2025-10-23 08:00:49] [INFO][0m Executing: Test Compilation
[0;31m[2025-10-23 08:00:56] [ERROR][0m Failed to execute: Test Compilation
[0;31m[2025-10-23 08:00:56] [ERROR][0m ‚ùå Test Compilation failed after 6.685781225s
6.685781225,
        "clippy_analysis": [0;32m[2025-10-23 08:00:56] [INFO][0m üîÑ Running: Clippy Analysis
[0;32m[2025-10-23 08:00:56] [INFO][0m Executing: Clippy Analysis
[0;32m[2025-10-23 08:02:22] [INFO][0m Successfully executed: Clippy Analysis
[0;32m[2025-10-23 08:02:23] [INFO][0m ‚úÖ Clippy Analysis completed in 86.357787667s
86.357787667,
        "check": [0;32m[2025-10-23 08:02:23] [INFO][0m üîÑ Running: Check
[0;32m[2025-10-23 08:02:23] [INFO][0m Executing: Check
[0;31m[2025-10-23 08:03:37] [ERROR][0m Failed to execute: Check
[0;31m[2025-10-23 08:03:37] [ERROR][0m ‚ùå Check failed after 74.763932896s
74.763932896,
        "incremental_build": [0;32m[2025-10-23 08:03:37] [INFO][0m üîÑ Running: Incremental Build
[0;32m[2025-10-23 08:03:37] [INFO][0m Executing: Incremental Build
[0;31m[2025-10-23 08:03:43] [ERROR][0m Failed to execute: Incremental Build
[0;31m[2025-10-23 08:03:43] [ERROR][0m ‚ùå Incremental Build failed after 5.544616950s
5.544616950
    },
    "thresholds": {
        "build": 120,
        "test": 60,
        "clippy": 30
    },
    "status": {
        "build": \"fail\",
        "test": \"fail\",
        "clippy": \"fail\"
    }
}
