SF:/home/runner/work/code-guardian/code-guardian/crates/cli/src/advanced_handlers.rs
FN:280,_RNCNCNCNCNvNtCs4JWgKY61JLn_17code_guardian_cli17advanced_handlers18handle_distributed0000Bb_
FN:279,_RNCNCNCNvNtCs4JWgKY61JLn_17code_guardian_cli17advanced_handlers18handle_distributed000B9_
FN:278,_RNCNCNvNtCs4JWgKY61JLn_17code_guardian_cli17advanced_handlers18handle_distributed00B7_
FN:199,_RNCNvNtCs4JWgKY61JLn_17code_guardian_cli17advanced_handlers18handle_distributed0B5_
FN:166,_RNCNvNtCs4JWgKY61JLn_17code_guardian_cli17advanced_handlers18handle_incremental0B5_
FN:167,_RNCNvNtCs4JWgKY61JLn_17code_guardian_cli17advanced_handlers18handle_incrementals_0B5_
FN:199,_RNvNtCs4JWgKY61JLn_17code_guardian_cli17advanced_handlers18handle_distributed
FN:100,_RNvNtCs4JWgKY61JLn_17code_guardian_cli17advanced_handlers18handle_incremental
FN:7,_RNvNtCs4JWgKY61JLn_17code_guardian_cli17advanced_handlers23handle_custom_detectors
FN:280,_RNCNCNCNCNvNtCs13DtCLrWTFn_17code_guardian_cli17advanced_handlers18handle_distributed0000Bb_
FN:279,_RNCNCNCNvNtCs13DtCLrWTFn_17code_guardian_cli17advanced_handlers18handle_distributed000B9_
FN:278,_RNCNCNvNtCs13DtCLrWTFn_17code_guardian_cli17advanced_handlers18handle_distributed00B7_
FN:199,_RNCNvNtCs13DtCLrWTFn_17code_guardian_cli17advanced_handlers18handle_distributed0B5_
FN:166,_RNCNvNtCs13DtCLrWTFn_17code_guardian_cli17advanced_handlers18handle_incremental0B5_
FN:167,_RNCNvNtCs13DtCLrWTFn_17code_guardian_cli17advanced_handlers18handle_incrementals_0B5_
FN:199,_RNvNtCs13DtCLrWTFn_17code_guardian_cli17advanced_handlers18handle_distributed
FN:100,_RNvNtCs13DtCLrWTFn_17code_guardian_cli17advanced_handlers18handle_incremental
FN:7,_RNvNtCs13DtCLrWTFn_17code_guardian_cli17advanced_handlers23handle_custom_detectors
FNDA:2,_RNCNCNCNCNvNtCs4JWgKY61JLn_17code_guardian_cli17advanced_handlers18handle_distributed0000Bb_
FNDA:2,_RNCNCNCNvNtCs4JWgKY61JLn_17code_guardian_cli17advanced_handlers18handle_distributed000B9_
FNDA:2,_RNCNCNvNtCs4JWgKY61JLn_17code_guardian_cli17advanced_handlers18handle_distributed00B7_
FNDA:2,_RNCNvNtCs4JWgKY61JLn_17code_guardian_cli17advanced_handlers18handle_distributed0B5_
FNDA:0,_RNCNvNtCs4JWgKY61JLn_17code_guardian_cli17advanced_handlers18handle_incremental0B5_
FNDA:0,_RNCNvNtCs4JWgKY61JLn_17code_guardian_cli17advanced_handlers18handle_incrementals_0B5_
FNDA:2,_RNvNtCs4JWgKY61JLn_17code_guardian_cli17advanced_handlers18handle_distributed
FNDA:2,_RNvNtCs4JWgKY61JLn_17code_guardian_cli17advanced_handlers18handle_incremental
FNDA:5,_RNvNtCs4JWgKY61JLn_17code_guardian_cli17advanced_handlers23handle_custom_detectors
FNDA:0,_RNCNCNCNCNvNtCs13DtCLrWTFn_17code_guardian_cli17advanced_handlers18handle_distributed0000Bb_
FNDA:0,_RNCNCNCNvNtCs13DtCLrWTFn_17code_guardian_cli17advanced_handlers18handle_distributed000B9_
FNDA:0,_RNCNCNvNtCs13DtCLrWTFn_17code_guardian_cli17advanced_handlers18handle_distributed00B7_
FNDA:0,_RNCNvNtCs13DtCLrWTFn_17code_guardian_cli17advanced_handlers18handle_distributed0B5_
FNDA:0,_RNCNvNtCs13DtCLrWTFn_17code_guardian_cli17advanced_handlers18handle_incremental0B5_
FNDA:0,_RNCNvNtCs13DtCLrWTFn_17code_guardian_cli17advanced_handlers18handle_incrementals_0B5_
FNDA:0,_RNvNtCs13DtCLrWTFn_17code_guardian_cli17advanced_handlers18handle_distributed
FNDA:0,_RNvNtCs13DtCLrWTFn_17code_guardian_cli17advanced_handlers18handle_incremental
FNDA:0,_RNvNtCs13DtCLrWTFn_17code_guardian_cli17advanced_handlers23handle_custom_detectors
FNF:9
FNH:7
DA:7,5
DA:8,5
DA:10,0
DA:11,0
DA:13,0
DA:14,0
DA:15,0
DA:16,0
DA:18,0
DA:19,0
DA:20,0
DA:21,0
DA:22,0
DA:23,0
DA:24,0
DA:25,0
DA:26,0
DA:27,0
DA:31,3
DA:32,3
DA:33,3
DA:34,3
DA:35,3
DA:36,3
DA:37,3
DA:41,1
DA:42,1
DA:43,1
DA:45,1
DA:46,1
DA:47,1
DA:48,1
DA:49,1
DA:52,4
DA:53,3
DA:54,3
DA:56,3
DA:57,3
DA:59,0
DA:66,1
DA:67,1
DA:69,1
DA:70,1
DA:72,1
DA:73,1
DA:75,1
DA:77,1
DA:78,4
DA:79,3
DA:80,3
DA:81,0
DA:82,0
DA:83,0
DA:84,0
DA:85,0
DA:86,3
DA:89,1
DA:90,1
DA:91,1
DA:92,0
DA:93,0
DA:97,5
DA:98,5
DA:100,2
DA:101,2
DA:103,2
DA:105,1
DA:106,1
DA:107,1
DA:108,1
DA:109,0
DA:112,0
DA:113,0
DA:114,0
DA:115,0
DA:116,0
DA:120,0
DA:121,0
DA:122,0
DA:124,0
DA:125,0
DA:127,0
DA:128,0
DA:129,0
DA:130,0
DA:131,0
DA:132,0
DA:133,0
DA:134,0
DA:138,1
DA:139,0
DA:140,0
DA:141,0
DA:142,1
DA:143,1
DA:144,1
DA:148,0
DA:149,0
DA:150,0
DA:151,0
DA:153,0
DA:154,0
DA:156,0
DA:157,0
DA:158,0
DA:160,0
DA:161,0
DA:162,0
DA:164,0
DA:165,0
DA:166,0
DA:167,0
DA:169,0
DA:170,0
DA:171,0
DA:180,0
DA:181,0
DA:182,0
DA:184,0
DA:185,0
DA:186,0
DA:187,0
DA:188,0
DA:189,0
DA:190,0
DA:191,0
DA:192,0
DA:196,1
DA:197,2
DA:199,2
DA:200,2
DA:201,1
DA:202,1
DA:203,1
DA:207,1
DA:209,2
DA:210,2
DA:211,2
DA:212,2
DA:213,2
DA:214,2
DA:215,2
DA:216,2
DA:217,2
DA:218,2
DA:219,2
DA:220,2
DA:221,2
DA:222,2
DA:223,2
DA:224,2
DA:225,2
DA:227,1
DA:228,1
DA:229,1
DA:230,1
DA:231,1
DA:232,1
DA:235,1
DA:236,1
DA:237,1
DA:243,1
DA:244,1
DA:245,1
DA:247,1
DA:248,1
DA:250,1
DA:253,2
DA:254,2
DA:255,2
DA:256,2
DA:257,2
DA:258,2
DA:259,2
DA:260,2
DA:261,2
DA:262,2
DA:263,2
DA:266,1
DA:267,1
DA:268,1
DA:270,1
DA:271,1
DA:272,1
DA:276,1
DA:277,1
DA:278,2
DA:279,2
DA:280,2
DA:281,1
DA:283,1
DA:285,2
DA:286,2
DA:287,1
DA:289,1
DA:290,1
DA:292,1
DA:294,1
DA:295,1
DA:296,1
DA:297,1
DA:298,1
DA:301,1
DA:302,1
DA:303,1
DA:304,1
DA:305,1
DA:306,1
DA:307,1
DA:308,1
DA:309,1
DA:310,1
DA:311,1
DA:313,1
DA:314,0
DA:315,1
DA:316,0
DA:320,2
DA:321,2
BRF:0
BRH:0
LF:225
LH:144
end_of_record
SF:/home/runner/work/code-guardian/code-guardian/crates/cli/src/benchmark.rs
FN:62,_RNCNvNtCs4JWgKY61JLn_17code_guardian_cli9benchmark13run_benchmark0B5_
FN:9,_RNvNtCs4JWgKY61JLn_17code_guardian_cli9benchmark13run_benchmark
FN:124,_RNvNtCs4JWgKY61JLn_17code_guardian_cli9benchmark22quick_performance_test
FN:62,_RNCNvNtCs13DtCLrWTFn_17code_guardian_cli9benchmark13run_benchmark0B5_
FN:9,_RNvNtCs13DtCLrWTFn_17code_guardian_cli9benchmark13run_benchmark
FN:124,_RNvNtCs13DtCLrWTFn_17code_guardian_cli9benchmark22quick_performance_test
FNDA:0,_RNCNvNtCs4JWgKY61JLn_17code_guardian_cli9benchmark13run_benchmark0B5_
FNDA:0,_RNvNtCs4JWgKY61JLn_17code_guardian_cli9benchmark13run_benchmark
FNDA:1,_RNvNtCs4JWgKY61JLn_17code_guardian_cli9benchmark22quick_performance_test
FNDA:0,_RNCNvNtCs13DtCLrWTFn_17code_guardian_cli9benchmark13run_benchmark0B5_
FNDA:1,_RNvNtCs13DtCLrWTFn_17code_guardian_cli9benchmark13run_benchmark
FNDA:0,_RNvNtCs13DtCLrWTFn_17code_guardian_cli9benchmark22quick_performance_test
FNF:3
FNH:2
DA:9,1
DA:10,1
DA:11,1
DA:13,1
DA:14,1
DA:17,1
DA:18,1
DA:19,1
DA:20,1
DA:21,1
DA:22,1
DA:23,1
DA:24,1
DA:27,1
DA:28,1
DA:29,1
DA:30,1
DA:31,1
DA:32,1
DA:33,1
DA:34,1
DA:37,1
DA:38,1
DA:39,1
DA:40,1
DA:41,1
DA:42,1
DA:43,1
DA:44,1
DA:45,1
DA:46,1
DA:49,1
DA:50,1
DA:53,1
DA:54,1
DA:55,1
DA:58,1
DA:59,1
DA:60,1
DA:61,1
DA:62,1
DA:63,0
DA:64,0
DA:65,1
DA:66,0
DA:67,0
DA:68,0
DA:69,0
DA:70,0
DA:73,0
DA:74,0
DA:77,0
DA:80,0
DA:81,0
DA:83,0
DA:84,0
DA:85,0
DA:86,0
DA:87,0
DA:88,0
DA:89,0
DA:90,0
DA:92,0
DA:93,0
DA:94,0
DA:95,0
DA:96,0
DA:97,0
DA:99,0
DA:100,0
DA:101,0
DA:102,0
DA:103,0
DA:104,0
DA:106,0
DA:107,0
DA:108,0
DA:109,0
DA:110,0
DA:111,0
DA:112,0
DA:113,0
DA:114,0
DA:115,0
DA:117,0
DA:118,0
DA:120,0
DA:121,1
DA:124,1
DA:125,1
DA:126,1
DA:128,1
DA:129,1
DA:130,1
DA:131,1
DA:133,1
DA:134,1
DA:135,1
DA:136,1
DA:137,1
DA:138,1
DA:139,1
DA:140,1
DA:142,1
DA:143,1
DA:144,1
DA:147,1
DA:148,0
DA:149,0
DA:150,0
DA:151,1
DA:153,1
DA:154,1
BRF:0
BRH:0
LF:115
LH:65
end_of_record
SF:/home/runner/work/code-guardian/code-guardian/crates/cli/src/comparison_handlers.rs
FN:31,_RNCNvNtCs4JWgKY61JLn_17code_guardian_cli19comparison_handlers13compare_scans0B5_
FN:36,_RNCNvNtCs4JWgKY61JLn_17code_guardian_cli19comparison_handlers13compare_scanss_0B5_
FN:25,_RNvNtCs4JWgKY61JLn_17code_guardian_cli19comparison_handlers13compare_scans
FN:9,_RNvNtCs4JWgKY61JLn_17code_guardian_cli19comparison_handlers14handle_compare
FN:31,_RNCNvNtCs13DtCLrWTFn_17code_guardian_cli19comparison_handlers13compare_scans0B5_
FN:36,_RNCNvNtCs13DtCLrWTFn_17code_guardian_cli19comparison_handlers13compare_scanss_0B5_
FN:25,_RNvNtCs13DtCLrWTFn_17code_guardian_cli19comparison_handlers13compare_scans
FN:9,_RNvNtCs13DtCLrWTFn_17code_guardian_cli19comparison_handlers14handle_compare
FNDA:2,_RNCNvNtCs4JWgKY61JLn_17code_guardian_cli19comparison_handlers13compare_scans0B5_
FNDA:4,_RNCNvNtCs4JWgKY61JLn_17code_guardian_cli19comparison_handlers13compare_scanss_0B5_
FNDA:2,_RNvNtCs4JWgKY61JLn_17code_guardian_cli19comparison_handlers13compare_scans
FNDA:2,_RNvNtCs4JWgKY61JLn_17code_guardian_cli19comparison_handlers14handle_compare
FNDA:0,_RNCNvNtCs13DtCLrWTFn_17code_guardian_cli19comparison_handlers13compare_scans0B5_
FNDA:0,_RNCNvNtCs13DtCLrWTFn_17code_guardian_cli19comparison_handlers13compare_scanss_0B5_
FNDA:0,_RNvNtCs13DtCLrWTFn_17code_guardian_cli19comparison_handlers13compare_scans
FNDA:0,_RNvNtCs13DtCLrWTFn_17code_guardian_cli19comparison_handlers14handle_compare
FNF:4
FNH:4
DA:9,2
DA:10,2
DA:11,2
DA:12,2
DA:13,2
DA:14,2
DA:15,2
DA:16,2
DA:17,2
DA:18,2
DA:19,2
DA:20,0
DA:22,2
DA:23,2
DA:25,2
DA:28,2
DA:29,2
DA:30,2
DA:31,2
DA:32,2
DA:33,2
DA:34,2
DA:35,2
DA:36,4
DA:37,2
DA:38,2
DA:39,2
BRF:0
BRH:0
LF:29
LH:28
end_of_record
SF:/home/runner/work/code-guardian/code-guardian/crates/cli/src/git_integration.rs
FN:54,_RNCNvMNtCs4JWgKY61JLn_17code_guardian_cli15git_integrationNtB4_14GitIntegration11is_git_repo0B6_
FN:24,_RNCNvMNtCs4JWgKY61JLn_17code_guardian_cli15git_integrationNtB4_14GitIntegration16get_staged_files0B6_
FN:26,_RNCNvMNtCs4JWgKY61JLn_17code_guardian_cli15git_integrationNtB4_14GitIntegration16get_staged_filess0_0B6_
FN:25,_RNCNvMNtCs4JWgKY61JLn_17code_guardian_cli15git_integrationNtB4_14GitIntegration16get_staged_filess_0B6_
FN:49,_RNvMNtCs4JWgKY61JLn_17code_guardian_cli15git_integrationNtB2_14GitIntegration11is_git_repo
FN:33,_RNvMNtCs4JWgKY61JLn_17code_guardian_cli15git_integrationNtB2_14GitIntegration13get_repo_root
FN:10,_RNvMNtCs4JWgKY61JLn_17code_guardian_cli15git_integrationNtB2_14GitIntegration16get_staged_files
FN:76,_RNvMNtCs4JWgKY61JLn_17code_guardian_cli15git_integrationNtB2_14GitIntegration23install_pre_commit_hook
FN:117,_RNvMNtCs4JWgKY61JLn_17code_guardian_cli15git_integrationNtB2_14GitIntegration25uninstall_pre_commit_hook
FN:182,_RNCNvNtCs4JWgKY61JLn_17code_guardian_cli15git_integration14parse_git_diff0B5_
FN:60,_RNvMNtCs4JWgKY61JLn_17code_guardian_cli15git_integrationNtB2_14GitIntegration16get_staged_lines
FN:159,_RNvNtCs4JWgKY61JLn_17code_guardian_cli15git_integration14parse_git_diff
FN:54,_RNCNvMNtCs13DtCLrWTFn_17code_guardian_cli15git_integrationNtB4_14GitIntegration11is_git_repo0B6_
FN:49,_RNvMNtCs13DtCLrWTFn_17code_guardian_cli15git_integrationNtB2_14GitIntegration11is_git_repo
FN:258,_RNvNtNtCs13DtCLrWTFn_17code_guardian_cli15git_integration5testss_15test_line_range
FN:252,_RNvNtNtCs13DtCLrWTFn_17code_guardian_cli15git_integration5testss_16test_is_git_repo
FN:233,_RNvNtNtCs13DtCLrWTFn_17code_guardian_cli15git_integration5testss_26test_git_integration_basic
FN:24,_RNCNvMNtCs13DtCLrWTFn_17code_guardian_cli15git_integrationNtB4_14GitIntegration16get_staged_files0B6_
FN:26,_RNCNvMNtCs13DtCLrWTFn_17code_guardian_cli15git_integrationNtB4_14GitIntegration16get_staged_filess0_0B6_
FN:25,_RNCNvMNtCs13DtCLrWTFn_17code_guardian_cli15git_integrationNtB4_14GitIntegration16get_staged_filess_0B6_
FN:182,_RNCNvNtCs13DtCLrWTFn_17code_guardian_cli15git_integration14parse_git_diff0B5_
FN:33,_RNvMNtCs13DtCLrWTFn_17code_guardian_cli15git_integrationNtB2_14GitIntegration13get_repo_root
FN:10,_RNvMNtCs13DtCLrWTFn_17code_guardian_cli15git_integrationNtB2_14GitIntegration16get_staged_files
FN:60,_RNvMNtCs13DtCLrWTFn_17code_guardian_cli15git_integrationNtB2_14GitIntegration16get_staged_lines
FN:76,_RNvMNtCs13DtCLrWTFn_17code_guardian_cli15git_integrationNtB2_14GitIntegration23install_pre_commit_hook
FN:117,_RNvMNtCs13DtCLrWTFn_17code_guardian_cli15git_integrationNtB2_14GitIntegration25uninstall_pre_commit_hook
FN:159,_RNvNtCs13DtCLrWTFn_17code_guardian_cli15git_integration14parse_git_diff
FN:54,_RNCNvMNtCsdtEIWJ3xtNs_17code_guardian_cli15git_integrationNtB4_14GitIntegration11is_git_repo0B6_
FN:49,_RNvMNtCsdtEIWJ3xtNs_17code_guardian_cli15git_integrationNtB2_14GitIntegration11is_git_repo
FN:258,_RNvNtNtCsdtEIWJ3xtNs_17code_guardian_cli15git_integration5testss_15test_line_range
FN:252,_RNvNtNtCsdtEIWJ3xtNs_17code_guardian_cli15git_integration5testss_16test_is_git_repo
FN:233,_RNvNtNtCsdtEIWJ3xtNs_17code_guardian_cli15git_integration5testss_26test_git_integration_basic
FN:24,_RNCNvMNtCsdtEIWJ3xtNs_17code_guardian_cli15git_integrationNtB4_14GitIntegration16get_staged_files0B6_
FN:26,_RNCNvMNtCsdtEIWJ3xtNs_17code_guardian_cli15git_integrationNtB4_14GitIntegration16get_staged_filess0_0B6_
FN:25,_RNCNvMNtCsdtEIWJ3xtNs_17code_guardian_cli15git_integrationNtB4_14GitIntegration16get_staged_filess_0B6_
FN:182,_RNCNvNtCsdtEIWJ3xtNs_17code_guardian_cli15git_integration14parse_git_diff0B5_
FN:33,_RNvMNtCsdtEIWJ3xtNs_17code_guardian_cli15git_integrationNtB2_14GitIntegration13get_repo_root
FN:10,_RNvMNtCsdtEIWJ3xtNs_17code_guardian_cli15git_integrationNtB2_14GitIntegration16get_staged_files
FN:60,_RNvMNtCsdtEIWJ3xtNs_17code_guardian_cli15git_integrationNtB2_14GitIntegration16get_staged_lines
FN:76,_RNvMNtCsdtEIWJ3xtNs_17code_guardian_cli15git_integrationNtB2_14GitIntegration23install_pre_commit_hook
FN:117,_RNvMNtCsdtEIWJ3xtNs_17code_guardian_cli15git_integrationNtB2_14GitIntegration25uninstall_pre_commit_hook
FN:159,_RNvNtCsdtEIWJ3xtNs_17code_guardian_cli15git_integration14parse_git_diff
FNDA:0,_RNCNvMNtCs4JWgKY61JLn_17code_guardian_cli15git_integrationNtB4_14GitIntegration11is_git_repo0B6_
FNDA:0,_RNCNvMNtCs4JWgKY61JLn_17code_guardian_cli15git_integrationNtB4_14GitIntegration16get_staged_files0B6_
FNDA:0,_RNCNvMNtCs4JWgKY61JLn_17code_guardian_cli15git_integrationNtB4_14GitIntegration16get_staged_filess0_0B6_
FNDA:0,_RNCNvMNtCs4JWgKY61JLn_17code_guardian_cli15git_integrationNtB4_14GitIntegration16get_staged_filess_0B6_
FNDA:0,_RNvMNtCs4JWgKY61JLn_17code_guardian_cli15git_integrationNtB2_14GitIntegration11is_git_repo
FNDA:0,_RNvMNtCs4JWgKY61JLn_17code_guardian_cli15git_integrationNtB2_14GitIntegration13get_repo_root
FNDA:0,_RNvMNtCs4JWgKY61JLn_17code_guardian_cli15git_integrationNtB2_14GitIntegration16get_staged_files
FNDA:0,_RNvMNtCs4JWgKY61JLn_17code_guardian_cli15git_integrationNtB2_14GitIntegration23install_pre_commit_hook
FNDA:0,_RNvMNtCs4JWgKY61JLn_17code_guardian_cli15git_integrationNtB2_14GitIntegration25uninstall_pre_commit_hook
FNDA:0,_RNCNvNtCs4JWgKY61JLn_17code_guardian_cli15git_integration14parse_git_diff0B5_
FNDA:0,_RNvMNtCs4JWgKY61JLn_17code_guardian_cli15git_integrationNtB2_14GitIntegration16get_staged_lines
FNDA:0,_RNvNtCs4JWgKY61JLn_17code_guardian_cli15git_integration14parse_git_diff
FNDA:1,_RNCNvMNtCs13DtCLrWTFn_17code_guardian_cli15git_integrationNtB4_14GitIntegration11is_git_repo0B6_
FNDA:1,_RNvMNtCs13DtCLrWTFn_17code_guardian_cli15git_integrationNtB2_14GitIntegration11is_git_repo
FNDA:1,_RNvNtNtCs13DtCLrWTFn_17code_guardian_cli15git_integration5testss_15test_line_range
FNDA:1,_RNvNtNtCs13DtCLrWTFn_17code_guardian_cli15git_integration5testss_16test_is_git_repo
FNDA:1,_RNvNtNtCs13DtCLrWTFn_17code_guardian_cli15git_integration5testss_26test_git_integration_basic
FNDA:0,_RNCNvMNtCs13DtCLrWTFn_17code_guardian_cli15git_integrationNtB4_14GitIntegration16get_staged_files0B6_
FNDA:0,_RNCNvMNtCs13DtCLrWTFn_17code_guardian_cli15git_integrationNtB4_14GitIntegration16get_staged_filess0_0B6_
FNDA:0,_RNCNvMNtCs13DtCLrWTFn_17code_guardian_cli15git_integrationNtB4_14GitIntegration16get_staged_filess_0B6_
FNDA:0,_RNCNvNtCs13DtCLrWTFn_17code_guardian_cli15git_integration14parse_git_diff0B5_
FNDA:0,_RNvMNtCs13DtCLrWTFn_17code_guardian_cli15git_integrationNtB2_14GitIntegration13get_repo_root
FNDA:0,_RNvMNtCs13DtCLrWTFn_17code_guardian_cli15git_integrationNtB2_14GitIntegration16get_staged_files
FNDA:0,_RNvMNtCs13DtCLrWTFn_17code_guardian_cli15git_integrationNtB2_14GitIntegration16get_staged_lines
FNDA:0,_RNvMNtCs13DtCLrWTFn_17code_guardian_cli15git_integrationNtB2_14GitIntegration23install_pre_commit_hook
FNDA:0,_RNvMNtCs13DtCLrWTFn_17code_guardian_cli15git_integrationNtB2_14GitIntegration25uninstall_pre_commit_hook
FNDA:0,_RNvNtCs13DtCLrWTFn_17code_guardian_cli15git_integration14parse_git_diff
FNDA:1,_RNCNvMNtCsdtEIWJ3xtNs_17code_guardian_cli15git_integrationNtB4_14GitIntegration11is_git_repo0B6_
FNDA:1,_RNvMNtCsdtEIWJ3xtNs_17code_guardian_cli15git_integrationNtB2_14GitIntegration11is_git_repo
FNDA:1,_RNvNtNtCsdtEIWJ3xtNs_17code_guardian_cli15git_integration5testss_15test_line_range
FNDA:1,_RNvNtNtCsdtEIWJ3xtNs_17code_guardian_cli15git_integration5testss_16test_is_git_repo
FNDA:1,_RNvNtNtCsdtEIWJ3xtNs_17code_guardian_cli15git_integration5testss_26test_git_integration_basic
FNDA:0,_RNCNvMNtCsdtEIWJ3xtNs_17code_guardian_cli15git_integrationNtB4_14GitIntegration16get_staged_files0B6_
FNDA:0,_RNCNvMNtCsdtEIWJ3xtNs_17code_guardian_cli15git_integrationNtB4_14GitIntegration16get_staged_filess0_0B6_
FNDA:0,_RNCNvMNtCsdtEIWJ3xtNs_17code_guardian_cli15git_integrationNtB4_14GitIntegration16get_staged_filess_0B6_
FNDA:0,_RNCNvNtCsdtEIWJ3xtNs_17code_guardian_cli15git_integration14parse_git_diff0B5_
FNDA:0,_RNvMNtCsdtEIWJ3xtNs_17code_guardian_cli15git_integrationNtB2_14GitIntegration13get_repo_root
FNDA:0,_RNvMNtCsdtEIWJ3xtNs_17code_guardian_cli15git_integrationNtB2_14GitIntegration16get_staged_files
FNDA:0,_RNvMNtCsdtEIWJ3xtNs_17code_guardian_cli15git_integrationNtB2_14GitIntegration16get_staged_lines
FNDA:0,_RNvMNtCsdtEIWJ3xtNs_17code_guardian_cli15git_integrationNtB2_14GitIntegration23install_pre_commit_hook
FNDA:0,_RNvMNtCsdtEIWJ3xtNs_17code_guardian_cli15git_integrationNtB2_14GitIntegration25uninstall_pre_commit_hook
FNDA:0,_RNvNtCsdtEIWJ3xtNs_17code_guardian_cli15git_integration14parse_git_diff
FNF:15
FNH:5
DA:10,0
DA:11,0
DA:12,0
DA:13,0
DA:14,0
DA:16,0
DA:17,0
DA:18,0
DA:19,0
DA:21,0
DA:22,0
DA:23,0
DA:24,0
DA:25,0
DA:26,0
DA:27,0
DA:29,0
DA:30,0
DA:33,0
DA:34,0
DA:35,0
DA:36,0
DA:37,0
DA:39,0
DA:40,0
DA:41,0
DA:43,0
DA:44,0
DA:45,0
DA:46,0
DA:49,2
DA:50,2
DA:51,2
DA:52,2
DA:53,2
DA:54,2
DA:55,2
DA:56,2
DA:60,0
DA:61,0
DA:62,0
DA:63,0
DA:64,0
DA:66,0
DA:67,0
DA:68,0
DA:69,0
DA:71,0
DA:72,0
DA:73,0
DA:76,0
DA:77,0
DA:78,0
DA:81,0
DA:84,0
DA:85,0
DA:86,0
DA:87,0
DA:88,0
DA:89,0
DA:90,0
DA:91,0
DA:92,0
DA:93,0
DA:94,0
DA:95,0
DA:96,0
DA:97,0
DA:99,0
DA:105,0
DA:106,0
DA:107,0
DA:110,0
DA:111,0
DA:113,0
DA:114,0
DA:117,0
DA:118,0
DA:120,0
DA:122,0
DA:123,0
DA:124,0
DA:125,0
DA:126,0
DA:127,0
DA:128,0
DA:129,0
DA:130,0
DA:131,0
DA:132,0
DA:133,0
DA:134,0
DA:136,0
DA:137,0
DA:159,0
DA:160,0
DA:161,0
DA:162,0
DA:163,0
DA:165,0
DA:166,0
DA:168,0
DA:169,0
DA:170,0
DA:171,0
DA:172,0
DA:173,0
DA:174,0
DA:175,0
DA:177,0
DA:178,0
DA:179,0
DA:180,0
DA:182,0
DA:183,0
DA:184,0
DA:186,0
DA:187,0
DA:188,0
DA:189,0
DA:191,0
DA:192,0
DA:193,0
DA:194,0
DA:195,0
DA:196,0
DA:199,0
DA:200,0
DA:201,0
DA:202,0
DA:204,0
DA:205,0
DA:206,0
DA:207,0
DA:208,0
DA:209,0
DA:210,0
DA:211,0
DA:212,0
DA:216,0
DA:217,0
DA:218,0
DA:219,0
DA:220,0
DA:221,0
DA:222,0
DA:224,0
DA:225,0
DA:233,2
DA:235,2
DA:236,2
DA:237,2
DA:240,2
DA:241,2
DA:242,2
DA:243,2
DA:244,2
DA:245,2
DA:247,2
DA:248,2
DA:249,2
DA:252,2
DA:253,2
DA:254,2
DA:255,2
DA:258,2
DA:259,2
DA:260,2
DA:261,2
DA:262,2
BRF:0
BRH:0
LF:175
LH:31
end_of_record
SF:/home/runner/work/code-guardian/code-guardian/crates/cli/src/main.rs
FN:514,_RNCNvCs4JWgKY61JLn_17code_guardian_cli16handle_benchmark0B3_
FN:382,_RNCNvCs4JWgKY61JLn_17code_guardian_cli4main0B3_
FN:580,_RNvCs4JWgKY61JLn_17code_guardian_cli10handle_git
FN:484,_RNvCs4JWgKY61JLn_17code_guardian_cli14handle_history
FN:513,_RNvCs4JWgKY61JLn_17code_guardian_cli16handle_benchmark
FN:506,_RNvCs4JWgKY61JLn_17code_guardian_cli17handle_completion
FN:523,_RNvCs4JWgKY61JLn_17code_guardian_cli24handle_stack_preset_main
FN:382,_RNvCs4JWgKY61JLn_17code_guardian_cli4main
FN:514,_RNCNvCs13DtCLrWTFn_17code_guardian_cli16handle_benchmark0B3_
FN:484,_RNvCs13DtCLrWTFn_17code_guardian_cli14handle_history
FN:513,_RNvCs13DtCLrWTFn_17code_guardian_cli16handle_benchmark
FN:652,_RNvNtCs13DtCLrWTFn_17code_guardian_cli5testss_20test_cli_description
FN:638,_RNvNtCs13DtCLrWTFn_17code_guardian_cli5testss_24test_cli_help_generation
FN:664,_RNvNtCs13DtCLrWTFn_17code_guardian_cli5testss_26test_stack_preset_variants
FN:732,_RNvNtCs13DtCLrWTFn_17code_guardian_cli5testss_30test_handle_history_invalid_db
FN:725,_RNvNtCs13DtCLrWTFn_17code_guardian_cli5testss_32test_cli_parse_report_missing_id
FN:718,_RNvNtCs13DtCLrWTFn_17code_guardian_cli5testss_32test_cli_parse_scan_missing_path
FN:711,_RNvNtCs13DtCLrWTFn_17code_guardian_cli5testss_33test_cli_parse_invalid_subcommand
FN:739,_RNvNtCs13DtCLrWTFn_17code_guardian_cli5testss_34test_handle_benchmark_invalid_path
FN:382,_RNCNvCs13DtCLrWTFn_17code_guardian_cli4main0B3_
FN:580,_RNvCs13DtCLrWTFn_17code_guardian_cli10handle_git
FN:506,_RNvCs13DtCLrWTFn_17code_guardian_cli17handle_completion
FN:523,_RNvCs13DtCLrWTFn_17code_guardian_cli24handle_stack_preset_main
FN:382,_RNvCs13DtCLrWTFn_17code_guardian_cli4main
FNDA:0,_RNCNvCs4JWgKY61JLn_17code_guardian_cli16handle_benchmark0B3_
FNDA:30,_RNCNvCs4JWgKY61JLn_17code_guardian_cli4main0B3_
FNDA:0,_RNvCs4JWgKY61JLn_17code_guardian_cli10handle_git
FNDA:1,_RNvCs4JWgKY61JLn_17code_guardian_cli14handle_history
FNDA:1,_RNvCs4JWgKY61JLn_17code_guardian_cli16handle_benchmark
FNDA:1,_RNvCs4JWgKY61JLn_17code_guardian_cli17handle_completion
FNDA:0,_RNvCs4JWgKY61JLn_17code_guardian_cli24handle_stack_preset_main
FNDA:30,_RNvCs4JWgKY61JLn_17code_guardian_cli4main
FNDA:0,_RNCNvCs13DtCLrWTFn_17code_guardian_cli16handle_benchmark0B3_
FNDA:1,_RNvCs13DtCLrWTFn_17code_guardian_cli14handle_history
FNDA:1,_RNvCs13DtCLrWTFn_17code_guardian_cli16handle_benchmark
FNDA:1,_RNvNtCs13DtCLrWTFn_17code_guardian_cli5testss_20test_cli_description
FNDA:1,_RNvNtCs13DtCLrWTFn_17code_guardian_cli5testss_24test_cli_help_generation
FNDA:1,_RNvNtCs13DtCLrWTFn_17code_guardian_cli5testss_26test_stack_preset_variants
FNDA:1,_RNvNtCs13DtCLrWTFn_17code_guardian_cli5testss_30test_handle_history_invalid_db
FNDA:1,_RNvNtCs13DtCLrWTFn_17code_guardian_cli5testss_32test_cli_parse_report_missing_id
FNDA:1,_RNvNtCs13DtCLrWTFn_17code_guardian_cli5testss_32test_cli_parse_scan_missing_path
FNDA:1,_RNvNtCs13DtCLrWTFn_17code_guardian_cli5testss_33test_cli_parse_invalid_subcommand
FNDA:1,_RNvNtCs13DtCLrWTFn_17code_guardian_cli5testss_34test_handle_benchmark_invalid_path
FNDA:0,_RNCNvCs13DtCLrWTFn_17code_guardian_cli4main0B3_
FNDA:0,_RNvCs13DtCLrWTFn_17code_guardian_cli10handle_git
FNDA:0,_RNvCs13DtCLrWTFn_17code_guardian_cli17handle_completion
FNDA:0,_RNvCs13DtCLrWTFn_17code_guardian_cli24handle_stack_preset_main
FNDA:0,_RNvCs13DtCLrWTFn_17code_guardian_cli4main
FNF:16
FNH:13
DA:382,30
DA:384,30
DA:385,30
DA:386,30
DA:388,30
DA:390,30
DA:391,30
DA:392,30
DA:393,30
DA:394,30
DA:395,30
DA:396,30
DA:397,30
DA:398,30
DA:399,30
DA:400,30
DA:401,30
DA:402,30
DA:403,30
DA:404,30
DA:405,30
DA:406,30
DA:407,30
DA:408,30
DA:409,9
DA:410,9
DA:411,9
DA:412,9
DA:413,9
DA:414,9
DA:415,9
DA:416,9
DA:417,9
DA:418,9
DA:419,9
DA:420,9
DA:421,9
DA:422,9
DA:423,9
DA:424,9
DA:425,30
DA:426,30
DA:427,30
DA:428,30
DA:429,30
DA:430,30
DA:431,30
DA:432,30
DA:433,30
DA:434,30
DA:435,30
DA:436,30
DA:437,30
DA:438,30
DA:439,30
DA:440,30
DA:441,30
DA:442,30
DA:443,30
DA:444,30
DA:445,30
DA:446,30
DA:447,30
DA:448,30
DA:449,30
DA:450,30
DA:451,30
DA:452,30
DA:453,30
DA:454,30
DA:455,30
DA:456,30
DA:457,30
DA:458,30
DA:459,30
DA:460,30
DA:461,30
DA:462,30
DA:463,30
DA:464,30
DA:465,30
DA:466,30
DA:467,30
DA:468,30
DA:469,30
DA:470,30
DA:471,30
DA:472,30
DA:473,30
DA:474,30
DA:475,30
DA:476,30
DA:477,30
DA:478,30
DA:479,30
DA:480,30
DA:481,30
DA:482,30
DA:484,2
DA:485,2
DA:486,2
DA:487,1
DA:488,1
DA:489,0
DA:490,0
DA:491,1
DA:492,1
DA:493,2
DA:494,1
DA:495,1
DA:496,1
DA:497,1
DA:498,1
DA:499,1
DA:500,1
DA:501,1
DA:502,1
DA:503,1
DA:504,2
DA:506,1
DA:507,1
DA:508,1
DA:509,1
DA:510,1
DA:511,1
DA:513,2
DA:514,2
DA:516,2
DA:517,1
DA:519,1
DA:521,2
DA:523,0
DA:524,0
DA:525,0
DA:526,0
DA:527,0
DA:528,0
DA:529,0
DA:530,0
DA:531,0
DA:532,0
DA:534,0
DA:536,0
DA:537,0
DA:538,0
DA:539,0
DA:540,0
DA:541,0
DA:542,0
DA:543,0
DA:545,0
DA:547,0
DA:548,0
DA:549,0
DA:550,0
DA:551,0
DA:552,0
DA:553,0
DA:554,0
DA:556,0
DA:558,0
DA:559,0
DA:560,0
DA:561,0
DA:562,0
DA:563,0
DA:564,0
DA:566,0
DA:568,0
DA:569,0
DA:570,0
DA:571,0
DA:572,0
DA:573,0
DA:575,0
DA:578,0
DA:580,0
DA:581,0
DA:582,0
DA:583,0
DA:585,0
DA:586,0
DA:587,0
DA:588,0
DA:590,0
DA:591,0
DA:593,0
DA:594,0
DA:595,0
DA:597,0
DA:598,0
DA:600,0
DA:601,0
DA:602,0
DA:603,0
DA:605,0
DA:606,0
DA:607,0
DA:609,0
DA:610,0
DA:612,0
DA:613,0
DA:614,0
DA:615,0
DA:617,0
DA:618,0
DA:620,0
DA:621,0
DA:622,0
DA:623,0
DA:624,0
DA:625,0
DA:626,0
DA:628,0
DA:631,0
DA:638,1
DA:639,1
DA:640,1
DA:643,1
DA:644,1
DA:645,1
DA:646,1
DA:647,1
DA:648,1
DA:649,1
DA:652,1
DA:653,1
DA:654,1
DA:657,1
DA:658,1
DA:659,1
DA:661,1
DA:664,1
DA:666,1
DA:667,1
DA:668,1
DA:669,1
DA:670,1
DA:671,1
DA:672,1
DA:673,1
DA:674,1
DA:675,1
DA:676,1
DA:677,1
DA:678,1
DA:679,1
DA:680,1
DA:681,1
DA:682,1
DA:683,1
DA:684,1
DA:685,1
DA:688,1
DA:689,1
DA:690,0
DA:692,1
DA:693,1
DA:694,0
DA:696,1
DA:697,1
DA:698,0
DA:700,1
DA:701,1
DA:702,0
DA:704,1
DA:705,1
DA:706,0
DA:708,1
DA:711,1
DA:712,1
DA:713,1
DA:714,1
DA:715,1
DA:718,1
DA:719,1
DA:720,1
DA:721,1
DA:722,1
DA:725,1
DA:726,1
DA:727,1
DA:728,1
DA:729,1
DA:732,1
DA:733,1
DA:734,1
DA:735,1
DA:736,1
DA:739,1
DA:740,1
DA:741,1
DA:742,1
DA:743,1
BRF:0
BRH:0
LF:377
LH:249
end_of_record
SF:/home/runner/work/code-guardian/code-guardian/crates/cli/src/production_handlers.rs
FN:284,_RNCNCNvNtCs4JWgKY61JLn_17code_guardian_cli19production_handlers16handle_lang_scan00B7_
FN:212,_RNCNvNtCs4JWgKY61JLn_17code_guardian_cli19production_handlers14handle_ci_gate0B5_
FN:281,_RNCNvNtCs4JWgKY61JLn_17code_guardian_cli19production_handlers16handle_lang_scan0B5_
FN:140,_RNCNvNtCs4JWgKY61JLn_17code_guardian_cli19production_handlers17handle_pre_commit0B5_
FN:172,_RNCNvNtCs4JWgKY61JLn_17code_guardian_cli19production_handlers17handle_pre_commits0_0B5_
FN:161,_RNCNvNtCs4JWgKY61JLn_17code_guardian_cli19production_handlers17handle_pre_commits_0B5_
FN:326,_RNCNvNtCs4JWgKY61JLn_17code_guardian_cli19production_handlers18filter_by_severity0B5_
FN:309,_RNvNtCs4JWgKY61JLn_17code_guardian_cli19production_handlers12handle_watch
FN:182,_RNvNtCs4JWgKY61JLn_17code_guardian_cli19production_handlers14handle_ci_gate
FN:254,_RNvNtCs4JWgKY61JLn_17code_guardian_cli19production_handlers16handle_lang_scan
FN:357,_RNvNtCs4JWgKY61JLn_17code_guardian_cli19production_handlers16is_high_severity
FN:333,_RNvNtCs4JWgKY61JLn_17code_guardian_cli19production_handlers17count_by_severity
FN:91,_RNvNtCs4JWgKY61JLn_17code_guardian_cli19production_handlers17handle_pre_commit
FN:323,_RNvNtCs4JWgKY61JLn_17code_guardian_cli19production_handlers18filter_by_severity
FN:387,_RNvNtCs4JWgKY61JLn_17code_guardian_cli19production_handlers20generate_json_output
FN:353,_RNvNtCs4JWgKY61JLn_17code_guardian_cli19production_handlers20is_critical_severity
FN:399,_RNvNtCs4JWgKY61JLn_17code_guardian_cli19production_handlers23generate_summary_output
FN:12,_RNvNtCs4JWgKY61JLn_17code_guardian_cli19production_handlers23handle_production_check
FN:342,_RNvNtCs4JWgKY61JLn_17code_guardian_cli19production_handlers24get_severity_for_pattern
FN:361,_RNvNtCs4JWgKY61JLn_17code_guardian_cli19production_handlers27map_languages_to_extensions
FN:417,_RNvNtCs4JWgKY61JLn_17code_guardian_cli19production_handlers31generate_production_text_output
FN:284,_RNCNCNvNtCs13DtCLrWTFn_17code_guardian_cli19production_handlers16handle_lang_scan00B7_
FN:212,_RNCNvNtCs13DtCLrWTFn_17code_guardian_cli19production_handlers14handle_ci_gate0B5_
FN:281,_RNCNvNtCs13DtCLrWTFn_17code_guardian_cli19production_handlers16handle_lang_scan0B5_
FN:140,_RNCNvNtCs13DtCLrWTFn_17code_guardian_cli19production_handlers17handle_pre_commit0B5_
FN:172,_RNCNvNtCs13DtCLrWTFn_17code_guardian_cli19production_handlers17handle_pre_commits0_0B5_
FN:161,_RNCNvNtCs13DtCLrWTFn_17code_guardian_cli19production_handlers17handle_pre_commits_0B5_
FN:326,_RNCNvNtCs13DtCLrWTFn_17code_guardian_cli19production_handlers18filter_by_severity0B5_
FN:309,_RNvNtCs13DtCLrWTFn_17code_guardian_cli19production_handlers12handle_watch
FN:182,_RNvNtCs13DtCLrWTFn_17code_guardian_cli19production_handlers14handle_ci_gate
FN:254,_RNvNtCs13DtCLrWTFn_17code_guardian_cli19production_handlers16handle_lang_scan
FN:91,_RNvNtCs13DtCLrWTFn_17code_guardian_cli19production_handlers17handle_pre_commit
FN:323,_RNvNtCs13DtCLrWTFn_17code_guardian_cli19production_handlers18filter_by_severity
FN:387,_RNvNtCs13DtCLrWTFn_17code_guardian_cli19production_handlers20generate_json_output
FN:399,_RNvNtCs13DtCLrWTFn_17code_guardian_cli19production_handlers23generate_summary_output
FN:12,_RNvNtCs13DtCLrWTFn_17code_guardian_cli19production_handlers23handle_production_check
FN:417,_RNvNtCs13DtCLrWTFn_17code_guardian_cli19production_handlers31generate_production_text_output
FN:357,_RNvNtCs13DtCLrWTFn_17code_guardian_cli19production_handlers16is_high_severity
FN:333,_RNvNtCs13DtCLrWTFn_17code_guardian_cli19production_handlers17count_by_severity
FN:353,_RNvNtCs13DtCLrWTFn_17code_guardian_cli19production_handlers20is_critical_severity
FN:342,_RNvNtCs13DtCLrWTFn_17code_guardian_cli19production_handlers24get_severity_for_pattern
FN:361,_RNvNtCs13DtCLrWTFn_17code_guardian_cli19production_handlers27map_languages_to_extensions
FN:581,_RNvNtNtCs13DtCLrWTFn_17code_guardian_cli19production_handlers5testss_21test_is_high_severity
FN:573,_RNvNtNtCs13DtCLrWTFn_17code_guardian_cli19production_handlers5testss_25test_is_critical_severity
FN:591,_RNvNtNtCs13DtCLrWTFn_17code_guardian_cli19production_handlers5testss_28test_count_by_severity_empty
FN:564,_RNvNtNtCs13DtCLrWTFn_17code_guardian_cli19production_handlers5testss_29test_get_severity_for_pattern
FN:552,_RNvNtNtCs13DtCLrWTFn_17code_guardian_cli19production_handlers5testss_32test_map_languages_to_extensions
FN:598,_RNvNtNtCs13DtCLrWTFn_17code_guardian_cli19production_handlers5testss_35test_language_mapping_comprehensive
FN:357,_RNvNtCsdtEIWJ3xtNs_17code_guardian_cli19production_handlers16is_high_severity
FN:333,_RNvNtCsdtEIWJ3xtNs_17code_guardian_cli19production_handlers17count_by_severity
FN:353,_RNvNtCsdtEIWJ3xtNs_17code_guardian_cli19production_handlers20is_critical_severity
FN:342,_RNvNtCsdtEIWJ3xtNs_17code_guardian_cli19production_handlers24get_severity_for_pattern
FN:361,_RNvNtCsdtEIWJ3xtNs_17code_guardian_cli19production_handlers27map_languages_to_extensions
FN:581,_RNvNtNtCsdtEIWJ3xtNs_17code_guardian_cli19production_handlers5testss_21test_is_high_severity
FN:573,_RNvNtNtCsdtEIWJ3xtNs_17code_guardian_cli19production_handlers5testss_25test_is_critical_severity
FN:591,_RNvNtNtCsdtEIWJ3xtNs_17code_guardian_cli19production_handlers5testss_28test_count_by_severity_empty
FN:564,_RNvNtNtCsdtEIWJ3xtNs_17code_guardian_cli19production_handlers5testss_29test_get_severity_for_pattern
FN:552,_RNvNtNtCsdtEIWJ3xtNs_17code_guardian_cli19production_handlers5testss_32test_map_languages_to_extensions
FN:598,_RNvNtNtCsdtEIWJ3xtNs_17code_guardian_cli19production_handlers5testss_35test_language_mapping_comprehensive
FN:284,_RNCNCNvNtCsdtEIWJ3xtNs_17code_guardian_cli19production_handlers16handle_lang_scan00B7_
FN:212,_RNCNvNtCsdtEIWJ3xtNs_17code_guardian_cli19production_handlers14handle_ci_gate0B5_
FN:281,_RNCNvNtCsdtEIWJ3xtNs_17code_guardian_cli19production_handlers16handle_lang_scan0B5_
FN:140,_RNCNvNtCsdtEIWJ3xtNs_17code_guardian_cli19production_handlers17handle_pre_commit0B5_
FN:172,_RNCNvNtCsdtEIWJ3xtNs_17code_guardian_cli19production_handlers17handle_pre_commits0_0B5_
FN:161,_RNCNvNtCsdtEIWJ3xtNs_17code_guardian_cli19production_handlers17handle_pre_commits_0B5_
FN:326,_RNCNvNtCsdtEIWJ3xtNs_17code_guardian_cli19production_handlers18filter_by_severity0B5_
FN:309,_RNvNtCsdtEIWJ3xtNs_17code_guardian_cli19production_handlers12handle_watch
FN:182,_RNvNtCsdtEIWJ3xtNs_17code_guardian_cli19production_handlers14handle_ci_gate
FN:254,_RNvNtCsdtEIWJ3xtNs_17code_guardian_cli19production_handlers16handle_lang_scan
FN:91,_RNvNtCsdtEIWJ3xtNs_17code_guardian_cli19production_handlers17handle_pre_commit
FN:323,_RNvNtCsdtEIWJ3xtNs_17code_guardian_cli19production_handlers18filter_by_severity
FN:387,_RNvNtCsdtEIWJ3xtNs_17code_guardian_cli19production_handlers20generate_json_output
FN:399,_RNvNtCsdtEIWJ3xtNs_17code_guardian_cli19production_handlers23generate_summary_output
FN:12,_RNvNtCsdtEIWJ3xtNs_17code_guardian_cli19production_handlers23handle_production_check
FN:417,_RNvNtCsdtEIWJ3xtNs_17code_guardian_cli19production_handlers31generate_production_text_output
FNDA:0,_RNCNCNvNtCs4JWgKY61JLn_17code_guardian_cli19production_handlers16handle_lang_scan00B7_
FNDA:0,_RNCNvNtCs4JWgKY61JLn_17code_guardian_cli19production_handlers14handle_ci_gate0B5_
FNDA:0,_RNCNvNtCs4JWgKY61JLn_17code_guardian_cli19production_handlers16handle_lang_scan0B5_
FNDA:0,_RNCNvNtCs4JWgKY61JLn_17code_guardian_cli19production_handlers17handle_pre_commit0B5_
FNDA:0,_RNCNvNtCs4JWgKY61JLn_17code_guardian_cli19production_handlers17handle_pre_commits0_0B5_
FNDA:0,_RNCNvNtCs4JWgKY61JLn_17code_guardian_cli19production_handlers17handle_pre_commits_0B5_
FNDA:0,_RNCNvNtCs4JWgKY61JLn_17code_guardian_cli19production_handlers18filter_by_severity0B5_
FNDA:0,_RNvNtCs4JWgKY61JLn_17code_guardian_cli19production_handlers12handle_watch
FNDA:0,_RNvNtCs4JWgKY61JLn_17code_guardian_cli19production_handlers14handle_ci_gate
FNDA:0,_RNvNtCs4JWgKY61JLn_17code_guardian_cli19production_handlers16handle_lang_scan
FNDA:0,_RNvNtCs4JWgKY61JLn_17code_guardian_cli19production_handlers16is_high_severity
FNDA:0,_RNvNtCs4JWgKY61JLn_17code_guardian_cli19production_handlers17count_by_severity
FNDA:0,_RNvNtCs4JWgKY61JLn_17code_guardian_cli19production_handlers17handle_pre_commit
FNDA:0,_RNvNtCs4JWgKY61JLn_17code_guardian_cli19production_handlers18filter_by_severity
FNDA:0,_RNvNtCs4JWgKY61JLn_17code_guardian_cli19production_handlers20generate_json_output
FNDA:0,_RNvNtCs4JWgKY61JLn_17code_guardian_cli19production_handlers20is_critical_severity
FNDA:0,_RNvNtCs4JWgKY61JLn_17code_guardian_cli19production_handlers23generate_summary_output
FNDA:0,_RNvNtCs4JWgKY61JLn_17code_guardian_cli19production_handlers23handle_production_check
FNDA:0,_RNvNtCs4JWgKY61JLn_17code_guardian_cli19production_handlers24get_severity_for_pattern
FNDA:0,_RNvNtCs4JWgKY61JLn_17code_guardian_cli19production_handlers27map_languages_to_extensions
FNDA:0,_RNvNtCs4JWgKY61JLn_17code_guardian_cli19production_handlers31generate_production_text_output
FNDA:0,_RNCNCNvNtCs13DtCLrWTFn_17code_guardian_cli19production_handlers16handle_lang_scan00B7_
FNDA:0,_RNCNvNtCs13DtCLrWTFn_17code_guardian_cli19production_handlers14handle_ci_gate0B5_
FNDA:0,_RNCNvNtCs13DtCLrWTFn_17code_guardian_cli19production_handlers16handle_lang_scan0B5_
FNDA:0,_RNCNvNtCs13DtCLrWTFn_17code_guardian_cli19production_handlers17handle_pre_commit0B5_
FNDA:0,_RNCNvNtCs13DtCLrWTFn_17code_guardian_cli19production_handlers17handle_pre_commits0_0B5_
FNDA:0,_RNCNvNtCs13DtCLrWTFn_17code_guardian_cli19production_handlers17handle_pre_commits_0B5_
FNDA:0,_RNCNvNtCs13DtCLrWTFn_17code_guardian_cli19production_handlers18filter_by_severity0B5_
FNDA:0,_RNvNtCs13DtCLrWTFn_17code_guardian_cli19production_handlers12handle_watch
FNDA:0,_RNvNtCs13DtCLrWTFn_17code_guardian_cli19production_handlers14handle_ci_gate
FNDA:0,_RNvNtCs13DtCLrWTFn_17code_guardian_cli19production_handlers16handle_lang_scan
FNDA:0,_RNvNtCs13DtCLrWTFn_17code_guardian_cli19production_handlers17handle_pre_commit
FNDA:0,_RNvNtCs13DtCLrWTFn_17code_guardian_cli19production_handlers18filter_by_severity
FNDA:0,_RNvNtCs13DtCLrWTFn_17code_guardian_cli19production_handlers20generate_json_output
FNDA:0,_RNvNtCs13DtCLrWTFn_17code_guardian_cli19production_handlers23generate_summary_output
FNDA:0,_RNvNtCs13DtCLrWTFn_17code_guardian_cli19production_handlers23handle_production_check
FNDA:0,_RNvNtCs13DtCLrWTFn_17code_guardian_cli19production_handlers31generate_production_text_output
FNDA:6,_RNvNtCs13DtCLrWTFn_17code_guardian_cli19production_handlers16is_high_severity
FNDA:1,_RNvNtCs13DtCLrWTFn_17code_guardian_cli19production_handlers17count_by_severity
FNDA:4,_RNvNtCs13DtCLrWTFn_17code_guardian_cli19production_handlers20is_critical_severity
FNDA:5,_RNvNtCs13DtCLrWTFn_17code_guardian_cli19production_handlers24get_severity_for_pattern
FNDA:6,_RNvNtCs13DtCLrWTFn_17code_guardian_cli19production_handlers27map_languages_to_extensions
FNDA:1,_RNvNtNtCs13DtCLrWTFn_17code_guardian_cli19production_handlers5testss_21test_is_high_severity
FNDA:1,_RNvNtNtCs13DtCLrWTFn_17code_guardian_cli19production_handlers5testss_25test_is_critical_severity
FNDA:1,_RNvNtNtCs13DtCLrWTFn_17code_guardian_cli19production_handlers5testss_28test_count_by_severity_empty
FNDA:1,_RNvNtNtCs13DtCLrWTFn_17code_guardian_cli19production_handlers5testss_29test_get_severity_for_pattern
FNDA:1,_RNvNtNtCs13DtCLrWTFn_17code_guardian_cli19production_handlers5testss_32test_map_languages_to_extensions
FNDA:1,_RNvNtNtCs13DtCLrWTFn_17code_guardian_cli19production_handlers5testss_35test_language_mapping_comprehensive
FNDA:6,_RNvNtCsdtEIWJ3xtNs_17code_guardian_cli19production_handlers16is_high_severity
FNDA:1,_RNvNtCsdtEIWJ3xtNs_17code_guardian_cli19production_handlers17count_by_severity
FNDA:4,_RNvNtCsdtEIWJ3xtNs_17code_guardian_cli19production_handlers20is_critical_severity
FNDA:5,_RNvNtCsdtEIWJ3xtNs_17code_guardian_cli19production_handlers24get_severity_for_pattern
FNDA:6,_RNvNtCsdtEIWJ3xtNs_17code_guardian_cli19production_handlers27map_languages_to_extensions
FNDA:1,_RNvNtNtCsdtEIWJ3xtNs_17code_guardian_cli19production_handlers5testss_21test_is_high_severity
FNDA:1,_RNvNtNtCsdtEIWJ3xtNs_17code_guardian_cli19production_handlers5testss_25test_is_critical_severity
FNDA:1,_RNvNtNtCsdtEIWJ3xtNs_17code_guardian_cli19production_handlers5testss_28test_count_by_severity_empty
FNDA:1,_RNvNtNtCsdtEIWJ3xtNs_17code_guardian_cli19production_handlers5testss_29test_get_severity_for_pattern
FNDA:1,_RNvNtNtCsdtEIWJ3xtNs_17code_guardian_cli19production_handlers5testss_32test_map_languages_to_extensions
FNDA:1,_RNvNtNtCsdtEIWJ3xtNs_17code_guardian_cli19production_handlers5testss_35test_language_mapping_comprehensive
FNDA:0,_RNCNCNvNtCsdtEIWJ3xtNs_17code_guardian_cli19production_handlers16handle_lang_scan00B7_
FNDA:0,_RNCNvNtCsdtEIWJ3xtNs_17code_guardian_cli19production_handlers14handle_ci_gate0B5_
FNDA:0,_RNCNvNtCsdtEIWJ3xtNs_17code_guardian_cli19production_handlers16handle_lang_scan0B5_
FNDA:0,_RNCNvNtCsdtEIWJ3xtNs_17code_guardian_cli19production_handlers17handle_pre_commit0B5_
FNDA:0,_RNCNvNtCsdtEIWJ3xtNs_17code_guardian_cli19production_handlers17handle_pre_commits0_0B5_
FNDA:0,_RNCNvNtCsdtEIWJ3xtNs_17code_guardian_cli19production_handlers17handle_pre_commits_0B5_
FNDA:0,_RNCNvNtCsdtEIWJ3xtNs_17code_guardian_cli19production_handlers18filter_by_severity0B5_
FNDA:0,_RNvNtCsdtEIWJ3xtNs_17code_guardian_cli19production_handlers12handle_watch
FNDA:0,_RNvNtCsdtEIWJ3xtNs_17code_guardian_cli19production_handlers14handle_ci_gate
FNDA:0,_RNvNtCsdtEIWJ3xtNs_17code_guardian_cli19production_handlers16handle_lang_scan
FNDA:0,_RNvNtCsdtEIWJ3xtNs_17code_guardian_cli19production_handlers17handle_pre_commit
FNDA:0,_RNvNtCsdtEIWJ3xtNs_17code_guardian_cli19production_handlers18filter_by_severity
FNDA:0,_RNvNtCsdtEIWJ3xtNs_17code_guardian_cli19production_handlers20generate_json_output
FNDA:0,_RNvNtCsdtEIWJ3xtNs_17code_guardian_cli19production_handlers23generate_summary_output
FNDA:0,_RNvNtCsdtEIWJ3xtNs_17code_guardian_cli19production_handlers23handle_production_check
FNDA:0,_RNvNtCsdtEIWJ3xtNs_17code_guardian_cli19production_handlers31generate_production_text_output
FNF:27
FNH:11
DA:12,0
DA:13,0
DA:14,0
DA:15,0
DA:16,0
DA:17,0
DA:18,0
DA:19,0
DA:20,0
DA:21,0
DA:22,0
DA:24,0
DA:27,0
DA:28,0
DA:31,0
DA:34,0
DA:35,0
DA:37,0
DA:41,0
DA:44,0
DA:45,0
DA:46,0
DA:47,0
DA:51,0
DA:52,0
DA:53,0
DA:54,0
DA:55,0
DA:56,0
DA:59,0
DA:60,0
DA:62,0
DA:63,0
DA:64,0
DA:67,0
DA:68,0
DA:70,0
DA:71,0
DA:72,0
DA:75,0
DA:76,0
DA:78,0
DA:79,0
DA:80,0
DA:81,0
DA:82,0
DA:83,0
DA:84,0
DA:85,0
DA:87,0
DA:88,0
DA:91,0
DA:92,0
DA:94,0
DA:96,0
DA:97,0
DA:98,0
DA:99,0
DA:102,0
DA:105,0
DA:107,0
DA:109,0
DA:110,0
DA:111,0
DA:114,0
DA:115,0
DA:117,0
DA:118,0
DA:119,0
DA:120,0
DA:122,0
DA:123,0
DA:124,0
DA:125,0
DA:126,0
DA:127,0
DA:130,0
DA:131,0
DA:132,0
DA:135,0
DA:136,0
DA:138,0
DA:139,0
DA:140,0
DA:141,0
DA:142,0
DA:143,0
DA:144,0
DA:146,0
DA:149,0
DA:152,0
DA:153,0
DA:154,0
DA:156,0
DA:157,0
DA:158,0
DA:161,0
DA:162,0
DA:163,0
DA:164,0
DA:165,0
DA:167,0
DA:168,0
DA:169,0
DA:172,0
DA:173,0
DA:174,0
DA:175,0
DA:177,0
DA:178,0
DA:179,0
DA:182,0
DA:183,0
DA:184,0
DA:185,0
DA:186,0
DA:187,0
DA:188,0
DA:189,0
DA:191,0
DA:192,0
DA:193,0
DA:195,0
DA:196,0
DA:197,0
DA:200,0
DA:201,0
DA:202,0
DA:203,0
DA:204,0
DA:205,0
DA:207,0
DA:208,0
DA:209,0
DA:211,0
DA:212,0
DA:213,0
DA:214,0
DA:215,0
DA:216,0
DA:217,0
DA:218,0
DA:221,0
DA:223,0
DA:224,0
DA:225,0
DA:226,0
DA:229,0
DA:230,0
DA:231,0
DA:233,0
DA:234,0
DA:235,0
DA:238,0
DA:239,0
DA:241,0
DA:242,0
DA:243,0
DA:246,0
DA:247,0
DA:249,0
DA:250,0
DA:251,0
DA:254,0
DA:255,0
DA:256,0
DA:257,0
DA:258,0
DA:259,0
DA:260,0
DA:261,0
DA:262,0
DA:264,0
DA:266,0
DA:267,0
DA:269,0
DA:270,0
DA:272,0
DA:275,0
DA:276,0
DA:279,0
DA:280,0
DA:281,0
DA:282,0
DA:283,0
DA:284,0
DA:285,0
DA:286,0
DA:288,0
DA:290,0
DA:291,0
DA:292,0
DA:293,0
DA:295,0
DA:296,0
DA:297,0
DA:298,0
DA:299,0
DA:300,0
DA:301,0
DA:302,0
DA:305,0
DA:306,0
DA:309,0
DA:310,0
DA:311,0
DA:312,0
DA:313,0
DA:314,0
DA:315,0
DA:316,0
DA:317,0
DA:318,0
DA:319,0
DA:323,0
DA:324,0
DA:325,0
DA:326,0
DA:327,0
DA:328,0
DA:329,0
DA:330,0
DA:331,0
DA:333,2
DA:334,2
DA:335,2
DA:336,0
DA:337,0
DA:338,0
DA:339,2
DA:340,2
DA:342,10
DA:343,10
DA:344,10
DA:345,8
DA:346,6
DA:347,4
DA:348,4
DA:350,10
DA:351,10
DA:353,8
DA:354,8
DA:355,8
DA:357,12
DA:358,12
DA:359,12
DA:361,12
DA:362,12
DA:363,28
DA:364,16
DA:365,16
DA:366,12
DA:367,10
DA:368,6
DA:369,2
DA:370,0
DA:371,0
DA:372,0
DA:373,0
DA:374,0
DA:375,0
DA:376,0
DA:377,0
DA:378,0
DA:379,0
DA:380,0
DA:381,0
DA:384,12
DA:385,12
DA:387,0
DA:388,0
DA:389,0
DA:390,0
DA:391,0
DA:392,0
DA:393,0
DA:394,0
DA:396,0
DA:397,0
DA:399,0
DA:400,0
DA:401,0
DA:402,0
DA:404,0
DA:405,0
DA:406,0
DA:407,0
DA:408,0
DA:409,0
DA:410,0
DA:412,0
DA:414,0
DA:415,0
DA:417,0
DA:418,0
DA:419,0
DA:420,0
DA:421,0
DA:423,0
DA:424,0
DA:425,0
DA:426,0
DA:429,0
DA:430,0
DA:431,0
DA:432,0
DA:434,0
DA:435,0
DA:436,0
DA:437,0
DA:438,0
DA:439,0
DA:440,0
DA:445,0
DA:446,0
DA:447,0
DA:448,0
DA:449,0
DA:450,0
DA:451,0
DA:452,0
DA:453,0
DA:454,0
DA:455,0
DA:456,0
DA:457,0
DA:458,0
DA:459,0
DA:460,0
DA:461,0
DA:463,0
DA:464,0
DA:465,0
DA:466,0
DA:467,0
DA:468,0
DA:469,0
DA:470,0
DA:471,0
DA:472,0
DA:473,0
DA:474,0
DA:475,0
DA:476,0
DA:477,0
DA:478,0
DA:479,0
DA:481,0
DA:482,0
DA:483,0
DA:484,0
DA:485,0
DA:486,0
DA:487,0
DA:488,0
DA:489,0
DA:490,0
DA:491,0
DA:492,0
DA:493,0
DA:494,0
DA:495,0
DA:496,0
DA:497,0
DA:499,0
DA:500,0
DA:501,0
DA:502,0
DA:503,0
DA:504,0
DA:505,0
DA:506,0
DA:507,0
DA:508,0
DA:509,0
DA:510,0
DA:511,0
DA:512,0
DA:513,0
DA:514,0
DA:515,0
DA:516,0
DA:517,0
DA:518,0
DA:519,0
DA:520,0
DA:521,0
DA:522,0
DA:525,0
DA:526,0
DA:527,0
DA:528,0
DA:529,0
DA:530,0
DA:531,0
DA:532,0
DA:533,0
DA:534,0
DA:535,0
DA:536,0
DA:537,0
DA:538,0
DA:539,0
DA:540,0
DA:541,0
DA:542,0
DA:544,0
DA:545,0
DA:552,2
DA:553,2
DA:554,2
DA:556,2
DA:557,2
DA:558,2
DA:559,2
DA:560,2
DA:561,2
DA:564,2
DA:565,2
DA:566,2
DA:567,2
DA:568,2
DA:569,2
DA:570,2
DA:573,2
DA:574,2
DA:575,2
DA:576,2
DA:577,2
DA:578,2
DA:581,2
DA:582,2
DA:583,2
DA:584,2
DA:585,2
DA:586,2
DA:587,2
DA:588,2
DA:591,2
DA:592,2
DA:593,2
DA:594,2
DA:595,2
DA:598,2
DA:599,2
DA:600,2
DA:601,2
DA:602,2
DA:603,2
DA:604,2
DA:607,12
DA:608,10
DA:609,10
DA:611,24
DA:612,14
DA:613,14
DA:614,0
DA:620,2
BRF:0
BRH:0
LF:464
LH:80
end_of_record
SF:/home/runner/work/code-guardian/code-guardian/crates/cli/src/report_handlers.rs
FN:24,_RNvNtCs4JWgKY61JLn_17code_guardian_cli15report_handlers13get_formatter
FN:10,_RNvNtCs4JWgKY61JLn_17code_guardian_cli15report_handlers13handle_report
FN:24,_RNvNtCs13DtCLrWTFn_17code_guardian_cli15report_handlers13get_formatter
FN:10,_RNvNtCs13DtCLrWTFn_17code_guardian_cli15report_handlers13handle_report
FNDA:9,_RNvNtCs4JWgKY61JLn_17code_guardian_cli15report_handlers13get_formatter
FNDA:7,_RNvNtCs4JWgKY61JLn_17code_guardian_cli15report_handlers13handle_report
FNDA:0,_RNvNtCs13DtCLrWTFn_17code_guardian_cli15report_handlers13get_formatter
FNDA:0,_RNvNtCs13DtCLrWTFn_17code_guardian_cli15report_handlers13handle_report
FNF:2
FNH:2
DA:10,7
DA:11,7
DA:12,6
DA:13,6
DA:14,6
DA:15,6
DA:16,5
DA:17,5
DA:18,5
DA:19,1
DA:21,6
DA:22,7
DA:24,9
DA:25,9
DA:26,9
DA:27,6
DA:28,4
DA:29,3
DA:30,2
DA:31,1
DA:33,9
BRF:0
BRH:0
LF:21
LH:21
end_of_record
SF:/home/runner/work/code-guardian/code-guardian/crates/cli/src/scan_handlers.rs
FN:143,_RNCNCNCNvNtCs4JWgKY61JLn_17code_guardian_cli13scan_handlers11handle_scan0s_00B9_
FN:61,_RNCNCNvNtCs4JWgKY61JLn_17code_guardian_cli13scan_handlers11handle_scan00B7_
FN:176,_RNCNCNvNtCs4JWgKY61JLn_17code_guardian_cli13scan_handlers11handle_scan0s0_0B7_
FN:142,_RNCNCNvNtCs4JWgKY61JLn_17code_guardian_cli13scan_handlers11handle_scan0s_0B7_
FN:32,_RNCNvNtCs4JWgKY61JLn_17code_guardian_cli13scan_handlers11handle_scan0B5_
FN:32,_RNvNtCs4JWgKY61JLn_17code_guardian_cli13scan_handlers11handle_scan
FN:143,_RNCNCNCNvNtCs13DtCLrWTFn_17code_guardian_cli13scan_handlers11handle_scan0s_00B9_
FN:61,_RNCNCNvNtCs13DtCLrWTFn_17code_guardian_cli13scan_handlers11handle_scan00B7_
FN:176,_RNCNCNvNtCs13DtCLrWTFn_17code_guardian_cli13scan_handlers11handle_scan0s0_0B7_
FN:142,_RNCNCNvNtCs13DtCLrWTFn_17code_guardian_cli13scan_handlers11handle_scan0s_0B7_
FN:32,_RNCNvNtCs13DtCLrWTFn_17code_guardian_cli13scan_handlers11handle_scan0B5_
FN:32,_RNvNtCs13DtCLrWTFn_17code_guardian_cli13scan_handlers11handle_scan
FN:143,_RNCNCNCNvNtCsdtEIWJ3xtNs_17code_guardian_cli13scan_handlers11handle_scan0s_00B9_
FN:61,_RNCNCNvNtCsdtEIWJ3xtNs_17code_guardian_cli13scan_handlers11handle_scan00B7_
FN:176,_RNCNCNvNtCsdtEIWJ3xtNs_17code_guardian_cli13scan_handlers11handle_scan0s0_0B7_
FN:142,_RNCNCNvNtCsdtEIWJ3xtNs_17code_guardian_cli13scan_handlers11handle_scan0s_0B7_
FN:32,_RNCNvNtCsdtEIWJ3xtNs_17code_guardian_cli13scan_handlers11handle_scan0B5_
FN:32,_RNvNtCsdtEIWJ3xtNs_17code_guardian_cli13scan_handlers11handle_scan
FNDA:3,_RNCNCNCNvNtCs4JWgKY61JLn_17code_guardian_cli13scan_handlers11handle_scan0s_00B9_
FNDA:0,_RNCNCNvNtCs4JWgKY61JLn_17code_guardian_cli13scan_handlers11handle_scan00B7_
FNDA:0,_RNCNCNvNtCs4JWgKY61JLn_17code_guardian_cli13scan_handlers11handle_scan0s0_0B7_
FNDA:3,_RNCNCNvNtCs4JWgKY61JLn_17code_guardian_cli13scan_handlers11handle_scan0s_0B7_
FNDA:9,_RNCNvNtCs4JWgKY61JLn_17code_guardian_cli13scan_handlers11handle_scan0B5_
FNDA:9,_RNvNtCs4JWgKY61JLn_17code_guardian_cli13scan_handlers11handle_scan
FNDA:0,_RNCNCNCNvNtCs13DtCLrWTFn_17code_guardian_cli13scan_handlers11handle_scan0s_00B9_
FNDA:0,_RNCNCNvNtCs13DtCLrWTFn_17code_guardian_cli13scan_handlers11handle_scan00B7_
FNDA:0,_RNCNCNvNtCs13DtCLrWTFn_17code_guardian_cli13scan_handlers11handle_scan0s0_0B7_
FNDA:0,_RNCNCNvNtCs13DtCLrWTFn_17code_guardian_cli13scan_handlers11handle_scan0s_0B7_
FNDA:0,_RNCNvNtCs13DtCLrWTFn_17code_guardian_cli13scan_handlers11handle_scan0B5_
FNDA:0,_RNvNtCs13DtCLrWTFn_17code_guardian_cli13scan_handlers11handle_scan
FNDA:0,_RNCNCNCNvNtCsdtEIWJ3xtNs_17code_guardian_cli13scan_handlers11handle_scan0s_00B9_
FNDA:0,_RNCNCNvNtCsdtEIWJ3xtNs_17code_guardian_cli13scan_handlers11handle_scan00B7_
FNDA:0,_RNCNCNvNtCsdtEIWJ3xtNs_17code_guardian_cli13scan_handlers11handle_scan0s0_0B7_
FNDA:0,_RNCNCNvNtCsdtEIWJ3xtNs_17code_guardian_cli13scan_handlers11handle_scan0s_0B7_
FNDA:0,_RNCNvNtCsdtEIWJ3xtNs_17code_guardian_cli13scan_handlers11handle_scan0B5_
FNDA:0,_RNvNtCsdtEIWJ3xtNs_17code_guardian_cli13scan_handlers11handle_scan
FNF:6
FNH:4
DA:32,9
DA:33,9
DA:34,1
DA:35,1
DA:36,1
DA:37,1
DA:38,8
DA:39,8
DA:40,0
DA:41,0
DA:42,0
DA:43,0
DA:44,8
DA:45,8
DA:47,8
DA:48,0
DA:49,8
DA:50,8
DA:51,0
DA:52,8
DA:53,8
DA:54,0
DA:55,8
DA:56,8
DA:57,0
DA:58,8
DA:59,8
DA:60,8
DA:61,8
DA:62,8
DA:65,8
DA:66,8
DA:67,1
DA:68,1
DA:69,7
DA:72,8
DA:75,8
DA:76,8
DA:77,1
DA:78,1
DA:79,1
DA:80,1
DA:81,1
DA:82,7
DA:84,8
DA:85,1
DA:86,1
DA:87,1
DA:89,7
DA:92,8
DA:94,1
DA:95,0
DA:96,1
DA:98,1
DA:99,1
DA:100,1
DA:103,0
DA:104,0
DA:105,0
DA:106,0
DA:107,0
DA:108,0
DA:109,0
DA:110,0
DA:112,0
DA:113,7
DA:115,1
DA:116,0
DA:117,1
DA:119,1
DA:122,5
DA:123,4
DA:124,4
DA:125,4
DA:126,4
DA:127,4
DA:128,4
DA:129,4
DA:130,4
DA:131,4
DA:132,4
DA:135,2
DA:136,2
DA:137,2
DA:140,1
DA:141,1
DA:142,3
DA:143,3
DA:144,3
DA:145,2
DA:147,1
DA:149,3
DA:150,3
DA:151,1
DA:153,1
DA:154,1
DA:157,1
DA:158,1
DA:159,1
DA:160,1
DA:161,1
DA:162,1
DA:163,1
DA:164,1
DA:166,1
DA:167,6
DA:169,0
DA:170,0
DA:171,0
DA:173,0
DA:174,0
DA:176,0
DA:177,0
DA:178,0
DA:179,0
DA:181,0
DA:182,6
DA:184,2
DA:185,0
DA:186,2
DA:188,2
DA:189,2
DA:190,2
DA:193,4
DA:194,1
DA:195,3
DA:197,4
DA:198,4
DA:199,4
DA:202,7
DA:203,1
DA:204,6
DA:205,7
DA:206,7
DA:207,7
DA:208,7
DA:209,7
DA:210,7
DA:211,7
DA:212,7
DA:213,7
DA:216,7
DA:217,1
DA:218,1
DA:219,1
DA:220,1
DA:221,1
DA:222,1
DA:224,1
DA:225,1
DA:226,1
DA:227,1
DA:228,1
DA:230,1
DA:231,1
DA:232,1
DA:233,1
DA:234,1
DA:235,1
DA:238,0
DA:239,1
DA:240,6
DA:242,7
DA:243,7
DA:244,7
DA:245,9
BRF:0
BRH:0
LF:172
LH:138
end_of_record
SF:/home/runner/work/code-guardian/code-guardian/crates/cli/src/utils.rs
FN:6,_RNCNvNtCs4JWgKY61JLn_17code_guardian_cli5utils11get_db_path0B5_
FN:5,_RNvNtCs4JWgKY61JLn_17code_guardian_cli5utils11get_db_path
FN:10,_RNvNtCs4JWgKY61JLn_17code_guardian_cli5utils26get_detectors_from_profile
FN:6,_RNCNvNtCs13DtCLrWTFn_17code_guardian_cli5utils11get_db_path0B5_
FN:5,_RNvNtCs13DtCLrWTFn_17code_guardian_cli5utils11get_db_path
FN:10,_RNvNtCs13DtCLrWTFn_17code_guardian_cli5utils26get_detectors_from_profile
FN:6,_RNCNvNtCsdtEIWJ3xtNs_17code_guardian_cli5utils11get_db_path0B5_
FN:5,_RNvNtCsdtEIWJ3xtNs_17code_guardian_cli5utils11get_db_path
FN:10,_RNvNtCsdtEIWJ3xtNs_17code_guardian_cli5utils26get_detectors_from_profile
FNDA:0,_RNCNvNtCs4JWgKY61JLn_17code_guardian_cli5utils11get_db_path0B5_
FNDA:9,_RNvNtCs4JWgKY61JLn_17code_guardian_cli5utils11get_db_path
FNDA:9,_RNvNtCs4JWgKY61JLn_17code_guardian_cli5utils26get_detectors_from_profile
FNDA:0,_RNCNvNtCs13DtCLrWTFn_17code_guardian_cli5utils11get_db_path0B5_
FNDA:1,_RNvNtCs13DtCLrWTFn_17code_guardian_cli5utils11get_db_path
FNDA:0,_RNvNtCs13DtCLrWTFn_17code_guardian_cli5utils26get_detectors_from_profile
FNDA:0,_RNCNvNtCsdtEIWJ3xtNs_17code_guardian_cli5utils11get_db_path0B5_
FNDA:0,_RNvNtCsdtEIWJ3xtNs_17code_guardian_cli5utils11get_db_path
FNDA:0,_RNvNtCsdtEIWJ3xtNs_17code_guardian_cli5utils26get_detectors_from_profile
FNF:3
FNH:2
DA:5,10
DA:6,10
DA:7,10
DA:10,9
DA:11,9
DA:12,9
DA:13,1
DA:14,0
DA:15,0
DA:16,0
DA:18,0
DA:19,0
DA:22,9
BRF:0
BRH:0
LF:14
LH:8
end_of_record
SF:/home/runner/work/code-guardian/code-guardian/crates/core/src/cache.rs
FN:39,_RNCNvXININtCskpVgjrDiF2U_18code_guardian_core5caches_0ppEINtB7_13InMemoryCacheppEINtB7_5CacheppE3get0B9_
FN:26,_RNvMNtCskpVgjrDiF2U_18code_guardian_core5cacheINtB2_13InMemoryCacheppE3newB4_
FN:56,_RNvXININtCskpVgjrDiF2U_18code_guardian_core5caches0_0ppEINtB5_13InMemoryCacheppENtNtCs5GmCzIpY9Qj_4core7default7Default7defaultB7_
FN:38,_RNvXININtCskpVgjrDiF2U_18code_guardian_core5caches_0ppEINtB5_13InMemoryCacheppEINtB5_5CacheppE3getB7_
FN:42,_RNvXININtCskpVgjrDiF2U_18code_guardian_core5caches_0ppEINtB5_13InMemoryCacheppEINtB5_5CacheppE3setB7_
FN:46,_RNvXININtCskpVgjrDiF2U_18code_guardian_core5caches_0ppEINtB5_13InMemoryCacheppEINtB5_5CacheppE5clearB7_
FN:39,_RNCNvXININtCs74w7r8ri6Nh_18code_guardian_core5caches_0ppEINtB7_13InMemoryCacheppEINtB7_5CacheppE3get0B9_
FN:26,_RNvMNtCs74w7r8ri6Nh_18code_guardian_core5cacheINtB2_13InMemoryCacheppE3newB4_
FN:56,_RNvXININtCs74w7r8ri6Nh_18code_guardian_core5caches0_0ppEINtB5_13InMemoryCacheppENtNtCs5GmCzIpY9Qj_4core7default7Default7defaultB7_
FN:38,_RNvXININtCs74w7r8ri6Nh_18code_guardian_core5caches_0ppEINtB5_13InMemoryCacheppEINtB5_5CacheppE3getB7_
FN:42,_RNvXININtCs74w7r8ri6Nh_18code_guardian_core5caches_0ppEINtB5_13InMemoryCacheppEINtB5_5CacheppE3setB7_
FN:46,_RNvXININtCs74w7r8ri6Nh_18code_guardian_core5caches_0ppEINtB5_13InMemoryCacheppEINtB5_5CacheppE5clearB7_
FNDA:0,_RNCNvXININtCskpVgjrDiF2U_18code_guardian_core5caches_0ppEINtB7_13InMemoryCacheppEINtB7_5CacheppE3get0B9_
FNDA:0,_RNvMNtCskpVgjrDiF2U_18code_guardian_core5cacheINtB2_13InMemoryCacheppE3newB4_
FNDA:0,_RNvXININtCskpVgjrDiF2U_18code_guardian_core5caches0_0ppEINtB5_13InMemoryCacheppENtNtCs5GmCzIpY9Qj_4core7default7Default7defaultB7_
FNDA:0,_RNvXININtCskpVgjrDiF2U_18code_guardian_core5caches_0ppEINtB5_13InMemoryCacheppEINtB5_5CacheppE3getB7_
FNDA:0,_RNvXININtCskpVgjrDiF2U_18code_guardian_core5caches_0ppEINtB5_13InMemoryCacheppEINtB5_5CacheppE3setB7_
FNDA:0,_RNvXININtCskpVgjrDiF2U_18code_guardian_core5caches_0ppEINtB5_13InMemoryCacheppEINtB5_5CacheppE5clearB7_
FNDA:0,_RNCNvXININtCs74w7r8ri6Nh_18code_guardian_core5caches_0ppEINtB7_13InMemoryCacheppEINtB7_5CacheppE3get0B9_
FNDA:0,_RNvMNtCs74w7r8ri6Nh_18code_guardian_core5cacheINtB2_13InMemoryCacheppE3newB4_
FNDA:0,_RNvXININtCs74w7r8ri6Nh_18code_guardian_core5caches0_0ppEINtB5_13InMemoryCacheppENtNtCs5GmCzIpY9Qj_4core7default7Default7defaultB7_
FNDA:0,_RNvXININtCs74w7r8ri6Nh_18code_guardian_core5caches_0ppEINtB5_13InMemoryCacheppEINtB5_5CacheppE3getB7_
FNDA:0,_RNvXININtCs74w7r8ri6Nh_18code_guardian_core5caches_0ppEINtB5_13InMemoryCacheppEINtB5_5CacheppE3setB7_
FNDA:0,_RNvXININtCs74w7r8ri6Nh_18code_guardian_core5caches_0ppEINtB5_13InMemoryCacheppEINtB5_5CacheppE5clearB7_
FNF:6
FNH:0
DA:26,0
DA:27,0
DA:28,0
DA:29,0
DA:30,0
DA:38,0
DA:39,0
DA:40,0
DA:42,0
DA:43,0
DA:44,0
DA:46,0
DA:47,0
DA:48,0
DA:56,0
DA:57,0
DA:58,0
BRF:0
BRH:0
LF:18
LH:0
end_of_record
SF:/home/runner/work/code-guardian/code-guardian/crates/core/src/config.rs
FN:29,_RINvNtCskpVgjrDiF2U_18code_guardian_core6config11load_configNtNtCscKkwsb9kWaL_3std4path7PathBufECs4JWgKY61JLn_17code_guardian_cli
FN:45,_RNCINvNtCskpVgjrDiF2U_18code_guardian_core6config11load_configNtNtCscKkwsb9kWaL_3std4path7PathBufE0Cs4JWgKY61JLn_17code_guardian_cli
FN:29,_RINvNtCskpVgjrDiF2U_18code_guardian_core6config11load_configpEB4_
FN:45,_RNCINvNtCskpVgjrDiF2U_18code_guardian_core6config11load_configpE0B6_
FN:16,_RNvXNtCskpVgjrDiF2U_18code_guardian_core6configNtB2_6ConfigNtNtCs5GmCzIpY9Qj_4core7default7Default7default
FN:29,_RINvNtCs74w7r8ri6Nh_18code_guardian_core6config11load_configRNtNtCscKkwsb9kWaL_3std4path7PathBufEB4_
FN:29,_RINvNtCs74w7r8ri6Nh_18code_guardian_core6config11load_configReEB4_
FN:45,_RNCINvNtCs74w7r8ri6Nh_18code_guardian_core6config11load_configRNtNtCscKkwsb9kWaL_3std4path7PathBufE0B6_
FN:45,_RNCINvNtCs74w7r8ri6Nh_18code_guardian_core6config11load_configReE0B6_
FN:16,_RNvXNtCs74w7r8ri6Nh_18code_guardian_core6configNtB2_6ConfigNtNtCs5GmCzIpY9Qj_4core7default7Default7default
FN:75,_RNvNtNtCs74w7r8ri6Nh_18code_guardian_core6config5testss_19test_default_config
FN:112,_RNvNtNtCs74w7r8ri6Nh_18code_guardian_core6config5testss_21test_load_config_json
FN:87,_RNvNtNtCs74w7r8ri6Nh_18code_guardian_core6config5testss_21test_load_config_toml
FN:137,_RNvNtNtCs74w7r8ri6Nh_18code_guardian_core6config5testss_24test_load_config_no_file
FN:150,_RNvNtNtCs74w7r8ri6Nh_18code_guardian_core6config5testss_35test_load_config_unsupported_format
FNDA:8,_RINvNtCskpVgjrDiF2U_18code_guardian_core6config11load_configNtNtCscKkwsb9kWaL_3std4path7PathBufECs4JWgKY61JLn_17code_guardian_cli
FNDA:0,_RNCINvNtCskpVgjrDiF2U_18code_guardian_core6config11load_configNtNtCscKkwsb9kWaL_3std4path7PathBufE0Cs4JWgKY61JLn_17code_guardian_cli
FNDA:0,_RINvNtCskpVgjrDiF2U_18code_guardian_core6config11load_configpEB4_
FNDA:0,_RNCINvNtCskpVgjrDiF2U_18code_guardian_core6config11load_configpE0B6_
FNDA:0,_RNvXNtCskpVgjrDiF2U_18code_guardian_core6configNtB2_6ConfigNtNtCs5GmCzIpY9Qj_4core7default7Default7default
FNDA:3,_RINvNtCs74w7r8ri6Nh_18code_guardian_core6config11load_configRNtNtCscKkwsb9kWaL_3std4path7PathBufEB4_
FNDA:1,_RINvNtCs74w7r8ri6Nh_18code_guardian_core6config11load_configReEB4_
FNDA:3,_RNCINvNtCs74w7r8ri6Nh_18code_guardian_core6config11load_configRNtNtCscKkwsb9kWaL_3std4path7PathBufE0B6_
FNDA:0,_RNCINvNtCs74w7r8ri6Nh_18code_guardian_core6config11load_configReE0B6_
FNDA:2,_RNvXNtCs74w7r8ri6Nh_18code_guardian_core6configNtB2_6ConfigNtNtCs5GmCzIpY9Qj_4core7default7Default7default
FNDA:1,_RNvNtNtCs74w7r8ri6Nh_18code_guardian_core6config5testss_19test_default_config
FNDA:1,_RNvNtNtCs74w7r8ri6Nh_18code_guardian_core6config5testss_21test_load_config_json
FNDA:1,_RNvNtNtCs74w7r8ri6Nh_18code_guardian_core6config5testss_21test_load_config_toml
FNDA:1,_RNvNtNtCs74w7r8ri6Nh_18code_guardian_core6config5testss_24test_load_config_no_file
FNDA:1,_RNvNtNtCs74w7r8ri6Nh_18code_guardian_core6config5testss_35test_load_config_unsupported_format
FNF:8
FNH:8
DA:16,2
DA:17,2
DA:18,2
DA:19,2
DA:20,2
DA:21,2
DA:22,2
DA:23,2
DA:24,2
DA:25,2
DA:26,2
DA:29,12
DA:30,12
DA:33,12
DA:34,12
DA:35,12
DA:36,12
DA:37,12
DA:38,12
DA:39,12
DA:42,12
DA:43,3
DA:44,3
DA:45,3
DA:46,3
DA:47,3
DA:48,1
DA:49,1
DA:50,2
DA:51,1
DA:52,1
DA:54,1
DA:55,1
DA:56,1
DA:57,1
DA:60,0
DA:61,9
DA:63,11
DA:64,11
DA:65,11
DA:66,12
DA:75,1
DA:76,1
DA:77,1
DA:78,1
DA:79,1
DA:80,1
DA:81,1
DA:82,1
DA:83,1
DA:84,1
DA:87,1
DA:88,1
DA:89,1
DA:90,1
DA:91,1
DA:92,1
DA:93,1
DA:94,1
DA:95,1
DA:96,1
DA:97,1
DA:98,1
DA:99,1
DA:101,1
DA:102,1
DA:103,1
DA:104,1
DA:105,1
DA:106,1
DA:107,1
DA:108,1
DA:109,1
DA:112,1
DA:113,1
DA:114,1
DA:115,1
DA:116,1
DA:117,1
DA:118,1
DA:119,1
DA:120,1
DA:121,1
DA:122,1
DA:123,1
DA:124,1
DA:126,1
DA:127,1
DA:128,1
DA:129,1
DA:130,1
DA:131,1
DA:132,1
DA:133,1
DA:134,1
DA:137,1
DA:138,1
DA:139,1
DA:140,1
DA:141,1
DA:142,1
DA:143,1
DA:144,1
DA:145,1
DA:146,1
DA:147,1
DA:150,1
DA:151,1
DA:152,1
DA:153,1
DA:155,1
DA:156,1
DA:157,1
BRF:0
BRH:0
LF:114
LH:112
end_of_record
SF:/home/runner/work/code-guardian/code-guardian/crates/core/src/custom_detectors.rs
FN:183,_RINvMs2_NtCskpVgjrDiF2U_18code_guardian_core16custom_detectorsNtB6_21CustomDetectorManager12save_to_fileRNtNtCscKkwsb9kWaL_3std4path7PathBufECs4JWgKY61JLn_17code_guardian_cli
FN:155,_RINvMs2_NtCskpVgjrDiF2U_18code_guardian_core16custom_detectorsNtB6_21CustomDetectorManager14load_from_fileRNtNtCscKkwsb9kWaL_3std4path7PathBufECs4JWgKY61JLn_17code_guardian_cli
FN:187,_RNCINvMs2_NtCskpVgjrDiF2U_18code_guardian_core16custom_detectorsNtB8_21CustomDetectorManager12save_to_fileRNtNtCscKkwsb9kWaL_3std4path7PathBufE0Cs4JWgKY61JLn_17code_guardian_cli
FN:191,_RNCINvMs2_NtCskpVgjrDiF2U_18code_guardian_core16custom_detectorsNtB8_21CustomDetectorManager12save_to_fileRNtNtCscKkwsb9kWaL_3std4path7PathBufEs_0Cs4JWgKY61JLn_17code_guardian_cli
FN:160,_RNCINvMs2_NtCskpVgjrDiF2U_18code_guardian_core16custom_detectorsNtB8_21CustomDetectorManager14load_from_fileRNtNtCscKkwsb9kWaL_3std4path7PathBufE0Cs4JWgKY61JLn_17code_guardian_cli
FN:133,_RNCNvMs1_NtCskpVgjrDiF2U_18code_guardian_core16custom_detectorsNtB7_14CustomDetector27extract_message_from_groups0B9_
FN:231,_RNCNvMs2_NtCskpVgjrDiF2U_18code_guardian_core16custom_detectorsNtB7_21CustomDetectorManager13get_detectors0B9_
FN:232,_RNCNvMs2_NtCskpVgjrDiF2U_18code_guardian_core16custom_detectorsNtB7_21CustomDetectorManager13get_detectorss_0B9_
FN:238,_RNCNvMs2_NtCskpVgjrDiF2U_18code_guardian_core16custom_detectorsNtB7_21CustomDetectorManager14list_detectors0B9_
FN:76,_RNCNvMs_NtCskpVgjrDiF2U_18code_guardian_core16custom_detectorsNtB6_14CustomDetector19should_process_file0B8_
FN:80,_RNCNvMs_NtCskpVgjrDiF2U_18code_guardian_core16custom_detectorsNtB6_14CustomDetector19should_process_files_0B8_
FN:60,_RNCNvMs_NtCskpVgjrDiF2U_18code_guardian_core16custom_detectorsNtB6_14CustomDetector3new0B8_
FN:122,_RNvMs1_NtCskpVgjrDiF2U_18code_guardian_core16custom_detectorsNtB5_14CustomDetector27extract_message_from_groups
FN:209,_RNvMs2_NtCskpVgjrDiF2U_18code_guardian_core16custom_detectorsNtB5_21CustomDetectorManager12add_detector
FN:228,_RNvMs2_NtCskpVgjrDiF2U_18code_guardian_core16custom_detectorsNtB5_21CustomDetectorManager13get_detectors
FN:237,_RNvMs2_NtCskpVgjrDiF2U_18code_guardian_core16custom_detectorsNtB5_21CustomDetectorManager14list_detectors
FN:262,_RNvMs2_NtCskpVgjrDiF2U_18code_guardian_core16custom_detectorsNtB5_21CustomDetectorManager15create_examples
FN:218,_RNvMs2_NtCskpVgjrDiF2U_18code_guardian_core16custom_detectorsNtB5_21CustomDetectorManager15remove_detector
FN:242,_RNvMs2_NtCskpVgjrDiF2U_18code_guardian_core16custom_detectorsNtB5_21CustomDetectorManager20set_detector_enabled
FN:147,_RNvMs2_NtCskpVgjrDiF2U_18code_guardian_core16custom_detectorsNtB5_21CustomDetectorManager3new
FN:71,_RNvMs_NtCskpVgjrDiF2U_18code_guardian_core16custom_detectorsNtB4_14CustomDetector19should_process_file
FN:50,_RNvMs_NtCskpVgjrDiF2U_18code_guardian_core16custom_detectorsNtB4_14CustomDetector3new
FN:66,_RNvMs_NtCskpVgjrDiF2U_18code_guardian_core16custom_detectorsNtB4_14CustomDetector6config
FN:321,_RNvNtCskpVgjrDiF2U_18code_guardian_core16custom_detectors16find_line_column
FN:43,_RNvXNtCskpVgjrDiF2U_18code_guardian_core16custom_detectorsNtB2_14CustomDetectorNtNtCs5GmCzIpY9Qj_4core5clone5Clone5clone
FN:88,_RNvXs0_NtCskpVgjrDiF2U_18code_guardian_core16custom_detectorsNtB5_14CustomDetectorNtB7_15PatternDetector6detect
FN:315,_RNvXs3_NtCskpVgjrDiF2U_18code_guardian_core16custom_detectorsNtB5_21CustomDetectorManagerNtNtCs5GmCzIpY9Qj_4core7default7Default7default
FN:183,_RINvMs2_NtCskpVgjrDiF2U_18code_guardian_core16custom_detectorsNtB6_21CustomDetectorManager12save_to_filepEB8_
FN:155,_RINvMs2_NtCskpVgjrDiF2U_18code_guardian_core16custom_detectorsNtB6_21CustomDetectorManager14load_from_filepEB8_
FN:187,_RNCINvMs2_NtCskpVgjrDiF2U_18code_guardian_core16custom_detectorsNtB8_21CustomDetectorManager12save_to_filepE0Ba_
FN:191,_RNCINvMs2_NtCskpVgjrDiF2U_18code_guardian_core16custom_detectorsNtB8_21CustomDetectorManager12save_to_filepEs_0Ba_
FN:160,_RNCINvMs2_NtCskpVgjrDiF2U_18code_guardian_core16custom_detectorsNtB8_21CustomDetectorManager14load_from_filepE0Ba_
FN:133,_RNCNvMs1_NtCs74w7r8ri6Nh_18code_guardian_core16custom_detectorsNtB7_14CustomDetector27extract_message_from_groups0B9_
FN:231,_RNCNvMs2_NtCs74w7r8ri6Nh_18code_guardian_core16custom_detectorsNtB7_21CustomDetectorManager13get_detectors0B9_
FN:232,_RNCNvMs2_NtCs74w7r8ri6Nh_18code_guardian_core16custom_detectorsNtB7_21CustomDetectorManager13get_detectorss_0B9_
FN:238,_RNCNvMs2_NtCs74w7r8ri6Nh_18code_guardian_core16custom_detectorsNtB7_21CustomDetectorManager14list_detectors0B9_
FN:76,_RNCNvMs_NtCs74w7r8ri6Nh_18code_guardian_core16custom_detectorsNtB6_14CustomDetector19should_process_file0B8_
FN:80,_RNCNvMs_NtCs74w7r8ri6Nh_18code_guardian_core16custom_detectorsNtB6_14CustomDetector19should_process_files_0B8_
FN:60,_RNCNvMs_NtCs74w7r8ri6Nh_18code_guardian_core16custom_detectorsNtB6_14CustomDetector3new0B8_
FN:122,_RNvMs1_NtCs74w7r8ri6Nh_18code_guardian_core16custom_detectorsNtB5_14CustomDetector27extract_message_from_groups
FN:209,_RNvMs2_NtCs74w7r8ri6Nh_18code_guardian_core16custom_detectorsNtB5_21CustomDetectorManager12add_detector
FN:228,_RNvMs2_NtCs74w7r8ri6Nh_18code_guardian_core16custom_detectorsNtB5_21CustomDetectorManager13get_detectors
FN:237,_RNvMs2_NtCs74w7r8ri6Nh_18code_guardian_core16custom_detectorsNtB5_21CustomDetectorManager14list_detectors
FN:262,_RNvMs2_NtCs74w7r8ri6Nh_18code_guardian_core16custom_detectorsNtB5_21CustomDetectorManager15create_examples
FN:147,_RNvMs2_NtCs74w7r8ri6Nh_18code_guardian_core16custom_detectorsNtB5_21CustomDetectorManager3new
FN:71,_RNvMs_NtCs74w7r8ri6Nh_18code_guardian_core16custom_detectorsNtB4_14CustomDetector19should_process_file
FN:50,_RNvMs_NtCs74w7r8ri6Nh_18code_guardian_core16custom_detectorsNtB4_14CustomDetector3new
FN:66,_RNvMs_NtCs74w7r8ri6Nh_18code_guardian_core16custom_detectorsNtB4_14CustomDetector6config
FN:321,_RNvNtCs74w7r8ri6Nh_18code_guardian_core16custom_detectors16find_line_column
FN:423,_RNvNtNtCs74w7r8ri6Nh_18code_guardian_core16custom_detectors5testss_18test_complex_regex
FN:402,_RNvNtNtCs74w7r8ri6Nh_18code_guardian_core16custom_detectors5testss_18test_empty_pattern
FN:588,_RNvNtNtCs74w7r8ri6Nh_18code_guardian_core16custom_detectors5testss_18test_invalid_regex
FN:445,_RNvNtNtCs74w7r8ri6Nh_18code_guardian_core16custom_detectors5testss_18test_large_content
FN:542,_RNvNtNtCs74w7r8ri6Nh_18code_guardian_core16custom_detectors5testss_19test_capture_groups
FN:492,_RNvNtNtCs74w7r8ri6Nh_18code_guardian_core16custom_detectors5testss_21test_case_insensitive
FN:390,_RNvNtNtCs74w7r8ri6Nh_18code_guardian_core16custom_detectors5testss_21test_detector_manager
FN:566,_RNvNtNtCs74w7r8ri6Nh_18code_guardian_core16custom_detectors5testss_22test_disabled_detector
FN:470,_RNvNtNtCs74w7r8ri6Nh_18code_guardian_core16custom_detectors5testss_22test_multiline_pattern
FN:346,_RNvNtNtCs74w7r8ri6Nh_18code_guardian_core16custom_detectors5testss_29test_custom_detector_creation
FN:366,_RNvNtNtCs74w7r8ri6Nh_18code_guardian_core16custom_detectors5testss_29test_custom_detector_matching
FN:514,_RNvNtNtCs74w7r8ri6Nh_18code_guardian_core16custom_detectors5testss_29test_file_extension_filtering
FN:43,_RNvXNtCs74w7r8ri6Nh_18code_guardian_core16custom_detectorsNtB2_14CustomDetectorNtNtCs5GmCzIpY9Qj_4core5clone5Clone5clone
FN:88,_RNvXs0_NtCs74w7r8ri6Nh_18code_guardian_core16custom_detectorsNtB5_14CustomDetectorNtB7_15PatternDetector6detect
FN:183,_RINvMs2_NtCs74w7r8ri6Nh_18code_guardian_core16custom_detectorsNtB6_21CustomDetectorManager12save_to_filepEB8_
FN:155,_RINvMs2_NtCs74w7r8ri6Nh_18code_guardian_core16custom_detectorsNtB6_21CustomDetectorManager14load_from_filepEB8_
FN:187,_RNCINvMs2_NtCs74w7r8ri6Nh_18code_guardian_core16custom_detectorsNtB8_21CustomDetectorManager12save_to_filepE0Ba_
FN:191,_RNCINvMs2_NtCs74w7r8ri6Nh_18code_guardian_core16custom_detectorsNtB8_21CustomDetectorManager12save_to_filepEs_0Ba_
FN:160,_RNCINvMs2_NtCs74w7r8ri6Nh_18code_guardian_core16custom_detectorsNtB8_21CustomDetectorManager14load_from_filepE0Ba_
FN:218,_RNvMs2_NtCs74w7r8ri6Nh_18code_guardian_core16custom_detectorsNtB5_21CustomDetectorManager15remove_detector
FN:242,_RNvMs2_NtCs74w7r8ri6Nh_18code_guardian_core16custom_detectorsNtB5_21CustomDetectorManager20set_detector_enabled
FN:315,_RNvXs3_NtCs74w7r8ri6Nh_18code_guardian_core16custom_detectorsNtB5_21CustomDetectorManagerNtNtCs5GmCzIpY9Qj_4core7default7Default7default
FNDA:3,_RINvMs2_NtCskpVgjrDiF2U_18code_guardian_core16custom_detectorsNtB6_21CustomDetectorManager12save_to_fileRNtNtCscKkwsb9kWaL_3std4path7PathBufECs4JWgKY61JLn_17code_guardian_cli
FNDA:3,_RINvMs2_NtCskpVgjrDiF2U_18code_guardian_core16custom_detectorsNtB6_21CustomDetectorManager14load_from_fileRNtNtCscKkwsb9kWaL_3std4path7PathBufECs4JWgKY61JLn_17code_guardian_cli
FNDA:9,_RNCINvMs2_NtCskpVgjrDiF2U_18code_guardian_core16custom_detectorsNtB8_21CustomDetectorManager12save_to_fileRNtNtCscKkwsb9kWaL_3std4path7PathBufE0Cs4JWgKY61JLn_17code_guardian_cli
FNDA:3,_RNCINvMs2_NtCskpVgjrDiF2U_18code_guardian_core16custom_detectorsNtB8_21CustomDetectorManager12save_to_fileRNtNtCscKkwsb9kWaL_3std4path7PathBufEs_0Cs4JWgKY61JLn_17code_guardian_cli
FNDA:3,_RNCINvMs2_NtCskpVgjrDiF2U_18code_guardian_core16custom_detectorsNtB8_21CustomDetectorManager14load_from_fileRNtNtCscKkwsb9kWaL_3std4path7PathBufE0Cs4JWgKY61JLn_17code_guardian_cli
FNDA:0,_RNCNvMs1_NtCskpVgjrDiF2U_18code_guardian_core16custom_detectorsNtB7_14CustomDetector27extract_message_from_groups0B9_
FNDA:4,_RNCNvMs2_NtCskpVgjrDiF2U_18code_guardian_core16custom_detectorsNtB7_21CustomDetectorManager13get_detectors0B9_
FNDA:4,_RNCNvMs2_NtCskpVgjrDiF2U_18code_guardian_core16custom_detectorsNtB7_21CustomDetectorManager13get_detectorss_0B9_
FNDA:3,_RNCNvMs2_NtCskpVgjrDiF2U_18code_guardian_core16custom_detectorsNtB7_21CustomDetectorManager14list_detectors0B9_
FNDA:4,_RNCNvMs_NtCskpVgjrDiF2U_18code_guardian_core16custom_detectorsNtB6_14CustomDetector19should_process_file0B8_
FNDA:6,_RNCNvMs_NtCskpVgjrDiF2U_18code_guardian_core16custom_detectorsNtB6_14CustomDetector19should_process_files_0B8_
FNDA:0,_RNCNvMs_NtCskpVgjrDiF2U_18code_guardian_core16custom_detectorsNtB6_14CustomDetector3new0B8_
FNDA:0,_RNvMs1_NtCskpVgjrDiF2U_18code_guardian_core16custom_detectorsNtB5_14CustomDetector27extract_message_from_groups
FNDA:9,_RNvMs2_NtCskpVgjrDiF2U_18code_guardian_core16custom_detectorsNtB5_21CustomDetectorManager12add_detector
FNDA:9,_RNvMs2_NtCskpVgjrDiF2U_18code_guardian_core16custom_detectorsNtB5_21CustomDetectorManager13get_detectors
FNDA:1,_RNvMs2_NtCskpVgjrDiF2U_18code_guardian_core16custom_detectorsNtB5_21CustomDetectorManager14list_detectors
FNDA:3,_RNvMs2_NtCskpVgjrDiF2U_18code_guardian_core16custom_detectorsNtB5_21CustomDetectorManager15create_examples
FNDA:0,_RNvMs2_NtCskpVgjrDiF2U_18code_guardian_core16custom_detectorsNtB5_21CustomDetectorManager15remove_detector
FNDA:0,_RNvMs2_NtCskpVgjrDiF2U_18code_guardian_core16custom_detectorsNtB5_21CustomDetectorManager20set_detector_enabled
FNDA:13,_RNvMs2_NtCskpVgjrDiF2U_18code_guardian_core16custom_detectorsNtB5_21CustomDetectorManager3new
FNDA:5,_RNvMs_NtCskpVgjrDiF2U_18code_guardian_core16custom_detectorsNtB4_14CustomDetector19should_process_file
FNDA:20,_RNvMs_NtCskpVgjrDiF2U_18code_guardian_core16custom_detectorsNtB4_14CustomDetector3new
FNDA:16,_RNvMs_NtCskpVgjrDiF2U_18code_guardian_core16custom_detectorsNtB4_14CustomDetector6config
FNDA:0,_RNvNtCskpVgjrDiF2U_18code_guardian_core16custom_detectors16find_line_column
FNDA:4,_RNvXNtCskpVgjrDiF2U_18code_guardian_core16custom_detectorsNtB2_14CustomDetectorNtNtCs5GmCzIpY9Qj_4core5clone5Clone5clone
FNDA:5,_RNvXs0_NtCskpVgjrDiF2U_18code_guardian_core16custom_detectorsNtB5_14CustomDetectorNtB7_15PatternDetector6detect
FNDA:0,_RNvXs3_NtCskpVgjrDiF2U_18code_guardian_core16custom_detectorsNtB5_21CustomDetectorManagerNtNtCs5GmCzIpY9Qj_4core7default7Default7default
FNDA:0,_RINvMs2_NtCskpVgjrDiF2U_18code_guardian_core16custom_detectorsNtB6_21CustomDetectorManager12save_to_filepEB8_
FNDA:0,_RINvMs2_NtCskpVgjrDiF2U_18code_guardian_core16custom_detectorsNtB6_21CustomDetectorManager14load_from_filepEB8_
FNDA:0,_RNCINvMs2_NtCskpVgjrDiF2U_18code_guardian_core16custom_detectorsNtB8_21CustomDetectorManager12save_to_filepE0Ba_
FNDA:0,_RNCINvMs2_NtCskpVgjrDiF2U_18code_guardian_core16custom_detectorsNtB8_21CustomDetectorManager12save_to_filepEs_0Ba_
FNDA:0,_RNCINvMs2_NtCskpVgjrDiF2U_18code_guardian_core16custom_detectorsNtB8_21CustomDetectorManager14load_from_filepE0Ba_
FNDA:0,_RNCNvMs1_NtCs74w7r8ri6Nh_18code_guardian_core16custom_detectorsNtB7_14CustomDetector27extract_message_from_groups0B9_
FNDA:3,_RNCNvMs2_NtCs74w7r8ri6Nh_18code_guardian_core16custom_detectorsNtB7_21CustomDetectorManager13get_detectors0B9_
FNDA:3,_RNCNvMs2_NtCs74w7r8ri6Nh_18code_guardian_core16custom_detectorsNtB7_21CustomDetectorManager13get_detectorss_0B9_
FNDA:3,_RNCNvMs2_NtCs74w7r8ri6Nh_18code_guardian_core16custom_detectorsNtB7_21CustomDetectorManager14list_detectors0B9_
FNDA:4,_RNCNvMs_NtCs74w7r8ri6Nh_18code_guardian_core16custom_detectorsNtB6_14CustomDetector19should_process_file0B8_
FNDA:4,_RNCNvMs_NtCs74w7r8ri6Nh_18code_guardian_core16custom_detectorsNtB6_14CustomDetector19should_process_files_0B8_
FNDA:1,_RNCNvMs_NtCs74w7r8ri6Nh_18code_guardian_core16custom_detectorsNtB6_14CustomDetector3new0B8_
FNDA:1,_RNvMs1_NtCs74w7r8ri6Nh_18code_guardian_core16custom_detectorsNtB5_14CustomDetector27extract_message_from_groups
FNDA:3,_RNvMs2_NtCs74w7r8ri6Nh_18code_guardian_core16custom_detectorsNtB5_21CustomDetectorManager12add_detector
FNDA:1,_RNvMs2_NtCs74w7r8ri6Nh_18code_guardian_core16custom_detectorsNtB5_21CustomDetectorManager13get_detectors
FNDA:2,_RNvMs2_NtCs74w7r8ri6Nh_18code_guardian_core16custom_detectorsNtB5_21CustomDetectorManager14list_detectors
FNDA:1,_RNvMs2_NtCs74w7r8ri6Nh_18code_guardian_core16custom_detectorsNtB5_21CustomDetectorManager15create_examples
FNDA:1,_RNvMs2_NtCs74w7r8ri6Nh_18code_guardian_core16custom_detectorsNtB5_21CustomDetectorManager3new
FNDA:8,_RNvMs_NtCs74w7r8ri6Nh_18code_guardian_core16custom_detectorsNtB4_14CustomDetector19should_process_file
FNDA:17,_RNvMs_NtCs74w7r8ri6Nh_18code_guardian_core16custom_detectorsNtB4_14CustomDetector3new
FNDA:6,_RNvMs_NtCs74w7r8ri6Nh_18code_guardian_core16custom_detectorsNtB4_14CustomDetector6config
FNDA:8,_RNvNtCs74w7r8ri6Nh_18code_guardian_core16custom_detectors16find_line_column
FNDA:1,_RNvNtNtCs74w7r8ri6Nh_18code_guardian_core16custom_detectors5testss_18test_complex_regex
FNDA:1,_RNvNtNtCs74w7r8ri6Nh_18code_guardian_core16custom_detectors5testss_18test_empty_pattern
FNDA:1,_RNvNtNtCs74w7r8ri6Nh_18code_guardian_core16custom_detectors5testss_18test_invalid_regex
FNDA:1,_RNvNtNtCs74w7r8ri6Nh_18code_guardian_core16custom_detectors5testss_18test_large_content
FNDA:1,_RNvNtNtCs74w7r8ri6Nh_18code_guardian_core16custom_detectors5testss_19test_capture_groups
FNDA:1,_RNvNtNtCs74w7r8ri6Nh_18code_guardian_core16custom_detectors5testss_21test_case_insensitive
FNDA:1,_RNvNtNtCs74w7r8ri6Nh_18code_guardian_core16custom_detectors5testss_21test_detector_manager
FNDA:1,_RNvNtNtCs74w7r8ri6Nh_18code_guardian_core16custom_detectors5testss_22test_disabled_detector
FNDA:1,_RNvNtNtCs74w7r8ri6Nh_18code_guardian_core16custom_detectors5testss_22test_multiline_pattern
FNDA:1,_RNvNtNtCs74w7r8ri6Nh_18code_guardian_core16custom_detectors5testss_29test_custom_detector_creation
FNDA:1,_RNvNtNtCs74w7r8ri6Nh_18code_guardian_core16custom_detectors5testss_29test_custom_detector_matching
FNDA:1,_RNvNtNtCs74w7r8ri6Nh_18code_guardian_core16custom_detectors5testss_29test_file_extension_filtering
FNDA:3,_RNvXNtCs74w7r8ri6Nh_18code_guardian_core16custom_detectorsNtB2_14CustomDetectorNtNtCs5GmCzIpY9Qj_4core5clone5Clone5clone
FNDA:9,_RNvXs0_NtCs74w7r8ri6Nh_18code_guardian_core16custom_detectorsNtB5_14CustomDetectorNtB7_15PatternDetector6detect
FNDA:0,_RINvMs2_NtCs74w7r8ri6Nh_18code_guardian_core16custom_detectorsNtB6_21CustomDetectorManager12save_to_filepEB8_
FNDA:0,_RINvMs2_NtCs74w7r8ri6Nh_18code_guardian_core16custom_detectorsNtB6_21CustomDetectorManager14load_from_filepEB8_
FNDA:0,_RNCINvMs2_NtCs74w7r8ri6Nh_18code_guardian_core16custom_detectorsNtB8_21CustomDetectorManager12save_to_filepE0Ba_
FNDA:0,_RNCINvMs2_NtCs74w7r8ri6Nh_18code_guardian_core16custom_detectorsNtB8_21CustomDetectorManager12save_to_filepEs_0Ba_
FNDA:0,_RNCINvMs2_NtCs74w7r8ri6Nh_18code_guardian_core16custom_detectorsNtB8_21CustomDetectorManager14load_from_filepE0Ba_
FNDA:0,_RNvMs2_NtCs74w7r8ri6Nh_18code_guardian_core16custom_detectorsNtB5_21CustomDetectorManager15remove_detector
FNDA:0,_RNvMs2_NtCs74w7r8ri6Nh_18code_guardian_core16custom_detectorsNtB5_21CustomDetectorManager20set_detector_enabled
FNDA:0,_RNvXs3_NtCs74w7r8ri6Nh_18code_guardian_core16custom_detectorsNtB5_21CustomDetectorManagerNtNtCs5GmCzIpY9Qj_4core7default7Default7default
FNF:39
FNH:35
DA:43,7
DA:44,7
DA:45,7
DA:50,37
DA:51,37
DA:54,37
DA:55,37
DA:56,37
DA:58,37
DA:59,37
DA:60,37
DA:62,36
DA:63,37
DA:66,22
DA:67,22
DA:68,22
DA:71,13
DA:72,13
DA:73,5
DA:74,8
DA:76,8
DA:77,8
DA:78,8
DA:79,8
DA:80,10
DA:82,0
DA:84,13
DA:88,14
DA:89,14
DA:90,6
DA:91,8
DA:93,8
DA:95,8
DA:96,8
DA:98,8
DA:101,8
DA:102,1
DA:104,7
DA:107,8
DA:108,8
DA:109,8
DA:110,8
DA:111,8
DA:112,8
DA:113,8
DA:114,0
DA:117,8
DA:118,14
DA:122,1
DA:123,1
DA:125,3
DA:126,2
DA:127,2
DA:128,2
DA:131,1
DA:132,0
DA:133,0
DA:135,1
DA:137,1
DA:147,14
DA:148,14
DA:149,14
DA:150,14
DA:151,14
DA:152,14
DA:155,3
DA:156,3
DA:157,3
DA:159,3
DA:160,3
DA:161,3
DA:162,0
DA:163,0
DA:164,0
DA:167,10
DA:168,7
DA:169,7
DA:172,3
DA:173,3
DA:174,3
DA:175,3
DA:176,3
DA:179,3
DA:180,3
DA:183,3
DA:184,3
DA:185,3
DA:186,3
DA:187,9
DA:188,3
DA:190,3
DA:191,3
DA:192,3
DA:193,0
DA:194,0
DA:195,0
DA:198,3
DA:199,3
DA:200,3
DA:201,3
DA:202,3
DA:205,3
DA:206,3
DA:209,12
DA:210,12
DA:211,12
DA:212,12
DA:213,12
DA:214,12
DA:215,12
DA:218,0
DA:219,0
DA:220,0
DA:221,0
DA:223,0
DA:225,0
DA:228,10
DA:229,10
DA:230,10
DA:231,10
DA:232,10
DA:233,10
DA:234,10
DA:237,3
DA:238,6
DA:239,3
DA:242,0
DA:243,0
DA:246,0
DA:247,0
DA:248,0
DA:249,0
DA:250,0
DA:251,0
DA:252,0
DA:255,0
DA:257,0
DA:259,0
DA:262,4
DA:263,4
DA:264,4
DA:265,4
DA:266,4
DA:267,4
DA:268,4
DA:269,4
DA:270,4
DA:271,4
DA:272,4
DA:273,4
DA:274,4
DA:275,4
DA:276,4
DA:277,4
DA:278,4
DA:279,4
DA:280,4
DA:281,4
DA:282,4
DA:283,4
DA:284,4
DA:285,4
DA:286,4
DA:287,4
DA:288,4
DA:289,4
DA:290,4
DA:291,4
DA:292,4
DA:293,4
DA:294,4
DA:295,4
DA:296,4
DA:297,4
DA:298,4
DA:299,4
DA:300,4
DA:301,4
DA:302,4
DA:303,4
DA:306,16
DA:307,12
DA:310,4
DA:311,4
DA:315,0
DA:316,0
DA:317,0
DA:321,8
DA:322,8
DA:323,8
DA:325,100039
DA:326,100039
DA:327,8
DA:328,100031
DA:330,100031
DA:331,10001
DA:332,10001
DA:333,90030
DA:334,90030
DA:335,90030
DA:338,8
DA:339,8
DA:346,1
DA:347,1
DA:348,1
DA:349,1
DA:350,1
DA:351,1
DA:352,1
DA:353,1
DA:354,1
DA:355,1
DA:356,1
DA:357,1
DA:358,1
DA:359,1
DA:361,1
DA:362,1
DA:363,1
DA:366,1
DA:367,1
DA:368,1
DA:369,1
DA:370,1
DA:371,1
DA:372,1
DA:373,1
DA:374,1
DA:375,1
DA:376,1
DA:377,1
DA:378,1
DA:379,1
DA:381,1
DA:382,1
DA:383,1
DA:385,1
DA:386,1
DA:387,1
DA:390,1
DA:391,1
DA:392,1
DA:394,1
DA:395,1
DA:397,1
DA:398,1
DA:399,1
DA:402,1
DA:403,1
DA:404,1
DA:405,1
DA:406,1
DA:407,1
DA:408,1
DA:409,1
DA:410,1
DA:411,1
DA:412,1
DA:413,1
DA:414,1
DA:415,1
DA:417,1
DA:419,1
DA:420,1
DA:423,1
DA:424,1
DA:425,1
DA:426,1
DA:427,1
DA:428,1
DA:429,1
DA:430,1
DA:431,1
DA:432,1
DA:433,1
DA:434,1
DA:435,1
DA:436,1
DA:438,1
DA:439,1
DA:440,1
DA:441,1
DA:442,1
DA:445,1
DA:446,1
DA:447,1
DA:448,1
DA:449,1
DA:450,1
DA:451,1
DA:452,1
DA:453,1
DA:454,1
DA:455,1
DA:456,1
DA:457,1
DA:458,1
DA:460,1
DA:461,1
DA:462,1
DA:463,1
DA:464,1
DA:465,1
DA:466,1
DA:467,1
DA:470,1
DA:471,1
DA:472,1
DA:473,1
DA:474,1
DA:475,1
DA:476,1
DA:477,1
DA:478,1
DA:479,1
DA:480,1
DA:481,1
DA:482,1
DA:483,1
DA:485,1
DA:486,1
DA:487,1
DA:488,1
DA:489,1
DA:492,1
DA:493,1
DA:494,1
DA:495,1
DA:496,1
DA:497,1
DA:498,1
DA:499,1
DA:500,1
DA:501,1
DA:502,1
DA:503,1
DA:504,1
DA:505,1
DA:507,1
DA:508,1
DA:509,1
DA:510,1
DA:511,1
DA:514,1
DA:515,1
DA:516,1
DA:517,1
DA:518,1
DA:519,1
DA:520,1
DA:521,1
DA:522,1
DA:523,1
DA:524,1
DA:525,1
DA:526,1
DA:527,1
DA:529,1
DA:530,1
DA:533,1
DA:534,1
DA:537,1
DA:538,1
DA:539,1
DA:542,1
DA:543,1
DA:544,1
DA:545,1
DA:546,1
DA:547,1
DA:548,1
DA:549,1
DA:550,1
DA:551,1
DA:552,1
DA:553,1
DA:554,1
DA:555,1
DA:557,1
DA:558,1
DA:559,1
DA:560,1
DA:561,1
DA:562,1
DA:563,1
DA:566,1
DA:567,1
DA:568,1
DA:569,1
DA:570,1
DA:571,1
DA:572,1
DA:573,1
DA:574,1
DA:575,1
DA:576,1
DA:577,1
DA:578,1
DA:579,1
DA:581,1
DA:582,1
DA:583,1
DA:584,1
DA:585,1
DA:588,1
DA:589,1
DA:590,1
DA:591,1
DA:592,1
DA:593,1
DA:594,1
DA:595,1
DA:596,1
DA:597,1
DA:598,1
DA:599,1
DA:600,1
DA:601,1
DA:603,1
DA:604,1
DA:605,1
BRF:0
BRH:0
LF:431
LH:399
end_of_record
SF:/home/runner/work/code-guardian/code-guardian/crates/core/src/detector_factory.rs
FN:114,_RNvMNtCskpVgjrDiF2U_18code_guardian_core16detector_factoryNtB2_15DetectorFactory15create_detector
FN:11,_RNvMNtCskpVgjrDiF2U_18code_guardian_core16detector_factoryNtB2_15DetectorFactory16create_detectors
FN:27,_RNvMNtCskpVgjrDiF2U_18code_guardian_core16detector_factoryNtB2_15DetectorFactory24create_default_detectors
FN:95,_RNvMNtCskpVgjrDiF2U_18code_guardian_core16detector_factoryNtB2_15DetectorFactory25create_security_detectors
FN:105,_RNvMNtCskpVgjrDiF2U_18code_guardian_core16detector_factoryNtB2_15DetectorFactory28create_performance_detectors
FN:32,_RNvMNtCskpVgjrDiF2U_18code_guardian_core16detector_factoryNtB2_15DetectorFactory30create_comprehensive_detectors
FN:71,_RNvMNtCskpVgjrDiF2U_18code_guardian_core16detector_factoryNtB2_15DetectorFactory33create_production_ready_detectors
FN:187,_RNvMs_NtCskpVgjrDiF2U_18code_guardian_core16detector_factoryNtB4_15DetectorProfile13get_detectors
FN:114,_RNvMNtCs74w7r8ri6Nh_18code_guardian_core16detector_factoryNtB2_15DetectorFactory15create_detector
FN:11,_RNvMNtCs74w7r8ri6Nh_18code_guardian_core16detector_factoryNtB2_15DetectorFactory16create_detectors
FN:27,_RNvMNtCs74w7r8ri6Nh_18code_guardian_core16detector_factoryNtB2_15DetectorFactory24create_default_detectors
FN:95,_RNvMNtCs74w7r8ri6Nh_18code_guardian_core16detector_factoryNtB2_15DetectorFactory25create_security_detectors
FN:105,_RNvMNtCs74w7r8ri6Nh_18code_guardian_core16detector_factoryNtB2_15DetectorFactory28create_performance_detectors
[...]
DA:26,261
DA:27,261
DA:35,1
DA:36,1
DA:37,1
DA:38,1
DA:39,1
DA:40,1
DA:41,1
DA:42,1
DA:45,1
DA:46,1
DA:47,1
DA:48,1
DA:49,1
DA:50,1
DA:51,1
DA:52,1
DA:53,1
DA:54,1
DA:55,1
DA:56,1
DA:57,1
DA:58,1
DA:61,1
DA:62,1
DA:63,1
DA:64,1
DA:65,1
DA:66,1
DA:67,1
DA:68,1
DA:69,1
DA:70,1
DA:71,1
DA:72,1
DA:73,1
DA:74,1
DA:75,1
DA:76,1
DA:77,1
DA:79,1
DA:80,1
DA:81,1
DA:82,1
DA:83,1
DA:84,1
DA:87,1
DA:88,1
DA:89,1
DA:90,1
DA:91,1
DA:92,1
DA:93,1
DA:94,1
DA:95,1
DA:96,1
DA:97,1
DA:98,1
DA:99,1
DA:100,1
DA:108,1
DA:109,1
DA:110,1
DA:111,1
DA:112,1
DA:113,1
DA:114,1
DA:115,1
DA:116,1
DA:117,1178
DA:118,1178
DA:119,1178
DA:120,1178
DA:121,1178
DA:122,1178
DA:123,1
BRF:0
BRH:0
LF:92
LH:92
end_of_record
SF:/home/runner/work/code-guardian/code-guardian/crates/output/src/formatters/html.rs
FN:66,_RNvNtNtCsg9doVcPvPEC_20code_guardian_output10formatters4html11html_escape
FN:9,_RNvXNtNtCsg9doVcPvPEC_20code_guardian_output10formatters4htmlNtB2_13HtmlFormatterNtB4_9Formatter6format
FN:163,_RNCNvNtNtNtCsltwcZ4khchc_20code_guardian_output10formatters4html14proptest_tests9arb_match0B9_
FN:154,_RNvNtNtNtCsltwcZ4khchc_20code_guardian_output10formatters4html14proptest_tests9arb_match
FN:66,_RNvNtNtCsltwcZ4khchc_20code_guardian_output10formatters4html11html_escape
FN:9,_RNvXNtNtCsltwcZ4khchc_20code_guardian_output10formatters4htmlNtB2_13HtmlFormatterNtB4_9Formatter6format
FN:108,_RNvNtNtNtCsltwcZ4khchc_20code_guardian_output10formatters4html5testss_16test_html_escape
FN:89,_RNvNtNtNtCsltwcZ4khchc_20code_guardian_output10formatters4html5testss_17test_single_match
FN:79,_RNvNtNtNtCsltwcZ4khchc_20code_guardian_output10formatters4html5testss_18test_empty_matches
FN:123,_RNvNtNtNtCsltwcZ4khchc_20code_guardian_output10formatters4html5testss_21test_multiple_matches
FNDA:3,_RNvNtNtCsg9doVcPvPEC_20code_guardian_output10formatters4html11html_escape
FNDA:1,_RNvXNtNtCsg9doVcPvPEC_20code_guardian_output10formatters4htmlNtB2_13HtmlFormatterNtB4_9Formatter6format
FNDA:1169,_RNCNvNtNtNtCsltwcZ4khchc_20code_guardian_output10formatters4html14proptest_tests9arb_match0B9_
FNDA:1,_RNvNtNtNtCsltwcZ4khchc_20code_guardian_output10formatters4html14proptest_tests9arb_match
FNDA:3519,_RNvNtNtCsltwcZ4khchc_20code_guardian_output10formatters4html11html_escape
FNDA:260,_RNvXNtNtCsltwcZ4khchc_20code_guardian_output10formatters4htmlNtB2_13HtmlFormatterNtB4_9Formatter6format
FNDA:1,_RNvNtNtNtCsltwcZ4khchc_20code_guardian_output10formatters4html5testss_16test_html_escape
FNDA:1,_RNvNtNtNtCsltwcZ4khchc_20code_guardian_output10formatters4html5testss_17test_single_match
FNDA:1,_RNvNtNtNtCsltwcZ4khchc_20code_guardian_output10formatters4html5testss_18test_empty_matches
FNDA:1,_RNvNtNtNtCsltwcZ4khchc_20code_guardian_output10formatters4html5testss_21test_multiple_matches
FNF:8
FNH:8
DA:9,261
DA:10,261
DA:38,261
DA:39,32
DA:40,32
DA:41,1403
DA:42,1174
DA:43,1174
DA:44,1174
DA:45,1174
DA:46,1174
DA:47,1174
DA:48,1174
DA:49,1174
DA:50,1174
DA:53,261
DA:54,261
DA:55,261
DA:56,261
DA:57,261
DA:58,261
DA:61,261
DA:62,261
DA:66,3522
DA:67,3522
DA:68,3522
DA:69,3522
DA:70,3522
DA:71,3522
DA:72,3522
DA:79,1
DA:80,1
DA:81,1
DA:82,1
DA:83,1
DA:84,1
DA:85,1
DA:86,1
DA:89,1
DA:90,1
DA:91,1
DA:92,1
DA:93,1
DA:94,1
DA:95,1
DA:96,1
DA:97,1
DA:98,1
DA:99,1
DA:100,1
DA:101,1
DA:102,1
DA:103,1
DA:104,1
DA:105,1
DA:108,1
DA:109,1
DA:110,1
DA:111,1
DA:112,1
DA:113,1
DA:114,1
DA:115,1
DA:116,1
DA:117,1
DA:118,1
DA:119,1
DA:120,1
DA:123,1
DA:124,1
DA:125,1
DA:126,1
DA:127,1
DA:128,1
DA:129,1
DA:130,1
DA:131,1
DA:132,1
DA:133,1
DA:134,1
DA:135,1
DA:136,1
DA:137,1
DA:138,1
DA:139,1
DA:141,1
DA:142,1
DA:143,1
DA:144,1
DA:145,1
DA:146,1
DA:154,1
DA:155,1
DA:156,1
DA:157,1
DA:158,1
DA:159,1
DA:160,1
DA:161,1
DA:162,1
DA:163,1169
DA:164,1169
DA:165,1169
DA:166,1169
DA:167,1169
DA:168,1169
DA:169,1
BRF:0
BRH:0
LF:107
LH:107
end_of_record
SF:/home/runner/work/code-guardian/code-guardian/crates/output/src/formatters/json.rs
FN:10,_RNCNvXNtNtCsg9doVcPvPEC_20code_guardian_output10formatters4jsonNtB4_13JsonFormatterNtB6_9Formatter6format0B8_
FN:9,_RNvXNtNtCsg9doVcPvPEC_20code_guardian_output10formatters4jsonNtB2_13JsonFormatterNtB4_9Formatter6format
FN:90,_RNCNvNtNtNtCsltwcZ4khchc_20code_guardian_output10formatters4json14proptest_tests9arb_match0B9_
FN:81,_RNvNtNtNtCsltwcZ4khchc_20code_guardian_output10formatters4json14proptest_tests9arb_match
FN:28,_RNvNtNtNtCsltwcZ4khchc_20code_guardian_output10formatters4json5testss_17test_single_match
FN:20,_RNvNtNtNtCsltwcZ4khchc_20code_guardian_output10formatters4json5testss_18test_empty_matches
FN:51,_RNvNtNtNtCsltwcZ4khchc_20code_guardian_output10formatters4json5testss_21test_multiple_matches
FN:10,_RNCNvXNtNtCsltwcZ4khchc_20code_guardian_output10formatters4jsonNtB4_13JsonFormatterNtB6_9Formatter6format0B8_
FN:9,_RNvXNtNtCsltwcZ4khchc_20code_guardian_output10formatters4jsonNtB2_13JsonFormatterNtB4_9Formatter6format
FNDA:0,_RNCNvXNtNtCsg9doVcPvPEC_20code_guardian_output10formatters4jsonNtB4_13JsonFormatterNtB6_9Formatter6format0B8_
FNDA:2,_RNvXNtNtCsg9doVcPvPEC_20code_guardian_output10formatters4jsonNtB2_13JsonFormatterNtB4_9Formatter6format
FNDA:1117,_RNCNvNtNtNtCsltwcZ4khchc_20code_guardian_output10formatters4json14proptest_tests9arb_match0B9_
FNDA:1,_RNvNtNtNtCsltwcZ4khchc_20code_guardian_output10formatters4json14proptest_tests9arb_match
FNDA:1,_RNvNtNtNtCsltwcZ4khchc_20code_guardian_output10formatters4json5testss_17test_single_match
FNDA:1,_RNvNtNtNtCsltwcZ4khchc_20code_guardian_output10formatters4json5testss_18test_empty_matches
FNDA:1,_RNvNtNtNtCsltwcZ4khchc_20code_guardian_output10formatters4json5testss_21test_multiple_matches
FNDA:0,_RNCNvXNtNtCsltwcZ4khchc_20code_guardian_output10formatters4jsonNtB4_13JsonFormatterNtB6_9Formatter6format0B8_
FNDA:259,_RNvXNtNtCsltwcZ4khchc_20code_guardian_output10formatters4jsonNtB2_13JsonFormatterNtB4_9Formatter6format
FNF:7
FNH:6
DA:9,261
DA:10,261
DA:11,261
DA:20,1
DA:21,1
DA:22,1
DA:23,1
DA:24,1
DA:25,1
DA:28,1
DA:29,1
DA:30,1
DA:31,1
DA:32,1
DA:33,1
DA:34,1
DA:35,1
DA:36,1
DA:37,1
DA:38,1
DA:39,1
DA:40,1
DA:41,1
DA:42,1
DA:43,1
DA:44,1
DA:45,1
DA:46,1
DA:47,1
DA:48,1
DA:51,1
DA:52,1
DA:53,1
DA:54,1
DA:55,1
DA:56,1
DA:57,1
DA:58,1
DA:59,1
DA:60,1
DA:61,1
DA:62,1
DA:63,1
DA:64,1
DA:65,1
DA:66,1
DA:67,1
DA:69,1
DA:71,1
DA:72,1
DA:73,1
DA:81,1
DA:82,1
DA:83,1
DA:84,1
DA:85,1
DA:86,1
DA:87,1
DA:88,1
DA:89,1
DA:90,1117
DA:91,1117
DA:92,1117
DA:93,1117
DA:94,1117
DA:95,1117
DA:96,1
BRF:0
BRH:0
LF:68
LH:67
end_of_record
SF:/home/runner/work/code-guardian/code-guardian/crates/output/src/formatters/markdown.rs
FN:33,_RNvNtNtCsg9doVcPvPEC_20code_guardian_output10formatters8markdown9escape_md
FN:9,_RNvXNtNtCsg9doVcPvPEC_20code_guardian_output10formatters8markdownNtB2_17MarkdownFormatterNtB4_9Formatter6format
FN:120,_RNCNvNtNtNtCsltwcZ4khchc_20code_guardian_output10formatters8markdown14proptest_tests9arb_match0B9_
FN:111,_RNvNtNtNtCsltwcZ4khchc_20code_guardian_output10formatters8markdown14proptest_tests9arb_match
FN:33,_RNvNtNtCsltwcZ4khchc_20code_guardian_output10formatters8markdown9escape_md
FN:65,_RNvNtNtNtCsltwcZ4khchc_20code_guardian_output10formatters8markdown5testss_17test_escape_pipes
FN:50,_RNvNtNtNtCsltwcZ4khchc_20code_guardian_output10formatters8markdown5testss_17test_single_match
FN:42,_RNvNtNtNtCsltwcZ4khchc_20code_guardian_output10formatters8markdown5testss_18test_empty_matches
FN:80,_RNvNtNtNtCsltwcZ4khchc_20code_guardian_output10formatters8markdown5testss_21test_multiple_matches
FN:9,_RNvXNtNtCsltwcZ4khchc_20code_guardian_output10formatters8markdownNtB2_17MarkdownFormatterNtB4_9Formatter6format
FNDA:3,_RNvNtNtCsg9doVcPvPEC_20code_guardian_output10formatters8markdown9escape_md
FNDA:1,_RNvXNtNtCsg9doVcPvPEC_20code_guardian_output10formatters8markdownNtB2_17MarkdownFormatterNtB4_9Formatter6format
FNDA:1128,_RNCNvNtNtNtCsltwcZ4khchc_20code_guardian_output10formatters8markdown14proptest_tests9arb_match0B9_
FNDA:1,_RNvNtNtNtCsltwcZ4khchc_20code_guardian_output10formatters8markdown14proptest_tests9arb_match
FNDA:3396,_RNvNtNtCsltwcZ4khchc_20code_guardian_output10formatters8markdown9escape_md
FNDA:1,_RNvNtNtNtCsltwcZ4khchc_20code_guardian_output10formatters8markdown5testss_17test_escape_pipes
FNDA:1,_RNvNtNtNtCsltwcZ4khchc_20code_guardian_output10formatters8markdown5testss_17test_single_match
FNDA:1,_RNvNtNtNtCsltwcZ4khchc_20code_guardian_output10formatters8markdown5testss_18test_empty_matches
FNDA:1,_RNvNtNtNtCsltwcZ4khchc_20code_guardian_output10formatters8markdown5testss_21test_multiple_matches
FNDA:260,_RNvXNtNtCsltwcZ4khchc_20code_guardian_output10formatters8markdownNtB2_17MarkdownFormatterNtB4_9Formatter6format
FNF:8
FNH:8
DA:9,261
DA:10,261
DA:11,22
DA:12,239
DA:14,239
DA:15,239
DA:17,1372
DA:18,1133
DA:19,1133
DA:20,1133
DA:21,1133
DA:22,1133
DA:23,1133
DA:24,1133
DA:25,1133
DA:26,1133
DA:28,239
DA:29,261
DA:33,3399
DA:34,3399
DA:35,3399
DA:42,1
DA:43,1
DA:44,1
DA:45,1
DA:46,1
DA:47,1
DA:50,1
DA:51,1
DA:52,1
DA:53,1
DA:54,1
DA:55,1
DA:56,1
DA:57,1
DA:58,1
DA:59,1
DA:60,1
DA:61,1
DA:62,1
DA:65,1
DA:66,1
DA:67,1
DA:68,1
DA:69,1
DA:70,1
DA:71,1
DA:72,1
DA:73,1
DA:74,1
DA:75,1
DA:76,1
DA:77,1
DA:80,1
DA:81,1
DA:82,1
DA:83,1
DA:84,1
DA:85,1
DA:86,1
DA:87,1
DA:88,1
DA:89,1
DA:90,1
DA:91,1
DA:92,1
DA:93,1
DA:94,1
DA:95,1
DA:96,1
DA:98,1
DA:99,1
DA:100,1
DA:101,1
DA:102,1
DA:103,1
DA:111,1
DA:112,1
DA:113,1
DA:114,1
DA:115,1
DA:116,1
DA:117,1
DA:118,1
DA:119,1
DA:120,1128
DA:121,1128
DA:122,1128
DA:123,1128
DA:124,1128
DA:125,1128
DA:126,1
BRF:0
BRH:0
LF:92
LH:92
end_of_record
SF:/home/runner/work/code-guardian/code-guardian/crates/output/src/formatters/text.rs
FN:9,_RNvXNtNtCsg9doVcPvPEC_20code_guardian_output10formatters4textNtB2_13TextFormatterNtB4_9Formatter6format
FN:115,_RNCNvNtNtNtCsltwcZ4khchc_20code_guardian_output10formatters4text14proptest_tests9arb_match0B9_
FN:106,_RNvNtNtNtCsltwcZ4khchc_20code_guardian_output10formatters4text14proptest_tests9arb_match
FN:9,_RNvXNtNtCsltwcZ4khchc_20code_guardian_output10formatters4textNtB2_13TextFormatterNtB4_9Formatter6format
FN:38,_RNvNtNtNtCsltwcZ4khchc_20code_guardian_output10formatters4text5testss_17test_single_match
FN:30,_RNvNtNtNtCsltwcZ4khchc_20code_guardian_output10formatters4text5testss_18test_empty_matches
FN:77,_RNvNtNtNtCsltwcZ4khchc_20code_guardian_output10formatters4text5testss_21test_multiple_matches
FN:53,_RNvNtNtNtCsltwcZ4khchc_20code_guardian_output10formatters4text5testss_30test_multiple_matches_snapshot
FNDA:9,_RNvXNtNtCsg9doVcPvPEC_20code_guardian_output10formatters4textNtB2_13TextFormatterNtB4_9Formatter6format
FNDA:1163,_RNCNvNtNtNtCsltwcZ4khchc_20code_guardian_output10formatters4text14proptest_tests9arb_match0B9_
FNDA:1,_RNvNtNtNtCsltwcZ4khchc_20code_guardian_output10formatters4text14proptest_tests9arb_match
FNDA:260,_RNvXNtNtCsltwcZ4khchc_20code_guardian_output10formatters4textNtB2_13TextFormatterNtB4_9Formatter6format
FNDA:1,_RNvNtNtNtCsltwcZ4khchc_20code_guardian_output10formatters4text5testss_17test_single_match
FNDA:1,_RNvNtNtNtCsltwcZ4khchc_20code_guardian_output10formatters4text5testss_18test_empty_matches
FNDA:1,_RNvNtNtNtCsltwcZ4khchc_20code_guardian_output10formatters4text5testss_21test_multiple_matches
FNDA:1,_RNvNtNtNtCsltwcZ4khchc_20code_guardian_output10formatters4text5testss_30test_multiple_matches_snapshot
FNF:7
FNH:7
DA:9,269
DA:10,269
DA:11,29
DA:12,240
DA:14,240
DA:15,1421
DA:16,1181
DA:17,1181
DA:18,1181
DA:19,1181
DA:20,1181
DA:21,240
DA:22,269
DA:30,1
DA:31,1
DA:32,1
DA:33,1
DA:34,1
DA:35,1
DA:38,1
DA:39,1
DA:40,1
DA:41,1
DA:42,1
DA:43,1
DA:44,1
DA:45,1
DA:46,1
DA:47,1
DA:48,1
DA:49,1
DA:50,1
DA:53,1
DA:54,1
DA:55,1
DA:56,1
DA:57,1
DA:58,1
DA:59,1
DA:60,1
DA:61,1
DA:62,1
DA:63,1
DA:64,1
DA:65,1
DA:66,1
DA:67,1
DA:68,1
DA:69,1
DA:71,1
DA:72,1
DA:73,1
DA:74,1
DA:77,1
DA:78,1
DA:79,1
DA:80,1
DA:81,1
DA:82,1
DA:83,1
DA:84,1
DA:85,1
DA:86,1
DA:87,1
DA:88,1
DA:89,1
DA:90,1
DA:91,1
DA:92,1
DA:93,1
DA:95,1
DA:96,1
DA:97,1
DA:98,1
DA:106,1
DA:107,1
DA:108,1
DA:109,1
DA:110,1
DA:111,1
DA:112,1
DA:113,1
DA:114,1
DA:115,1163
DA:116,1163
DA:117,1163
DA:118,1163
DA:119,1163
DA:120,1163
DA:121,1
BRF:0
BRH:0
LF:90
LH:90
end_of_record
SF:/home/runner/work/code-guardian/code-guardian/crates/storage/src/lib.rs
FN:48,_RINvMCs7FA7pXG3yIR_21code_guardian_storageNtB3_20SqliteScanRepository3newRNtNtCscKkwsb9kWaL_3std4path7PathBufECs4JWgKY61JLn_17code_guardian_cli
FN:119,_RNCNvXs_Cs7FA7pXG3yIR_21code_guardian_storageNtB6_20SqliteScanRepositoryNtB6_14ScanRepository13get_all_scans0B6_
FN:84,_RNCNvXs_Cs7FA7pXG3yIR_21code_guardian_storageNtB6_20SqliteScanRepositoryNtB6_14ScanRepository8get_scan0B6_
FN:97,_RNCNvXs_Cs7FA7pXG3yIR_21code_guardian_storageNtB6_20SqliteScanRepositoryNtB6_14ScanRepository8get_scans_0B6_
FN:41,_RNvMCs7FA7pXG3yIR_21code_guardian_storageNtB2_20SqliteScanRepository13new_in_memory
FN:55,_RNvMCs7FA7pXG3yIR_21code_guardian_storageNtB2_20SqliteScanRepository7init_db
FN:134,_RNvXs_Cs7FA7pXG3yIR_21code_guardian_storageNtB4_20SqliteScanRepositoryNtB4_14ScanRepository11delete_scan
FN:115,_RNvXs_Cs7FA7pXG3yIR_21code_guardian_storageNtB4_20SqliteScanRepositoryNtB4_14ScanRepository13get_all_scans
FN:79,_RNvXs_Cs7FA7pXG3yIR_21code_guardian_storageNtB4_20SqliteScanRepositoryNtB4_14ScanRepository8get_scan
FN:62,_RNvXs_Cs7FA7pXG3yIR_21code_guardian_storageNtB4_20SqliteScanRepositoryNtB4_14ScanRepository9save_scan
FN:48,_RINvMCs7FA7pXG3yIR_21code_guardian_storageNtB3_20SqliteScanRepository3newpEB3_
FN:48,_RINvMCs7FA7pXG3yIR_21code_guardian_storageNtB3_20SqliteScanRepository3newRNtNtCscKkwsb9kWaL_3std4path7PathBufECs5uUAW07HVsC_3cli
FN:48,_RINvMCs7FA7pXG3yIR_21code_guardian_storageNtB3_20SqliteScanRepository3newRNtNtCscKkwsb9kWaL_3std4path7PathBufECs13DtCLrWTFn_17code_guardian_cli
FN:257,_RNCNvNtCs3EvOCldhxfJ_21code_guardian_storage14proptest_tests9arb_match0B5_
FN:248,_RNvNtCs3EvOCldhxfJ_21code_guardian_storage14proptest_tests9arb_match
FN:48,_RINvMCs3EvOCldhxfJ_21code_guardian_storageNtB3_20SqliteScanRepository3newRNtNtCscKkwsb9kWaL_3std4path7PathBufEB3_
FN:119,_RNCNvXs_Cs3EvOCldhxfJ_21code_guardian_storageNtB6_20SqliteScanRepositoryNtB6_14ScanRepository13get_all_scans0B6_
FN:84,_RNCNvXs_Cs3EvOCldhxfJ_21code_guardian_storageNtB6_20SqliteScanRepositoryNtB6_14ScanRepository8get_scan0B6_
FN:97,_RNCNvXs_Cs3EvOCldhxfJ_21code_guardian_storageNtB6_20SqliteScanRepositoryNtB6_14ScanRepository8get_scans_0B6_
FN:41,_RNvMCs3EvOCldhxfJ_21code_guardian_storageNtB2_20SqliteScanRepository13new_in_memory
FN:55,_RNvMCs3EvOCldhxfJ_21code_guardian_storageNtB2_20SqliteScanRepository7init_db
FN:134,_RNvXs_Cs3EvOCldhxfJ_21code_guardian_storageNtB4_20SqliteScanRepositoryNtB4_14ScanRepository11delete_scan
FN:115,_RNvXs_Cs3EvOCldhxfJ_21code_guardian_storageNtB4_20SqliteScanRepositoryNtB4_14ScanRepository13get_all_scans
FN:79,_RNvXs_Cs3EvOCldhxfJ_21code_guardian_storageNtB4_20SqliteScanRepositoryNtB4_14ScanRepository8get_scan
FN:62,_RNvXs_Cs3EvOCldhxfJ_21code_guardian_storageNtB4_20SqliteScanRepositoryNtB4_14ScanRepository9save_scan
FN:201,_RNvNtCs3EvOCldhxfJ_21code_guardian_storage5testss_16test_delete_scan
FN:175,_RNvNtCs3EvOCldhxfJ_21code_guardian_storage5testss_18test_get_all_scans
FN:221,_RNvNtCs3EvOCldhxfJ_21code_guardian_storage5testss_20test_file_based_repo
FN:150,_RNvNtCs3EvOCldhxfJ_21code_guardian_storage5testss_22test_save_and_get_scan
FNDA:17,_RINvMCs7FA7pXG3yIR_21code_guardian_storageNtB3_20SqliteScanRepository3newRNtNtCscKkwsb9kWaL_3std4path7PathBufECs4JWgKY61JLn_17code_guardian_cli
FNDA:4,_RNCNvXs_Cs7FA7pXG3yIR_21code_guardian_storageNtB6_20SqliteScanRepositoryNtB6_14ScanRepository13get_all_scans0B6_
FNDA:12,_RNCNvXs_Cs7FA7pXG3yIR_21code_guardian_storageNtB6_20SqliteScanRepositoryNtB6_14ScanRepository8get_scan0B6_
FNDA:17,_RNCNvXs_Cs7FA7pXG3yIR_21code_guardian_storageNtB6_20SqliteScanRepositoryNtB6_14ScanRepository8get_scans_0B6_
FNDA:0,_RNvMCs7FA7pXG3yIR_21code_guardian_storageNtB2_20SqliteScanRepository13new_in_memory
FNDA:26,_RNvMCs7FA7pXG3yIR_21code_guardian_storageNtB2_20SqliteScanRepository7init_db
FNDA:0,_RNvXs_Cs7FA7pXG3yIR_21code_guardian_storageNtB4_20SqliteScanRepositoryNtB4_14ScanRepository11delete_scan
FNDA:4,_RNvXs_Cs7FA7pXG3yIR_21code_guardian_storageNtB4_20SqliteScanRepositoryNtB4_14ScanRepository13get_all_scans
FNDA:13,_RNvXs_Cs7FA7pXG3yIR_21code_guardian_storageNtB4_20SqliteScanRepositoryNtB4_14ScanRepository8get_scan
FNDA:15,_RNvXs_Cs7FA7pXG3yIR_21code_guardian_storageNtB4_20SqliteScanRepositoryNtB4_14ScanRepository9save_scan
FNDA:0,_RINvMCs7FA7pXG3yIR_21code_guardian_storageNtB3_20SqliteScanRepository3newpEB3_
FNDA:9,_RINvMCs7FA7pXG3yIR_21code_guardian_storageNtB3_20SqliteScanRepository3newRNtNtCscKkwsb9kWaL_3std4path7PathBufECs5uUAW07HVsC_3cli
FNDA:1,_RINvMCs7FA7pXG3yIR_21code_guardian_storageNtB3_20SqliteScanRepository3newRNtNtCscKkwsb9kWaL_3std4path7PathBufECs13DtCLrWTFn_17code_guardian_cli
FNDA:1144,_RNCNvNtCs3EvOCldhxfJ_21code_guardian_storage14proptest_tests9arb_match0B5_
FNDA:1,_RNvNtCs3EvOCldhxfJ_21code_guardian_storage14proptest_tests9arb_match
FNDA:2,_RINvMCs3EvOCldhxfJ_21code_guardian_storageNtB3_20SqliteScanRepository3newRNtNtCscKkwsb9kWaL_3std4path7PathBufEB3_
FNDA:3,_RNCNvXs_Cs3EvOCldhxfJ_21code_guardian_storageNtB6_20SqliteScanRepositoryNtB6_14ScanRepository13get_all_scans0B6_
FNDA:257,_RNCNvXs_Cs3EvOCldhxfJ_21code_guardian_storageNtB6_20SqliteScanRepositoryNtB6_14ScanRepository8get_scan0B6_
FNDA:1145,_RNCNvXs_Cs3EvOCldhxfJ_21code_guardian_storageNtB6_20SqliteScanRepositoryNtB6_14ScanRepository8get_scans_0B6_
FNDA:259,_RNvMCs3EvOCldhxfJ_21code_guardian_storageNtB2_20SqliteScanRepository13new_in_memory
FNDA:261,_RNvMCs3EvOCldhxfJ_21code_guardian_storageNtB2_20SqliteScanRepository7init_db
FNDA:1,_RNvXs_Cs3EvOCldhxfJ_21code_guardian_storageNtB4_20SqliteScanRepositoryNtB4_14ScanRepository11delete_scan
FNDA:2,_RNvXs_Cs3EvOCldhxfJ_21code_guardian_storageNtB4_20SqliteScanRepositoryNtB4_14ScanRepository13get_all_scans
FNDA:258,_RNvXs_Cs3EvOCldhxfJ_21code_guardian_storageNtB4_20SqliteScanRepositoryNtB4_14ScanRepository8get_scan
FNDA:261,_RNvXs_Cs3EvOCldhxfJ_21code_guardian_storageNtB4_20SqliteScanRepositoryNtB4_14ScanRepository9save_scan
FNDA:1,_RNvNtCs3EvOCldhxfJ_21code_guardian_storage5testss_16test_delete_scan
FNDA:1,_RNvNtCs3EvOCldhxfJ_21code_guardian_storage5testss_18test_get_all_scans
FNDA:1,_RNvNtCs3EvOCldhxfJ_21code_guardian_storage5testss_20test_file_based_repo
FNDA:1,_RNvNtCs3EvOCldhxfJ_21code_guardian_storage5testss_22test_save_and_get_scan
FNF:16
FNH:16
DA:41,259
DA:42,259
DA:43,259
DA:44,259
DA:45,259
DA:48,29
DA:49,29
DA:50,28
DA:51,28
DA:52,29
DA:55,287
DA:56,287
DA:57,287
DA:58,287
DA:62,276
DA:63,276
DA:64,276
DA:65,276
DA:66,276
DA:67,276
DA:68,276
DA:69,1441
DA:70,1165
DA:71,1165
DA:72,1165
DA:73,1165
DA:75,276
DA:76,276
DA:77,276
DA:79,271
DA:80,271
DA:81,271
DA:82,271
DA:83,271
DA:84,271
DA:86,269
DA:87,269
DA:88,269
DA:89,269
DA:91,269
DA:92,271
DA:93,271
DA:94,269
DA:95,269
DA:96,0
DA:97,1162
DA:99,1162
DA:100,1162
DA:101,1162
DA:102,1162
DA:103,1162
DA:105,1162
DA:106,1431
DA:107,1162
DA:109,269
DA:111,2
DA:113,271
DA:115,6
DA:116,6
DA:117,6
DA:118,6
DA:119,7
DA:121,7
DA:122,7
DA:123,7
DA:124,7
DA:126,7
DA:127,6
DA:128,13
DA:129,7
DA:131,6
DA:132,6
DA:134,1
DA:135,1
DA:136,1
DA:137,1
DA:138,1
DA:139,1
DA:140,1
DA:150,1
DA:151,1
DA:152,1
DA:153,1
DA:154,1
DA:155,1
DA:156,1
DA:157,1
DA:158,1
DA:159,1
DA:160,1
DA:161,1
DA:162,1
DA:163,1
DA:164,1
DA:165,1
DA:166,1
DA:167,1
DA:168,1
DA:169,1
DA:170,1
DA:171,1
DA:172,1
DA:175,1
DA:176,1
DA:177,1
DA:178,1
DA:179,1
DA:180,1
DA:181,1
DA:182,1
DA:183,1
DA:184,1
DA:185,1
DA:186,1
DA:187,1
DA:188,1
DA:189,1
DA:190,1
DA:191,1
DA:192,1
DA:193,1
DA:194,1
DA:196,1
DA:197,1
DA:198,1
DA:201,1
DA:202,1
DA:203,1
DA:204,1
DA:205,1
DA:206,1
DA:207,1
DA:208,1
DA:209,1
DA:210,1
DA:211,1
DA:212,1
DA:213,1
DA:214,1
DA:215,1
DA:216,1
DA:217,1
DA:218,1
DA:221,1
DA:222,1
DA:223,1
DA:224,1
DA:225,1
DA:226,1
DA:227,1
DA:228,1
DA:229,1
DA:230,1
DA:231,1
DA:232,1
DA:233,1
DA:235,1
DA:236,1
DA:237,1
DA:239,1
DA:248,1
DA:249,1
DA:250,1
DA:251,1
DA:252,1
DA:253,1
DA:254,1
DA:255,1
DA:256,1
DA:257,1144
DA:258,1144
DA:259,1144
DA:260,1144
DA:261,1144
DA:262,1144
DA:263,1
BRF:0
BRH:0
LF:181
LH:178
end_of_record